[2.205s] Invoking command in '/home/mwangala/Desktop/__ROS2/src/cv_pegasus_bridge': PYTHONPATH=/home/mwangala/Desktop/__ROS2/build/cv_pegasus_bridge/prefix_override:/usr/lib/python3/dist-packages/colcon_core/task/python/colcon_distutils_commands:/home/mwangala/Desktop/__ROS2/install/cv_pegasus_bridge/lib/python3.10/site-packages:${PYTHONPATH} /usr/bin/python3 -W ignore:setup.py install is deprecated -W ignore:easy_install command is deprecated setup.py egg_info --egg-base ../../build/cv_pegasus_bridge build --build-base /home/mwangala/Desktop/__ROS2/build/cv_pegasus_bridge/build install --record /home/mwangala/Desktop/__ROS2/build/cv_pegasus_bridge/install.log --single-version-externally-managed install_data
[2.524s] running egg_info
[2.525s] writing ../../build/cv_pegasus_bridge/cv_pegasus_bridge.egg-info/PKG-INFO
[2.529s] writing dependency_links to ../../build/cv_pegasus_bridge/cv_pegasus_bridge.egg-info/dependency_links.txt
[2.536s] writing entry points to ../../build/cv_pegasus_bridge/cv_pegasus_bridge.egg-info/entry_points.txt
[2.540s] writing requirements to ../../build/cv_pegasus_bridge/cv_pegasus_bridge.egg-info/requires.txt
[2.540s] writing top-level names to ../../build/cv_pegasus_bridge/cv_pegasus_bridge.egg-info/top_level.txt
[2.543s] reading manifest file '../../build/cv_pegasus_bridge/cv_pegasus_bridge.egg-info/SOURCES.txt'
[2.565s] writing manifest file '../../build/cv_pegasus_bridge/cv_pegasus_bridge.egg-info/SOURCES.txt'
[2.570s] running build
[2.570s] running build_py
[2.571s] running install
[2.571s] running install_lib
[2.572s] running install_data
[2.572s] running install_egg_info
[2.576s] removing '/home/mwangala/Desktop/__ROS2/install/cv_pegasus_bridge/lib/python3.10/site-packages/cv_pegasus_bridge-0.0.0-py3.10.egg-info' (and everything under it)
[2.576s] Copying ../../build/cv_pegasus_bridge/cv_pegasus_bridge.egg-info to /home/mwangala/Desktop/__ROS2/install/cv_pegasus_bridge/lib/python3.10/site-packages/cv_pegasus_bridge-0.0.0-py3.10.egg-info
[2.576s] running install_scripts
[2.596s] Installing cv_pegasus_bridge script to /home/mwangala/Desktop/__ROS2/install/cv_pegasus_bridge/lib/cv_pegasus_bridge
[2.604s] writing list of installed files to '/home/mwangala/Desktop/__ROS2/build/cv_pegasus_bridge/install.log'
[2.652s] Invoked command in '/home/mwangala/Desktop/__ROS2/src/cv_pegasus_bridge' returned '0': PYTHONPATH=/home/mwangala/Desktop/__ROS2/build/cv_pegasus_bridge/prefix_override:/usr/lib/python3/dist-packages/colcon_core/task/python/colcon_distutils_commands:/home/mwangala/Desktop/__ROS2/install/cv_pegasus_bridge/lib/python3.10/site-packages:${PYTHONPATH} /usr/bin/python3 -W ignore:setup.py install is deprecated -W ignore:easy_install command is deprecated setup.py egg_info --egg-base ../../build/cv_pegasus_bridge build --build-base /home/mwangala/Desktop/__ROS2/build/cv_pegasus_bridge/build install --record /home/mwangala/Desktop/__ROS2/build/cv_pegasus_bridge/install.log --single-version-externally-managed install_data
