[0.087s] Invoking command in '/home/mwangala/Desktop/__ROS2/build/hand_interfaces': CMAKE_PREFIX_PATH=${CMAKE_PREFIX_PATH}:/home/mwangala/Desktop/Goaty/ros_project_ws2/install/handcv:/home/mwangala/Desktop/Goaty/ros_project_ws2/install/cv_franka_bridge:/home/mwangala/Desktop/Goaty/ros_project_ws2/install/cv_pegasus_bridge:/home/mwangala/Desktop/Goaty/ros_project_ws/install/handcv:/home/mwangala/Desktop/Goaty/ros_project_ws/install/cv_franka_bridge:/opt/ros/humble /usr/bin/cmake /home/mwangala/Desktop/__ROS2/src/hand_interfaces -DCMAKE_INSTALL_PREFIX=/home/mwangala/Desktop/__ROS2/install/hand_interfaces
[0.670s] -- Found ament_cmake: 1.3.11 (/opt/ros/humble/share/ament_cmake/cmake)
[0.670s] -- Override CMake install command with custom implementation using symlinks instead of copying resources
[0.670s] -- Found geometry_msgs: 4.8.0 (/opt/ros/humble/share/geometry_msgs/cmake)
[0.670s] -- Found rosidl_generator_c: 3.1.6 (/opt/ros/humble/share/rosidl_generator_c/cmake)
[0.670s] -- Found rosidl_adapter: 3.1.6 (/opt/ros/humble/share/rosidl_adapter/cmake)
[0.670s] -- Found rosidl_generator_cpp: 3.1.6 (/opt/ros/humble/share/rosidl_generator_cpp/cmake)
[0.670s] -- Using all available rosidl_typesupport_c: rosidl_typesupport_fastrtps_c;rosidl_typesupport_introspection_c
[0.670s] -- Using all available rosidl_typesupport_cpp: rosidl_typesupport_fastrtps_cpp;rosidl_typesupport_introspection_cpp
[0.670s] -- Found rosidl_default_generators: 1.2.0 (/opt/ros/humble/share/rosidl_default_generators/cmake)
[1.013s] -- Found ament_cmake_ros: 0.10.0 (/opt/ros/humble/share/ament_cmake_ros/cmake)
[1.836s] -- Using all available rosidl_typesupport_c: rosidl_typesupport_fastrtps_c;rosidl_typesupport_introspection_c
[2.015s] -- Using all available rosidl_typesupport_cpp: rosidl_typesupport_fastrtps_cpp;rosidl_typesupport_introspection_cpp
[2.039s] -- Found python_cmake_module: 0.10.0 (/opt/ros/humble/share/python_cmake_module/cmake)
[2.062s] -- Using PYTHON_EXECUTABLE: /usr/bin/python3
[2.062s] -- Using PYTHON_INCLUDE_DIRS: /usr/include/python3.10
[2.062s] -- Using PYTHON_LIBRARIES: /usr/lib/x86_64-linux-gnu/libpython3.10.so
[2.139s] -- Found ament_lint_auto: 0.12.12 (/opt/ros/humble/share/ament_lint_auto/cmake)
[2.155s] -- Added test 'lint_cmake' to check CMake code style
[2.156s] -- Added test 'xmllint' to check XML markup files
[2.161s] -- Configuring done
[2.282s] -- Generating done
[2.300s] -- Build files have been written to: /home/mwangala/Desktop/__ROS2/build/hand_interfaces
[2.311s] Invoked command in '/home/mwangala/Desktop/__ROS2/build/hand_interfaces' returned '0': CMAKE_PREFIX_PATH=${CMAKE_PREFIX_PATH}:/home/mwangala/Desktop/Goaty/ros_project_ws2/install/handcv:/home/mwangala/Desktop/Goaty/ros_project_ws2/install/cv_franka_bridge:/home/mwangala/Desktop/Goaty/ros_project_ws2/install/cv_pegasus_bridge:/home/mwangala/Desktop/Goaty/ros_project_ws/install/handcv:/home/mwangala/Desktop/Goaty/ros_project_ws/install/cv_franka_bridge:/opt/ros/humble /usr/bin/cmake /home/mwangala/Desktop/__ROS2/src/hand_interfaces -DCMAKE_INSTALL_PREFIX=/home/mwangala/Desktop/__ROS2/install/hand_interfaces
[2.315s] Invoking command in '/home/mwangala/Desktop/__ROS2/build/hand_interfaces': CMAKE_PREFIX_PATH=${CMAKE_PREFIX_PATH}:/home/mwangala/Desktop/Goaty/ros_project_ws2/install/handcv:/home/mwangala/Desktop/Goaty/ros_project_ws2/install/cv_franka_bridge:/home/mwangala/Desktop/Goaty/ros_project_ws2/install/cv_pegasus_bridge:/home/mwangala/Desktop/Goaty/ros_project_ws/install/handcv:/home/mwangala/Desktop/Goaty/ros_project_ws/install/cv_franka_bridge:/opt/ros/humble /usr/bin/cmake --build /home/mwangala/Desktop/__ROS2/build/hand_interfaces -- -j8 -l8
[2.361s] [35m[1mConsolidate compiler generated dependencies of target hand_interfaces__rosidl_generator_c[0m
[2.371s] [  2%] Built target hand_interfaces__cpp
[2.379s] [  2%] Built target ament_cmake_python_symlink_hand_interfaces
[2.384s] [35m[1mConsolidate compiler generated dependencies of target hand_interfaces__rosidl_typesupport_cpp[0m
[2.384s] [35m[1mConsolidate compiler generated dependencies of target hand_interfaces__rosidl_typesupport_fastrtps_cpp[0m
[2.384s] [35m[1mConsolidate compiler generated dependencies of target hand_interfaces__rosidl_typesupport_introspection_cpp[0m
[2.418s] [ 12%] Built target hand_interfaces__rosidl_generator_c
[2.423s] [ 23%] Built target hand_interfaces__rosidl_typesupport_cpp
[2.430s] [35m[1mConsolidate compiler generated dependencies of target hand_interfaces__rosidl_typesupport_c[0m
[2.431s] [35m[1mConsolidate compiler generated dependencies of target hand_interfaces__rosidl_typesupport_fastrtps_c[0m
[2.435s] [ 34%] Built target hand_interfaces__rosidl_typesupport_fastrtps_cpp
[2.435s] [35m[1mConsolidate compiler generated dependencies of target hand_interfaces__rosidl_typesupport_introspection_c[0m
[2.461s] [ 44%] Built target hand_interfaces__rosidl_typesupport_introspection_cpp
[2.477s] [ 55%] Built target hand_interfaces__rosidl_typesupport_c
[2.487s] [ 65%] Built target hand_interfaces__rosidl_typesupport_fastrtps_c
[2.529s] [ 76%] Built target hand_interfaces__rosidl_typesupport_introspection_c
[2.554s] [ 76%] Built target hand_interfaces
[2.580s] [ 78%] Built target hand_interfaces__py
[2.589s] [35m[1mConsolidate compiler generated dependencies of target hand_interfaces__rosidl_generator_py[0m
[2.627s] [ 87%] Built target hand_interfaces__rosidl_generator_py
[2.639s] [35m[1mConsolidate compiler generated dependencies of target hand_interfaces__rosidl_typesupport_c__pyext[0m
[2.639s] [35m[1mConsolidate compiler generated dependencies of target hand_interfaces__rosidl_typesupport_fastrtps_c__pyext[0m
[2.643s] [35m[1mConsolidate compiler generated dependencies of target hand_interfaces__rosidl_typesupport_introspection_c__pyext[0m
[2.662s] running egg_info
[2.663s] writing hand_interfaces.egg-info/PKG-INFO
[2.713s] writing dependency_links to hand_interfaces.egg-info/dependency_links.txt
[2.727s] [ 91%] Built target hand_interfaces__rosidl_typesupport_introspection_c__pyext
[2.727s] [ 95%] Built target hand_interfaces__rosidl_typesupport_c__pyext
[2.728s] [100%] Built target hand_interfaces__rosidl_typesupport_fastrtps_c__pyext
[2.736s] writing top-level names to hand_interfaces.egg-info/top_level.txt
[2.742s] reading manifest file 'hand_interfaces.egg-info/SOURCES.txt'
[2.746s] writing manifest file 'hand_interfaces.egg-info/SOURCES.txt'
[2.804s] [100%] Built target ament_cmake_python_build_hand_interfaces_egg
[2.922s] Invoked command in '/home/mwangala/Desktop/__ROS2/build/hand_interfaces' returned '0': CMAKE_PREFIX_PATH=${CMAKE_PREFIX_PATH}:/home/mwangala/Desktop/Goaty/ros_project_ws2/install/handcv:/home/mwangala/Desktop/Goaty/ros_project_ws2/install/cv_franka_bridge:/home/mwangala/Desktop/Goaty/ros_project_ws2/install/cv_pegasus_bridge:/home/mwangala/Desktop/Goaty/ros_project_ws/install/handcv:/home/mwangala/Desktop/Goaty/ros_project_ws/install/cv_franka_bridge:/opt/ros/humble /usr/bin/cmake --build /home/mwangala/Desktop/__ROS2/build/hand_interfaces -- -j8 -l8
[2.923s] Invoking command in '/home/mwangala/Desktop/__ROS2/build/hand_interfaces': CMAKE_PREFIX_PATH=${CMAKE_PREFIX_PATH}:/home/mwangala/Desktop/Goaty/ros_project_ws2/install/handcv:/home/mwangala/Desktop/Goaty/ros_project_ws2/install/cv_franka_bridge:/home/mwangala/Desktop/Goaty/ros_project_ws2/install/cv_pegasus_bridge:/home/mwangala/Desktop/Goaty/ros_project_ws/install/handcv:/home/mwangala/Desktop/Goaty/ros_project_ws/install/cv_franka_bridge:/opt/ros/humble /usr/bin/cmake --install /home/mwangala/Desktop/__ROS2/build/hand_interfaces
[2.934s] -- Install configuration: ""
[2.935s] -- Execute custom install script
[2.936s] -- Up-to-date symlink: /home/mwangala/Desktop/__ROS2/install/hand_interfaces/share/ament_index/resource_index/rosidl_interfaces/hand_interfaces
[2.937s] -- Up-to-date symlink: /home/mwangala/Desktop/__ROS2/install/hand_interfaces/include/hand_interfaces/hand_interfaces/msg/detail/finger_data__functions.h
[2.938s] -- Up-to-date symlink: /home/mwangala/Desktop/__ROS2/install/hand_interfaces/include/hand_interfaces/hand_interfaces/msg/detail/finger_data__struct.h
[2.938s] -- Up-to-date symlink: /home/mwangala/Desktop/__ROS2/install/hand_interfaces/include/hand_interfaces/hand_interfaces/msg/detail/finger_data__type_support.h
[2.938s] -- Up-to-date symlink: /home/mwangala/Desktop/__ROS2/install/hand_interfaces/include/hand_interfaces/hand_interfaces/msg/detail/pinch__functions.h
[2.938s] -- Up-to-date symlink: /home/mwangala/Desktop/__ROS2/install/hand_interfaces/include/hand_interfaces/hand_interfaces/msg/detail/pinch__struct.h
[2.938s] -- Up-to-date symlink: /home/mwangala/Desktop/__ROS2/install/hand_interfaces/include/hand_interfaces/hand_interfaces/msg/detail/pinch__type_support.h
[2.938s] -- Up-to-date symlink: /home/mwangala/Desktop/__ROS2/install/hand_interfaces/include/hand_interfaces/hand_interfaces/msg/finger_data.h
[2.938s] -- Up-to-date symlink: /home/mwangala/Desktop/__ROS2/install/hand_interfaces/include/hand_interfaces/hand_interfaces/msg/pinch.h
[2.939s] -- Up-to-date symlink: /home/mwangala/Desktop/__ROS2/install/hand_interfaces/include/hand_interfaces/hand_interfaces/msg/rosidl_generator_c__visibility_control.h
[2.939s] -- Up-to-date symlink: /home/mwangala/Desktop/__ROS2/install/hand_interfaces/include/hand_interfaces/hand_interfaces/srv/detail/hand_pose__functions.h
[2.939s] -- Up-to-date symlink: /home/mwangala/Desktop/__ROS2/install/hand_interfaces/include/hand_interfaces/hand_interfaces/srv/detail/hand_pose__struct.h
[2.939s] -- Up-to-date symlink: /home/mwangala/Desktop/__ROS2/install/hand_interfaces/include/hand_interfaces/hand_interfaces/srv/detail/hand_pose__type_support.h
[2.939s] -- Up-to-date symlink: /home/mwangala/Desktop/__ROS2/install/hand_interfaces/include/hand_interfaces/hand_interfaces/srv/hand_pose.h
[2.939s] -- Up-to-date symlink: /home/mwangala/Desktop/__ROS2/install/hand_interfaces/share/hand_interfaces/environment/library_path.sh
[2.939s] -- Up-to-date symlink: /home/mwangala/Desktop/__ROS2/install/hand_interfaces/share/hand_interfaces/environment/library_path.dsv
[2.940s] -- Up-to-date symlink: /home/mwangala/Desktop/__ROS2/install/hand_interfaces/include/hand_interfaces/hand_interfaces/msg/detail/finger_data__rosidl_typesupport_fastrtps_c.h
[2.940s] -- Up-to-date symlink: /home/mwangala/Desktop/__ROS2/install/hand_interfaces/include/hand_interfaces/hand_interfaces/msg/detail/pinch__rosidl_typesupport_fastrtps_c.h
[2.940s] -- Up-to-date symlink: /home/mwangala/Desktop/__ROS2/install/hand_interfaces/include/hand_interfaces/hand_interfaces/msg/rosidl_typesupport_fastrtps_c__visibility_control.h
[2.940s] -- Up-to-date symlink: /home/mwangala/Desktop/__ROS2/install/hand_interfaces/include/hand_interfaces/hand_interfaces/srv/detail/hand_pose__rosidl_typesupport_fastrtps_c.h
[2.940s] -- Up-to-date symlink: /home/mwangala/Desktop/__ROS2/install/hand_interfaces/include/hand_interfaces/hand_interfaces/msg/detail/finger_data__builder.hpp
[2.940s] -- Up-to-date symlink: /home/mwangala/Desktop/__ROS2/install/hand_interfaces/include/hand_interfaces/hand_interfaces/msg/detail/finger_data__struct.hpp
[2.940s] -- Up-to-date symlink: /home/mwangala/Desktop/__ROS2/install/hand_interfaces/include/hand_interfaces/hand_interfaces/msg/detail/finger_data__traits.hpp
[2.941s] -- Up-to-date symlink: /home/mwangala/Desktop/__ROS2/install/hand_interfaces/include/hand_interfaces/hand_interfaces/msg/detail/finger_data__type_support.hpp
[2.941s] -- Up-to-date symlink: /home/mwangala/Desktop/__ROS2/install/hand_interfaces/include/hand_interfaces/hand_interfaces/msg/detail/pinch__builder.hpp
[2.941s] -- Up-to-date symlink: /home/mwangala/Desktop/__ROS2/install/hand_interfaces/include/hand_interfaces/hand_interfaces/msg/detail/pinch__struct.hpp
[2.941s] -- Up-to-date symlink: /home/mwangala/Desktop/__ROS2/install/hand_interfaces/include/hand_interfaces/hand_interfaces/msg/detail/pinch__traits.hpp
[2.941s] -- Up-to-date symlink: /home/mwangala/Desktop/__ROS2/install/hand_interfaces/include/hand_interfaces/hand_interfaces/msg/detail/pinch__type_support.hpp
[2.941s] -- Up-to-date symlink: /home/mwangala/Desktop/__ROS2/install/hand_interfaces/include/hand_interfaces/hand_interfaces/msg/finger_data.hpp
[2.941s] -- Up-to-date symlink: /home/mwangala/Desktop/__ROS2/install/hand_interfaces/include/hand_interfaces/hand_interfaces/msg/pinch.hpp
[2.941s] -- Up-to-date symlink: /home/mwangala/Desktop/__ROS2/install/hand_interfaces/include/hand_interfaces/hand_interfaces/msg/rosidl_generator_cpp__visibility_control.hpp
[2.942s] -- Up-to-date symlink: /home/mwangala/Desktop/__ROS2/install/hand_interfaces/include/hand_interfaces/hand_interfaces/srv/detail/hand_pose__builder.hpp
[2.942s] -- Up-to-date symlink: /home/mwangala/Desktop/__ROS2/install/hand_interfaces/include/hand_interfaces/hand_interfaces/srv/detail/hand_pose__struct.hpp
[2.942s] -- Up-to-date symlink: /home/mwangala/Desktop/__ROS2/install/hand_interfaces/include/hand_interfaces/hand_interfaces/srv/detail/hand_pose__traits.hpp
[2.942s] -- Up-to-date symlink: /home/mwangala/Desktop/__ROS2/install/hand_interfaces/include/hand_interfaces/hand_interfaces/srv/detail/hand_pose__type_support.hpp
[2.942s] -- Up-to-date symlink: /home/mwangala/Desktop/__ROS2/install/hand_interfaces/include/hand_interfaces/hand_interfaces/srv/hand_pose.hpp
[2.942s] -- Up-to-date symlink: /home/mwangala/Desktop/__ROS2/install/hand_interfaces/include/hand_interfaces/hand_interfaces/msg/detail/finger_data__rosidl_typesupport_fastrtps_cpp.hpp
[2.942s] -- Up-to-date symlink: /home/mwangala/Desktop/__ROS2/install/hand_interfaces/include/hand_interfaces/hand_interfaces/msg/detail/pinch__rosidl_typesupport_fastrtps_cpp.hpp
[2.942s] -- Up-to-date symlink: /home/mwangala/Desktop/__ROS2/install/hand_interfaces/include/hand_interfaces/hand_interfaces/msg/rosidl_typesupport_fastrtps_cpp__visibility_control.h
[2.943s] -- Up-to-date symlink: /home/mwangala/Desktop/__ROS2/install/hand_interfaces/include/hand_interfaces/hand_interfaces/srv/detail/hand_pose__rosidl_typesupport_fastrtps_cpp.hpp
[2.943s] -- Up-to-date symlink: /home/mwangala/Desktop/__ROS2/install/hand_interfaces/include/hand_interfaces/hand_interfaces/msg/detail/finger_data__rosidl_typesupport_introspection_c.h
[2.943s] -- Up-to-date symlink: /home/mwangala/Desktop/__ROS2/install/hand_interfaces/include/hand_interfaces/hand_interfaces/msg/detail/pinch__rosidl_typesupport_introspection_c.h
[2.943s] -- Up-to-date symlink: /home/mwangala/Desktop/__ROS2/install/hand_interfaces/include/hand_interfaces/hand_interfaces/msg/rosidl_typesupport_introspection_c__visibility_control.h
[2.943s] -- Up-to-date symlink: /home/mwangala/Desktop/__ROS2/install/hand_interfaces/include/hand_interfaces/hand_interfaces/srv/detail/hand_pose__rosidl_typesupport_introspection_c.h
[2.943s] -- Up-to-date symlink: /home/mwangala/Desktop/__ROS2/install/hand_interfaces/include/hand_interfaces/hand_interfaces/msg/detail/finger_data__rosidl_typesupport_introspection_cpp.hpp
[2.944s] -- Up-to-date symlink: /home/mwangala/Desktop/__ROS2/install/hand_interfaces/include/hand_interfaces/hand_interfaces/msg/detail/pinch__rosidl_typesupport_introspection_cpp.hpp
[2.944s] -- Up-to-date symlink: /home/mwangala/Desktop/__ROS2/install/hand_interfaces/include/hand_interfaces/hand_interfaces/srv/detail/hand_pose__rosidl_typesupport_introspection_cpp.hpp
[2.944s] -- Up-to-date symlink: /home/mwangala/Desktop/__ROS2/install/hand_interfaces/share/hand_interfaces/environment/pythonpath.sh
[2.944s] -- Up-to-date symlink: /home/mwangala/Desktop/__ROS2/install/hand_interfaces/share/hand_interfaces/environment/pythonpath.dsv
[2.944s] -- Up-to-date symlink: /home/mwangala/Desktop/__ROS2/install/hand_interfaces/local/lib/python3.10/dist-packages/hand_interfaces-0.0.1-py3.10.egg-info/PKG-INFO
[2.944s] -- Up-to-date symlink: /home/mwangala/Desktop/__ROS2/install/hand_interfaces/local/lib/python3.10/dist-packages/hand_interfaces-0.0.1-py3.10.egg-info/SOURCES.txt
[2.944s] -- Up-to-date symlink: /home/mwangala/Desktop/__ROS2/install/hand_interfaces/local/lib/python3.10/dist-packages/hand_interfaces-0.0.1-py3.10.egg-info/dependency_links.txt
[2.944s] -- Up-to-date symlink: /home/mwangala/Desktop/__ROS2/install/hand_interfaces/local/lib/python3.10/dist-packages/hand_interfaces-0.0.1-py3.10.egg-info/top_level.txt
[2.945s] -- Up-to-date symlink: /home/mwangala/Desktop/__ROS2/install/hand_interfaces/local/lib/python3.10/dist-packages/hand_interfaces/__init__.py
[2.945s] -- Up-to-date symlink: /home/mwangala/Desktop/__ROS2/install/hand_interfaces/local/lib/python3.10/dist-packages/hand_interfaces/_hand_interfaces_s.ep.rosidl_typesupport_c.c
[2.945s] -- Up-to-date symlink: /home/mwangala/Desktop/__ROS2/install/hand_interfaces/local/lib/python3.10/dist-packages/hand_interfaces/_hand_interfaces_s.ep.rosidl_typesupport_fastrtps_c.c
[2.945s] -- Up-to-date symlink: /home/mwangala/Desktop/__ROS2/install/hand_interfaces/local/lib/python3.10/dist-packages/hand_interfaces/_hand_interfaces_s.ep.rosidl_typesupport_introspection_c.c
[2.945s] -- Up-to-date symlink: /home/mwangala/Desktop/__ROS2/install/hand_interfaces/local/lib/python3.10/dist-packages/hand_interfaces/hand_interfaces_s__rosidl_typesupport_c.cpython-310-x86_64-linux-gnu.so
[2.945s] -- Up-to-date symlink: /home/mwangala/Desktop/__ROS2/install/hand_interfaces/local/lib/python3.10/dist-packages/hand_interfaces/hand_interfaces_s__rosidl_typesupport_fastrtps_c.cpython-310-x86_64-linux-gnu.so
[2.945s] -- Up-to-date symlink: /home/mwangala/Desktop/__ROS2/install/hand_interfaces/local/lib/python3.10/dist-packages/hand_interfaces/hand_interfaces_s__rosidl_typesupport_introspection_c.cpython-310-x86_64-linux-gnu.so
[2.945s] -- Up-to-date symlink: /home/mwangala/Desktop/__ROS2/install/hand_interfaces/local/lib/python3.10/dist-packages/hand_interfaces/libhand_interfaces__rosidl_generator_py.so
[2.946s] -- Up-to-date symlink: /home/mwangala/Desktop/__ROS2/install/hand_interfaces/local/lib/python3.10/dist-packages/hand_interfaces/msg/__init__.py
[2.946s] -- Up-to-date symlink: /home/mwangala/Desktop/__ROS2/install/hand_interfaces/local/lib/python3.10/dist-packages/hand_interfaces/msg/_finger_data.py
[2.946s] -- Up-to-date symlink: /home/mwangala/Desktop/__ROS2/install/hand_interfaces/local/lib/python3.10/dist-packages/hand_interfaces/msg/_finger_data_s.c
[2.946s] -- Up-to-date symlink: /home/mwangala/Desktop/__ROS2/install/hand_interfaces/local/lib/python3.10/dist-packages/hand_interfaces/msg/_pinch.py
[2.946s] -- Up-to-date symlink: /home/mwangala/Desktop/__ROS2/install/hand_interfaces/local/lib/python3.10/dist-packages/hand_interfaces/msg/_pinch_s.c
[2.946s] -- Up-to-date symlink: /home/mwangala/Desktop/__ROS2/install/hand_interfaces/local/lib/python3.10/dist-packages/hand_interfaces/srv/__init__.py
[2.946s] -- Up-to-date symlink: /home/mwangala/Desktop/__ROS2/install/hand_interfaces/local/lib/python3.10/dist-packages/hand_interfaces/srv/_hand_pose.py
[2.946s] -- Up-to-date symlink: /home/mwangala/Desktop/__ROS2/install/hand_interfaces/local/lib/python3.10/dist-packages/hand_interfaces/srv/_hand_pose_s.c
[2.946s] -- Up-to-date symlink: /home/mwangala/Desktop/__ROS2/install/hand_interfaces/local/lib/python3.10/dist-packages/hand_interfaces/hand_interfaces_s__rosidl_typesupport_fastrtps_c.cpython-310-x86_64-linux-gnu.so
[2.947s] -- Up-to-date symlink: /home/mwangala/Desktop/__ROS2/install/hand_interfaces/local/lib/python3.10/dist-packages/hand_interfaces/hand_interfaces_s__rosidl_typesupport_introspection_c.cpython-310-x86_64-linux-gnu.so
[2.947s] -- Up-to-date symlink: /home/mwangala/Desktop/__ROS2/install/hand_interfaces/local/lib/python3.10/dist-packages/hand_interfaces/hand_interfaces_s__rosidl_typesupport_c.cpython-310-x86_64-linux-gnu.so
[2.947s] -- Up-to-date symlink: /home/mwangala/Desktop/__ROS2/install/hand_interfaces/share/hand_interfaces/srv/HandPose.idl
[2.947s] -- Up-to-date symlink: /home/mwangala/Desktop/__ROS2/install/hand_interfaces/share/hand_interfaces/msg/FingerData.idl
[2.947s] -- Up-to-date symlink: /home/mwangala/Desktop/__ROS2/install/hand_interfaces/share/hand_interfaces/msg/Pinch.idl
[2.947s] -- Up-to-date symlink: /home/mwangala/Desktop/__ROS2/install/hand_interfaces/share/hand_interfaces/srv/HandPose.srv
[2.947s] -- Up-to-date symlink: /home/mwangala/Desktop/__ROS2/install/hand_interfaces/share/hand_interfaces/srv/HandPose_Request.msg
[2.947s] -- Up-to-date symlink: /home/mwangala/Desktop/__ROS2/install/hand_interfaces/share/hand_interfaces/srv/HandPose_Response.msg
[2.947s] -- Up-to-date symlink: /home/mwangala/Desktop/__ROS2/install/hand_interfaces/share/hand_interfaces/msg/FingerData.msg
[2.947s] -- Up-to-date symlink: /home/mwangala/Desktop/__ROS2/install/hand_interfaces/share/hand_interfaces/msg/Pinch.msg
[2.948s] -- Up-to-date symlink: /home/mwangala/Desktop/__ROS2/install/hand_interfaces/share/ament_index/resource_index/package_run_dependencies/hand_interfaces
[2.948s] -- Up-to-date symlink: /home/mwangala/Desktop/__ROS2/install/hand_interfaces/share/ament_index/resource_index/parent_prefix_path/hand_interfaces
[2.948s] -- Up-to-date symlink: /home/mwangala/Desktop/__ROS2/install/hand_interfaces/share/hand_interfaces/environment/ament_prefix_path.sh
[2.948s] -- Up-to-date symlink: /home/mwangala/Desktop/__ROS2/install/hand_interfaces/share/hand_interfaces/environment/ament_prefix_path.dsv
[2.948s] -- Up-to-date symlink: /home/mwangala/Desktop/__ROS2/install/hand_interfaces/share/hand_interfaces/environment/path.sh
[2.948s] -- Up-to-date symlink: /home/mwangala/Desktop/__ROS2/install/hand_interfaces/share/hand_interfaces/environment/path.dsv
[2.948s] -- Up-to-date symlink: /home/mwangala/Desktop/__ROS2/install/hand_interfaces/share/hand_interfaces/local_setup.bash
[2.948s] -- Up-to-date symlink: /home/mwangala/Desktop/__ROS2/install/hand_interfaces/share/hand_interfaces/local_setup.sh
[2.948s] -- Up-to-date symlink: /home/mwangala/Desktop/__ROS2/install/hand_interfaces/share/hand_interfaces/local_setup.zsh
[2.948s] -- Up-to-date symlink: /home/mwangala/Desktop/__ROS2/install/hand_interfaces/share/hand_interfaces/local_setup.dsv
[2.949s] -- Symlinking: /home/mwangala/Desktop/__ROS2/install/hand_interfaces/share/hand_interfaces/package.dsv
[2.954s] -- Up-to-date symlink: /home/mwangala/Desktop/__ROS2/install/hand_interfaces/share/ament_index/resource_index/packages/hand_interfaces
[2.954s] -- Up-to-date symlink: /home/mwangala/Desktop/__ROS2/install/hand_interfaces/share/hand_interfaces/cmake/rosidl_cmake-extras.cmake
[2.954s] -- Up-to-date symlink: /home/mwangala/Desktop/__ROS2/install/hand_interfaces/share/hand_interfaces/cmake/ament_cmake_export_dependencies-extras.cmake
[2.955s] -- Up-to-date symlink: /home/mwangala/Desktop/__ROS2/install/hand_interfaces/share/hand_interfaces/cmake/ament_cmake_export_include_directories-extras.cmake
[2.955s] -- Up-to-date symlink: /home/mwangala/Desktop/__ROS2/install/hand_interfaces/share/hand_interfaces/cmake/ament_cmake_export_libraries-extras.cmake
[2.955s] -- Up-to-date symlink: /home/mwangala/Desktop/__ROS2/install/hand_interfaces/share/hand_interfaces/cmake/ament_cmake_export_targets-extras.cmake
[2.955s] -- Up-to-date symlink: /home/mwangala/Desktop/__ROS2/install/hand_interfaces/share/hand_interfaces/cmake/rosidl_cmake_export_typesupport_targets-extras.cmake
[2.955s] -- Up-to-date symlink: /home/mwangala/Desktop/__ROS2/install/hand_interfaces/share/hand_interfaces/cmake/rosidl_cmake_export_typesupport_libraries-extras.cmake
[2.955s] -- Up-to-date symlink: /home/mwangala/Desktop/__ROS2/install/hand_interfaces/share/hand_interfaces/cmake/hand_interfacesConfig.cmake
[2.955s] -- Up-to-date symlink: /home/mwangala/Desktop/__ROS2/install/hand_interfaces/share/hand_interfaces/cmake/hand_interfacesConfig-version.cmake
[2.955s] -- Up-to-date symlink: /home/mwangala/Desktop/__ROS2/install/hand_interfaces/share/hand_interfaces/package.xml
[2.955s] -- Up-to-date: /home/mwangala/Desktop/__ROS2/install/hand_interfaces/lib/libhand_interfaces__rosidl_generator_c.so
[2.956s] -- Up-to-date: /home/mwangala/Desktop/__ROS2/install/hand_interfaces/lib/libhand_interfaces__rosidl_typesupport_fastrtps_c.so
[2.956s] -- Up-to-date: /home/mwangala/Desktop/__ROS2/install/hand_interfaces/lib/libhand_interfaces__rosidl_typesupport_fastrtps_cpp.so
[2.956s] -- Up-to-date: /home/mwangala/Desktop/__ROS2/install/hand_interfaces/lib/libhand_interfaces__rosidl_typesupport_introspection_c.so
[2.956s] -- Up-to-date: /home/mwangala/Desktop/__ROS2/install/hand_interfaces/lib/libhand_interfaces__rosidl_typesupport_c.so
[2.956s] -- Up-to-date: /home/mwangala/Desktop/__ROS2/install/hand_interfaces/lib/libhand_interfaces__rosidl_typesupport_introspection_cpp.so
[2.956s] -- Up-to-date: /home/mwangala/Desktop/__ROS2/install/hand_interfaces/lib/libhand_interfaces__rosidl_typesupport_cpp.so
[3.070s] Listing '/home/mwangala/Desktop/__ROS2/install/hand_interfaces/local/lib/python3.10/dist-packages/hand_interfaces'...
[3.070s] Compiling '/home/mwangala/Desktop/__ROS2/install/hand_interfaces/local/lib/python3.10/dist-packages/hand_interfaces/__init__.py'...
[3.070s] Listing '/home/mwangala/Desktop/__ROS2/install/hand_interfaces/local/lib/python3.10/dist-packages/hand_interfaces/msg'...
[3.070s] Listing '/home/mwangala/Desktop/__ROS2/install/hand_interfaces/local/lib/python3.10/dist-packages/hand_interfaces/srv'...
[3.075s] -- Up-to-date: /home/mwangala/Desktop/__ROS2/install/hand_interfaces/lib/libhand_interfaces__rosidl_generator_py.so
[3.075s] -- Up-to-date: /home/mwangala/Desktop/__ROS2/install/hand_interfaces/share/hand_interfaces/cmake/export_hand_interfaces__rosidl_generator_cExport.cmake
[3.076s] -- Up-to-date: /home/mwangala/Desktop/__ROS2/install/hand_interfaces/share/hand_interfaces/cmake/export_hand_interfaces__rosidl_generator_cExport-noconfig.cmake
[3.076s] -- Up-to-date: /home/mwangala/Desktop/__ROS2/install/hand_interfaces/share/hand_interfaces/cmake/export_hand_interfaces__rosidl_typesupport_fastrtps_cExport.cmake
[3.076s] -- Up-to-date: /home/mwangala/Desktop/__ROS2/install/hand_interfaces/share/hand_interfaces/cmake/export_hand_interfaces__rosidl_typesupport_fastrtps_cExport-noconfig.cmake
[3.076s] -- Up-to-date: /home/mwangala/Desktop/__ROS2/install/hand_interfaces/share/hand_interfaces/cmake/export_hand_interfaces__rosidl_generator_cppExport.cmake
[3.076s] -- Up-to-date: /home/mwangala/Desktop/__ROS2/install/hand_interfaces/share/hand_interfaces/cmake/export_hand_interfaces__rosidl_typesupport_fastrtps_cppExport.cmake
[3.077s] -- Up-to-date: /home/mwangala/Desktop/__ROS2/install/hand_interfaces/share/hand_interfaces/cmake/export_hand_interfaces__rosidl_typesupport_fastrtps_cppExport-noconfig.cmake
[3.077s] -- Up-to-date: /home/mwangala/Desktop/__ROS2/install/hand_interfaces/share/hand_interfaces/cmake/hand_interfaces__rosidl_typesupport_introspection_cExport.cmake
[3.077s] -- Up-to-date: /home/mwangala/Desktop/__ROS2/install/hand_interfaces/share/hand_interfaces/cmake/hand_interfaces__rosidl_typesupport_introspection_cExport-noconfig.cmake
[3.077s] -- Up-to-date: /home/mwangala/Desktop/__ROS2/install/hand_interfaces/share/hand_interfaces/cmake/hand_interfaces__rosidl_typesupport_cExport.cmake
[3.077s] -- Up-to-date: /home/mwangala/Desktop/__ROS2/install/hand_interfaces/share/hand_interfaces/cmake/hand_interfaces__rosidl_typesupport_cExport-noconfig.cmake
[3.077s] -- Up-to-date: /home/mwangala/Desktop/__ROS2/install/hand_interfaces/share/hand_interfaces/cmake/hand_interfaces__rosidl_typesupport_introspection_cppExport.cmake
[3.077s] -- Up-to-date: /home/mwangala/Desktop/__ROS2/install/hand_interfaces/share/hand_interfaces/cmake/hand_interfaces__rosidl_typesupport_introspection_cppExport-noconfig.cmake
[3.078s] -- Up-to-date: /home/mwangala/Desktop/__ROS2/install/hand_interfaces/share/hand_interfaces/cmake/hand_interfaces__rosidl_typesupport_cppExport.cmake
[3.078s] -- Up-to-date: /home/mwangala/Desktop/__ROS2/install/hand_interfaces/share/hand_interfaces/cmake/hand_interfaces__rosidl_typesupport_cppExport-noconfig.cmake
[3.078s] -- Up-to-date: /home/mwangala/Desktop/__ROS2/install/hand_interfaces/share/hand_interfaces/cmake/export_hand_interfaces__rosidl_generator_pyExport.cmake
[3.078s] -- Up-to-date: /home/mwangala/Desktop/__ROS2/install/hand_interfaces/share/hand_interfaces/cmake/export_hand_interfaces__rosidl_generator_pyExport-noconfig.cmake
[3.119s] Invoked command in '/home/mwangala/Desktop/__ROS2/build/hand_interfaces' returned '0': CMAKE_PREFIX_PATH=${CMAKE_PREFIX_PATH}:/home/mwangala/Desktop/Goaty/ros_project_ws2/install/handcv:/home/mwangala/Desktop/Goaty/ros_project_ws2/install/cv_franka_bridge:/home/mwangala/Desktop/Goaty/ros_project_ws2/install/cv_pegasus_bridge:/home/mwangala/Desktop/Goaty/ros_project_ws/install/handcv:/home/mwangala/Desktop/Goaty/ros_project_ws/install/cv_franka_bridge:/opt/ros/humble /usr/bin/cmake --install /home/mwangala/Desktop/__ROS2/build/hand_interfaces
