/home/mwangala/Desktop/__ROS2/install/pegasus_control/lib/python3.10/site-packages/pegasus_control/__init__.py
/home/mwangala/Desktop/__ROS2/install/pegasus_control/lib/python3.10/site-packages/pegasus_control/headless_node.py
/home/mwangala/Desktop/__ROS2/install/pegasus_control/lib/python3.10/site-packages/pegasus_control/pegasus_commander.py
/home/mwangala/Desktop/__ROS2/install/pegasus_control/lib/python3.10/site-packages/pegasus_control/socket_server.py
/home/mwangala/Desktop/__ROS2/install/pegasus_control/lib/python3.10/site-packages/pegasus_control/gui/__init__.py
/home/mwangala/Desktop/__ROS2/install/pegasus_control/lib/python3.10/site-packages/pegasus_control/gui/gui_node.py
/home/mwangala/Desktop/__ROS2/install/pegasus_control/lib/python3.10/site-packages/pegasus_control/__pycache__/__init__.cpython-310.pyc
/home/mwangala/Desktop/__ROS2/install/pegasus_control/lib/python3.10/site-packages/pegasus_control/__pycache__/headless_node.cpython-310.pyc
/home/mwangala/Desktop/__ROS2/install/pegasus_control/lib/python3.10/site-packages/pegasus_control/__pycache__/pegasus_commander.cpython-310.pyc
/home/mwangala/Desktop/__ROS2/install/pegasus_control/lib/python3.10/site-packages/pegasus_control/__pycache__/socket_server.cpython-310.pyc
/home/mwangala/Desktop/__ROS2/install/pegasus_control/lib/python3.10/site-packages/pegasus_control/gui/__pycache__/__init__.cpython-310.pyc
/home/mwangala/Desktop/__ROS2/install/pegasus_control/lib/python3.10/site-packages/pegasus_control/gui/__pycache__/gui_node.cpython-310.pyc
/home/mwangala/Desktop/__ROS2/install/pegasus_control/share/ament_index/resource_index/packages/pegasus_control
/home/mwangala/Desktop/__ROS2/install/pegasus_control/share/pegasus_control/package.xml
/home/mwangala/Desktop/__ROS2/install/pegasus_control/lib/python3.10/site-packages/pegasus_control-0.0.1-py3.10.egg-info/requires.txt
/home/mwangala/Desktop/__ROS2/install/pegasus_control/lib/python3.10/site-packages/pegasus_control-0.0.1-py3.10.egg-info/dependency_links.txt
/home/mwangala/Desktop/__ROS2/install/pegasus_control/lib/python3.10/site-packages/pegasus_control-0.0.1-py3.10.egg-info/PKG-INFO
/home/mwangala/Desktop/__ROS2/install/pegasus_control/lib/python3.10/site-packages/pegasus_control-0.0.1-py3.10.egg-info/entry_points.txt
/home/mwangala/Desktop/__ROS2/install/pegasus_control/lib/python3.10/site-packages/pegasus_control-0.0.1-py3.10.egg-info/zip-safe
/home/mwangala/Desktop/__ROS2/install/pegasus_control/lib/python3.10/site-packages/pegasus_control-0.0.1-py3.10.egg-info/SOURCES.txt
/home/mwangala/Desktop/__ROS2/install/pegasus_control/lib/python3.10/site-packages/pegasus_control-0.0.1-py3.10.egg-info/top_level.txt
/home/mwangala/Desktop/__ROS2/install/pegasus_control/lib/pegasus_control/gui
/home/mwangala/Desktop/__ROS2/install/pegasus_control/lib/pegasus_control/headless
