[0.157s] Invoking command in '/home/mwangala/Desktop/__ROS2/build/hand_interfaces': CMAKE_PREFIX_PATH=${CMAKE_PREFIX_PATH}:/home/mwangala/Desktop/Goaty/ros_project_ws2/install/handcv:/home/mwangala/Desktop/Goaty/ros_project_ws2/install/cv_franka_bridge:/home/mwangala/Desktop/Goaty/ros_project_ws2/install/cv_pegasus_bridge:/home/mwangala/Desktop/Goaty/ros_project_ws/install/handcv:/home/mwangala/Desktop/Goaty/ros_project_ws/install/cv_franka_bridge:/opt/ros/humble /usr/bin/cmake --build /home/mwangala/Desktop/__ROS2/build/hand_interfaces -- -j8 -l8
[1.195s] [  2%] Built target hand_interfaces__cpp
[1.198s] [ 12%] Built target hand_interfaces__rosidl_generator_c
[1.198s] [ 12%] Built target ament_cmake_python_copy_hand_interfaces
[1.198s] [ 23%] Built target hand_interfaces__rosidl_typesupport_fastrtps_cpp
[1.198s] [ 34%] Built target hand_interfaces__rosidl_typesupport_introspection_c
[1.198s] [ 44%] Built target hand_interfaces__rosidl_typesupport_cpp
[1.200s] [ 55%] Built target hand_interfaces__rosidl_typesupport_fastrtps_c
[1.201s] [ 65%] Built target hand_interfaces__rosidl_typesupport_c
[1.201s] [ 76%] Built target hand_interfaces__rosidl_typesupport_introspection_cpp
[1.201s] [ 76%] Built target hand_interfaces
[1.201s] [ 78%] Built target hand_interfaces__py
[1.201s] [ 87%] Built target hand_interfaces__rosidl_generator_py
[1.201s] [ 91%] Built target hand_interfaces__rosidl_typesupport_fastrtps_c__pyext
[1.201s] [ 95%] Built target hand_interfaces__rosidl_typesupport_introspection_c__pyext
[1.201s] [100%] Built target hand_interfaces__rosidl_typesupport_c__pyext
[1.201s] running egg_info
[1.201s] writing hand_interfaces.egg-info/PKG-INFO
[1.201s] writing dependency_links to hand_interfaces.egg-info/dependency_links.txt
[1.202s] writing top-level names to hand_interfaces.egg-info/top_level.txt
[1.202s] reading manifest file 'hand_interfaces.egg-info/SOURCES.txt'
[1.202s] writing manifest file 'hand_interfaces.egg-info/SOURCES.txt'
[1.202s] [100%] Built target ament_cmake_python_build_hand_interfaces_egg
[1.215s] Invoked command in '/home/mwangala/Desktop/__ROS2/build/hand_interfaces' returned '0': CMAKE_PREFIX_PATH=${CMAKE_PREFIX_PATH}:/home/mwangala/Desktop/Goaty/ros_project_ws2/install/handcv:/home/mwangala/Desktop/Goaty/ros_project_ws2/install/cv_franka_bridge:/home/mwangala/Desktop/Goaty/ros_project_ws2/install/cv_pegasus_bridge:/home/mwangala/Desktop/Goaty/ros_project_ws/install/handcv:/home/mwangala/Desktop/Goaty/ros_project_ws/install/cv_franka_bridge:/opt/ros/humble /usr/bin/cmake --build /home/mwangala/Desktop/__ROS2/build/hand_interfaces -- -j8 -l8
[1.217s] Invoking command in '/home/mwangala/Desktop/__ROS2/build/hand_interfaces': CMAKE_PREFIX_PATH=${CMAKE_PREFIX_PATH}:/home/mwangala/Desktop/Goaty/ros_project_ws2/install/handcv:/home/mwangala/Desktop/Goaty/ros_project_ws2/install/cv_franka_bridge:/home/mwangala/Desktop/Goaty/ros_project_ws2/install/cv_pegasus_bridge:/home/mwangala/Desktop/Goaty/ros_project_ws/install/handcv:/home/mwangala/Desktop/Goaty/ros_project_ws/install/cv_franka_bridge:/opt/ros/humble /usr/bin/cmake --install /home/mwangala/Desktop/__ROS2/build/hand_interfaces
[1.306s] -- Install configuration: ""
[1.306s] -- Up-to-date: /home/mwangala/Desktop/__ROS2/install/hand_interfaces/share/ament_index/resource_index/rosidl_interfaces/hand_interfaces
[1.306s] -- Up-to-date: /home/mwangala/Desktop/__ROS2/install/hand_interfaces/include/hand_interfaces/hand_interfaces
[1.306s] -- Up-to-date: /home/mwangala/Desktop/__ROS2/install/hand_interfaces/include/hand_interfaces/hand_interfaces/srv
[1.306s] -- Up-to-date: /home/mwangala/Desktop/__ROS2/install/hand_interfaces/include/hand_interfaces/hand_interfaces/srv/detail
[1.306s] -- Up-to-date: /home/mwangala/Desktop/__ROS2/install/hand_interfaces/include/hand_interfaces/hand_interfaces/srv/detail/hand_pose__functions.c
[1.306s] -- Up-to-date: /home/mwangala/Desktop/__ROS2/install/hand_interfaces/include/hand_interfaces/hand_interfaces/srv/detail/hand_pose__functions.h
[1.306s] -- Up-to-date: /home/mwangala/Desktop/__ROS2/install/hand_interfaces/include/hand_interfaces/hand_interfaces/srv/detail/hand_pose__struct.h
[1.306s] -- Up-to-date: /home/mwangala/Desktop/__ROS2/install/hand_interfaces/include/hand_interfaces/hand_interfaces/srv/detail/hand_pose__type_support.h
[1.307s] -- Up-to-date: /home/mwangala/Desktop/__ROS2/install/hand_interfaces/include/hand_interfaces/hand_interfaces/srv/hand_pose.h
[1.307s] -- Up-to-date: /home/mwangala/Desktop/__ROS2/install/hand_interfaces/include/hand_interfaces/hand_interfaces/msg
[1.307s] -- Up-to-date: /home/mwangala/Desktop/__ROS2/install/hand_interfaces/include/hand_interfaces/hand_interfaces/msg/rosidl_generator_c__visibility_control.h
[1.307s] -- Up-to-date: /home/mwangala/Desktop/__ROS2/install/hand_interfaces/include/hand_interfaces/hand_interfaces/msg/pinch.h
[1.307s] -- Up-to-date: /home/mwangala/Desktop/__ROS2/install/hand_interfaces/include/hand_interfaces/hand_interfaces/msg/finger_data.h
[1.307s] -- Up-to-date: /home/mwangala/Desktop/__ROS2/install/hand_interfaces/include/hand_interfaces/hand_interfaces/msg/detail
[1.307s] -- Up-to-date: /home/mwangala/Desktop/__ROS2/install/hand_interfaces/include/hand_interfaces/hand_interfaces/msg/detail/pinch__struct.h
[1.307s] -- Up-to-date: /home/mwangala/Desktop/__ROS2/install/hand_interfaces/include/hand_interfaces/hand_interfaces/msg/detail/finger_data__type_support.h
[1.307s] -- Up-to-date: /home/mwangala/Desktop/__ROS2/install/hand_interfaces/include/hand_interfaces/hand_interfaces/msg/detail/pinch__functions.c
[1.307s] -- Up-to-date: /home/mwangala/Desktop/__ROS2/install/hand_interfaces/include/hand_interfaces/hand_interfaces/msg/detail/pinch__functions.h
[1.307s] -- Up-to-date: /home/mwangala/Desktop/__ROS2/install/hand_interfaces/include/hand_interfaces/hand_interfaces/msg/detail/finger_data__functions.h
[1.307s] -- Up-to-date: /home/mwangala/Desktop/__ROS2/install/hand_interfaces/include/hand_interfaces/hand_interfaces/msg/detail/finger_data__struct.h
[1.308s] -- Up-to-date: /home/mwangala/Desktop/__ROS2/install/hand_interfaces/include/hand_interfaces/hand_interfaces/msg/detail/pinch__type_support.h
[1.308s] -- Up-to-date: /home/mwangala/Desktop/__ROS2/install/hand_interfaces/include/hand_interfaces/hand_interfaces/msg/detail/finger_data__functions.c
[1.308s] -- Up-to-date: /home/mwangala/Desktop/__ROS2/install/hand_interfaces/share/hand_interfaces/environment/library_path.sh
[1.308s] -- Up-to-date: /home/mwangala/Desktop/__ROS2/install/hand_interfaces/share/hand_interfaces/environment/library_path.dsv
[1.308s] -- Up-to-date: /home/mwangala/Desktop/__ROS2/install/hand_interfaces/lib/libhand_interfaces__rosidl_generator_c.so
[1.308s] -- Up-to-date: /home/mwangala/Desktop/__ROS2/install/hand_interfaces/include/hand_interfaces/hand_interfaces
[1.308s] -- Up-to-date: /home/mwangala/Desktop/__ROS2/install/hand_interfaces/include/hand_interfaces/hand_interfaces/srv
[1.308s] -- Up-to-date: /home/mwangala/Desktop/__ROS2/install/hand_interfaces/include/hand_interfaces/hand_interfaces/srv/detail
[1.308s] -- Up-to-date: /home/mwangala/Desktop/__ROS2/install/hand_interfaces/include/hand_interfaces/hand_interfaces/srv/detail/hand_pose__rosidl_typesupport_fastrtps_c.h
[1.308s] -- Up-to-date: /home/mwangala/Desktop/__ROS2/install/hand_interfaces/include/hand_interfaces/hand_interfaces/msg
[1.309s] -- Up-to-date: /home/mwangala/Desktop/__ROS2/install/hand_interfaces/include/hand_interfaces/hand_interfaces/msg/rosidl_typesupport_fastrtps_c__visibility_control.h
[1.309s] -- Up-to-date: /home/mwangala/Desktop/__ROS2/install/hand_interfaces/include/hand_interfaces/hand_interfaces/msg/detail
[1.309s] -- Up-to-date: /home/mwangala/Desktop/__ROS2/install/hand_interfaces/include/hand_interfaces/hand_interfaces/msg/detail/finger_data__rosidl_typesupport_fastrtps_c.h
[1.309s] -- Up-to-date: /home/mwangala/Desktop/__ROS2/install/hand_interfaces/include/hand_interfaces/hand_interfaces/msg/detail/pinch__rosidl_typesupport_fastrtps_c.h
[1.309s] -- Up-to-date: /home/mwangala/Desktop/__ROS2/install/hand_interfaces/lib/libhand_interfaces__rosidl_typesupport_fastrtps_c.so
[1.309s] -- Up-to-date: /home/mwangala/Desktop/__ROS2/install/hand_interfaces/include/hand_interfaces/hand_interfaces
[1.309s] -- Up-to-date: /home/mwangala/Desktop/__ROS2/install/hand_interfaces/include/hand_interfaces/hand_interfaces/srv
[1.309s] -- Up-to-date: /home/mwangala/Desktop/__ROS2/install/hand_interfaces/include/hand_interfaces/hand_interfaces/srv/hand_pose.hpp
[1.309s] -- Up-to-date: /home/mwangala/Desktop/__ROS2/install/hand_interfaces/include/hand_interfaces/hand_interfaces/srv/detail
[1.309s] -- Up-to-date: /home/mwangala/Desktop/__ROS2/install/hand_interfaces/include/hand_interfaces/hand_interfaces/srv/detail/hand_pose__traits.hpp
[1.311s] -- Up-to-date: /home/mwangala/Desktop/__ROS2/install/hand_interfaces/include/hand_interfaces/hand_interfaces/srv/detail/hand_pose__struct.hpp
[1.311s] -- Up-to-date: /home/mwangala/Desktop/__ROS2/install/hand_interfaces/include/hand_interfaces/hand_interfaces/srv/detail/hand_pose__type_support.hpp
[1.311s] -- Up-to-date: /home/mwangala/Desktop/__ROS2/install/hand_interfaces/include/hand_interfaces/hand_interfaces/srv/detail/hand_pose__builder.hpp
[1.311s] -- Up-to-date: /home/mwangala/Desktop/__ROS2/install/hand_interfaces/include/hand_interfaces/hand_interfaces/msg
[1.315s] -- Up-to-date: /home/mwangala/Desktop/__ROS2/install/hand_interfaces/include/hand_interfaces/hand_interfaces/msg/finger_data.hpp
[1.315s] -- Up-to-date: /home/mwangala/Desktop/__ROS2/install/hand_interfaces/include/hand_interfaces/hand_interfaces/msg/pinch.hpp
[1.316s] -- Up-to-date: /home/mwangala/Desktop/__ROS2/install/hand_interfaces/include/hand_interfaces/hand_interfaces/msg/rosidl_generator_cpp__visibility_control.hpp
[1.316s] -- Up-to-date: /home/mwangala/Desktop/__ROS2/install/hand_interfaces/include/hand_interfaces/hand_interfaces/msg/detail
[1.316s] -- Up-to-date: /home/mwangala/Desktop/__ROS2/install/hand_interfaces/include/hand_interfaces/hand_interfaces/msg/detail/pinch__traits.hpp
[1.316s] -- Up-to-date: /home/mwangala/Desktop/__ROS2/install/hand_interfaces/include/hand_interfaces/hand_interfaces/msg/detail/finger_data__type_support.hpp
[1.316s] -- Up-to-date: /home/mwangala/Desktop/__ROS2/install/hand_interfaces/include/hand_interfaces/hand_interfaces/msg/detail/finger_data__struct.hpp
[1.316s] -- Up-to-date: /home/mwangala/Desktop/__ROS2/install/hand_interfaces/include/hand_interfaces/hand_interfaces/msg/detail/finger_data__traits.hpp
[1.316s] -- Up-to-date: /home/mwangala/Desktop/__ROS2/install/hand_interfaces/include/hand_interfaces/hand_interfaces/msg/detail/finger_data__builder.hpp
[1.316s] -- Up-to-date: /home/mwangala/Desktop/__ROS2/install/hand_interfaces/include/hand_interfaces/hand_interfaces/msg/detail/pinch__struct.hpp
[1.316s] -- Up-to-date: /home/mwangala/Desktop/__ROS2/install/hand_interfaces/include/hand_interfaces/hand_interfaces/msg/detail/pinch__type_support.hpp
[1.316s] -- Up-to-date: /home/mwangala/Desktop/__ROS2/install/hand_interfaces/include/hand_interfaces/hand_interfaces/msg/detail/pinch__builder.hpp
[1.318s] -- Up-to-date: /home/mwangala/Desktop/__ROS2/install/hand_interfaces/include/hand_interfaces/hand_interfaces
[1.318s] -- Up-to-date: /home/mwangala/Desktop/__ROS2/install/hand_interfaces/include/hand_interfaces/hand_interfaces/srv
[1.319s] -- Up-to-date: /home/mwangala/Desktop/__ROS2/install/hand_interfaces/include/hand_interfaces/hand_interfaces/srv/detail
[1.320s] -- Up-to-date: /home/mwangala/Desktop/__ROS2/install/hand_interfaces/include/hand_interfaces/hand_interfaces/srv/detail/hand_pose__rosidl_typesupport_fastrtps_cpp.hpp
[1.329s] -- Up-to-date: /home/mwangala/Desktop/__ROS2/install/hand_interfaces/include/hand_interfaces/hand_interfaces/srv/detail/dds_fastrtps
[1.329s] -- Up-to-date: /home/mwangala/Desktop/__ROS2/install/hand_interfaces/include/hand_interfaces/hand_interfaces/msg
[1.329s] -- Up-to-date: /home/mwangala/Desktop/__ROS2/install/hand_interfaces/include/hand_interfaces/hand_interfaces/msg/rosidl_typesupport_fastrtps_cpp__visibility_control.h
[1.329s] -- Up-to-date: /home/mwangala/Desktop/__ROS2/install/hand_interfaces/include/hand_interfaces/hand_interfaces/msg/detail
[1.329s] -- Up-to-date: /home/mwangala/Desktop/__ROS2/install/hand_interfaces/include/hand_interfaces/hand_interfaces/msg/detail/pinch__rosidl_typesupport_fastrtps_cpp.hpp
[1.329s] -- Up-to-date: /home/mwangala/Desktop/__ROS2/install/hand_interfaces/include/hand_interfaces/hand_interfaces/msg/detail/finger_data__rosidl_typesupport_fastrtps_cpp.hpp
[1.330s] -- Up-to-date: /home/mwangala/Desktop/__ROS2/install/hand_interfaces/include/hand_interfaces/hand_interfaces/msg/detail/dds_fastrtps
[1.330s] -- Up-to-date: /home/mwangala/Desktop/__ROS2/install/hand_interfaces/lib/libhand_interfaces__rosidl_typesupport_fastrtps_cpp.so
[1.330s] -- Up-to-date: /home/mwangala/Desktop/__ROS2/install/hand_interfaces/include/hand_interfaces/hand_interfaces
[1.330s] -- Up-to-date: /home/mwangala/Desktop/__ROS2/install/hand_interfaces/include/hand_interfaces/hand_interfaces/srv
[1.330s] -- Up-to-date: /home/mwangala/Desktop/__ROS2/install/hand_interfaces/include/hand_interfaces/hand_interfaces/srv/detail
[1.330s] -- Up-to-date: /home/mwangala/Desktop/__ROS2/install/hand_interfaces/include/hand_interfaces/hand_interfaces/srv/detail/hand_pose__rosidl_typesupport_introspection_c.h
[1.330s] -- Up-to-date: /home/mwangala/Desktop/__ROS2/install/hand_interfaces/include/hand_interfaces/hand_interfaces/srv/detail/hand_pose__type_support.c
[1.330s] -- Up-to-date: /home/mwangala/Desktop/__ROS2/install/hand_interfaces/include/hand_interfaces/hand_interfaces/msg
[1.330s] -- Up-to-date: /home/mwangala/Desktop/__ROS2/install/hand_interfaces/include/hand_interfaces/hand_interfaces/msg/rosidl_typesupport_introspection_c__visibility_control.h
[1.331s] -- Up-to-date: /home/mwangala/Desktop/__ROS2/install/hand_interfaces/include/hand_interfaces/hand_interfaces/msg/detail
[1.331s] -- Up-to-date: /home/mwangala/Desktop/__ROS2/install/hand_interfaces/include/hand_interfaces/hand_interfaces/msg/detail/pinch__rosidl_typesupport_introspection_c.h
[1.331s] -- Up-to-date: /home/mwangala/Desktop/__ROS2/install/hand_interfaces/include/hand_interfaces/hand_interfaces/msg/detail/finger_data__rosidl_typesupport_introspection_c.h
[1.331s] -- Up-to-date: /home/mwangala/Desktop/__ROS2/install/hand_interfaces/include/hand_interfaces/hand_interfaces/msg/detail/pinch__type_support.c
[1.332s] -- Up-to-date: /home/mwangala/Desktop/__ROS2/install/hand_interfaces/include/hand_interfaces/hand_interfaces/msg/detail/finger_data__type_support.c
[1.332s] -- Up-to-date: /home/mwangala/Desktop/__ROS2/install/hand_interfaces/lib/libhand_interfaces__rosidl_typesupport_introspection_c.so
[1.333s] -- Up-to-date: /home/mwangala/Desktop/__ROS2/install/hand_interfaces/lib/libhand_interfaces__rosidl_typesupport_c.so
[1.333s] -- Up-to-date: /home/mwangala/Desktop/__ROS2/install/hand_interfaces/include/hand_interfaces/hand_interfaces
[1.334s] -- Up-to-date: /home/mwangala/Desktop/__ROS2/install/hand_interfaces/include/hand_interfaces/hand_interfaces/srv
[1.334s] -- Up-to-date: /home/mwangala/Desktop/__ROS2/install/hand_interfaces/include/hand_interfaces/hand_interfaces/srv/detail
[1.334s] -- Up-to-date: /home/mwangala/Desktop/__ROS2/install/hand_interfaces/include/hand_interfaces/hand_interfaces/srv/detail/hand_pose__rosidl_typesupport_introspection_cpp.hpp
[1.334s] -- Up-to-date: /home/mwangala/Desktop/__ROS2/install/hand_interfaces/include/hand_interfaces/hand_interfaces/srv/detail/hand_pose__type_support.cpp
[1.335s] -- Up-to-date: /home/mwangala/Desktop/__ROS2/install/hand_interfaces/include/hand_interfaces/hand_interfaces/msg
[1.335s] -- Up-to-date: /home/mwangala/Desktop/__ROS2/install/hand_interfaces/include/hand_interfaces/hand_interfaces/msg/detail
[1.335s] -- Up-to-date: /home/mwangala/Desktop/__ROS2/install/hand_interfaces/include/hand_interfaces/hand_interfaces/msg/detail/pinch__rosidl_typesupport_introspection_cpp.hpp
[1.335s] -- Up-to-date: /home/mwangala/Desktop/__ROS2/install/hand_interfaces/include/hand_interfaces/hand_interfaces/msg/detail/pinch__type_support.cpp
[1.335s] -- Up-to-date: /home/mwangala/Desktop/__ROS2/install/hand_interfaces/include/hand_interfaces/hand_interfaces/msg/detail/finger_data__rosidl_typesupport_introspection_cpp.hpp
[1.335s] -- Up-to-date: /home/mwangala/Desktop/__ROS2/install/hand_interfaces/include/hand_interfaces/hand_interfaces/msg/detail/finger_data__type_support.cpp
[1.336s] -- Up-to-date: /home/mwangala/Desktop/__ROS2/install/hand_interfaces/lib/libhand_interfaces__rosidl_typesupport_introspection_cpp.so
[1.336s] -- Up-to-date: /home/mwangala/Desktop/__ROS2/install/hand_interfaces/lib/libhand_interfaces__rosidl_typesupport_cpp.so
[1.337s] -- Up-to-date: /home/mwangala/Desktop/__ROS2/install/hand_interfaces/share/hand_interfaces/environment/pythonpath.sh
[1.337s] -- Up-to-date: /home/mwangala/Desktop/__ROS2/install/hand_interfaces/share/hand_interfaces/environment/pythonpath.dsv
[1.337s] -- Up-to-date: /home/mwangala/Desktop/__ROS2/install/hand_interfaces/local/lib/python3.10/dist-packages/hand_interfaces-0.0.1-py3.10.egg-info
[1.338s] -- Installing: /home/mwangala/Desktop/__ROS2/install/hand_interfaces/local/lib/python3.10/dist-packages/hand_interfaces-0.0.1-py3.10.egg-info/dependency_links.txt
[1.340s] -- Installing: /home/mwangala/Desktop/__ROS2/install/hand_interfaces/local/lib/python3.10/dist-packages/hand_interfaces-0.0.1-py3.10.egg-info/PKG-INFO
[1.341s] -- Installing: /home/mwangala/Desktop/__ROS2/install/hand_interfaces/local/lib/python3.10/dist-packages/hand_interfaces-0.0.1-py3.10.egg-info/SOURCES.txt
[1.341s] -- Installing: /home/mwangala/Desktop/__ROS2/install/hand_interfaces/local/lib/python3.10/dist-packages/hand_interfaces-0.0.1-py3.10.egg-info/top_level.txt
[1.341s] -- Up-to-date: /home/mwangala/Desktop/__ROS2/install/hand_interfaces/local/lib/python3.10/dist-packages/hand_interfaces
[1.342s] -- Up-to-date: /home/mwangala/Desktop/__ROS2/install/hand_interfaces/local/lib/python3.10/dist-packages/hand_interfaces/hand_interfaces_s__rosidl_typesupport_fastrtps_c.cpython-310-x86_64-linux-gnu.so
[1.343s] -- Up-to-date: /home/mwangala/Desktop/__ROS2/install/hand_interfaces/local/lib/python3.10/dist-packages/hand_interfaces/_hand_interfaces_s.ep.rosidl_typesupport_introspection_c.c
[1.345s] -- Up-to-date: /home/mwangala/Desktop/__ROS2/install/hand_interfaces/local/lib/python3.10/dist-packages/hand_interfaces/__init__.py
[1.346s] -- Up-to-date: /home/mwangala/Desktop/__ROS2/install/hand_interfaces/local/lib/python3.10/dist-packages/hand_interfaces/_hand_interfaces_s.ep.rosidl_typesupport_fastrtps_c.c
[1.346s] -- Up-to-date: /home/mwangala/Desktop/__ROS2/install/hand_interfaces/local/lib/python3.10/dist-packages/hand_interfaces/_hand_interfaces_s.ep.rosidl_typesupport_c.c
[1.346s] -- Up-to-date: /home/mwangala/Desktop/__ROS2/install/hand_interfaces/local/lib/python3.10/dist-packages/hand_interfaces/libhand_interfaces__rosidl_generator_py.so
[1.347s] -- Up-to-date: /home/mwangala/Desktop/__ROS2/install/hand_interfaces/local/lib/python3.10/dist-packages/hand_interfaces/srv
[1.348s] -- Up-to-date: /home/mwangala/Desktop/__ROS2/install/hand_interfaces/local/lib/python3.10/dist-packages/hand_interfaces/srv/__init__.py
[1.350s] -- Up-to-date: /home/mwangala/Desktop/__ROS2/install/hand_interfaces/local/lib/python3.10/dist-packages/hand_interfaces/srv/_hand_pose_s.c
[1.351s] -- Up-to-date: /home/mwangala/Desktop/__ROS2/install/hand_interfaces/local/lib/python3.10/dist-packages/hand_interfaces/srv/_hand_pose.py
[1.351s] -- Up-to-date: /home/mwangala/Desktop/__ROS2/install/hand_interfaces/local/lib/python3.10/dist-packages/hand_interfaces/hand_interfaces_s__rosidl_typesupport_introspection_c.cpython-310-x86_64-linux-gnu.so
[1.351s] -- Up-to-date: /home/mwangala/Desktop/__ROS2/install/hand_interfaces/local/lib/python3.10/dist-packages/hand_interfaces/msg
[1.352s] -- Up-to-date: /home/mwangala/Desktop/__ROS2/install/hand_interfaces/local/lib/python3.10/dist-packages/hand_interfaces/msg/_pinch_s.c
[1.352s] -- Up-to-date: /home/mwangala/Desktop/__ROS2/install/hand_interfaces/local/lib/python3.10/dist-packages/hand_interfaces/msg/__init__.py
[1.352s] -- Up-to-date: /home/mwangala/Desktop/__ROS2/install/hand_interfaces/local/lib/python3.10/dist-packages/hand_interfaces/msg/_pinch.py
[1.354s] -- Up-to-date: /home/mwangala/Desktop/__ROS2/install/hand_interfaces/local/lib/python3.10/dist-packages/hand_interfaces/msg/_finger_data_s.c
[1.354s] -- Up-to-date: /home/mwangala/Desktop/__ROS2/install/hand_interfaces/local/lib/python3.10/dist-packages/hand_interfaces/msg/_finger_data.py
[1.354s] -- Up-to-date: /home/mwangala/Desktop/__ROS2/install/hand_interfaces/local/lib/python3.10/dist-packages/hand_interfaces/hand_interfaces_s__rosidl_typesupport_c.cpython-310-x86_64-linux-gnu.so
[1.355s] Listing '/home/mwangala/Desktop/__ROS2/install/hand_interfaces/local/lib/python3.10/dist-packages/hand_interfaces'...
[1.355s] Listing '/home/mwangala/Desktop/__ROS2/install/hand_interfaces/local/lib/python3.10/dist-packages/hand_interfaces/msg'...
[1.355s] Listing '/home/mwangala/Desktop/__ROS2/install/hand_interfaces/local/lib/python3.10/dist-packages/hand_interfaces/srv'...
[1.356s] -- Up-to-date: /home/mwangala/Desktop/__ROS2/install/hand_interfaces/local/lib/python3.10/dist-packages/hand_interfaces/hand_interfaces_s__rosidl_typesupport_fastrtps_c.cpython-310-x86_64-linux-gnu.so
[1.356s] -- Up-to-date: /home/mwangala/Desktop/__ROS2/install/hand_interfaces/local/lib/python3.10/dist-packages/hand_interfaces/hand_interfaces_s__rosidl_typesupport_introspection_c.cpython-310-x86_64-linux-gnu.so
[1.356s] -- Up-to-date: /home/mwangala/Desktop/__ROS2/install/hand_interfaces/local/lib/python3.10/dist-packages/hand_interfaces/hand_interfaces_s__rosidl_typesupport_c.cpython-310-x86_64-linux-gnu.so
[1.357s] -- Up-to-date: /home/mwangala/Desktop/__ROS2/install/hand_interfaces/lib/libhand_interfaces__rosidl_generator_py.so
[1.357s] -- Up-to-date: /home/mwangala/Desktop/__ROS2/install/hand_interfaces/share/hand_interfaces/srv/HandPose.idl
[1.357s] -- Up-to-date: /home/mwangala/Desktop/__ROS2/install/hand_interfaces/share/hand_interfaces/msg/FingerData.idl
[1.357s] -- Up-to-date: /home/mwangala/Desktop/__ROS2/install/hand_interfaces/share/hand_interfaces/msg/Pinch.idl
[1.357s] -- Up-to-date: /home/mwangala/Desktop/__ROS2/install/hand_interfaces/share/hand_interfaces/srv/HandPose.srv
[1.357s] -- Up-to-date: /home/mwangala/Desktop/__ROS2/install/hand_interfaces/share/hand_interfaces/srv/HandPose_Request.msg
[1.357s] -- Up-to-date: /home/mwangala/Desktop/__ROS2/install/hand_interfaces/share/hand_interfaces/srv/HandPose_Response.msg
[1.357s] -- Up-to-date: /home/mwangala/Desktop/__ROS2/install/hand_interfaces/share/hand_interfaces/msg/FingerData.msg
[1.357s] -- Up-to-date: /home/mwangala/Desktop/__ROS2/install/hand_interfaces/share/hand_interfaces/msg/Pinch.msg
[1.357s] -- Up-to-date: /home/mwangala/Desktop/__ROS2/install/hand_interfaces/share/ament_index/resource_index/package_run_dependencies/hand_interfaces
[1.357s] -- Up-to-date: /home/mwangala/Desktop/__ROS2/install/hand_interfaces/share/ament_index/resource_index/parent_prefix_path/hand_interfaces
[1.357s] -- Up-to-date: /home/mwangala/Desktop/__ROS2/install/hand_interfaces/share/hand_interfaces/environment/ament_prefix_path.sh
[1.357s] -- Up-to-date: /home/mwangala/Desktop/__ROS2/install/hand_interfaces/share/hand_interfaces/environment/ament_prefix_path.dsv
[1.358s] -- Up-to-date: /home/mwangala/Desktop/__ROS2/install/hand_interfaces/share/hand_interfaces/environment/path.sh
[1.358s] -- Up-to-date: /home/mwangala/Desktop/__ROS2/install/hand_interfaces/share/hand_interfaces/environment/path.dsv
[1.358s] -- Up-to-date: /home/mwangala/Desktop/__ROS2/install/hand_interfaces/share/hand_interfaces/local_setup.bash
[1.358s] -- Up-to-date: /home/mwangala/Desktop/__ROS2/install/hand_interfaces/share/hand_interfaces/local_setup.sh
[1.358s] -- Up-to-date: /home/mwangala/Desktop/__ROS2/install/hand_interfaces/share/hand_interfaces/local_setup.zsh
[1.358s] -- Up-to-date: /home/mwangala/Desktop/__ROS2/install/hand_interfaces/share/hand_interfaces/local_setup.dsv
[1.358s] -- Installing: /home/mwangala/Desktop/__ROS2/install/hand_interfaces/share/hand_interfaces/package.dsv
[1.358s] -- Up-to-date: /home/mwangala/Desktop/__ROS2/install/hand_interfaces/share/ament_index/resource_index/packages/hand_interfaces
[1.358s] -- Up-to-date: /home/mwangala/Desktop/__ROS2/install/hand_interfaces/share/hand_interfaces/cmake/export_hand_interfaces__rosidl_generator_cExport.cmake
[1.358s] -- Up-to-date: /home/mwangala/Desktop/__ROS2/install/hand_interfaces/share/hand_interfaces/cmake/export_hand_interfaces__rosidl_generator_cExport-noconfig.cmake
[1.358s] -- Up-to-date: /home/mwangala/Desktop/__ROS2/install/hand_interfaces/share/hand_interfaces/cmake/export_hand_interfaces__rosidl_typesupport_fastrtps_cExport.cmake
[1.358s] -- Up-to-date: /home/mwangala/Desktop/__ROS2/install/hand_interfaces/share/hand_interfaces/cmake/export_hand_interfaces__rosidl_typesupport_fastrtps_cExport-noconfig.cmake
[1.358s] -- Up-to-date: /home/mwangala/Desktop/__ROS2/install/hand_interfaces/share/hand_interfaces/cmake/export_hand_interfaces__rosidl_generator_cppExport.cmake
[1.359s] -- Up-to-date: /home/mwangala/Desktop/__ROS2/install/hand_interfaces/share/hand_interfaces/cmake/export_hand_interfaces__rosidl_typesupport_fastrtps_cppExport.cmake
[1.359s] -- Up-to-date: /home/mwangala/Desktop/__ROS2/install/hand_interfaces/share/hand_interfaces/cmake/export_hand_interfaces__rosidl_typesupport_fastrtps_cppExport-noconfig.cmake
[1.359s] -- Up-to-date: /home/mwangala/Desktop/__ROS2/install/hand_interfaces/share/hand_interfaces/cmake/hand_interfaces__rosidl_typesupport_introspection_cExport.cmake
[1.359s] -- Up-to-date: /home/mwangala/Desktop/__ROS2/install/hand_interfaces/share/hand_interfaces/cmake/hand_interfaces__rosidl_typesupport_introspection_cExport-noconfig.cmake
[1.359s] -- Up-to-date: /home/mwangala/Desktop/__ROS2/install/hand_interfaces/share/hand_interfaces/cmake/hand_interfaces__rosidl_typesupport_cExport.cmake
[1.359s] -- Up-to-date: /home/mwangala/Desktop/__ROS2/install/hand_interfaces/share/hand_interfaces/cmake/hand_interfaces__rosidl_typesupport_cExport-noconfig.cmake
[1.359s] -- Up-to-date: /home/mwangala/Desktop/__ROS2/install/hand_interfaces/share/hand_interfaces/cmake/hand_interfaces__rosidl_typesupport_introspection_cppExport.cmake
[1.359s] -- Up-to-date: /home/mwangala/Desktop/__ROS2/install/hand_interfaces/share/hand_interfaces/cmake/hand_interfaces__rosidl_typesupport_introspection_cppExport-noconfig.cmake
[1.359s] -- Up-to-date: /home/mwangala/Desktop/__ROS2/install/hand_interfaces/share/hand_interfaces/cmake/hand_interfaces__rosidl_typesupport_cppExport.cmake
[1.359s] -- Up-to-date: /home/mwangala/Desktop/__ROS2/install/hand_interfaces/share/hand_interfaces/cmake/hand_interfaces__rosidl_typesupport_cppExport-noconfig.cmake
[1.359s] -- Up-to-date: /home/mwangala/Desktop/__ROS2/install/hand_interfaces/share/hand_interfaces/cmake/export_hand_interfaces__rosidl_generator_pyExport.cmake
[1.360s] -- Up-to-date: /home/mwangala/Desktop/__ROS2/install/hand_interfaces/share/hand_interfaces/cmake/export_hand_interfaces__rosidl_generator_pyExport-noconfig.cmake
[1.360s] -- Up-to-date: /home/mwangala/Desktop/__ROS2/install/hand_interfaces/share/hand_interfaces/cmake/rosidl_cmake-extras.cmake
[1.360s] -- Up-to-date: /home/mwangala/Desktop/__ROS2/install/hand_interfaces/share/hand_interfaces/cmake/ament_cmake_export_dependencies-extras.cmake
[1.360s] -- Up-to-date: /home/mwangala/Desktop/__ROS2/install/hand_interfaces/share/hand_interfaces/cmake/ament_cmake_export_include_directories-extras.cmake
[1.360s] -- Up-to-date: /home/mwangala/Desktop/__ROS2/install/hand_interfaces/share/hand_interfaces/cmake/ament_cmake_export_libraries-extras.cmake
[1.361s] -- Up-to-date: /home/mwangala/Desktop/__ROS2/install/hand_interfaces/share/hand_interfaces/cmake/ament_cmake_export_targets-extras.cmake
[1.361s] -- Up-to-date: /home/mwangala/Desktop/__ROS2/install/hand_interfaces/share/hand_interfaces/cmake/rosidl_cmake_export_typesupport_targets-extras.cmake
[1.362s] -- Up-to-date: /home/mwangala/Desktop/__ROS2/install/hand_interfaces/share/hand_interfaces/cmake/rosidl_cmake_export_typesupport_libraries-extras.cmake
[1.362s] -- Up-to-date: /home/mwangala/Desktop/__ROS2/install/hand_interfaces/share/hand_interfaces/cmake/hand_interfacesConfig.cmake
[1.363s] -- Up-to-date: /home/mwangala/Desktop/__ROS2/install/hand_interfaces/share/hand_interfaces/cmake/hand_interfacesConfig-version.cmake
[1.363s] -- Up-to-date: /home/mwangala/Desktop/__ROS2/install/hand_interfaces/share/hand_interfaces/package.xml
[1.501s] Invoked command in '/home/mwangala/Desktop/__ROS2/build/hand_interfaces' returned '0': CMAKE_PREFIX_PATH=${CMAKE_PREFIX_PATH}:/home/mwangala/Desktop/Goaty/ros_project_ws2/install/handcv:/home/mwangala/Desktop/Goaty/ros_project_ws2/install/cv_franka_bridge:/home/mwangala/Desktop/Goaty/ros_project_ws2/install/cv_pegasus_bridge:/home/mwangala/Desktop/Goaty/ros_project_ws/install/handcv:/home/mwangala/Desktop/Goaty/ros_project_ws/install/cv_franka_bridge:/opt/ros/humble /usr/bin/cmake --install /home/mwangala/Desktop/__ROS2/build/hand_interfaces
