[0.297s] Invoking command in '/home/mwangala/Desktop/__ROS2/build/kinect2_registration': CMAKE_PREFIX_PATH=${CMAKE_PREFIX_PATH}:/home/mwangala/Desktop/Goaty/ros_project_ws2/install/handcv:/home/mwangala/Desktop/Goaty/ros_project_ws2/install/cv_franka_bridge:/home/mwangala/Desktop/Goaty/ros_project_ws2/install/cv_pegasus_bridge:/home/mwangala/Desktop/Goaty/ros_project_ws/install/handcv:/home/mwangala/Desktop/Goaty/ros_project_ws/install/cv_franka_bridge:/opt/ros/humble /usr/bin/cmake --build /home/mwangala/Desktop/__ROS2/build/kinect2_registration -- -j8 -l8
[1.322s] [100%] Built target kinect2_registration
[1.418s] Invoked command in '/home/mwangala/Desktop/__ROS2/build/kinect2_registration' returned '0': CMAKE_PREFIX_PATH=${CMAKE_PREFIX_PATH}:/home/mwangala/Desktop/Goaty/ros_project_ws2/install/handcv:/home/mwangala/Desktop/Goaty/ros_project_ws2/install/cv_franka_bridge:/home/mwangala/Desktop/Goaty/ros_project_ws2/install/cv_pegasus_bridge:/home/mwangala/Desktop/Goaty/ros_project_ws/install/handcv:/home/mwangala/Desktop/Goaty/ros_project_ws/install/cv_franka_bridge:/opt/ros/humble /usr/bin/cmake --build /home/mwangala/Desktop/__ROS2/build/kinect2_registration -- -j8 -l8
[1.424s] Invoking command in '/home/mwangala/Desktop/__ROS2/build/kinect2_registration': CMAKE_PREFIX_PATH=${CMAKE_PREFIX_PATH}:/home/mwangala/Desktop/Goaty/ros_project_ws2/install/handcv:/home/mwangala/Desktop/Goaty/ros_project_ws2/install/cv_franka_bridge:/home/mwangala/Desktop/Goaty/ros_project_ws2/install/cv_pegasus_bridge:/home/mwangala/Desktop/Goaty/ros_project_ws/install/handcv:/home/mwangala/Desktop/Goaty/ros_project_ws/install/cv_franka_bridge:/opt/ros/humble /usr/bin/cmake --install /home/mwangala/Desktop/__ROS2/build/kinect2_registration
[1.439s] -- Install configuration: ""
[1.440s] -- Execute custom install script
[1.440s] -- Up-to-date symlink: /home/mwangala/Desktop/__ROS2/install/kinect2_registration/include/kinect2_registration/kinect2_console.h
[1.440s] -- Up-to-date symlink: /home/mwangala/Desktop/__ROS2/install/kinect2_registration/include/kinect2_registration/kinect2_registration.h
[1.440s] -- Up-to-date symlink: /home/mwangala/Desktop/__ROS2/install/kinect2_registration/share/kinect2_registration/environment/library_path.sh
[1.440s] -- Up-to-date symlink: /home/mwangala/Desktop/__ROS2/install/kinect2_registration/share/kinect2_registration/environment/library_path.dsv
[1.440s] -- Up-to-date symlink: /home/mwangala/Desktop/__ROS2/install/kinect2_registration/share/ament_index/resource_index/package_run_dependencies/kinect2_registration
[1.440s] -- Up-to-date symlink: /home/mwangala/Desktop/__ROS2/install/kinect2_registration/share/ament_index/resource_index/parent_prefix_path/kinect2_registration
[1.440s] -- Up-to-date symlink: /home/mwangala/Desktop/__ROS2/install/kinect2_registration/share/kinect2_registration/environment/ament_prefix_path.sh
[1.440s] -- Up-to-date symlink: /home/mwangala/Desktop/__ROS2/install/kinect2_registration/share/kinect2_registration/environment/ament_prefix_path.dsv
[1.440s] -- Up-to-date symlink: /home/mwangala/Desktop/__ROS2/install/kinect2_registration/share/kinect2_registration/environment/path.sh
[1.441s] -- Up-to-date symlink: /home/mwangala/Desktop/__ROS2/install/kinect2_registration/share/kinect2_registration/environment/path.dsv
[1.449s] -- Up-to-date symlink: /home/mwangala/Desktop/__ROS2/install/kinect2_registration/share/kinect2_registration/local_setup.bash
[1.449s] -- Up-to-date symlink: /home/mwangala/Desktop/__ROS2/install/kinect2_registration/share/kinect2_registration/local_setup.sh
[1.449s] -- Up-to-date symlink: /home/mwangala/Desktop/__ROS2/install/kinect2_registration/share/kinect2_registration/local_setup.zsh
[1.449s] -- Up-to-date symlink: /home/mwangala/Desktop/__ROS2/install/kinect2_registration/share/kinect2_registration/local_setup.dsv
[1.449s] -- Symlinking: /home/mwangala/Desktop/__ROS2/install/kinect2_registration/share/kinect2_registration/package.dsv
[1.450s] -- Up-to-date symlink: /home/mwangala/Desktop/__ROS2/install/kinect2_registration/share/ament_index/resource_index/packages/kinect2_registration
[1.450s] -- Up-to-date symlink: /home/mwangala/Desktop/__ROS2/install/kinect2_registration/share/kinect2_registration/cmake/ament_cmake_export_include_directories-extras.cmake
[1.450s] -- Up-to-date symlink: /home/mwangala/Desktop/__ROS2/install/kinect2_registration/share/kinect2_registration/cmake/ament_cmake_export_libraries-extras.cmake
[1.450s] -- Up-to-date symlink: /home/mwangala/Desktop/__ROS2/install/kinect2_registration/share/kinect2_registration/cmake/kinect2_registrationConfig.cmake
[1.450s] -- Up-to-date symlink: /home/mwangala/Desktop/__ROS2/install/kinect2_registration/share/kinect2_registration/cmake/kinect2_registrationConfig-version.cmake
[1.450s] -- Up-to-date symlink: /home/mwangala/Desktop/__ROS2/install/kinect2_registration/share/kinect2_registration/package.xml
[1.450s] -- Up-to-date: /home/mwangala/Desktop/__ROS2/install/kinect2_registration/lib/libkinect2_registration.a
[1.901s] Invoked command in '/home/mwangala/Desktop/__ROS2/build/kinect2_registration' returned '0': CMAKE_PREFIX_PATH=${CMAKE_PREFIX_PATH}:/home/mwangala/Desktop/Goaty/ros_project_ws2/install/handcv:/home/mwangala/Desktop/Goaty/ros_project_ws2/install/cv_franka_bridge:/home/mwangala/Desktop/Goaty/ros_project_ws2/install/cv_pegasus_bridge:/home/mwangala/Desktop/Goaty/ros_project_ws/install/handcv:/home/mwangala/Desktop/Goaty/ros_project_ws/install/cv_franka_bridge:/opt/ros/humble /usr/bin/cmake --install /home/mwangala/Desktop/__ROS2/build/kinect2_registration
