running develop
running egg_info
writing handcv.egg-info/PKG-INFO
writing dependency_links to handcv.egg-info/dependency_links.txt
writing entry points to handcv.egg-info/entry_points.txt
writing requirements to handcv.egg-info/requires.txt
writing top-level names to handcv.egg-info/top_level.txt
reading manifest file 'handcv.egg-info/SOURCES.txt'
writing manifest file 'handcv.egg-info/SOURCES.txt'
running build_ext
Creating /home/mwangala/Desktop/__ROS2/install/handcv/lib/python3.10/site-packages/handcv.egg-link (link to .)
Installing handcv_node script to /home/mwangala/Desktop/__ROS2/install/handcv/lib/handcv

Installed /home/mwangala/Desktop/__ROS2/build/handcv
running symlink_data
symbolically linking /home/mwangala/Desktop/__ROS2/build/handcv/resource/handcv -> /home/mwangala/Desktop/__ROS2/install/handcv/share/ament_index/resource_index/packages
symbolically linking /home/mwangala/Desktop/__ROS2/build/handcv/package.xml -> /home/mwangala/Desktop/__ROS2/install/handcv/share/handcv
symbolically linking /home/mwangala/Desktop/__ROS2/build/handcv/config/handcv.rviz -> /home/mwangala/Desktop/__ROS2/install/handcv/share/handcv/config
symbolically linking /home/mwangala/Desktop/__ROS2/build/handcv/config/hand_landmarker.task -> /home/mwangala/Desktop/__ROS2/install/handcv/share/handcv/config
symbolically linking /home/mwangala/Desktop/__ROS2/build/handcv/config/gesture_recognizer.task -> /home/mwangala/Desktop/__ROS2/install/handcv/share/handcv/config
symbolically linking /home/mwangala/Desktop/__ROS2/build/handcv/config/high_density_preset.json -> /home/mwangala/Desktop/__ROS2/install/handcv/share/handcv/config
symbolically linking /home/mwangala/Desktop/__ROS2/build/handcv/launch/camera.launch.py -> /home/mwangala/Desktop/__ROS2/install/handcv/share/handcv/launch
