[0.086s] Invoking command in '/home/mwangala/Desktop/__ROS2/build/compressed_depth_image_transport': CMAKE_PREFIX_PATH=${CMAKE_PREFIX_PATH}:/home/mwangala/Desktop/Goaty/ros_project_ws2/install/handcv:/home/mwangala/Desktop/Goaty/ros_project_ws2/install/cv_franka_bridge:/home/mwangala/Desktop/Goaty/ros_project_ws2/install/cv_pegasus_bridge:/home/mwangala/Desktop/Goaty/ros_project_ws/install/handcv:/home/mwangala/Desktop/Goaty/ros_project_ws/install/cv_franka_bridge:/opt/ros/humble /usr/bin/cmake --build /home/mwangala/Desktop/__ROS2/build/compressed_depth_image_transport -- -j8 -l8
[1.092s] [35m[1mConsolidate compiler generated dependencies of target compressed_depth_image_transport[0m
[1.092s] [100%] Built target compressed_depth_image_transport
[2.087s] Invoked command in '/home/mwangala/Desktop/__ROS2/build/compressed_depth_image_transport' returned '0': CMAKE_PREFIX_PATH=${CMAKE_PREFIX_PATH}:/home/mwangala/Desktop/Goaty/ros_project_ws2/install/handcv:/home/mwangala/Desktop/Goaty/ros_project_ws2/install/cv_franka_bridge:/home/mwangala/Desktop/Goaty/ros_project_ws2/install/cv_pegasus_bridge:/home/mwangala/Desktop/Goaty/ros_project_ws/install/handcv:/home/mwangala/Desktop/Goaty/ros_project_ws/install/cv_franka_bridge:/opt/ros/humble /usr/bin/cmake --build /home/mwangala/Desktop/__ROS2/build/compressed_depth_image_transport -- -j8 -l8
[2.097s] Invoking command in '/home/mwangala/Desktop/__ROS2/build/compressed_depth_image_transport': CMAKE_PREFIX_PATH=${CMAKE_PREFIX_PATH}:/home/mwangala/Desktop/Goaty/ros_project_ws2/install/handcv:/home/mwangala/Desktop/Goaty/ros_project_ws2/install/cv_franka_bridge:/home/mwangala/Desktop/Goaty/ros_project_ws2/install/cv_pegasus_bridge:/home/mwangala/Desktop/Goaty/ros_project_ws/install/handcv:/home/mwangala/Desktop/Goaty/ros_project_ws/install/cv_franka_bridge:/opt/ros/humble /usr/bin/cmake --install /home/mwangala/Desktop/__ROS2/build/compressed_depth_image_transport
[2.111s] -- Install configuration: ""
[2.112s] -- Execute custom install script
[2.112s] -- Up-to-date symlink: /home/mwangala/Desktop/__ROS2/install/compressed_depth_image_transport/lib/libcompressed_depth_image_transport.so
[2.114s] -- Up-to-date symlink: /home/mwangala/Desktop/__ROS2/install/compressed_depth_image_transport/include/compressed_depth_image_transport/codec.h
[2.114s] -- Up-to-date symlink: /home/mwangala/Desktop/__ROS2/install/compressed_depth_image_transport/include/compressed_depth_image_transport/compressed_depth_publisher.h
[2.114s] -- Up-to-date symlink: /home/mwangala/Desktop/__ROS2/install/compressed_depth_image_transport/include/compressed_depth_image_transport/compressed_depth_subscriber.h
[2.114s] -- Up-to-date symlink: /home/mwangala/Desktop/__ROS2/install/compressed_depth_image_transport/include/compressed_depth_image_transport/compression_common.h
[2.114s] -- Up-to-date symlink: /home/mwangala/Desktop/__ROS2/install/compressed_depth_image_transport/share/compressed_depth_image_transport//compressed_depth_plugins.xml
[2.115s] -- Up-to-date symlink: /home/mwangala/Desktop/__ROS2/install/compressed_depth_image_transport/share/ament_index/resource_index/package_run_dependencies/compressed_depth_image_transport
[2.116s] -- Up-to-date symlink: /home/mwangala/Desktop/__ROS2/install/compressed_depth_image_transport/share/ament_index/resource_index/parent_prefix_path/compressed_depth_image_transport
[2.120s] -- Up-to-date symlink: /home/mwangala/Desktop/__ROS2/install/compressed_depth_image_transport/share/compressed_depth_image_transport/environment/ament_prefix_path.sh
[2.120s] -- Up-to-date symlink: /home/mwangala/Desktop/__ROS2/install/compressed_depth_image_transport/share/compressed_depth_image_transport/environment/ament_prefix_path.dsv
[2.120s] -- Up-to-date symlink: /home/mwangala/Desktop/__ROS2/install/compressed_depth_image_transport/share/compressed_depth_image_transport/environment/path.sh
[2.120s] -- Up-to-date symlink: /home/mwangala/Desktop/__ROS2/install/compressed_depth_image_transport/share/compressed_depth_image_transport/environment/path.dsv
[2.120s] -- Up-to-date symlink: /home/mwangala/Desktop/__ROS2/install/compressed_depth_image_transport/share/compressed_depth_image_transport/local_setup.bash
[2.121s] -- Up-to-date symlink: /home/mwangala/Desktop/__ROS2/install/compressed_depth_image_transport/share/compressed_depth_image_transport/local_setup.sh
[2.121s] -- Up-to-date symlink: /home/mwangala/Desktop/__ROS2/install/compressed_depth_image_transport/share/compressed_depth_image_transport/local_setup.zsh
[2.121s] -- Up-to-date symlink: /home/mwangala/Desktop/__ROS2/install/compressed_depth_image_transport/share/compressed_depth_image_transport/local_setup.dsv
[2.121s] -- Symlinking: /home/mwangala/Desktop/__ROS2/install/compressed_depth_image_transport/share/compressed_depth_image_transport/package.dsv
[2.149s] -- Up-to-date symlink: /home/mwangala/Desktop/__ROS2/install/compressed_depth_image_transport/share/ament_index/resource_index/packages/compressed_depth_image_transport
[2.150s] -- Up-to-date symlink: /home/mwangala/Desktop/__ROS2/install/compressed_depth_image_transport/share/ament_index/resource_index/image_transport__pluginlib__plugin/compressed_depth_image_transport
[2.152s] -- Up-to-date symlink: /home/mwangala/Desktop/__ROS2/install/compressed_depth_image_transport/share/compressed_depth_image_transport/cmake/compressed_depth_image_transportConfig.cmake
[2.153s] -- Up-to-date symlink: /home/mwangala/Desktop/__ROS2/install/compressed_depth_image_transport/share/compressed_depth_image_transport/cmake/compressed_depth_image_transportConfig-version.cmake
[2.155s] -- Up-to-date symlink: /home/mwangala/Desktop/__ROS2/install/compressed_depth_image_transport/share/compressed_depth_image_transport/package.xml
[2.160s] Invoked command in '/home/mwangala/Desktop/__ROS2/build/compressed_depth_image_transport' returned '0': CMAKE_PREFIX_PATH=${CMAKE_PREFIX_PATH}:/home/mwangala/Desktop/Goaty/ros_project_ws2/install/handcv:/home/mwangala/Desktop/Goaty/ros_project_ws2/install/cv_franka_bridge:/home/mwangala/Desktop/Goaty/ros_project_ws2/install/cv_pegasus_bridge:/home/mwangala/Desktop/Goaty/ros_project_ws/install/handcv:/home/mwangala/Desktop/Goaty/ros_project_ws/install/cv_franka_bridge:/opt/ros/humble /usr/bin/cmake --install /home/mwangala/Desktop/__ROS2/build/compressed_depth_image_transport
