[0.138s] Invoking command in '/home/mwangala/Desktop/__ROS2/build/compressed_image_transport': CMAKE_PREFIX_PATH=${CMAKE_PREFIX_PATH}:/home/mwangala/Desktop/Goaty/ros_project_ws2/install/handcv:/home/mwangala/Desktop/Goaty/ros_project_ws2/install/cv_franka_bridge:/home/mwangala/Desktop/Goaty/ros_project_ws2/install/cv_pegasus_bridge:/home/mwangala/Desktop/Goaty/ros_project_ws/install/handcv:/home/mwangala/Desktop/Goaty/ros_project_ws/install/cv_franka_bridge:/opt/ros/humble /usr/bin/cmake --build /home/mwangala/Desktop/__ROS2/build/compressed_image_transport -- -j8 -l8
[1.087s] [35m[1mConsolidate compiler generated dependencies of target compressed_image_transport[0m
[1.088s] [100%] Built target compressed_image_transport
[2.095s] Invoked command in '/home/mwangala/Desktop/__ROS2/build/compressed_image_transport' returned '0': CMAKE_PREFIX_PATH=${CMAKE_PREFIX_PATH}:/home/mwangala/Desktop/Goaty/ros_project_ws2/install/handcv:/home/mwangala/Desktop/Goaty/ros_project_ws2/install/cv_franka_bridge:/home/mwangala/Desktop/Goaty/ros_project_ws2/install/cv_pegasus_bridge:/home/mwangala/Desktop/Goaty/ros_project_ws/install/handcv:/home/mwangala/Desktop/Goaty/ros_project_ws/install/cv_franka_bridge:/opt/ros/humble /usr/bin/cmake --build /home/mwangala/Desktop/__ROS2/build/compressed_image_transport -- -j8 -l8
[2.095s] Invoking command in '/home/mwangala/Desktop/__ROS2/build/compressed_image_transport': CMAKE_PREFIX_PATH=${CMAKE_PREFIX_PATH}:/home/mwangala/Desktop/Goaty/ros_project_ws2/install/handcv:/home/mwangala/Desktop/Goaty/ros_project_ws2/install/cv_franka_bridge:/home/mwangala/Desktop/Goaty/ros_project_ws2/install/cv_pegasus_bridge:/home/mwangala/Desktop/Goaty/ros_project_ws/install/handcv:/home/mwangala/Desktop/Goaty/ros_project_ws/install/cv_franka_bridge:/opt/ros/humble /usr/bin/cmake --install /home/mwangala/Desktop/__ROS2/build/compressed_image_transport
[2.123s] -- Install configuration: ""
[2.124s] -- Execute custom install script
[2.125s] -- Up-to-date symlink: /home/mwangala/Desktop/__ROS2/install/compressed_image_transport/lib/libcompressed_image_transport.so
[2.126s] -- Up-to-date symlink: /home/mwangala/Desktop/__ROS2/install/compressed_image_transport/include/compressed_image_transport/compressed_publisher.h
[2.127s] -- Up-to-date symlink: /home/mwangala/Desktop/__ROS2/install/compressed_image_transport/include/compressed_image_transport/compressed_subscriber.h
[2.128s] -- Up-to-date symlink: /home/mwangala/Desktop/__ROS2/install/compressed_image_transport/include/compressed_image_transport/compression_common.h
[2.128s] -- Up-to-date symlink: /home/mwangala/Desktop/__ROS2/install/compressed_image_transport/share/compressed_image_transport//compressed_plugins.xml
[2.129s] -- Up-to-date symlink: /home/mwangala/Desktop/__ROS2/install/compressed_image_transport/share/ament_index/resource_index/package_run_dependencies/compressed_image_transport
[2.129s] -- Up-to-date symlink: /home/mwangala/Desktop/__ROS2/install/compressed_image_transport/share/ament_index/resource_index/parent_prefix_path/compressed_image_transport
[2.130s] -- Up-to-date symlink: /home/mwangala/Desktop/__ROS2/install/compressed_image_transport/share/compressed_image_transport/environment/ament_prefix_path.sh
[2.136s] -- Up-to-date symlink: /home/mwangala/Desktop/__ROS2/install/compressed_image_transport/share/compressed_image_transport/environment/ament_prefix_path.dsv
[2.136s] -- Up-to-date symlink: /home/mwangala/Desktop/__ROS2/install/compressed_image_transport/share/compressed_image_transport/environment/path.sh
[2.136s] -- Up-to-date symlink: /home/mwangala/Desktop/__ROS2/install/compressed_image_transport/share/compressed_image_transport/environment/path.dsv
[2.137s] -- Up-to-date symlink: /home/mwangala/Desktop/__ROS2/install/compressed_image_transport/share/compressed_image_transport/local_setup.bash
[2.137s] -- Up-to-date symlink: /home/mwangala/Desktop/__ROS2/install/compressed_image_transport/share/compressed_image_transport/local_setup.sh
[2.137s] -- Up-to-date symlink: /home/mwangala/Desktop/__ROS2/install/compressed_image_transport/share/compressed_image_transport/local_setup.zsh
[2.137s] -- Up-to-date symlink: /home/mwangala/Desktop/__ROS2/install/compressed_image_transport/share/compressed_image_transport/local_setup.dsv
[2.137s] -- Symlinking: /home/mwangala/Desktop/__ROS2/install/compressed_image_transport/share/compressed_image_transport/package.dsv
[2.154s] -- Up-to-date symlink: /home/mwangala/Desktop/__ROS2/install/compressed_image_transport/share/ament_index/resource_index/packages/compressed_image_transport
[2.155s] -- Up-to-date symlink: /home/mwangala/Desktop/__ROS2/install/compressed_image_transport/share/ament_index/resource_index/image_transport__pluginlib__plugin/compressed_image_transport
[2.156s] -- Up-to-date symlink: /home/mwangala/Desktop/__ROS2/install/compressed_image_transport/share/compressed_image_transport/cmake/compressed_image_transportConfig.cmake
[2.158s] -- Up-to-date symlink: /home/mwangala/Desktop/__ROS2/install/compressed_image_transport/share/compressed_image_transport/cmake/compressed_image_transportConfig-version.cmake
[2.159s] -- Up-to-date symlink: /home/mwangala/Desktop/__ROS2/install/compressed_image_transport/share/compressed_image_transport/package.xml
[2.584s] Invoked command in '/home/mwangala/Desktop/__ROS2/build/compressed_image_transport' returned '0': CMAKE_PREFIX_PATH=${CMAKE_PREFIX_PATH}:/home/mwangala/Desktop/Goaty/ros_project_ws2/install/handcv:/home/mwangala/Desktop/Goaty/ros_project_ws2/install/cv_franka_bridge:/home/mwangala/Desktop/Goaty/ros_project_ws2/install/cv_pegasus_bridge:/home/mwangala/Desktop/Goaty/ros_project_ws/install/handcv:/home/mwangala/Desktop/Goaty/ros_project_ws/install/cv_franka_bridge:/opt/ros/humble /usr/bin/cmake --install /home/mwangala/Desktop/__ROS2/build/compressed_image_transport
