[1.719s] Invoking command in '/home/mwangala/Desktop/__ROS2/build/compressed_depth_image_transport': CMAKE_PREFIX_PATH=${CMAKE_PREFIX_PATH}:/home/mwangala/Desktop/Goaty/ros_project_ws2/install/handcv:/home/mwangala/Desktop/Goaty/ros_project_ws2/install/cv_franka_bridge:/home/mwangala/Desktop/Goaty/ros_project_ws2/install/cv_pegasus_bridge:/home/mwangala/Desktop/Goaty/ros_project_ws/install/handcv:/home/mwangala/Desktop/Goaty/ros_project_ws/install/cv_franka_bridge:/opt/ros/humble /usr/bin/cmake --build /home/mwangala/Desktop/__ROS2/build/compressed_depth_image_transport -- -j8 -l8
[4.359s] [100%] Built target compressed_depth_image_transport
[4.389s] Invoked command in '/home/mwangala/Desktop/__ROS2/build/compressed_depth_image_transport' returned '0': CMAKE_PREFIX_PATH=${CMAKE_PREFIX_PATH}:/home/mwangala/Desktop/Goaty/ros_project_ws2/install/handcv:/home/mwangala/Desktop/Goaty/ros_project_ws2/install/cv_franka_bridge:/home/mwangala/Desktop/Goaty/ros_project_ws2/install/cv_pegasus_bridge:/home/mwangala/Desktop/Goaty/ros_project_ws/install/handcv:/home/mwangala/Desktop/Goaty/ros_project_ws/install/cv_franka_bridge:/opt/ros/humble /usr/bin/cmake --build /home/mwangala/Desktop/__ROS2/build/compressed_depth_image_transport -- -j8 -l8
[4.390s] Invoking command in '/home/mwangala/Desktop/__ROS2/build/compressed_depth_image_transport': CMAKE_PREFIX_PATH=${CMAKE_PREFIX_PATH}:/home/mwangala/Desktop/Goaty/ros_project_ws2/install/handcv:/home/mwangala/Desktop/Goaty/ros_project_ws2/install/cv_franka_bridge:/home/mwangala/Desktop/Goaty/ros_project_ws2/install/cv_pegasus_bridge:/home/mwangala/Desktop/Goaty/ros_project_ws/install/handcv:/home/mwangala/Desktop/Goaty/ros_project_ws/install/cv_franka_bridge:/opt/ros/humble /usr/bin/cmake --install /home/mwangala/Desktop/__ROS2/build/compressed_depth_image_transport
[4.460s] -- Install configuration: ""
[4.460s] -- Execute custom install script
[4.460s] -- Up-to-date symlink: /home/mwangala/Desktop/__ROS2/install/compressed_depth_image_transport/lib/libcompressed_depth_image_transport.so
[4.460s] -- Up-to-date symlink: /home/mwangala/Desktop/__ROS2/install/compressed_depth_image_transport/include/compressed_depth_image_transport/codec.h
[4.461s] -- Up-to-date symlink: /home/mwangala/Desktop/__ROS2/install/compressed_depth_image_transport/include/compressed_depth_image_transport/compressed_depth_publisher.h
[4.461s] -- Up-to-date symlink: /home/mwangala/Desktop/__ROS2/install/compressed_depth_image_transport/include/compressed_depth_image_transport/compressed_depth_subscriber.h
[4.461s] -- Up-to-date symlink: /home/mwangala/Desktop/__ROS2/install/compressed_depth_image_transport/include/compressed_depth_image_transport/compression_common.h
[4.461s] -- Up-to-date symlink: /home/mwangala/Desktop/__ROS2/install/compressed_depth_image_transport/share/compressed_depth_image_transport//compressed_depth_plugins.xml
[4.461s] -- Up-to-date symlink: /home/mwangala/Desktop/__ROS2/install/compressed_depth_image_transport/share/ament_index/resource_index/package_run_dependencies/compressed_depth_image_transport
[4.461s] -- Up-to-date symlink: /home/mwangala/Desktop/__ROS2/install/compressed_depth_image_transport/share/ament_index/resource_index/parent_prefix_path/compressed_depth_image_transport
[4.461s] -- Up-to-date symlink: /home/mwangala/Desktop/__ROS2/install/compressed_depth_image_transport/share/compressed_depth_image_transport/environment/ament_prefix_path.sh
[4.461s] -- Up-to-date symlink: /home/mwangala/Desktop/__ROS2/install/compressed_depth_image_transport/share/compressed_depth_image_transport/environment/ament_prefix_path.dsv
[4.461s] -- Up-to-date symlink: /home/mwangala/Desktop/__ROS2/install/compressed_depth_image_transport/share/compressed_depth_image_transport/environment/path.sh
[4.461s] -- Up-to-date symlink: /home/mwangala/Desktop/__ROS2/install/compressed_depth_image_transport/share/compressed_depth_image_transport/environment/path.dsv
[4.461s] -- Up-to-date symlink: /home/mwangala/Desktop/__ROS2/install/compressed_depth_image_transport/share/compressed_depth_image_transport/local_setup.bash
[4.461s] -- Up-to-date symlink: /home/mwangala/Desktop/__ROS2/install/compressed_depth_image_transport/share/compressed_depth_image_transport/local_setup.sh
[4.461s] -- Up-to-date symlink: /home/mwangala/Desktop/__ROS2/install/compressed_depth_image_transport/share/compressed_depth_image_transport/local_setup.zsh
[4.461s] -- Up-to-date symlink: /home/mwangala/Desktop/__ROS2/install/compressed_depth_image_transport/share/compressed_depth_image_transport/local_setup.dsv
[4.462s] -- Symlinking: /home/mwangala/Desktop/__ROS2/install/compressed_depth_image_transport/share/compressed_depth_image_transport/package.dsv
[4.474s] -- Up-to-date symlink: /home/mwangala/Desktop/__ROS2/install/compressed_depth_image_transport/share/ament_index/resource_index/packages/compressed_depth_image_transport
[4.474s] -- Up-to-date symlink: /home/mwangala/Desktop/__ROS2/install/compressed_depth_image_transport/share/ament_index/resource_index/image_transport__pluginlib__plugin/compressed_depth_image_transport
[4.474s] -- Up-to-date symlink: /home/mwangala/Desktop/__ROS2/install/compressed_depth_image_transport/share/compressed_depth_image_transport/cmake/compressed_depth_image_transportConfig.cmake
[4.474s] -- Up-to-date symlink: /home/mwangala/Desktop/__ROS2/install/compressed_depth_image_transport/share/compressed_depth_image_transport/cmake/compressed_depth_image_transportConfig-version.cmake
[4.474s] -- Up-to-date symlink: /home/mwangala/Desktop/__ROS2/install/compressed_depth_image_transport/share/compressed_depth_image_transport/package.xml
[4.577s] Invoked command in '/home/mwangala/Desktop/__ROS2/build/compressed_depth_image_transport' returned '0': CMAKE_PREFIX_PATH=${CMAKE_PREFIX_PATH}:/home/mwangala/Desktop/Goaty/ros_project_ws2/install/handcv:/home/mwangala/Desktop/Goaty/ros_project_ws2/install/cv_franka_bridge:/home/mwangala/Desktop/Goaty/ros_project_ws2/install/cv_pegasus_bridge:/home/mwangala/Desktop/Goaty/ros_project_ws/install/handcv:/home/mwangala/Desktop/Goaty/ros_project_ws/install/cv_franka_bridge:/opt/ros/humble /usr/bin/cmake --install /home/mwangala/Desktop/__ROS2/build/compressed_depth_image_transport
