[2.592s] Invoking command in '/home/mwangala/Desktop/__ROS2/src/gripper_control': PYTHONPATH=/home/mwangala/Desktop/__ROS2/build/gripper_control/prefix_override:/usr/lib/python3/dist-packages/colcon_core/task/python/colcon_distutils_commands:/home/mwangala/Desktop/__ROS2/install/gripper_control/lib/python3.10/site-packages:${PYTHONPATH} /usr/bin/python3 -W ignore:setup.py install is deprecated -W ignore:easy_install command is deprecated setup.py egg_info --egg-base ../../build/gripper_control build --build-base /home/mwangala/Desktop/__ROS2/build/gripper_control/build install --record /home/mwangala/Desktop/__ROS2/build/gripper_control/install.log --single-version-externally-managed install_data
[2.935s] running egg_info
[2.936s] writing ../../build/gripper_control/gripper_control.egg-info/PKG-INFO
[2.936s] writing dependency_links to ../../build/gripper_control/gripper_control.egg-info/dependency_links.txt
[2.936s] writing entry points to ../../build/gripper_control/gripper_control.egg-info/entry_points.txt
[2.937s] writing requirements to ../../build/gripper_control/gripper_control.egg-info/requires.txt
[2.937s] writing top-level names to ../../build/gripper_control/gripper_control.egg-info/top_level.txt
[2.939s] reading manifest file '../../build/gripper_control/gripper_control.egg-info/SOURCES.txt'
[2.971s] writing manifest file '../../build/gripper_control/gripper_control.egg-info/SOURCES.txt'
[2.971s] running build
[2.971s] running build_py
[2.971s] copying gripper_control/gripper_node.py -> /home/mwangala/Desktop/__ROS2/build/gripper_control/build/lib/gripper_control
[2.971s] running install
[2.972s] running install_lib
[2.973s] copying /home/mwangala/Desktop/__ROS2/build/gripper_control/build/lib/gripper_control/gripper_node.py -> /home/mwangala/Desktop/__ROS2/install/gripper_control/lib/python3.10/site-packages/gripper_control
[2.974s] byte-compiling /home/mwangala/Desktop/__ROS2/install/gripper_control/lib/python3.10/site-packages/gripper_control/gripper_node.py to gripper_node.cpython-310.pyc
[2.975s] running install_data
[2.975s] running install_egg_info
[2.977s] removing '/home/mwangala/Desktop/__ROS2/install/gripper_control/lib/python3.10/site-packages/gripper_control-0.0.0-py3.10.egg-info' (and everything under it)
[2.978s] Copying ../../build/gripper_control/gripper_control.egg-info to /home/mwangala/Desktop/__ROS2/install/gripper_control/lib/python3.10/site-packages/gripper_control-0.0.0-py3.10.egg-info
[2.978s] running install_scripts
[3.005s] Installing gripper_node script to /home/mwangala/Desktop/__ROS2/install/gripper_control/lib/gripper_control
[3.005s] writing list of installed files to '/home/mwangala/Desktop/__ROS2/build/gripper_control/install.log'
[3.041s] Invoked command in '/home/mwangala/Desktop/__ROS2/src/gripper_control' returned '0': PYTHONPATH=/home/mwangala/Desktop/__ROS2/build/gripper_control/prefix_override:/usr/lib/python3/dist-packages/colcon_core/task/python/colcon_distutils_commands:/home/mwangala/Desktop/__ROS2/install/gripper_control/lib/python3.10/site-packages:${PYTHONPATH} /usr/bin/python3 -W ignore:setup.py install is deprecated -W ignore:easy_install command is deprecated setup.py egg_info --egg-base ../../build/gripper_control build --build-base /home/mwangala/Desktop/__ROS2/build/gripper_control/build install --record /home/mwangala/Desktop/__ROS2/build/gripper_control/install.log --single-version-externally-managed install_data
