[3.392s] Invoking command in '/home/mwangala/Desktop/__ROS2/build/pegasus_control': PYTHONPATH=/home/mwangala/Desktop/__ROS2/build/pegasus_control/prefix_override:/usr/lib/python3/dist-packages/colcon_core/task/python/colcon_distutils_commands:/home/mwangala/Desktop/__ROS2/install/pegasus_control/lib/python3.10/site-packages:${PYTHONPATH} /usr/bin/python3 -W ignore:setup.py install is deprecated -W ignore:easy_install command is deprecated setup.py develop --editable --build-directory /home/mwangala/Desktop/__ROS2/build/pegasus_control/build --no-deps symlink_data
[4.716s] running develop
[4.716s] running egg_info
[4.717s] creating pegasus_control.egg-info
[4.717s] writing pegasus_control.egg-info/PKG-INFO
[4.717s] writing dependency_links to pegasus_control.egg-info/dependency_links.txt
[4.717s] writing entry points to pegasus_control.egg-info/entry_points.txt
[4.717s] writing requirements to pegasus_control.egg-info/requires.txt
[4.717s] writing top-level names to pegasus_control.egg-info/top_level.txt
[4.717s] writing manifest file 'pegasus_control.egg-info/SOURCES.txt'
[4.717s] reading manifest file 'pegasus_control.egg-info/SOURCES.txt'
[4.717s] writing manifest file 'pegasus_control.egg-info/SOURCES.txt'
[4.717s] running build_ext
[4.717s] Creating /home/mwangala/Desktop/__ROS2/install/pegasus_control/lib/python3.10/site-packages/pegasus-control.egg-link (link to .)
[4.717s] Installing gui script to /home/mwangala/Desktop/__ROS2/install/pegasus_control/lib/pegasus_control
[4.717s] Installing headless script to /home/mwangala/Desktop/__ROS2/install/pegasus_control/lib/pegasus_control
[4.717s] 
[4.718s] Installed /home/mwangala/Desktop/__ROS2/build/pegasus_control
[4.718s] running symlink_data
[4.718s] creating /home/mwangala/Desktop/__ROS2/install/pegasus_control/share/ament_index
[4.718s] creating /home/mwangala/Desktop/__ROS2/install/pegasus_control/share/ament_index/resource_index
[4.718s] creating /home/mwangala/Desktop/__ROS2/install/pegasus_control/share/ament_index/resource_index/packages
[4.718s] symbolically linking /home/mwangala/Desktop/__ROS2/build/pegasus_control/resource/pegasus_control -> /home/mwangala/Desktop/__ROS2/install/pegasus_control/share/ament_index/resource_index/packages
[4.718s] symbolically linking /home/mwangala/Desktop/__ROS2/build/pegasus_control/package.xml -> /home/mwangala/Desktop/__ROS2/install/pegasus_control/share/pegasus_control
[4.734s] Invoked command in '/home/mwangala/Desktop/__ROS2/build/pegasus_control' returned '0': PYTHONPATH=/home/mwangala/Desktop/__ROS2/build/pegasus_control/prefix_override:/usr/lib/python3/dist-packages/colcon_core/task/python/colcon_distutils_commands:/home/mwangala/Desktop/__ROS2/install/pegasus_control/lib/python3.10/site-packages:${PYTHONPATH} /usr/bin/python3 -W ignore:setup.py install is deprecated -W ignore:easy_install command is deprecated setup.py develop --editable --build-directory /home/mwangala/Desktop/__ROS2/build/pegasus_control/build --no-deps symlink_data
