[0.014s] Invoking command in '/home/mwangala/Desktop/__ROS2/build/kinect2_calibration': AMENT_PREFIX_PATH=/home/mwangala/Desktop/__ROS2/install/kinect2_bridge:/home/mwangala/Desktop/__ROS2/install/kinect2_registration:/home/mwangala/Desktop/__ROS2/install/compressed_image_transport:/home/mwangala/Desktop/__ROS2/install/compressed_depth_image_transport:${AMENT_PREFIX_PATH} CMAKE_PREFIX_PATH=/home/mwangala/Desktop/__ROS2/install/kinect2_bridge:/home/mwangala/Desktop/__ROS2/install/kinect2_registration:/home/mwangala/Desktop/__ROS2/install/compressed_image_transport:/home/mwangala/Desktop/__ROS2/install/compressed_depth_image_transport:/home/mwangala/Desktop/Goaty/ros_project_ws2/install/update_pegasus_description:/home/mwangala/Desktop/Goaty/ros_project_ws2/install/image_transport_plugins:/home/mwangala/Desktop/Goaty/ros_project_ws2/install/theora_image_transport:/home/mwangala/Desktop/Goaty/ros_project_ws2/install/numsr_franka_moveit_config:/home/mwangala/Desktop/Goaty/ros_project_ws2/install/kinect2_calibration:/home/mwangala/Desktop/Goaty/ros_project_ws2/install/kinect2_bridge:/home/mwangala/Desktop/Goaty/ros_project_ws2/install/kinect2_registration:/home/mwangala/Desktop/Goaty/ros_project_ws2/install/hand_interfaces:/home/mwangala/Desktop/Goaty/ros_project_ws2/install/compressed_image_transport:/home/mwangala/Desktop/Goaty/ros_project_ws2/install/compressed_depth_image_transport:/home/mwangala/Desktop/Goaty/ros_project_ws/install/image_transport_plugins:/home/mwangala/Desktop/Goaty/ros_project_ws/install/theora_image_transport:/home/mwangala/Desktop/Goaty/ros_project_ws/install/numsr_franka_moveit_config:/home/mwangala/Desktop/Goaty/ros_project_ws/install/kinect2_calibration:/home/mwangala/Desktop/Goaty/ros_project_ws/install/kinect2_bridge:/home/mwangala/Desktop/Goaty/ros_project_ws/install/kinect2_registration:/home/mwangala/Desktop/Goaty/ros_project_ws/install/hand_interfaces:/home/mwangala/Desktop/Goaty/ros_project_ws/install/compressed_image_transport:/home/mwangala/Desktop/Goaty/ros_project_ws/install/compressed_depth_image_transport:/home/mwangala/Desktop/Goaty/ros_project_ws2/install/handcv:/home/mwangala/Desktop/Goaty/ros_project_ws2/install/cv_franka_bridge:/home/mwangala/Desktop/Goaty/ros_project_ws2/install/cv_pegasus_bridge:/home/mwangala/Desktop/Goaty/ros_project_ws/install/handcv:/home/mwangala/Desktop/Goaty/ros_project_ws/install/cv_franka_bridge:/opt/ros/humble LD_LIBRARY_PATH=/home/mwangala/Desktop/__ROS2/install/kinect2_registration/lib:/home/mwangala/Desktop/__ROS2/install/compressed_image_transport/lib:/home/mwangala/Desktop/__ROS2/install/compressed_depth_image_transport/lib:${LD_LIBRARY_PATH} /usr/bin/cmake /home/mwangala/Desktop/__ROS2/src/kinect2_calibration -DCMAKE_INSTALL_PREFIX=/home/mwangala/Desktop/__ROS2/install/kinect2_calibration
[0.150s] -- The C compiler identification is GNU 11.4.0
[0.268s] -- The CXX compiler identification is GNU 11.4.0
[0.276s] -- Detecting C compiler ABI info
[0.420s] -- Detecting C compiler ABI info - done
[0.427s] -- Check for working C compiler: /usr/bin/cc - skipped
[0.427s] -- Detecting C compile features
[0.427s] -- Detecting C compile features - done
[0.430s] -- Detecting CXX compiler ABI info
[0.686s] -- Detecting CXX compiler ABI info - done
[0.707s] -- Check for working CXX compiler: /usr/bin/c++ - skipped
[0.707s] -- Detecting CXX compile features
[0.708s] -- Detecting CXX compile features - done
[0.721s] -- Found ament_cmake: 1.3.11 (/opt/ros/humble/share/ament_cmake/cmake)
[0.889s] -- Found Python3: /usr/bin/python3 (found version "3.10.12") found components: Interpreter 
[1.026s] -- Found rclcpp: 16.0.12 (/opt/ros/humble/share/rclcpp/cmake)
[1.082s] -- Found rosidl_generator_c: 3.1.6 (/opt/ros/humble/share/rosidl_generator_c/cmake)
[1.090s] -- Found rosidl_adapter: 3.1.6 (/opt/ros/humble/share/rosidl_adapter/cmake)
[1.102s] -- Found rosidl_generator_cpp: 3.1.6 (/opt/ros/humble/share/rosidl_generator_cpp/cmake)
[1.118s] -- Using all available rosidl_typesupport_c: rosidl_typesupport_fastrtps_c;rosidl_typesupport_introspection_c
[1.139s] -- Using all available rosidl_typesupport_cpp: rosidl_typesupport_fastrtps_cpp;rosidl_typesupport_introspection_cpp
[1.199s] -- Found rmw_implementation_cmake: 6.1.2 (/opt/ros/humble/share/rmw_implementation_cmake/cmake)
[1.204s] -- Found rmw_fastrtps_cpp: 6.2.7 (/opt/ros/humble/share/rmw_fastrtps_cpp/cmake)
[1.324s] -- Found OpenSSL: /usr/lib/x86_64-linux-gnu/libcrypto.so (found version "3.0.2")  
[1.354s] -- Found FastRTPS: /opt/ros/humble/include  
[1.400s] -- Using RMW implementation 'rmw_fastrtps_cpp' as default
[1.413s] -- Looking for pthread.h
[1.531s] -- Looking for pthread.h - found
[1.531s] -- Performing Test CMAKE_HAVE_LIBC_PTHREAD
[1.644s] -- Performing Test CMAKE_HAVE_LIBC_PTHREAD - Success
[1.646s] -- Found Threads: TRUE  
[1.730s] -- Found OpenCV: /usr (found version "4.5.4") 
[1.734s] -- Found cv_bridge: 3.2.1 (/opt/ros/humble/share/cv_bridge/cmake)
[1.770s] -- Found message_filters: 4.3.6 (/opt/ros/humble/share/message_filters/cmake)
[1.776s] -- Found image_transport: 3.1.11 (/opt/ros/humble/share/image_transport/cmake)
[1.809s] -- Found compressed_image_transport: 2.5.4 (/home/mwangala/Desktop/__ROS2/install/compressed_image_transport/share/compressed_image_transport/cmake)
[1.809s] -- Found compressed_depth_image_transport: 2.5.4 (/home/mwangala/Desktop/__ROS2/install/compressed_depth_image_transport/share/compressed_depth_image_transport/cmake)
[1.810s] -- Found kinect2_bridge: 0.0.0 (/home/mwangala/Desktop/__ROS2/install/kinect2_bridge/share/kinect2_bridge/cmake)
[1.811s] -- Found kinect2_registration: 0.0.0 (/home/mwangala/Desktop/__ROS2/install/kinect2_registration/share/kinect2_registration/cmake)
[2.388s] -- Found OpenMP_C: -fopenmp (found version "4.5") 
[2.538s] -- Found OpenMP_CXX: -fopenmp (found version "4.5") 
[2.538s] -- Found OpenMP: TRUE (found version "4.5")  
[2.546s] -- Found ament_lint_auto: 0.12.12 (/opt/ros/humble/share/ament_lint_auto/cmake)
[2.735s] -- Added test 'cppcheck' to perform static code analysis on C / C++ code
[2.736s] -- Configured cppcheck include dirs: /home/mwangala/Desktop/__ROS2/src/kinect2_calibration/include
[2.736s] -- Configured cppcheck exclude dirs and/or files: 
[2.738s] -- Added test 'flake8' to check Python code syntax and style conventions
[2.740s] -- Added test 'lint_cmake' to check CMake code style
[2.742s] -- Added test 'pep257' to check Python code against some of the docstring style conventions in PEP 257
[2.745s] -- Added test 'uncrustify' to check C / C++ code style
[2.745s] -- Configured uncrustify additional arguments: 
[2.748s] -- Added test 'xmllint' to check XML markup files
[2.752s] -- Configuring done
[2.765s] -- Generating done
[4.155s] -- Build files have been written to: /home/mwangala/Desktop/__ROS2/build/kinect2_calibration
[4.177s] Invoked command in '/home/mwangala/Desktop/__ROS2/build/kinect2_calibration' returned '0': AMENT_PREFIX_PATH=/home/mwangala/Desktop/__ROS2/install/kinect2_bridge:/home/mwangala/Desktop/__ROS2/install/kinect2_registration:/home/mwangala/Desktop/__ROS2/install/compressed_image_transport:/home/mwangala/Desktop/__ROS2/install/compressed_depth_image_transport:${AMENT_PREFIX_PATH} CMAKE_PREFIX_PATH=/home/mwangala/Desktop/__ROS2/install/kinect2_bridge:/home/mwangala/Desktop/__ROS2/install/kinect2_registration:/home/mwangala/Desktop/__ROS2/install/compressed_image_transport:/home/mwangala/Desktop/__ROS2/install/compressed_depth_image_transport:/home/mwangala/Desktop/Goaty/ros_project_ws2/install/update_pegasus_description:/home/mwangala/Desktop/Goaty/ros_project_ws2/install/image_transport_plugins:/home/mwangala/Desktop/Goaty/ros_project_ws2/install/theora_image_transport:/home/mwangala/Desktop/Goaty/ros_project_ws2/install/numsr_franka_moveit_config:/home/mwangala/Desktop/Goaty/ros_project_ws2/install/kinect2_calibration:/home/mwangala/Desktop/Goaty/ros_project_ws2/install/kinect2_bridge:/home/mwangala/Desktop/Goaty/ros_project_ws2/install/kinect2_registration:/home/mwangala/Desktop/Goaty/ros_project_ws2/install/hand_interfaces:/home/mwangala/Desktop/Goaty/ros_project_ws2/install/compressed_image_transport:/home/mwangala/Desktop/Goaty/ros_project_ws2/install/compressed_depth_image_transport:/home/mwangala/Desktop/Goaty/ros_project_ws/install/image_transport_plugins:/home/mwangala/Desktop/Goaty/ros_project_ws/install/theora_image_transport:/home/mwangala/Desktop/Goaty/ros_project_ws/install/numsr_franka_moveit_config:/home/mwangala/Desktop/Goaty/ros_project_ws/install/kinect2_calibration:/home/mwangala/Desktop/Goaty/ros_project_ws/install/kinect2_bridge:/home/mwangala/Desktop/Goaty/ros_project_ws/install/kinect2_registration:/home/mwangala/Desktop/Goaty/ros_project_ws/install/hand_interfaces:/home/mwangala/Desktop/Goaty/ros_project_ws/install/compressed_image_transport:/home/mwangala/Desktop/Goaty/ros_project_ws/install/compressed_depth_image_transport:/home/mwangala/Desktop/Goaty/ros_project_ws2/install/handcv:/home/mwangala/Desktop/Goaty/ros_project_ws2/install/cv_franka_bridge:/home/mwangala/Desktop/Goaty/ros_project_ws2/install/cv_pegasus_bridge:/home/mwangala/Desktop/Goaty/ros_project_ws/install/handcv:/home/mwangala/Desktop/Goaty/ros_project_ws/install/cv_franka_bridge:/opt/ros/humble LD_LIBRARY_PATH=/home/mwangala/Desktop/__ROS2/install/kinect2_registration/lib:/home/mwangala/Desktop/__ROS2/install/compressed_image_transport/lib:/home/mwangala/Desktop/__ROS2/install/compressed_depth_image_transport/lib:${LD_LIBRARY_PATH} /usr/bin/cmake /home/mwangala/Desktop/__ROS2/src/kinect2_calibration -DCMAKE_INSTALL_PREFIX=/home/mwangala/Desktop/__ROS2/install/kinect2_calibration
[4.181s] Invoking command in '/home/mwangala/Desktop/__ROS2/build/kinect2_calibration': AMENT_PREFIX_PATH=/home/mwangala/Desktop/__ROS2/install/kinect2_bridge:/home/mwangala/Desktop/__ROS2/install/kinect2_registration:/home/mwangala/Desktop/__ROS2/install/compressed_image_transport:/home/mwangala/Desktop/__ROS2/install/compressed_depth_image_transport:${AMENT_PREFIX_PATH} CMAKE_PREFIX_PATH=/home/mwangala/Desktop/__ROS2/install/kinect2_bridge:/home/mwangala/Desktop/__ROS2/install/kinect2_registration:/home/mwangala/Desktop/__ROS2/install/compressed_image_transport:/home/mwangala/Desktop/__ROS2/install/compressed_depth_image_transport:/home/mwangala/Desktop/Goaty/ros_project_ws2/install/update_pegasus_description:/home/mwangala/Desktop/Goaty/ros_project_ws2/install/image_transport_plugins:/home/mwangala/Desktop/Goaty/ros_project_ws2/install/theora_image_transport:/home/mwangala/Desktop/Goaty/ros_project_ws2/install/numsr_franka_moveit_config:/home/mwangala/Desktop/Goaty/ros_project_ws2/install/kinect2_calibration:/home/mwangala/Desktop/Goaty/ros_project_ws2/install/kinect2_bridge:/home/mwangala/Desktop/Goaty/ros_project_ws2/install/kinect2_registration:/home/mwangala/Desktop/Goaty/ros_project_ws2/install/hand_interfaces:/home/mwangala/Desktop/Goaty/ros_project_ws2/install/compressed_image_transport:/home/mwangala/Desktop/Goaty/ros_project_ws2/install/compressed_depth_image_transport:/home/mwangala/Desktop/Goaty/ros_project_ws/install/image_transport_plugins:/home/mwangala/Desktop/Goaty/ros_project_ws/install/theora_image_transport:/home/mwangala/Desktop/Goaty/ros_project_ws/install/numsr_franka_moveit_config:/home/mwangala/Desktop/Goaty/ros_project_ws/install/kinect2_calibration:/home/mwangala/Desktop/Goaty/ros_project_ws/install/kinect2_bridge:/home/mwangala/Desktop/Goaty/ros_project_ws/install/kinect2_registration:/home/mwangala/Desktop/Goaty/ros_project_ws/install/hand_interfaces:/home/mwangala/Desktop/Goaty/ros_project_ws/install/compressed_image_transport:/home/mwangala/Desktop/Goaty/ros_project_ws/install/compressed_depth_image_transport:/home/mwangala/Desktop/Goaty/ros_project_ws2/install/handcv:/home/mwangala/Desktop/Goaty/ros_project_ws2/install/cv_franka_bridge:/home/mwangala/Desktop/Goaty/ros_project_ws2/install/cv_pegasus_bridge:/home/mwangala/Desktop/Goaty/ros_project_ws/install/handcv:/home/mwangala/Desktop/Goaty/ros_project_ws/install/cv_franka_bridge:/opt/ros/humble LD_LIBRARY_PATH=/home/mwangala/Desktop/__ROS2/install/kinect2_registration/lib:/home/mwangala/Desktop/__ROS2/install/compressed_image_transport/lib:/home/mwangala/Desktop/__ROS2/install/compressed_depth_image_transport/lib:${LD_LIBRARY_PATH} /usr/bin/cmake --build /home/mwangala/Desktop/__ROS2/build/kinect2_calibration -- -j8 -l8
[4.242s] [ 50%] [32mBuilding CXX object CMakeFiles/kinect2_calibration_node.dir/src/kinect2_calibration.cpp.o[0m
[5.824s] [01m[K/home/mwangala/Desktop/__ROS2/src/kinect2_calibration/src/kinect2_calibration.cpp:37:10:[m[K [01;31m[Kfatal error: [m[Kcv_bridge/cv_bridge.hpp: No such file or directory
[5.824s]    37 | #include [01;31m[K"cv_bridge/cv_bridge.hpp"[m[K
[5.824s]       |          [01;31m[K^~~~~~~~~~~~~~~~~~~~~~~~~[m[K
[5.825s] compilation terminated.
[5.835s] gmake[2]: *** [CMakeFiles/kinect2_calibration_node.dir/build.make:76: CMakeFiles/kinect2_calibration_node.dir/src/kinect2_calibration.cpp.o] Error 1
[5.835s] gmake[1]: *** [CMakeFiles/Makefile2:137: CMakeFiles/kinect2_calibration_node.dir/all] Error 2
[5.835s] gmake: *** [Makefile:146: all] Error 2
[5.838s] Invoked command in '/home/mwangala/Desktop/__ROS2/build/kinect2_calibration' returned '2': AMENT_PREFIX_PATH=/home/mwangala/Desktop/__ROS2/install/kinect2_bridge:/home/mwangala/Desktop/__ROS2/install/kinect2_registration:/home/mwangala/Desktop/__ROS2/install/compressed_image_transport:/home/mwangala/Desktop/__ROS2/install/compressed_depth_image_transport:${AMENT_PREFIX_PATH} CMAKE_PREFIX_PATH=/home/mwangala/Desktop/__ROS2/install/kinect2_bridge:/home/mwangala/Desktop/__ROS2/install/kinect2_registration:/home/mwangala/Desktop/__ROS2/install/compressed_image_transport:/home/mwangala/Desktop/__ROS2/install/compressed_depth_image_transport:/home/mwangala/Desktop/Goaty/ros_project_ws2/install/update_pegasus_description:/home/mwangala/Desktop/Goaty/ros_project_ws2/install/image_transport_plugins:/home/mwangala/Desktop/Goaty/ros_project_ws2/install/theora_image_transport:/home/mwangala/Desktop/Goaty/ros_project_ws2/install/numsr_franka_moveit_config:/home/mwangala/Desktop/Goaty/ros_project_ws2/install/kinect2_calibration:/home/mwangala/Desktop/Goaty/ros_project_ws2/install/kinect2_bridge:/home/mwangala/Desktop/Goaty/ros_project_ws2/install/kinect2_registration:/home/mwangala/Desktop/Goaty/ros_project_ws2/install/hand_interfaces:/home/mwangala/Desktop/Goaty/ros_project_ws2/install/compressed_image_transport:/home/mwangala/Desktop/Goaty/ros_project_ws2/install/compressed_depth_image_transport:/home/mwangala/Desktop/Goaty/ros_project_ws/install/image_transport_plugins:/home/mwangala/Desktop/Goaty/ros_project_ws/install/theora_image_transport:/home/mwangala/Desktop/Goaty/ros_project_ws/install/numsr_franka_moveit_config:/home/mwangala/Desktop/Goaty/ros_project_ws/install/kinect2_calibration:/home/mwangala/Desktop/Goaty/ros_project_ws/install/kinect2_bridge:/home/mwangala/Desktop/Goaty/ros_project_ws/install/kinect2_registration:/home/mwangala/Desktop/Goaty/ros_project_ws/install/hand_interfaces:/home/mwangala/Desktop/Goaty/ros_project_ws/install/compressed_image_transport:/home/mwangala/Desktop/Goaty/ros_project_ws/install/compressed_depth_image_transport:/home/mwangala/Desktop/Goaty/ros_project_ws2/install/handcv:/home/mwangala/Desktop/Goaty/ros_project_ws2/install/cv_franka_bridge:/home/mwangala/Desktop/Goaty/ros_project_ws2/install/cv_pegasus_bridge:/home/mwangala/Desktop/Goaty/ros_project_ws/install/handcv:/home/mwangala/Desktop/Goaty/ros_project_ws/install/cv_franka_bridge:/opt/ros/humble LD_LIBRARY_PATH=/home/mwangala/Desktop/__ROS2/install/kinect2_registration/lib:/home/mwangala/Desktop/__ROS2/install/compressed_image_transport/lib:/home/mwangala/Desktop/__ROS2/install/compressed_depth_image_transport/lib:${LD_LIBRARY_PATH} /usr/bin/cmake --build /home/mwangala/Desktop/__ROS2/build/kinect2_calibration -- -j8 -l8
