[0.322s] Invoking command in '/home/mwangala/Desktop/__ROS2/build/theora_image_transport': CMAKE_PREFIX_PATH=${CMAKE_PREFIX_PATH}:/home/mwangala/Desktop/Goaty/ros_project_ws2/install/handcv:/home/mwangala/Desktop/Goaty/ros_project_ws2/install/cv_franka_bridge:/home/mwangala/Desktop/Goaty/ros_project_ws2/install/cv_pegasus_bridge:/home/mwangala/Desktop/Goaty/ros_project_ws/install/handcv:/home/mwangala/Desktop/Goaty/ros_project_ws/install/cv_franka_bridge:/opt/ros/humble /usr/bin/cmake --build /home/mwangala/Desktop/__ROS2/build/theora_image_transport -- -j8 -l8
[1.482s] [  2%] Built target theora_image_transport__cpp
[1.482s] [  2%] Built target ament_cmake_python_copy_theora_image_transport
[1.482s] [ 10%] Built target theora_image_transport__rosidl_generator_c
[1.482s] [ 18%] Built target theora_image_transport__rosidl_typesupport_introspection_c
[1.482s] [ 27%] Built target theora_image_transport__rosidl_typesupport_fastrtps_c
[1.483s] [ 35%] Built target theora_image_transport__rosidl_typesupport_c
[1.483s] [ 43%] Built target theora_image_transport__rosidl_typesupport_introspection_cpp
[1.483s] [ 51%] Built target theora_image_transport__rosidl_typesupport_cpp
[1.483s] [ 59%] Built target theora_image_transport__rosidl_typesupport_fastrtps_cpp
[1.483s] [ 59%] Built target theora_image_transport
[1.483s] [ 62%] Built target theora_image_transport__py
[1.483s] [ 64%] [32mBuilding CXX object CMakeFiles/theora_image_transport_component.dir/src/theora_subscriber.cpp.o[0m
[1.483s] [ 70%] Built target ogg_saver
[1.483s] [ 75%] Built target theora_image_transport__rosidl_generator_py
[1.483s] [ 81%] Built target theora_image_transport__rosidl_typesupport_introspection_c__pyext
[1.483s] [ 86%] Built target theora_image_transport__rosidl_typesupport_fastrtps_c__pyext
[1.483s] [ 91%] Built target theora_image_transport__rosidl_typesupport_c__pyext
[1.484s] running egg_info
[1.484s] writing theora_image_transport.egg-info/PKG-INFO
[1.484s] writing dependency_links to theora_image_transport.egg-info/dependency_links.txt
[1.484s] writing top-level names to theora_image_transport.egg-info/top_level.txt
[1.484s] reading manifest file 'theora_image_transport.egg-info/SOURCES.txt'
[1.484s] writing manifest file 'theora_image_transport.egg-info/SOURCES.txt'
[1.484s] [ 91%] Built target ament_cmake_python_build_theora_image_transport_egg
[15.609s] [ 94%] [32m[1mLinking CXX shared library libtheora_image_transport_component.so[0m
[16.674s] [100%] Built target theora_image_transport_component
[16.687s] Invoked command in '/home/mwangala/Desktop/__ROS2/build/theora_image_transport' returned '0': CMAKE_PREFIX_PATH=${CMAKE_PREFIX_PATH}:/home/mwangala/Desktop/Goaty/ros_project_ws2/install/handcv:/home/mwangala/Desktop/Goaty/ros_project_ws2/install/cv_franka_bridge:/home/mwangala/Desktop/Goaty/ros_project_ws2/install/cv_pegasus_bridge:/home/mwangala/Desktop/Goaty/ros_project_ws/install/handcv:/home/mwangala/Desktop/Goaty/ros_project_ws/install/cv_franka_bridge:/opt/ros/humble /usr/bin/cmake --build /home/mwangala/Desktop/__ROS2/build/theora_image_transport -- -j8 -l8
[16.691s] Invoking command in '/home/mwangala/Desktop/__ROS2/build/theora_image_transport': CMAKE_PREFIX_PATH=${CMAKE_PREFIX_PATH}:/home/mwangala/Desktop/Goaty/ros_project_ws2/install/handcv:/home/mwangala/Desktop/Goaty/ros_project_ws2/install/cv_franka_bridge:/home/mwangala/Desktop/Goaty/ros_project_ws2/install/cv_pegasus_bridge:/home/mwangala/Desktop/Goaty/ros_project_ws/install/handcv:/home/mwangala/Desktop/Goaty/ros_project_ws/install/cv_franka_bridge:/opt/ros/humble /usr/bin/cmake --install /home/mwangala/Desktop/__ROS2/build/theora_image_transport
[16.700s] -- Install configuration: ""
[16.701s] -- Installing: /home/mwangala/Desktop/__ROS2/install/theora_image_transport/share/ament_index/resource_index/rosidl_interfaces/theora_image_transport
[16.721s] -- Installing: /home/mwangala/Desktop/__ROS2/install/theora_image_transport/include/theora_image_transport/theora_image_transport
[16.721s] -- Installing: /home/mwangala/Desktop/__ROS2/install/theora_image_transport/include/theora_image_transport/theora_image_transport/msg
[16.721s] -- Installing: /home/mwangala/Desktop/__ROS2/install/theora_image_transport/include/theora_image_transport/theora_image_transport/msg/rosidl_generator_c__visibility_control.h
[16.721s] -- Installing: /home/mwangala/Desktop/__ROS2/install/theora_image_transport/include/theora_image_transport/theora_image_transport/msg/packet.h
[16.721s] -- Installing: /home/mwangala/Desktop/__ROS2/install/theora_image_transport/include/theora_image_transport/theora_image_transport/msg/detail
[16.722s] -- Installing: /home/mwangala/Desktop/__ROS2/install/theora_image_transport/include/theora_image_transport/theora_image_transport/msg/detail/packet__struct.h
[16.722s] -- Installing: /home/mwangala/Desktop/__ROS2/install/theora_image_transport/include/theora_image_transport/theora_image_transport/msg/detail/packet__functions.h
[16.722s] -- Installing: /home/mwangala/Desktop/__ROS2/install/theora_image_transport/include/theora_image_transport/theora_image_transport/msg/detail/packet__functions.c
[16.722s] -- Installing: /home/mwangala/Desktop/__ROS2/install/theora_image_transport/include/theora_image_transport/theora_image_transport/msg/detail/packet__type_support.h
[16.722s] -- Installing: /home/mwangala/Desktop/__ROS2/install/theora_image_transport/share/theora_image_transport/environment/library_path.sh
[16.722s] -- Installing: /home/mwangala/Desktop/__ROS2/install/theora_image_transport/share/theora_image_transport/environment/library_path.dsv
[16.727s] -- Installing: /home/mwangala/Desktop/__ROS2/install/theora_image_transport/lib/libtheora_image_transport__rosidl_generator_c.so
[16.728s] -- Set runtime path of "/home/mwangala/Desktop/__ROS2/install/theora_image_transport/lib/libtheora_image_transport__rosidl_generator_c.so" to ""
[16.728s] -- Up-to-date: /home/mwangala/Desktop/__ROS2/install/theora_image_transport/include/theora_image_transport/theora_image_transport
[16.728s] -- Up-to-date: /home/mwangala/Desktop/__ROS2/install/theora_image_transport/include/theora_image_transport/theora_image_transport/msg
[16.728s] -- Installing: /home/mwangala/Desktop/__ROS2/install/theora_image_transport/include/theora_image_transport/theora_image_transport/msg/rosidl_typesupport_fastrtps_c__visibility_control.h
[16.728s] -- Up-to-date: /home/mwangala/Desktop/__ROS2/install/theora_image_transport/include/theora_image_transport/theora_image_transport/msg/detail
[16.729s] -- Installing: /home/mwangala/Desktop/__ROS2/install/theora_image_transport/include/theora_image_transport/theora_image_transport/msg/detail/packet__rosidl_typesupport_fastrtps_c.h
[16.729s] -- Installing: /home/mwangala/Desktop/__ROS2/install/theora_image_transport/lib/libtheora_image_transport__rosidl_typesupport_fastrtps_c.so
[16.729s] -- Set runtime path of "/home/mwangala/Desktop/__ROS2/install/theora_image_transport/lib/libtheora_image_transport__rosidl_typesupport_fastrtps_c.so" to ""
[16.729s] -- Up-to-date: /home/mwangala/Desktop/__ROS2/install/theora_image_transport/include/theora_image_transport/theora_image_transport
[16.729s] -- Up-to-date: /home/mwangala/Desktop/__ROS2/install/theora_image_transport/include/theora_image_transport/theora_image_transport/msg
[16.729s] -- Installing: /home/mwangala/Desktop/__ROS2/install/theora_image_transport/include/theora_image_transport/theora_image_transport/msg/packet.hpp
[16.729s] -- Installing: /home/mwangala/Desktop/__ROS2/install/theora_image_transport/include/theora_image_transport/theora_image_transport/msg/rosidl_generator_cpp__visibility_control.hpp
[16.729s] -- Up-to-date: /home/mwangala/Desktop/__ROS2/install/theora_image_transport/include/theora_image_transport/theora_image_transport/msg/detail
[16.730s] -- Installing: /home/mwangala/Desktop/__ROS2/install/theora_image_transport/include/theora_image_transport/theora_image_transport/msg/detail/packet__struct.hpp
[16.730s] -- Installing: /home/mwangala/Desktop/__ROS2/install/theora_image_transport/include/theora_image_transport/theora_image_transport/msg/detail/packet__type_support.hpp
[16.730s] -- Installing: /home/mwangala/Desktop/__ROS2/install/theora_image_transport/include/theora_image_transport/theora_image_transport/msg/detail/packet__builder.hpp
[16.730s] -- Installing: /home/mwangala/Desktop/__ROS2/install/theora_image_transport/include/theora_image_transport/theora_image_transport/msg/detail/packet__traits.hpp
[16.730s] -- Up-to-date: /home/mwangala/Desktop/__ROS2/install/theora_image_transport/include/theora_image_transport/theora_image_transport
[16.731s] -- Up-to-date: /home/mwangala/Desktop/__ROS2/install/theora_image_transport/include/theora_image_transport/theora_image_transport/msg
[16.731s] -- Installing: /home/mwangala/Desktop/__ROS2/install/theora_image_transport/include/theora_image_transport/theora_image_transport/msg/rosidl_typesupport_fastrtps_cpp__visibility_control.h
[16.731s] -- Up-to-date: /home/mwangala/Desktop/__ROS2/install/theora_image_transport/include/theora_image_transport/theora_image_transport/msg/detail
[16.731s] -- Installing: /home/mwangala/Desktop/__ROS2/install/theora_image_transport/include/theora_image_transport/theora_image_transport/msg/detail/packet__rosidl_typesupport_fastrtps_cpp.hpp
[16.731s] -- Installing: /home/mwangala/Desktop/__ROS2/install/theora_image_transport/include/theora_image_transport/theora_image_transport/msg/detail/dds_fastrtps
[16.731s] -- Installing: /home/mwangala/Desktop/__ROS2/install/theora_image_transport/lib/libtheora_image_transport__rosidl_typesupport_fastrtps_cpp.so
[16.731s] -- Set runtime path of "/home/mwangala/Desktop/__ROS2/install/theora_image_transport/lib/libtheora_image_transport__rosidl_typesupport_fastrtps_cpp.so" to ""
[16.731s] -- Up-to-date: /home/mwangala/Desktop/__ROS2/install/theora_image_transport/include/theora_image_transport/theora_image_transport
[16.731s] -- Up-to-date: /home/mwangala/Desktop/__ROS2/install/theora_image_transport/include/theora_image_transport/theora_image_transport/msg
[16.732s] -- Installing: /home/mwangala/Desktop/__ROS2/install/theora_image_transport/include/theora_image_transport/theora_image_transport/msg/rosidl_typesupport_introspection_c__visibility_control.h
[16.732s] -- Up-to-date: /home/mwangala/Desktop/__ROS2/install/theora_image_transport/include/theora_image_transport/theora_image_transport/msg/detail
[16.732s] -- Installing: /home/mwangala/Desktop/__ROS2/install/theora_image_transport/include/theora_image_transport/theora_image_transport/msg/detail/packet__type_support.c
[16.732s] -- Installing: /home/mwangala/Desktop/__ROS2/install/theora_image_transport/include/theora_image_transport/theora_image_transport/msg/detail/packet__rosidl_typesupport_introspection_c.h
[16.732s] -- Installing: /home/mwangala/Desktop/__ROS2/install/theora_image_transport/lib/libtheora_image_transport__rosidl_typesupport_introspection_c.so
[16.732s] -- Set runtime path of "/home/mwangala/Desktop/__ROS2/install/theora_image_transport/lib/libtheora_image_transport__rosidl_typesupport_introspection_c.so" to ""
[16.732s] -- Installing: /home/mwangala/Desktop/__ROS2/install/theora_image_transport/lib/libtheora_image_transport__rosidl_typesupport_c.so
[16.732s] -- Set runtime path of "/home/mwangala/Desktop/__ROS2/install/theora_image_transport/lib/libtheora_image_transport__rosidl_typesupport_c.so" to ""
[16.732s] -- Up-to-date: /home/mwangala/Desktop/__ROS2/install/theora_image_transport/include/theora_image_transport/theora_image_transport
[16.732s] -- Up-to-date: /home/mwangala/Desktop/__ROS2/install/theora_image_transport/include/theora_image_transport/theora_image_transport/msg
[16.732s] -- Up-to-date: /home/mwangala/Desktop/__ROS2/install/theora_image_transport/include/theora_image_transport/theora_image_transport/msg/detail
[16.732s] -- Installing: /home/mwangala/Desktop/__ROS2/install/theora_image_transport/include/theora_image_transport/theora_image_transport/msg/detail/packet__type_support.cpp
[16.733s] -- Installing: /home/mwangala/Desktop/__ROS2/install/theora_image_transport/include/theora_image_transport/theora_image_transport/msg/detail/packet__rosidl_typesupport_introspection_cpp.hpp
[16.733s] -- Installing: /home/mwangala/Desktop/__ROS2/install/theora_image_transport/lib/libtheora_image_transport__rosidl_typesupport_introspection_cpp.so
[16.733s] -- Set runtime path of "/home/mwangala/Desktop/__ROS2/install/theora_image_transport/lib/libtheora_image_transport__rosidl_typesupport_introspection_cpp.so" to ""
[16.733s] -- Installing: /home/mwangala/Desktop/__ROS2/install/theora_image_transport/lib/libtheora_image_transport__rosidl_typesupport_cpp.so
[16.733s] -- Set runtime path of "/home/mwangala/Desktop/__ROS2/install/theora_image_transport/lib/libtheora_image_transport__rosidl_typesupport_cpp.so" to ""
[16.733s] -- Installing: /home/mwangala/Desktop/__ROS2/install/theora_image_transport/share/theora_image_transport/environment/pythonpath.sh
[16.733s] -- Installing: /home/mwangala/Desktop/__ROS2/install/theora_image_transport/share/theora_image_transport/environment/pythonpath.dsv
[16.743s] -- Installing: /home/mwangala/Desktop/__ROS2/install/theora_image_transport/local/lib/python3.10/dist-packages/theora_image_transport-2.5.4-py3.10.egg-info
[16.743s] -- Installing: /home/mwangala/Desktop/__ROS2/install/theora_image_transport/local/lib/python3.10/dist-packages/theora_image_transport-2.5.4-py3.10.egg-info/dependency_links.txt
[16.756s] -- Installing: /home/mwangala/Desktop/__ROS2/install/theora_image_transport/local/lib/python3.10/dist-packages/theora_image_transport-2.5.4-py3.10.egg-info/PKG-INFO
[16.767s] -- Installing: /home/mwangala/Desktop/__ROS2/install/theora_image_transport/local/lib/python3.10/dist-packages/theora_image_transport-2.5.4-py3.10.egg-info/SOURCES.txt
[16.778s] -- Installing: /home/mwangala/Desktop/__ROS2/install/theora_image_transport/local/lib/python3.10/dist-packages/theora_image_transport-2.5.4-py3.10.egg-info/top_level.txt
[16.790s] -- Installing: /home/mwangala/Desktop/__ROS2/install/theora_image_transport/local/lib/python3.10/dist-packages/theora_image_transport
[16.790s] -- Installing: /home/mwangala/Desktop/__ROS2/install/theora_image_transport/local/lib/python3.10/dist-packages/theora_image_transport/__init__.py
[16.790s] -- Installing: /home/mwangala/Desktop/__ROS2/install/theora_image_transport/local/lib/python3.10/dist-packages/theora_image_transport/_theora_image_transport_s.ep.rosidl_typesupport_introspection_c.c
[16.791s] -- Installing: /home/mwangala/Desktop/__ROS2/install/theora_image_transport/local/lib/python3.10/dist-packages/theora_image_transport/theora_image_transport_s__rosidl_typesupport_c.cpython-310-x86_64-linux-gnu.so
[16.791s] -- Installing: /home/mwangala/Desktop/__ROS2/install/theora_image_transport/local/lib/python3.10/dist-packages/theora_image_transport/theora_image_transport_s__rosidl_typesupport_fastrtps_c.cpython-310-x86_64-linux-gnu.so
[16.791s] -- Installing: /home/mwangala/Desktop/__ROS2/install/theora_image_transport/local/lib/python3.10/dist-packages/theora_image_transport/libtheora_image_transport__rosidl_generator_py.so
[16.791s] -- Installing: /home/mwangala/Desktop/__ROS2/install/theora_image_transport/local/lib/python3.10/dist-packages/theora_image_transport/theora_image_transport_s__rosidl_typesupport_introspection_c.cpython-310-x86_64-linux-gnu.so
[16.791s] -- Installing: /home/mwangala/Desktop/__ROS2/install/theora_image_transport/local/lib/python3.10/dist-packages/theora_image_transport/_theora_image_transport_s.ep.rosidl_typesupport_c.c
[16.792s] -- Installing: /home/mwangala/Desktop/__ROS2/install/theora_image_transport/local/lib/python3.10/dist-packages/theora_image_transport/msg
[16.792s] -- Installing: /home/mwangala/Desktop/__ROS2/install/theora_image_transport/local/lib/python3.10/dist-packages/theora_image_transport/msg/__init__.py
[16.792s] -- Installing: /home/mwangala/Desktop/__ROS2/install/theora_image_transport/local/lib/python3.10/dist-packages/theora_image_transport/msg/_packet.py
[16.792s] -- Installing: /home/mwangala/Desktop/__ROS2/install/theora_image_transport/local/lib/python3.10/dist-packages/theora_image_transport/msg/_packet_s.c
[16.792s] -- Installing: /home/mwangala/Desktop/__ROS2/install/theora_image_transport/local/lib/python3.10/dist-packages/theora_image_transport/_theora_image_transport_s.ep.rosidl_typesupport_fastrtps_c.c
[16.841s] Listing '/home/mwangala/Desktop/__ROS2/install/theora_image_transport/local/lib/python3.10/dist-packages/theora_image_transport'...
[16.841s] Compiling '/home/mwangala/Desktop/__ROS2/install/theora_image_transport/local/lib/python3.10/dist-packages/theora_image_transport/__init__.py'...
[16.841s] Listing '/home/mwangala/Desktop/__ROS2/install/theora_image_transport/local/lib/python3.10/dist-packages/theora_image_transport/msg'...
[16.841s] Compiling '/home/mwangala/Desktop/__ROS2/install/theora_image_transport/local/lib/python3.10/dist-packages/theora_image_transport/msg/__init__.py'...
[16.841s] Compiling '/home/mwangala/Desktop/__ROS2/install/theora_image_transport/local/lib/python3.10/dist-packages/theora_image_transport/msg/_packet.py'...
[16.853s] -- Installing: /home/mwangala/Desktop/__ROS2/install/theora_image_transport/local/lib/python3.10/dist-packages/theora_image_transport/theora_image_transport_s__rosidl_typesupport_fastrtps_c.cpython-310-x86_64-linux-gnu.so
[16.853s] -- Set runtime path of "/home/mwangala/Desktop/__ROS2/install/theora_image_transport/local/lib/python3.10/dist-packages/theora_image_transport/theora_image_transport_s__rosidl_typesupport_fastrtps_c.cpython-310-x86_64-linux-gnu.so" to ""
[16.854s] -- Installing: /home/mwangala/Desktop/__ROS2/install/theora_image_transport/local/lib/python3.10/dist-packages/theora_image_transport/theora_image_transport_s__rosidl_typesupport_introspection_c.cpython-310-x86_64-linux-gnu.so
[16.854s] -- Set runtime path of "/home/mwangala/Desktop/__ROS2/install/theora_image_transport/local/lib/python3.10/dist-packages/theora_image_transport/theora_image_transport_s__rosidl_typesupport_introspection_c.cpython-310-x86_64-linux-gnu.so" to ""
[16.854s] -- Installing: /home/mwangala/Desktop/__ROS2/install/theora_image_transport/local/lib/python3.10/dist-packages/theora_image_transport/theora_image_transport_s__rosidl_typesupport_c.cpython-310-x86_64-linux-gnu.so
[16.855s] -- Set runtime path of "/home/mwangala/Desktop/__ROS2/install/theora_image_transport/local/lib/python3.10/dist-packages/theora_image_transport/theora_image_transport_s__rosidl_typesupport_c.cpython-310-x86_64-linux-gnu.so" to ""
[16.855s] -- Installing: /home/mwangala/Desktop/__ROS2/install/theora_image_transport/lib/libtheora_image_transport__rosidl_generator_py.so
[16.855s] -- Set runtime path of "/home/mwangala/Desktop/__ROS2/install/theora_image_transport/lib/libtheora_image_transport__rosidl_generator_py.so" to ""
[16.855s] -- Installing: /home/mwangala/Desktop/__ROS2/install/theora_image_transport/share/theora_image_transport/msg/Packet.idl
[16.856s] -- Installing: /home/mwangala/Desktop/__ROS2/install/theora_image_transport/share/theora_image_transport/msg/Packet.msg
[16.856s] -- Installing: /home/mwangala/Desktop/__ROS2/install/theora_image_transport/lib/libtheora_image_transport_component.so
[16.866s] -- Set runtime path of "/home/mwangala/Desktop/__ROS2/install/theora_image_transport/lib/libtheora_image_transport_component.so" to ""
[16.866s] -- Installing: /home/mwangala/Desktop/__ROS2/install/theora_image_transport/lib/theora_image_transport/ogg_saver
[16.869s] -- Set runtime path of "/home/mwangala/Desktop/__ROS2/install/theora_image_transport/lib/theora_image_transport/ogg_saver" to ""
[16.869s] -- Up-to-date: /home/mwangala/Desktop/__ROS2/install/theora_image_transport/include/theora_image_transport
[16.869s] -- Up-to-date: /home/mwangala/Desktop/__ROS2/install/theora_image_transport/include/theora_image_transport/theora_image_transport
[16.869s] -- Installing: /home/mwangala/Desktop/__ROS2/install/theora_image_transport/include/theora_image_transport/theora_image_transport/theora_publisher.h
[16.869s] -- Installing: /home/mwangala/Desktop/__ROS2/install/theora_image_transport/include/theora_image_transport/theora_image_transport/theora_subscriber.h
[16.869s] -- Installing: /home/mwangala/Desktop/__ROS2/install/theora_image_transport/share/theora_image_transport/theora_plugins.xml
[16.869s] -- Installing: /home/mwangala/Desktop/__ROS2/install/theora_image_transport/share/ament_index/resource_index/package_run_dependencies/theora_image_transport
[16.875s] -- Installing: /home/mwangala/Desktop/__ROS2/install/theora_image_transport/share/ament_index/resource_index/parent_prefix_path/theora_image_transport
[16.875s] -- Installing: /home/mwangala/Desktop/__ROS2/install/theora_image_transport/share/theora_image_transport/environment/ament_prefix_path.sh
[16.876s] -- Installing: /home/mwangala/Desktop/__ROS2/install/theora_image_transport/share/theora_image_transport/environment/ament_prefix_path.dsv
[16.876s] -- Installing: /home/mwangala/Desktop/__ROS2/install/theora_image_transport/share/theora_image_transport/environment/path.sh
[16.876s] -- Installing: /home/mwangala/Desktop/__ROS2/install/theora_image_transport/share/theora_image_transport/environment/path.dsv
[16.877s] -- Installing: /home/mwangala/Desktop/__ROS2/install/theora_image_transport/share/theora_image_transport/local_setup.bash
[16.877s] -- Installing: /home/mwangala/Desktop/__ROS2/install/theora_image_transport/share/theora_image_transport/local_setup.sh
[16.877s] -- Installing: /home/mwangala/Desktop/__ROS2/install/theora_image_transport/share/theora_image_transport/local_setup.zsh
[16.878s] -- Installing: /home/mwangala/Desktop/__ROS2/install/theora_image_transport/share/theora_image_transport/local_setup.dsv
[16.893s] -- Installing: /home/mwangala/Desktop/__ROS2/install/theora_image_transport/share/theora_image_transport/package.dsv
[16.894s] -- Installing: /home/mwangala/Desktop/__ROS2/install/theora_image_transport/share/ament_index/resource_index/packages/theora_image_transport
[16.894s] -- Installing: /home/mwangala/Desktop/__ROS2/install/theora_image_transport/share/ament_index/resource_index/image_transport__pluginlib__plugin/theora_image_transport
[16.895s] -- Installing: /home/mwangala/Desktop/__ROS2/install/theora_image_transport/share/theora_image_transport/cmake/export_theora_image_transport__rosidl_generator_cExport.cmake
[16.895s] -- Installing: /home/mwangala/Desktop/__ROS2/install/theora_image_transport/share/theora_image_transport/cmake/export_theora_image_transport__rosidl_generator_cExport-noconfig.cmake
[16.895s] -- Installing: /home/mwangala/Desktop/__ROS2/install/theora_image_transport/share/theora_image_transport/cmake/export_theora_image_transport__rosidl_typesupport_fastrtps_cExport.cmake
[16.895s] -- Installing: /home/mwangala/Desktop/__ROS2/install/theora_image_transport/share/theora_image_transport/cmake/export_theora_image_transport__rosidl_typesupport_fastrtps_cExport-noconfig.cmake
[16.895s] -- Installing: /home/mwangala/Desktop/__ROS2/install/theora_image_transport/share/theora_image_transport/cmake/export_theora_image_transport__rosidl_generator_cppExport.cmake
[16.896s] -- Installing: /home/mwangala/Desktop/__ROS2/install/theora_image_transport/share/theora_image_transport/cmake/export_theora_image_transport__rosidl_typesupport_fastrtps_cppExport.cmake
[16.896s] -- Installing: /home/mwangala/Desktop/__ROS2/install/theora_image_transport/share/theora_image_transport/cmake/export_theora_image_transport__rosidl_typesupport_fastrtps_cppExport-noconfig.cmake
[16.896s] -- Installing: /home/mwangala/Desktop/__ROS2/install/theora_image_transport/share/theora_image_transport/cmake/theora_image_transport__rosidl_typesupport_introspection_cExport.cmake
[16.896s] -- Installing: /home/mwangala/Desktop/__ROS2/install/theora_image_transport/share/theora_image_transport/cmake/theora_image_transport__rosidl_typesupport_introspection_cExport-noconfig.cmake
[16.896s] -- Installing: /home/mwangala/Desktop/__ROS2/install/theora_image_transport/share/theora_image_transport/cmake/theora_image_transport__rosidl_typesupport_cExport.cmake
[16.897s] -- Installing: /home/mwangala/Desktop/__ROS2/install/theora_image_transport/share/theora_image_transport/cmake/theora_image_transport__rosidl_typesupport_cExport-noconfig.cmake
[16.897s] -- Installing: /home/mwangala/Desktop/__ROS2/install/theora_image_transport/share/theora_image_transport/cmake/theora_image_transport__rosidl_typesupport_introspection_cppExport.cmake
[16.897s] -- Installing: /home/mwangala/Desktop/__ROS2/install/theora_image_transport/share/theora_image_transport/cmake/theora_image_transport__rosidl_typesupport_introspection_cppExport-noconfig.cmake
[16.897s] -- Installing: /home/mwangala/Desktop/__ROS2/install/theora_image_transport/share/theora_image_transport/cmake/theora_image_transport__rosidl_typesupport_cppExport.cmake
[16.897s] -- Installing: /home/mwangala/Desktop/__ROS2/install/theora_image_transport/share/theora_image_transport/cmake/theora_image_transport__rosidl_typesupport_cppExport-noconfig.cmake
[16.898s] -- Installing: /home/mwangala/Desktop/__ROS2/install/theora_image_transport/share/theora_image_transport/cmake/export_theora_image_transport__rosidl_generator_pyExport.cmake
[16.898s] -- Installing: /home/mwangala/Desktop/__ROS2/install/theora_image_transport/share/theora_image_transport/cmake/export_theora_image_transport__rosidl_generator_pyExport-noconfig.cmake
[16.898s] -- Installing: /home/mwangala/Desktop/__ROS2/install/theora_image_transport/share/theora_image_transport/cmake/export_theora_image_transport_componentExport.cmake
[16.898s] -- Installing: /home/mwangala/Desktop/__ROS2/install/theora_image_transport/share/theora_image_transport/cmake/export_theora_image_transport_componentExport-noconfig.cmake
[16.898s] -- Installing: /home/mwangala/Desktop/__ROS2/install/theora_image_transport/share/theora_image_transport/cmake/rosidl_cmake-extras.cmake
[16.898s] -- Installing: /home/mwangala/Desktop/__ROS2/install/theora_image_transport/share/theora_image_transport/cmake/ament_cmake_export_dependencies-extras.cmake
[16.899s] -- Installing: /home/mwangala/Desktop/__ROS2/install/theora_image_transport/share/theora_image_transport/cmake/ament_cmake_export_include_directories-extras.cmake
[16.899s] -- Installing: /home/mwangala/Desktop/__ROS2/install/theora_image_transport/share/theora_image_transport/cmake/ament_cmake_export_libraries-extras.cmake
[16.899s] -- Installing: /home/mwangala/Desktop/__ROS2/install/theora_image_transport/share/theora_image_transport/cmake/ament_cmake_export_targets-extras.cmake
[16.899s] -- Installing: /home/mwangala/Desktop/__ROS2/install/theora_image_transport/share/theora_image_transport/cmake/rosidl_cmake_export_typesupport_targets-extras.cmake
[16.899s] -- Installing: /home/mwangala/Desktop/__ROS2/install/theora_image_transport/share/theora_image_transport/cmake/rosidl_cmake_export_typesupport_libraries-extras.cmake
[16.900s] -- Installing: /home/mwangala/Desktop/__ROS2/install/theora_image_transport/share/theora_image_transport/cmake/theora_image_transportConfig.cmake
[16.900s] -- Installing: /home/mwangala/Desktop/__ROS2/install/theora_image_transport/share/theora_image_transport/cmake/theora_image_transportConfig-version.cmake
[16.900s] -- Installing: /home/mwangala/Desktop/__ROS2/install/theora_image_transport/share/theora_image_transport/package.xml
[16.905s] Invoked command in '/home/mwangala/Desktop/__ROS2/build/theora_image_transport' returned '0': CMAKE_PREFIX_PATH=${CMAKE_PREFIX_PATH}:/home/mwangala/Desktop/Goaty/ros_project_ws2/install/handcv:/home/mwangala/Desktop/Goaty/ros_project_ws2/install/cv_franka_bridge:/home/mwangala/Desktop/Goaty/ros_project_ws2/install/cv_pegasus_bridge:/home/mwangala/Desktop/Goaty/ros_project_ws/install/handcv:/home/mwangala/Desktop/Goaty/ros_project_ws/install/cv_franka_bridge:/opt/ros/humble /usr/bin/cmake --install /home/mwangala/Desktop/__ROS2/build/theora_image_transport
