[0.096s] Invoking command in '/home/mwangala/Desktop/__ROS2/build/update_pegasus_description': CMAKE_PREFIX_PATH=${CMAKE_PREFIX_PATH}:/home/mwangala/Desktop/Goaty/ros_project_ws2/install/handcv:/home/mwangala/Desktop/Goaty/ros_project_ws2/install/cv_franka_bridge:/home/mwangala/Desktop/Goaty/ros_project_ws2/install/cv_pegasus_bridge:/home/mwangala/Desktop/Goaty/ros_project_ws/install/handcv:/home/mwangala/Desktop/Goaty/ros_project_ws/install/cv_franka_bridge:/opt/ros/humble /usr/bin/cmake /home/mwangala/Desktop/__ROS2/src/update_pegasus_description -DCMAKE_INSTALL_PREFIX=/home/mwangala/Desktop/__ROS2/install/update_pegasus_description
[1.118s] -- Found ament_cmake: 1.3.11 (/opt/ros/humble/share/ament_cmake/cmake)
[1.578s] -- Override CMake install command with custom implementation using symlinks instead of copying resources
[2.091s] -- Configuring done
[2.108s] -- Generating done
[2.110s] -- Build files have been written to: /home/mwangala/Desktop/__ROS2/build/update_pegasus_description
[2.113s] Invoked command in '/home/mwangala/Desktop/__ROS2/build/update_pegasus_description' returned '0': CMAKE_PREFIX_PATH=${CMAKE_PREFIX_PATH}:/home/mwangala/Desktop/Goaty/ros_project_ws2/install/handcv:/home/mwangala/Desktop/Goaty/ros_project_ws2/install/cv_franka_bridge:/home/mwangala/Desktop/Goaty/ros_project_ws2/install/cv_pegasus_bridge:/home/mwangala/Desktop/Goaty/ros_project_ws/install/handcv:/home/mwangala/Desktop/Goaty/ros_project_ws/install/cv_franka_bridge:/opt/ros/humble /usr/bin/cmake /home/mwangala/Desktop/__ROS2/src/update_pegasus_description -DCMAKE_INSTALL_PREFIX=/home/mwangala/Desktop/__ROS2/install/update_pegasus_description
[2.119s] Invoking command in '/home/mwangala/Desktop/__ROS2/build/update_pegasus_description': CMAKE_PREFIX_PATH=${CMAKE_PREFIX_PATH}:/home/mwangala/Desktop/Goaty/ros_project_ws2/install/handcv:/home/mwangala/Desktop/Goaty/ros_project_ws2/install/cv_franka_bridge:/home/mwangala/Desktop/Goaty/ros_project_ws2/install/cv_pegasus_bridge:/home/mwangala/Desktop/Goaty/ros_project_ws/install/handcv:/home/mwangala/Desktop/Goaty/ros_project_ws/install/cv_franka_bridge:/opt/ros/humble /usr/bin/cmake --build /home/mwangala/Desktop/__ROS2/build/update_pegasus_description -- -j8 -l8
[2.262s] Invoked command in '/home/mwangala/Desktop/__ROS2/build/update_pegasus_description' returned '0': CMAKE_PREFIX_PATH=${CMAKE_PREFIX_PATH}:/home/mwangala/Desktop/Goaty/ros_project_ws2/install/handcv:/home/mwangala/Desktop/Goaty/ros_project_ws2/install/cv_franka_bridge:/home/mwangala/Desktop/Goaty/ros_project_ws2/install/cv_pegasus_bridge:/home/mwangala/Desktop/Goaty/ros_project_ws/install/handcv:/home/mwangala/Desktop/Goaty/ros_project_ws/install/cv_franka_bridge:/opt/ros/humble /usr/bin/cmake --build /home/mwangala/Desktop/__ROS2/build/update_pegasus_description -- -j8 -l8
[2.275s] Invoking command in '/home/mwangala/Desktop/__ROS2/build/update_pegasus_description': CMAKE_PREFIX_PATH=${CMAKE_PREFIX_PATH}:/home/mwangala/Desktop/Goaty/ros_project_ws2/install/handcv:/home/mwangala/Desktop/Goaty/ros_project_ws2/install/cv_franka_bridge:/home/mwangala/Desktop/Goaty/ros_project_ws2/install/cv_pegasus_bridge:/home/mwangala/Desktop/Goaty/ros_project_ws/install/handcv:/home/mwangala/Desktop/Goaty/ros_project_ws/install/cv_franka_bridge:/opt/ros/humble /usr/bin/cmake --install /home/mwangala/Desktop/__ROS2/build/update_pegasus_description
[2.281s] -- Install configuration: ""
[2.281s] -- Execute custom install script
[2.282s] -- Up-to-date symlink: /home/mwangala/Desktop/__ROS2/install/update_pegasus_description/share/ament_index/resource_index/package_run_dependencies/update_pegasus_description
[2.282s] -- Up-to-date symlink: /home/mwangala/Desktop/__ROS2/install/update_pegasus_description/share/ament_index/resource_index/parent_prefix_path/update_pegasus_description
[2.282s] -- Up-to-date symlink: /home/mwangala/Desktop/__ROS2/install/update_pegasus_description/share/update_pegasus_description/environment/ament_prefix_path.sh
[2.282s] -- Up-to-date symlink: /home/mwangala/Desktop/__ROS2/install/update_pegasus_description/share/update_pegasus_description/environment/ament_prefix_path.dsv
[2.282s] -- Up-to-date symlink: /home/mwangala/Desktop/__ROS2/install/update_pegasus_description/share/update_pegasus_description/environment/path.sh
[2.282s] -- Up-to-date symlink: /home/mwangala/Desktop/__ROS2/install/update_pegasus_description/share/update_pegasus_description/environment/path.dsv
[2.283s] -- Up-to-date symlink: /home/mwangala/Desktop/__ROS2/install/update_pegasus_description/share/update_pegasus_description/local_setup.bash
[2.283s] -- Up-to-date symlink: /home/mwangala/Desktop/__ROS2/install/update_pegasus_description/share/update_pegasus_description/local_setup.sh
[2.283s] -- Up-to-date symlink: /home/mwangala/Desktop/__ROS2/install/update_pegasus_description/share/update_pegasus_description/local_setup.zsh
[2.283s] -- Up-to-date symlink: /home/mwangala/Desktop/__ROS2/install/update_pegasus_description/share/update_pegasus_description/local_setup.dsv
[2.283s] -- Symlinking: /home/mwangala/Desktop/__ROS2/install/update_pegasus_description/share/update_pegasus_description/package.dsv
[2.291s] -- Up-to-date symlink: /home/mwangala/Desktop/__ROS2/install/update_pegasus_description/share/ament_index/resource_index/packages/update_pegasus_description
[2.291s] -- Up-to-date symlink: /home/mwangala/Desktop/__ROS2/install/update_pegasus_description/share/update_pegasus_description/cmake/update_pegasus_descriptionConfig.cmake
[2.291s] -- Up-to-date symlink: /home/mwangala/Desktop/__ROS2/install/update_pegasus_description/share/update_pegasus_description/cmake/update_pegasus_descriptionConfig-version.cmake
[2.291s] -- Up-to-date symlink: /home/mwangala/Desktop/__ROS2/install/update_pegasus_description/share/update_pegasus_description/package.xml
[2.292s] -- Up-to-date symlink: /home/mwangala/Desktop/__ROS2/install/update_pegasus_description/share/update_pegasus_description/launch/demo.launch.py
[2.292s] -- Up-to-date symlink: /home/mwangala/Desktop/__ROS2/install/update_pegasus_description/share/update_pegasus_description/launch/display.launch.py
[2.292s] -- Up-to-date symlink: /home/mwangala/Desktop/__ROS2/install/update_pegasus_description/share/update_pegasus_description/launch/move_group.launch.py
[2.292s] -- Up-to-date symlink: /home/mwangala/Desktop/__ROS2/install/update_pegasus_description/share/update_pegasus_description/launch/moveit_rviz.launch.py
[2.292s] -- Up-to-date symlink: /home/mwangala/Desktop/__ROS2/install/update_pegasus_description/share/update_pegasus_description/launch/pegasus.launch.py
[2.292s] -- Up-to-date symlink: /home/mwangala/Desktop/__ROS2/install/update_pegasus_description/share/update_pegasus_description/launch/rsp.launch.py
[2.292s] -- Up-to-date symlink: /home/mwangala/Desktop/__ROS2/install/update_pegasus_description/share/update_pegasus_description/launch/setup_assistant.launch.py
[2.293s] -- Up-to-date symlink: /home/mwangala/Desktop/__ROS2/install/update_pegasus_description/share/update_pegasus_description/launch/spawn.launch.py
[2.293s] -- Up-to-date symlink: /home/mwangala/Desktop/__ROS2/install/update_pegasus_description/share/update_pegasus_description/launch/spawn_controllers.launch.py
[2.293s] -- Up-to-date symlink: /home/mwangala/Desktop/__ROS2/install/update_pegasus_description/share/update_pegasus_description/launch/static_virtual_joint_tfs.launch.py
[2.293s] -- Up-to-date symlink: /home/mwangala/Desktop/__ROS2/install/update_pegasus_description/share/update_pegasus_description/launch/tester.launch.py
[2.293s] -- Up-to-date symlink: /home/mwangala/Desktop/__ROS2/install/update_pegasus_description/share/update_pegasus_description/launch/warehouse_db.launch.py
[2.293s] -- Up-to-date symlink: /home/mwangala/Desktop/__ROS2/install/update_pegasus_description/share/update_pegasus_description/config/initial_positions.yaml
[2.294s] -- Up-to-date symlink: /home/mwangala/Desktop/__ROS2/install/update_pegasus_description/share/update_pegasus_description/config/joint_limits.yaml
[2.294s] -- Up-to-date symlink: /home/mwangala/Desktop/__ROS2/install/update_pegasus_description/share/update_pegasus_description/config/kinematics.yaml
[2.294s] -- Up-to-date symlink: /home/mwangala/Desktop/__ROS2/install/update_pegasus_description/share/update_pegasus_description/config/moveit.rviz
[2.294s] -- Up-to-date symlink: /home/mwangala/Desktop/__ROS2/install/update_pegasus_description/share/update_pegasus_description/config/moveit_controllers.yaml
[2.294s] -- Up-to-date symlink: /home/mwangala/Desktop/__ROS2/install/update_pegasus_description/share/update_pegasus_description/config/pegasus.ros2_control.xacro
[2.294s] -- Up-to-date symlink: /home/mwangala/Desktop/__ROS2/install/update_pegasus_description/share/update_pegasus_description/config/pegasus.srdf
[2.294s] -- Up-to-date symlink: /home/mwangala/Desktop/__ROS2/install/update_pegasus_description/share/update_pegasus_description/config/pegasus.urdf.xacro
[2.294s] -- Up-to-date symlink: /home/mwangala/Desktop/__ROS2/install/update_pegasus_description/share/update_pegasus_description/config/pilz_cartesian_limits.yaml
[2.294s] -- Up-to-date symlink: /home/mwangala/Desktop/__ROS2/install/update_pegasus_description/share/update_pegasus_description/config/ros2_controllers.yaml
[2.295s] -- Up-to-date symlink: /home/mwangala/Desktop/__ROS2/install/update_pegasus_description/share/update_pegasus_description/.setup_assistant
[2.295s] -- Up-to-date symlink: /home/mwangala/Desktop/__ROS2/install/update_pegasus_description/lib/update_pegasus_description/pegasus_commander.py
[2.296s] -- Up-to-date symlink: /home/mwangala/Desktop/__ROS2/install/update_pegasus_description/lib/update_pegasus_description/planned_path_listener.py
[2.296s] Invoked command in '/home/mwangala/Desktop/__ROS2/build/update_pegasus_description' returned '0': CMAKE_PREFIX_PATH=${CMAKE_PREFIX_PATH}:/home/mwangala/Desktop/Goaty/ros_project_ws2/install/handcv:/home/mwangala/Desktop/Goaty/ros_project_ws2/install/cv_franka_bridge:/home/mwangala/Desktop/Goaty/ros_project_ws2/install/cv_pegasus_bridge:/home/mwangala/Desktop/Goaty/ros_project_ws/install/handcv:/home/mwangala/Desktop/Goaty/ros_project_ws/install/cv_franka_bridge:/opt/ros/humble /usr/bin/cmake --install /home/mwangala/Desktop/__ROS2/build/update_pegasus_description
