[0.028s] Invoking command in '/home/mwangala/Desktop/__ROS2/build/kinect2_bridge': AMENT_PREFIX_PATH=/home/mwangala/Desktop/__ROS2/install/kinect2_registration:${AMENT_PREFIX_PATH} CMAKE_PREFIX_PATH=/home/mwangala/Desktop/__ROS2/install/kinect2_registration:/home/mwangala/Desktop/Goaty/ros_project_ws2/install/update_pegasus_description:/home/mwangala/Desktop/Goaty/ros_project_ws2/install/image_transport_plugins:/home/mwangala/Desktop/Goaty/ros_project_ws2/install/theora_image_transport:/home/mwangala/Desktop/Goaty/ros_project_ws2/install/numsr_franka_moveit_config:/home/mwangala/Desktop/Goaty/ros_project_ws2/install/kinect2_calibration:/home/mwangala/Desktop/Goaty/ros_project_ws2/install/kinect2_bridge:/home/mwangala/Desktop/Goaty/ros_project_ws2/install/kinect2_registration:/home/mwangala/Desktop/Goaty/ros_project_ws2/install/hand_interfaces:/home/mwangala/Desktop/Goaty/ros_project_ws2/install/compressed_image_transport:/home/mwangala/Desktop/Goaty/ros_project_ws2/install/compressed_depth_image_transport:/home/mwangala/Desktop/Goaty/ros_project_ws/install/image_transport_plugins:/home/mwangala/Desktop/Goaty/ros_project_ws/install/theora_image_transport:/home/mwangala/Desktop/Goaty/ros_project_ws/install/numsr_franka_moveit_config:/home/mwangala/Desktop/Goaty/ros_project_ws/install/kinect2_calibration:/home/mwangala/Desktop/Goaty/ros_project_ws/install/kinect2_bridge:/home/mwangala/Desktop/Goaty/ros_project_ws/install/kinect2_registration:/home/mwangala/Desktop/Goaty/ros_project_ws/install/hand_interfaces:/home/mwangala/Desktop/Goaty/ros_project_ws/install/compressed_image_transport:/home/mwangala/Desktop/Goaty/ros_project_ws/install/compressed_depth_image_transport:/home/mwangala/Desktop/Goaty/ros_project_ws2/install/handcv:/home/mwangala/Desktop/Goaty/ros_project_ws2/install/cv_franka_bridge:/home/mwangala/Desktop/Goaty/ros_project_ws2/install/cv_pegasus_bridge:/home/mwangala/Desktop/Goaty/ros_project_ws/install/handcv:/home/mwangala/Desktop/Goaty/ros_project_ws/install/cv_franka_bridge:/opt/ros/humble LD_LIBRARY_PATH=/home/mwangala/Desktop/__ROS2/install/kinect2_registration/lib:${LD_LIBRARY_PATH} /usr/bin/cmake /home/mwangala/Desktop/__ROS2/src/kinect2_bridge -DAMENT_CMAKE_SYMLINK_INSTALL=1 -DCMAKE_INSTALL_PREFIX=/home/mwangala/Desktop/__ROS2/install/kinect2_bridge
[0.199s] -- The C compiler identification is GNU 11.4.0
[0.321s] -- The CXX compiler identification is GNU 11.4.0
[0.341s] -- Detecting C compiler ABI info
[0.631s] -- Detecting C compiler ABI info - done
[0.642s] -- Check for working C compiler: /usr/bin/cc - skipped
[0.643s] -- Detecting C compile features
[0.643s] -- Detecting C compile features - done
[0.647s] -- Detecting CXX compiler ABI info
[0.936s] -- Detecting CXX compiler ABI info - done
[0.961s] -- Check for working CXX compiler: /usr/bin/c++ - skipped
[0.961s] -- Detecting CXX compile features
[0.963s] -- Detecting CXX compile features - done
[0.970s] -- Found ament_cmake: 1.3.11 (/opt/ros/humble/share/ament_cmake/cmake)
[1.321s] -- Found Python3: /usr/bin/python3 (found version "3.10.12") found components: Interpreter 
[1.450s] -- Override CMake install command with custom implementation using symlinks instead of copying resources
[1.522s] -- Found rclcpp: 16.0.12 (/opt/ros/humble/share/rclcpp/cmake)
[1.608s] -- Found rosidl_generator_c: 3.1.6 (/opt/ros/humble/share/rosidl_generator_c/cmake)
[1.622s] -- Found rosidl_adapter: 3.1.6 (/opt/ros/humble/share/rosidl_adapter/cmake)
[1.639s] -- Found rosidl_generator_cpp: 3.1.6 (/opt/ros/humble/share/rosidl_generator_cpp/cmake)
[1.663s] -- Using all available rosidl_typesupport_c: rosidl_typesupport_fastrtps_c;rosidl_typesupport_introspection_c
[1.696s] -- Using all available rosidl_typesupport_cpp: rosidl_typesupport_fastrtps_cpp;rosidl_typesupport_introspection_cpp
[1.789s] -- Found rmw_implementation_cmake: 6.1.2 (/opt/ros/humble/share/rmw_implementation_cmake/cmake)
[1.797s] -- Found rmw_fastrtps_cpp: 6.2.7 (/opt/ros/humble/share/rmw_fastrtps_cpp/cmake)
[1.992s] -- Found OpenSSL: /usr/lib/x86_64-linux-gnu/libcrypto.so (found version "3.0.2")  
[2.040s] -- Found FastRTPS: /opt/ros/humble/include  
[2.104s] -- Using RMW implementation 'rmw_fastrtps_cpp' as default
[2.123s] -- Looking for pthread.h
[2.402s] -- Looking for pthread.h - found
[2.402s] -- Performing Test CMAKE_HAVE_LIBC_PTHREAD
[2.671s] -- Performing Test CMAKE_HAVE_LIBC_PTHREAD - Success
[2.675s] -- Found Threads: TRUE  
[2.801s] -- Found OpenCV: /usr (found version "4.5.4") 
[2.808s] -- Found sensor_msgs: 4.8.0 (/opt/ros/humble/share/sensor_msgs/cmake)
[2.869s] -- Found kinect2_registration: 0.0.0 (/home/mwangala/Desktop/__ROS2/install/kinect2_registration/share/kinect2_registration/cmake)
[2.997s] -- Found tf2: 0.25.12 (/opt/ros/humble/share/tf2/cmake)
[3.016s] -- Found tf2_ros: 0.25.12 (/opt/ros/humble/share/tf2_ros/cmake)
[3.159s] -- Found tf2_geometry_msgs: 0.25.12 (/opt/ros/humble/share/tf2_geometry_msgs/cmake)
[3.184s] -- Found eigen3_cmake_module: 0.1.1 (/opt/ros/humble/share/eigen3_cmake_module/cmake)
[3.186s] -- Found Eigen3: TRUE (found version "3.4.0") 
[3.186s] -- Ensuring Eigen3 include directory is part of orocos-kdl CMake target
[3.264s] -- Found ament_lint_auto: 0.12.12 (/opt/ros/humble/share/ament_lint_auto/cmake)
[3.414s] -- Added test 'cppcheck' to perform static code analysis on C / C++ code
[3.415s] -- Configured cppcheck include dirs: /home/mwangala/Desktop/__ROS2/src/kinect2_bridge/include/kinect2_bridge
[3.415s] -- Configured cppcheck exclude dirs and/or files: 
[3.416s] -- Added test 'flake8' to check Python code syntax and style conventions
[3.417s] -- Added test 'lint_cmake' to check CMake code style
[3.418s] -- Added test 'pep257' to check Python code against some of the docstring style conventions in PEP 257
[3.420s] -- Added test 'uncrustify' to check C / C++ code style
[3.420s] -- Configured uncrustify additional arguments: 
[3.422s] -- Added test 'xmllint' to check XML markup files
[3.425s] -- Configuring done
[3.451s] -- Generating done
[3.530s] -- Build files have been written to: /home/mwangala/Desktop/__ROS2/build/kinect2_bridge
[3.562s] Invoked command in '/home/mwangala/Desktop/__ROS2/build/kinect2_bridge' returned '0': AMENT_PREFIX_PATH=/home/mwangala/Desktop/__ROS2/install/kinect2_registration:${AMENT_PREFIX_PATH} CMAKE_PREFIX_PATH=/home/mwangala/Desktop/__ROS2/install/kinect2_registration:/home/mwangala/Desktop/Goaty/ros_project_ws2/install/update_pegasus_description:/home/mwangala/Desktop/Goaty/ros_project_ws2/install/image_transport_plugins:/home/mwangala/Desktop/Goaty/ros_project_ws2/install/theora_image_transport:/home/mwangala/Desktop/Goaty/ros_project_ws2/install/numsr_franka_moveit_config:/home/mwangala/Desktop/Goaty/ros_project_ws2/install/kinect2_calibration:/home/mwangala/Desktop/Goaty/ros_project_ws2/install/kinect2_bridge:/home/mwangala/Desktop/Goaty/ros_project_ws2/install/kinect2_registration:/home/mwangala/Desktop/Goaty/ros_project_ws2/install/hand_interfaces:/home/mwangala/Desktop/Goaty/ros_project_ws2/install/compressed_image_transport:/home/mwangala/Desktop/Goaty/ros_project_ws2/install/compressed_depth_image_transport:/home/mwangala/Desktop/Goaty/ros_project_ws/install/image_transport_plugins:/home/mwangala/Desktop/Goaty/ros_project_ws/install/theora_image_transport:/home/mwangala/Desktop/Goaty/ros_project_ws/install/numsr_franka_moveit_config:/home/mwangala/Desktop/Goaty/ros_project_ws/install/kinect2_calibration:/home/mwangala/Desktop/Goaty/ros_project_ws/install/kinect2_bridge:/home/mwangala/Desktop/Goaty/ros_project_ws/install/kinect2_registration:/home/mwangala/Desktop/Goaty/ros_project_ws/install/hand_interfaces:/home/mwangala/Desktop/Goaty/ros_project_ws/install/compressed_image_transport:/home/mwangala/Desktop/Goaty/ros_project_ws/install/compressed_depth_image_transport:/home/mwangala/Desktop/Goaty/ros_project_ws2/install/handcv:/home/mwangala/Desktop/Goaty/ros_project_ws2/install/cv_franka_bridge:/home/mwangala/Desktop/Goaty/ros_project_ws2/install/cv_pegasus_bridge:/home/mwangala/Desktop/Goaty/ros_project_ws/install/handcv:/home/mwangala/Desktop/Goaty/ros_project_ws/install/cv_franka_bridge:/opt/ros/humble LD_LIBRARY_PATH=/home/mwangala/Desktop/__ROS2/install/kinect2_registration/lib:${LD_LIBRARY_PATH} /usr/bin/cmake /home/mwangala/Desktop/__ROS2/src/kinect2_bridge -DAMENT_CMAKE_SYMLINK_INSTALL=1 -DCMAKE_INSTALL_PREFIX=/home/mwangala/Desktop/__ROS2/install/kinect2_bridge
[3.566s] Invoking command in '/home/mwangala/Desktop/__ROS2/build/kinect2_bridge': AMENT_PREFIX_PATH=/home/mwangala/Desktop/__ROS2/install/kinect2_registration:${AMENT_PREFIX_PATH} CMAKE_PREFIX_PATH=/home/mwangala/Desktop/__ROS2/install/kinect2_registration:/home/mwangala/Desktop/Goaty/ros_project_ws2/install/update_pegasus_description:/home/mwangala/Desktop/Goaty/ros_project_ws2/install/image_transport_plugins:/home/mwangala/Desktop/Goaty/ros_project_ws2/install/theora_image_transport:/home/mwangala/Desktop/Goaty/ros_project_ws2/install/numsr_franka_moveit_config:/home/mwangala/Desktop/Goaty/ros_project_ws2/install/kinect2_calibration:/home/mwangala/Desktop/Goaty/ros_project_ws2/install/kinect2_bridge:/home/mwangala/Desktop/Goaty/ros_project_ws2/install/kinect2_registration:/home/mwangala/Desktop/Goaty/ros_project_ws2/install/hand_interfaces:/home/mwangala/Desktop/Goaty/ros_project_ws2/install/compressed_image_transport:/home/mwangala/Desktop/Goaty/ros_project_ws2/install/compressed_depth_image_transport:/home/mwangala/Desktop/Goaty/ros_project_ws/install/image_transport_plugins:/home/mwangala/Desktop/Goaty/ros_project_ws/install/theora_image_transport:/home/mwangala/Desktop/Goaty/ros_project_ws/install/numsr_franka_moveit_config:/home/mwangala/Desktop/Goaty/ros_project_ws/install/kinect2_calibration:/home/mwangala/Desktop/Goaty/ros_project_ws/install/kinect2_bridge:/home/mwangala/Desktop/Goaty/ros_project_ws/install/kinect2_registration:/home/mwangala/Desktop/Goaty/ros_project_ws/install/hand_interfaces:/home/mwangala/Desktop/Goaty/ros_project_ws/install/compressed_image_transport:/home/mwangala/Desktop/Goaty/ros_project_ws/install/compressed_depth_image_transport:/home/mwangala/Desktop/Goaty/ros_project_ws2/install/handcv:/home/mwangala/Desktop/Goaty/ros_project_ws2/install/cv_franka_bridge:/home/mwangala/Desktop/Goaty/ros_project_ws2/install/cv_pegasus_bridge:/home/mwangala/Desktop/Goaty/ros_project_ws/install/handcv:/home/mwangala/Desktop/Goaty/ros_project_ws/install/cv_franka_bridge:/opt/ros/humble LD_LIBRARY_PATH=/home/mwangala/Desktop/__ROS2/install/kinect2_registration/lib:${LD_LIBRARY_PATH} /usr/bin/cmake --build /home/mwangala/Desktop/__ROS2/build/kinect2_bridge -- -j8 -l8
[3.650s] [ 50%] [32mBuilding CXX object CMakeFiles/kinect2_bridge_node.dir/src/kinect2_bridge.cpp.o[0m
[13.830s] [01m[K/home/mwangala/Desktop/__ROS2/src/kinect2_bridge/src/kinect2_bridge.cpp:[m[K In member function ‘[01m[Kbool Kinect2BridgeNode::initPipeline(const string&, int32_t)[m[K’:
[13.830s] [01m[K/home/mwangala/Desktop/__ROS2/src/kinect2_bridge/src/kinect2_bridge.cpp:414:62:[m[K [01;35m[Kwarning: [m[Kunused parameter ‘[01m[Kdevice[m[K’ [[01;35m[K]8;;https://gcc.gnu.org/onlinedocs/gcc/Warning-Options.html#index-Wunused-parameter-Wunused-parameter]8;;[m[K]
[13.830s]   414 | ing &method, [01;35m[Kconst int32_t device[m[K)
[13.830s]       |              [01;35m[K~~~~~~~~~~~~~~^~~~~~[m[K
[13.830s] 
[20.636s] [100%] [32m[1mLinking CXX executable kinect2_bridge_node[0m
[22.044s] [100%] Built target kinect2_bridge_node
[22.063s] Invoked command in '/home/mwangala/Desktop/__ROS2/build/kinect2_bridge' returned '0': AMENT_PREFIX_PATH=/home/mwangala/Desktop/__ROS2/install/kinect2_registration:${AMENT_PREFIX_PATH} CMAKE_PREFIX_PATH=/home/mwangala/Desktop/__ROS2/install/kinect2_registration:/home/mwangala/Desktop/Goaty/ros_project_ws2/install/update_pegasus_description:/home/mwangala/Desktop/Goaty/ros_project_ws2/install/image_transport_plugins:/home/mwangala/Desktop/Goaty/ros_project_ws2/install/theora_image_transport:/home/mwangala/Desktop/Goaty/ros_project_ws2/install/numsr_franka_moveit_config:/home/mwangala/Desktop/Goaty/ros_project_ws2/install/kinect2_calibration:/home/mwangala/Desktop/Goaty/ros_project_ws2/install/kinect2_bridge:/home/mwangala/Desktop/Goaty/ros_project_ws2/install/kinect2_registration:/home/mwangala/Desktop/Goaty/ros_project_ws2/install/hand_interfaces:/home/mwangala/Desktop/Goaty/ros_project_ws2/install/compressed_image_transport:/home/mwangala/Desktop/Goaty/ros_project_ws2/install/compressed_depth_image_transport:/home/mwangala/Desktop/Goaty/ros_project_ws/install/image_transport_plugins:/home/mwangala/Desktop/Goaty/ros_project_ws/install/theora_image_transport:/home/mwangala/Desktop/Goaty/ros_project_ws/install/numsr_franka_moveit_config:/home/mwangala/Desktop/Goaty/ros_project_ws/install/kinect2_calibration:/home/mwangala/Desktop/Goaty/ros_project_ws/install/kinect2_bridge:/home/mwangala/Desktop/Goaty/ros_project_ws/install/kinect2_registration:/home/mwangala/Desktop/Goaty/ros_project_ws/install/hand_interfaces:/home/mwangala/Desktop/Goaty/ros_project_ws/install/compressed_image_transport:/home/mwangala/Desktop/Goaty/ros_project_ws/install/compressed_depth_image_transport:/home/mwangala/Desktop/Goaty/ros_project_ws2/install/handcv:/home/mwangala/Desktop/Goaty/ros_project_ws2/install/cv_franka_bridge:/home/mwangala/Desktop/Goaty/ros_project_ws2/install/cv_pegasus_bridge:/home/mwangala/Desktop/Goaty/ros_project_ws/install/handcv:/home/mwangala/Desktop/Goaty/ros_project_ws/install/cv_franka_bridge:/opt/ros/humble LD_LIBRARY_PATH=/home/mwangala/Desktop/__ROS2/install/kinect2_registration/lib:${LD_LIBRARY_PATH} /usr/bin/cmake --build /home/mwangala/Desktop/__ROS2/build/kinect2_bridge -- -j8 -l8
[22.064s] Invoking command in '/home/mwangala/Desktop/__ROS2/build/kinect2_bridge': AMENT_PREFIX_PATH=/home/mwangala/Desktop/__ROS2/install/kinect2_registration:${AMENT_PREFIX_PATH} CMAKE_PREFIX_PATH=/home/mwangala/Desktop/__ROS2/install/kinect2_registration:/home/mwangala/Desktop/Goaty/ros_project_ws2/install/update_pegasus_description:/home/mwangala/Desktop/Goaty/ros_project_ws2/install/image_transport_plugins:/home/mwangala/Desktop/Goaty/ros_project_ws2/install/theora_image_transport:/home/mwangala/Desktop/Goaty/ros_project_ws2/install/numsr_franka_moveit_config:/home/mwangala/Desktop/Goaty/ros_project_ws2/install/kinect2_calibration:/home/mwangala/Desktop/Goaty/ros_project_ws2/install/kinect2_bridge:/home/mwangala/Desktop/Goaty/ros_project_ws2/install/kinect2_registration:/home/mwangala/Desktop/Goaty/ros_project_ws2/install/hand_interfaces:/home/mwangala/Desktop/Goaty/ros_project_ws2/install/compressed_image_transport:/home/mwangala/Desktop/Goaty/ros_project_ws2/install/compressed_depth_image_transport:/home/mwangala/Desktop/Goaty/ros_project_ws/install/image_transport_plugins:/home/mwangala/Desktop/Goaty/ros_project_ws/install/theora_image_transport:/home/mwangala/Desktop/Goaty/ros_project_ws/install/numsr_franka_moveit_config:/home/mwangala/Desktop/Goaty/ros_project_ws/install/kinect2_calibration:/home/mwangala/Desktop/Goaty/ros_project_ws/install/kinect2_bridge:/home/mwangala/Desktop/Goaty/ros_project_ws/install/kinect2_registration:/home/mwangala/Desktop/Goaty/ros_project_ws/install/hand_interfaces:/home/mwangala/Desktop/Goaty/ros_project_ws/install/compressed_image_transport:/home/mwangala/Desktop/Goaty/ros_project_ws/install/compressed_depth_image_transport:/home/mwangala/Desktop/Goaty/ros_project_ws2/install/handcv:/home/mwangala/Desktop/Goaty/ros_project_ws2/install/cv_franka_bridge:/home/mwangala/Desktop/Goaty/ros_project_ws2/install/cv_pegasus_bridge:/home/mwangala/Desktop/Goaty/ros_project_ws/install/handcv:/home/mwangala/Desktop/Goaty/ros_project_ws/install/cv_franka_bridge:/opt/ros/humble LD_LIBRARY_PATH=/home/mwangala/Desktop/__ROS2/install/kinect2_registration/lib:${LD_LIBRARY_PATH} /usr/bin/cmake --install /home/mwangala/Desktop/__ROS2/build/kinect2_bridge
[22.073s] -- Install configuration: ""
[22.074s] -- Execute custom install script
[22.074s] -- Symlinking: /home/mwangala/Desktop/__ROS2/install/kinect2_bridge/lib/kinect2_bridge/kinect2_bridge_node
[22.087s] -- Symlinking: /home/mwangala/Desktop/__ROS2/install/kinect2_bridge/include/kinect2_bridge/kinect2_definitions.h
[22.101s] -- Symlinking: /home/mwangala/Desktop/__ROS2/install/kinect2_bridge/share/kinect2_bridge//launch/kinect2_bridge_launch.yaml
[22.113s] -- Symlinking: /home/mwangala/Desktop/__ROS2/install/kinect2_bridge/share/kinect2_bridge//launch/rtabmap.launch.py
[22.125s] -- Symlinking: /home/mwangala/Desktop/__ROS2/install/kinect2_bridge/share/ament_index/resource_index/package_run_dependencies/kinect2_bridge
[22.137s] -- Symlinking: /home/mwangala/Desktop/__ROS2/install/kinect2_bridge/share/ament_index/resource_index/parent_prefix_path/kinect2_bridge
[22.150s] -- Symlinking: /home/mwangala/Desktop/__ROS2/install/kinect2_bridge/share/kinect2_bridge/environment/ament_prefix_path.sh
[22.162s] -- Symlinking: /home/mwangala/Desktop/__ROS2/install/kinect2_bridge/share/kinect2_bridge/environment/ament_prefix_path.dsv
[22.178s] -- Symlinking: /home/mwangala/Desktop/__ROS2/install/kinect2_bridge/share/kinect2_bridge/environment/path.sh
[22.198s] -- Symlinking: /home/mwangala/Desktop/__ROS2/install/kinect2_bridge/share/kinect2_bridge/environment/path.dsv
[22.213s] -- Symlinking: /home/mwangala/Desktop/__ROS2/install/kinect2_bridge/share/kinect2_bridge/local_setup.bash
[22.227s] -- Symlinking: /home/mwangala/Desktop/__ROS2/install/kinect2_bridge/share/kinect2_bridge/local_setup.sh
[22.242s] -- Symlinking: /home/mwangala/Desktop/__ROS2/install/kinect2_bridge/share/kinect2_bridge/local_setup.zsh
[22.251s] -- Symlinking: /home/mwangala/Desktop/__ROS2/install/kinect2_bridge/share/kinect2_bridge/local_setup.dsv
[22.265s] -- Symlinking: /home/mwangala/Desktop/__ROS2/install/kinect2_bridge/share/kinect2_bridge/package.dsv
[22.278s] -- Symlinking: /home/mwangala/Desktop/__ROS2/install/kinect2_bridge/share/ament_index/resource_index/packages/kinect2_bridge
[22.291s] -- Symlinking: /home/mwangala/Desktop/__ROS2/install/kinect2_bridge/share/kinect2_bridge/cmake/ament_cmake_export_include_directories-extras.cmake
[22.305s] -- Symlinking: /home/mwangala/Desktop/__ROS2/install/kinect2_bridge/share/kinect2_bridge/cmake/kinect2_bridgeConfig.cmake
[22.325s] -- Symlinking: /home/mwangala/Desktop/__ROS2/install/kinect2_bridge/share/kinect2_bridge/cmake/kinect2_bridgeConfig-version.cmake
[22.339s] -- Symlinking: /home/mwangala/Desktop/__ROS2/install/kinect2_bridge/share/kinect2_bridge/package.xml
[22.355s] Invoked command in '/home/mwangala/Desktop/__ROS2/build/kinect2_bridge' returned '0': AMENT_PREFIX_PATH=/home/mwangala/Desktop/__ROS2/install/kinect2_registration:${AMENT_PREFIX_PATH} CMAKE_PREFIX_PATH=/home/mwangala/Desktop/__ROS2/install/kinect2_registration:/home/mwangala/Desktop/Goaty/ros_project_ws2/install/update_pegasus_description:/home/mwangala/Desktop/Goaty/ros_project_ws2/install/image_transport_plugins:/home/mwangala/Desktop/Goaty/ros_project_ws2/install/theora_image_transport:/home/mwangala/Desktop/Goaty/ros_project_ws2/install/numsr_franka_moveit_config:/home/mwangala/Desktop/Goaty/ros_project_ws2/install/kinect2_calibration:/home/mwangala/Desktop/Goaty/ros_project_ws2/install/kinect2_bridge:/home/mwangala/Desktop/Goaty/ros_project_ws2/install/kinect2_registration:/home/mwangala/Desktop/Goaty/ros_project_ws2/install/hand_interfaces:/home/mwangala/Desktop/Goaty/ros_project_ws2/install/compressed_image_transport:/home/mwangala/Desktop/Goaty/ros_project_ws2/install/compressed_depth_image_transport:/home/mwangala/Desktop/Goaty/ros_project_ws/install/image_transport_plugins:/home/mwangala/Desktop/Goaty/ros_project_ws/install/theora_image_transport:/home/mwangala/Desktop/Goaty/ros_project_ws/install/numsr_franka_moveit_config:/home/mwangala/Desktop/Goaty/ros_project_ws/install/kinect2_calibration:/home/mwangala/Desktop/Goaty/ros_project_ws/install/kinect2_bridge:/home/mwangala/Desktop/Goaty/ros_project_ws/install/kinect2_registration:/home/mwangala/Desktop/Goaty/ros_project_ws/install/hand_interfaces:/home/mwangala/Desktop/Goaty/ros_project_ws/install/compressed_image_transport:/home/mwangala/Desktop/Goaty/ros_project_ws/install/compressed_depth_image_transport:/home/mwangala/Desktop/Goaty/ros_project_ws2/install/handcv:/home/mwangala/Desktop/Goaty/ros_project_ws2/install/cv_franka_bridge:/home/mwangala/Desktop/Goaty/ros_project_ws2/install/cv_pegasus_bridge:/home/mwangala/Desktop/Goaty/ros_project_ws/install/handcv:/home/mwangala/Desktop/Goaty/ros_project_ws/install/cv_franka_bridge:/opt/ros/humble LD_LIBRARY_PATH=/home/mwangala/Desktop/__ROS2/install/kinect2_registration/lib:${LD_LIBRARY_PATH} /usr/bin/cmake --install /home/mwangala/Desktop/__ROS2/build/kinect2_bridge
