[0.152s] DEBUG:colcon:Command line arguments: ['/usr/bin/colcon', 'build', '--symlink-install']
[0.152s] DEBUG:colcon:Parsed command line arguments: Namespace(log_base=None, log_level=None, verb_name='build', build_base='build', install_base='install', merge_install=False, symlink_install=True, test_result_base=None, continue_on_error=False, executor='parallel', parallel_workers=8, event_handlers=None, ignore_user_meta=False, metas=['./colcon.meta'], base_paths=['.'], packages_ignore=None, packages_ignore_regex=None, paths=None, packages_up_to=None, packages_up_to_regex=None, packages_above=None, packages_above_and_dependencies=None, packages_above_depth=None, packages_select_by_dep=None, packages_skip_by_dep=None, packages_skip_up_to=None, packages_select_build_failed=False, packages_skip_build_finished=False, packages_select_test_failures=False, packages_skip_test_passed=False, packages_select=None, packages_skip=None, packages_select_regex=None, packages_skip_regex=None, packages_start=None, packages_end=None, allow_overriding=[], cmake_args=None, cmake_target=None, cmake_target_skip_unavailable=False, cmake_clean_cache=False, cmake_clean_first=False, cmake_force_configure=False, ament_cmake_args=None, catkin_cmake_args=None, catkin_skip_building_tests=False, verb_parser=<colcon_defaults.argument_parser.defaults.DefaultArgumentsDecorator object at 0x7e76b0453730>, verb_extension=<colcon_core.verb.build.BuildVerb object at 0x7e76b0453070>, main=<bound method BuildVerb.main of <colcon_core.verb.build.BuildVerb object at 0x7e76b0453070>>)
[0.373s] Level 1:colcon.colcon_core.package_discovery:discover_packages(colcon_meta) check parameters
[0.373s] Level 1:colcon.colcon_core.package_discovery:discover_packages(recursive) check parameters
[0.373s] Level 1:colcon.colcon_core.package_discovery:discover_packages(ignore) check parameters
[0.373s] Level 1:colcon.colcon_core.package_discovery:discover_packages(path) check parameters
[0.373s] Level 1:colcon.colcon_core.package_discovery:discover_packages(colcon_meta) discover
[0.373s] Level 1:colcon.colcon_core.package_discovery:discover_packages(recursive) discover
[0.374s] INFO:colcon.colcon_core.package_discovery:Crawling recursively for packages in '/home/mwangala/Desktop/__ROS2'
[0.374s] Level 1:colcon.colcon_core.package_identification:_identify(.) by extensions ['ignore', 'ignore_ament_install']
[0.374s] Level 1:colcon.colcon_core.package_identification:_identify(.) by extension 'ignore'
[0.374s] Level 1:colcon.colcon_core.package_identification:_identify(.) by extension 'ignore_ament_install'
[0.374s] Level 1:colcon.colcon_core.package_identification:_identify(.) by extensions ['colcon_pkg']
[0.374s] Level 1:colcon.colcon_core.package_identification:_identify(.) by extension 'colcon_pkg'
[0.374s] Level 1:colcon.colcon_core.package_identification:_identify(.) by extensions ['colcon_meta']
[0.374s] Level 1:colcon.colcon_core.package_identification:_identify(.) by extension 'colcon_meta'
[0.374s] Level 1:colcon.colcon_core.package_identification:_identify(.) by extensions ['ros']
[0.374s] Level 1:colcon.colcon_core.package_identification:_identify(.) by extension 'ros'
[0.387s] Level 1:colcon.colcon_core.package_identification:_identify(.) by extensions ['cmake', 'python']
[0.387s] Level 1:colcon.colcon_core.package_identification:_identify(.) by extension 'cmake'
[0.387s] Level 1:colcon.colcon_core.package_identification:_identify(.) by extension 'python'
[0.387s] Level 1:colcon.colcon_core.package_identification:_identify(.) by extensions ['python_setup_py']
[0.387s] Level 1:colcon.colcon_core.package_identification:_identify(.) by extension 'python_setup_py'
[0.387s] Level 1:colcon.colcon_core.package_identification:_identify(build) by extensions ['ignore', 'ignore_ament_install']
[0.387s] Level 1:colcon.colcon_core.package_identification:_identify(build) by extension 'ignore'
[0.387s] Level 1:colcon.colcon_core.package_identification:_identify(build) ignored
[0.387s] Level 1:colcon.colcon_core.package_identification:_identify(install) by extensions ['ignore', 'ignore_ament_install']
[0.387s] Level 1:colcon.colcon_core.package_identification:_identify(install) by extension 'ignore'
[0.388s] Level 1:colcon.colcon_core.package_identification:_identify(install) ignored
[0.388s] Level 1:colcon.colcon_core.package_identification:_identify(log) by extensions ['ignore', 'ignore_ament_install']
[0.388s] Level 1:colcon.colcon_core.package_identification:_identify(log) by extension 'ignore'
[0.388s] Level 1:colcon.colcon_core.package_identification:_identify(log) ignored
[0.388s] Level 1:colcon.colcon_core.package_identification:_identify(scripts) by extensions ['ignore', 'ignore_ament_install']
[0.388s] Level 1:colcon.colcon_core.package_identification:_identify(scripts) by extension 'ignore'
[0.388s] Level 1:colcon.colcon_core.package_identification:_identify(scripts) by extension 'ignore_ament_install'
[0.388s] Level 1:colcon.colcon_core.package_identification:_identify(scripts) by extensions ['colcon_pkg']
[0.388s] Level 1:colcon.colcon_core.package_identification:_identify(scripts) by extension 'colcon_pkg'
[0.388s] Level 1:colcon.colcon_core.package_identification:_identify(scripts) by extensions ['colcon_meta']
[0.388s] Level 1:colcon.colcon_core.package_identification:_identify(scripts) by extension 'colcon_meta'
[0.388s] Level 1:colcon.colcon_core.package_identification:_identify(scripts) by extensions ['ros']
[0.388s] Level 1:colcon.colcon_core.package_identification:_identify(scripts) by extension 'ros'
[0.388s] Level 1:colcon.colcon_core.package_identification:_identify(scripts) by extensions ['cmake', 'python']
[0.388s] Level 1:colcon.colcon_core.package_identification:_identify(scripts) by extension 'cmake'
[0.388s] Level 1:colcon.colcon_core.package_identification:_identify(scripts) by extension 'python'
[0.389s] Level 1:colcon.colcon_core.package_identification:_identify(scripts) by extensions ['python_setup_py']
[0.389s] Level 1:colcon.colcon_core.package_identification:_identify(scripts) by extension 'python_setup_py'
[0.389s] Level 1:colcon.colcon_core.package_identification:_identify(scripts/GUI) by extensions ['ignore', 'ignore_ament_install']
[0.389s] Level 1:colcon.colcon_core.package_identification:_identify(scripts/GUI) by extension 'ignore'
[0.389s] Level 1:colcon.colcon_core.package_identification:_identify(scripts/GUI) by extension 'ignore_ament_install'
[0.389s] Level 1:colcon.colcon_core.package_identification:_identify(scripts/GUI) by extensions ['colcon_pkg']
[0.389s] Level 1:colcon.colcon_core.package_identification:_identify(scripts/GUI) by extension 'colcon_pkg'
[0.389s] Level 1:colcon.colcon_core.package_identification:_identify(scripts/GUI) by extensions ['colcon_meta']
[0.389s] Level 1:colcon.colcon_core.package_identification:_identify(scripts/GUI) by extension 'colcon_meta'
[0.389s] Level 1:colcon.colcon_core.package_identification:_identify(scripts/GUI) by extensions ['ros']
[0.389s] Level 1:colcon.colcon_core.package_identification:_identify(scripts/GUI) by extension 'ros'
[0.389s] Level 1:colcon.colcon_core.package_identification:_identify(scripts/GUI) by extensions ['cmake', 'python']
[0.389s] Level 1:colcon.colcon_core.package_identification:_identify(scripts/GUI) by extension 'cmake'
[0.389s] Level 1:colcon.colcon_core.package_identification:_identify(scripts/GUI) by extension 'python'
[0.389s] Level 1:colcon.colcon_core.package_identification:_identify(scripts/GUI) by extensions ['python_setup_py']
[0.389s] Level 1:colcon.colcon_core.package_identification:_identify(scripts/GUI) by extension 'python_setup_py'
[0.389s] Level 1:colcon.colcon_core.package_identification:_identify(scripts/GUI/__pycache__) by extensions ['ignore', 'ignore_ament_install']
[0.390s] Level 1:colcon.colcon_core.package_identification:_identify(scripts/GUI/__pycache__) by extension 'ignore'
[0.390s] Level 1:colcon.colcon_core.package_identification:_identify(scripts/GUI/__pycache__) by extension 'ignore_ament_install'
[0.390s] Level 1:colcon.colcon_core.package_identification:_identify(scripts/GUI/__pycache__) by extensions ['colcon_pkg']
[0.390s] Level 1:colcon.colcon_core.package_identification:_identify(scripts/GUI/__pycache__) by extension 'colcon_pkg'
[0.390s] Level 1:colcon.colcon_core.package_identification:_identify(scripts/GUI/__pycache__) by extensions ['colcon_meta']
[0.390s] Level 1:colcon.colcon_core.package_identification:_identify(scripts/GUI/__pycache__) by extension 'colcon_meta'
[0.390s] Level 1:colcon.colcon_core.package_identification:_identify(scripts/GUI/__pycache__) by extensions ['ros']
[0.390s] Level 1:colcon.colcon_core.package_identification:_identify(scripts/GUI/__pycache__) by extension 'ros'
[0.390s] Level 1:colcon.colcon_core.package_identification:_identify(scripts/GUI/__pycache__) by extensions ['cmake', 'python']
[0.390s] Level 1:colcon.colcon_core.package_identification:_identify(scripts/GUI/__pycache__) by extension 'cmake'
[0.390s] Level 1:colcon.colcon_core.package_identification:_identify(scripts/GUI/__pycache__) by extension 'python'
[0.390s] Level 1:colcon.colcon_core.package_identification:_identify(scripts/GUI/__pycache__) by extensions ['python_setup_py']
[0.390s] Level 1:colcon.colcon_core.package_identification:_identify(scripts/GUI/__pycache__) by extension 'python_setup_py'
[0.390s] Level 1:colcon.colcon_core.package_identification:_identify(scripts/__pycache__) by extensions ['ignore', 'ignore_ament_install']
[0.390s] Level 1:colcon.colcon_core.package_identification:_identify(scripts/__pycache__) by extension 'ignore'
[0.390s] Level 1:colcon.colcon_core.package_identification:_identify(scripts/__pycache__) by extension 'ignore_ament_install'
[0.391s] Level 1:colcon.colcon_core.package_identification:_identify(scripts/__pycache__) by extensions ['colcon_pkg']
[0.391s] Level 1:colcon.colcon_core.package_identification:_identify(scripts/__pycache__) by extension 'colcon_pkg'
[0.391s] Level 1:colcon.colcon_core.package_identification:_identify(scripts/__pycache__) by extensions ['colcon_meta']
[0.391s] Level 1:colcon.colcon_core.package_identification:_identify(scripts/__pycache__) by extension 'colcon_meta'
[0.391s] Level 1:colcon.colcon_core.package_identification:_identify(scripts/__pycache__) by extensions ['ros']
[0.391s] Level 1:colcon.colcon_core.package_identification:_identify(scripts/__pycache__) by extension 'ros'
[0.391s] Level 1:colcon.colcon_core.package_identification:_identify(scripts/__pycache__) by extensions ['cmake', 'python']
[0.391s] Level 1:colcon.colcon_core.package_identification:_identify(scripts/__pycache__) by extension 'cmake'
[0.391s] Level 1:colcon.colcon_core.package_identification:_identify(scripts/__pycache__) by extension 'python'
[0.391s] Level 1:colcon.colcon_core.package_identification:_identify(scripts/__pycache__) by extensions ['python_setup_py']
[0.391s] Level 1:colcon.colcon_core.package_identification:_identify(scripts/__pycache__) by extension 'python_setup_py'
[0.391s] Level 1:colcon.colcon_core.package_identification:_identify(scripts/gripperSG90) by extensions ['ignore', 'ignore_ament_install']
[0.391s] Level 1:colcon.colcon_core.package_identification:_identify(scripts/gripperSG90) by extension 'ignore'
[0.391s] Level 1:colcon.colcon_core.package_identification:_identify(scripts/gripperSG90) by extension 'ignore_ament_install'
[0.391s] Level 1:colcon.colcon_core.package_identification:_identify(scripts/gripperSG90) by extensions ['colcon_pkg']
[0.391s] Level 1:colcon.colcon_core.package_identification:_identify(scripts/gripperSG90) by extension 'colcon_pkg'
[0.391s] Level 1:colcon.colcon_core.package_identification:_identify(scripts/gripperSG90) by extensions ['colcon_meta']
[0.391s] Level 1:colcon.colcon_core.package_identification:_identify(scripts/gripperSG90) by extension 'colcon_meta'
[0.391s] Level 1:colcon.colcon_core.package_identification:_identify(scripts/gripperSG90) by extensions ['ros']
[0.392s] Level 1:colcon.colcon_core.package_identification:_identify(scripts/gripperSG90) by extension 'ros'
[0.392s] Level 1:colcon.colcon_core.package_identification:_identify(scripts/gripperSG90) by extensions ['cmake', 'python']
[0.392s] Level 1:colcon.colcon_core.package_identification:_identify(scripts/gripperSG90) by extension 'cmake'
[0.392s] Level 1:colcon.colcon_core.package_identification:_identify(scripts/gripperSG90) by extension 'python'
[0.392s] Level 1:colcon.colcon_core.package_identification:_identify(scripts/gripperSG90) by extensions ['python_setup_py']
[0.392s] Level 1:colcon.colcon_core.package_identification:_identify(scripts/gripperSG90) by extension 'python_setup_py'
[0.392s] Level 1:colcon.colcon_core.package_identification:_identify(scripts/gripperSG90/GRIP) by extensions ['ignore', 'ignore_ament_install']
[0.392s] Level 1:colcon.colcon_core.package_identification:_identify(scripts/gripperSG90/GRIP) by extension 'ignore'
[0.392s] Level 1:colcon.colcon_core.package_identification:_identify(scripts/gripperSG90/GRIP) by extension 'ignore_ament_install'
[0.392s] Level 1:colcon.colcon_core.package_identification:_identify(scripts/gripperSG90/GRIP) by extensions ['colcon_pkg']
[0.392s] Level 1:colcon.colcon_core.package_identification:_identify(scripts/gripperSG90/GRIP) by extension 'colcon_pkg'
[0.392s] Level 1:colcon.colcon_core.package_identification:_identify(scripts/gripperSG90/GRIP) by extensions ['colcon_meta']
[0.392s] Level 1:colcon.colcon_core.package_identification:_identify(scripts/gripperSG90/GRIP) by extension 'colcon_meta'
[0.392s] Level 1:colcon.colcon_core.package_identification:_identify(scripts/gripperSG90/GRIP) by extensions ['ros']
[0.392s] Level 1:colcon.colcon_core.package_identification:_identify(scripts/gripperSG90/GRIP) by extension 'ros'
[0.392s] Level 1:colcon.colcon_core.package_identification:_identify(scripts/gripperSG90/GRIP) by extensions ['cmake', 'python']
[0.392s] Level 1:colcon.colcon_core.package_identification:_identify(scripts/gripperSG90/GRIP) by extension 'cmake'
[0.392s] Level 1:colcon.colcon_core.package_identification:_identify(scripts/gripperSG90/GRIP) by extension 'python'
[0.393s] Level 1:colcon.colcon_core.package_identification:_identify(scripts/gripperSG90/GRIP) by extensions ['python_setup_py']
[0.393s] Level 1:colcon.colcon_core.package_identification:_identify(scripts/gripperSG90/GRIP) by extension 'python_setup_py'
[0.393s] Level 1:colcon.colcon_core.package_identification:_identify(scripts/hardwareInterface) by extensions ['ignore', 'ignore_ament_install']
[0.393s] Level 1:colcon.colcon_core.package_identification:_identify(scripts/hardwareInterface) by extension 'ignore'
[0.393s] Level 1:colcon.colcon_core.package_identification:_identify(scripts/hardwareInterface) by extension 'ignore_ament_install'
[0.393s] Level 1:colcon.colcon_core.package_identification:_identify(scripts/hardwareInterface) by extensions ['colcon_pkg']
[0.393s] Level 1:colcon.colcon_core.package_identification:_identify(scripts/hardwareInterface) by extension 'colcon_pkg'
[0.393s] Level 1:colcon.colcon_core.package_identification:_identify(scripts/hardwareInterface) by extensions ['colcon_meta']
[0.393s] Level 1:colcon.colcon_core.package_identification:_identify(scripts/hardwareInterface) by extension 'colcon_meta'
[0.393s] Level 1:colcon.colcon_core.package_identification:_identify(scripts/hardwareInterface) by extensions ['ros']
[0.393s] Level 1:colcon.colcon_core.package_identification:_identify(scripts/hardwareInterface) by extension 'ros'
[0.393s] Level 1:colcon.colcon_core.package_identification:_identify(scripts/hardwareInterface) by extensions ['cmake', 'python']
[0.393s] Level 1:colcon.colcon_core.package_identification:_identify(scripts/hardwareInterface) by extension 'cmake'
[0.393s] Level 1:colcon.colcon_core.package_identification:_identify(scripts/hardwareInterface) by extension 'python'
[0.393s] Level 1:colcon.colcon_core.package_identification:_identify(scripts/hardwareInterface) by extensions ['python_setup_py']
[0.393s] Level 1:colcon.colcon_core.package_identification:_identify(scripts/hardwareInterface) by extension 'python_setup_py'
[0.393s] Level 1:colcon.colcon_core.package_identification:_identify(scripts/hardwareInterface/ManualPositioning) by extensions ['ignore', 'ignore_ament_install']
[0.394s] Level 1:colcon.colcon_core.package_identification:_identify(scripts/hardwareInterface/ManualPositioning) by extension 'ignore'
[0.394s] Level 1:colcon.colcon_core.package_identification:_identify(scripts/hardwareInterface/ManualPositioning) by extension 'ignore_ament_install'
[0.394s] Level 1:colcon.colcon_core.package_identification:_identify(scripts/hardwareInterface/ManualPositioning) by extensions ['colcon_pkg']
[0.394s] Level 1:colcon.colcon_core.package_identification:_identify(scripts/hardwareInterface/ManualPositioning) by extension 'colcon_pkg'
[0.394s] Level 1:colcon.colcon_core.package_identification:_identify(scripts/hardwareInterface/ManualPositioning) by extensions ['colcon_meta']
[0.394s] Level 1:colcon.colcon_core.package_identification:_identify(scripts/hardwareInterface/ManualPositioning) by extension 'colcon_meta'
[0.394s] Level 1:colcon.colcon_core.package_identification:_identify(scripts/hardwareInterface/ManualPositioning) by extensions ['ros']
[0.394s] Level 1:colcon.colcon_core.package_identification:_identify(scripts/hardwareInterface/ManualPositioning) by extension 'ros'
[0.394s] Level 1:colcon.colcon_core.package_identification:_identify(scripts/hardwareInterface/ManualPositioning) by extensions ['cmake', 'python']
[0.394s] Level 1:colcon.colcon_core.package_identification:_identify(scripts/hardwareInterface/ManualPositioning) by extension 'cmake'
[0.394s] Level 1:colcon.colcon_core.package_identification:_identify(scripts/hardwareInterface/ManualPositioning) by extension 'python'
[0.394s] Level 1:colcon.colcon_core.package_identification:_identify(scripts/hardwareInterface/ManualPositioning) by extensions ['python_setup_py']
[0.394s] Level 1:colcon.colcon_core.package_identification:_identify(scripts/hardwareInterface/ManualPositioning) by extension 'python_setup_py'
[0.394s] Level 1:colcon.colcon_core.package_identification:_identify(scripts/hardwareInterface/pegasus_driver) by extensions ['ignore', 'ignore_ament_install']
[0.394s] Level 1:colcon.colcon_core.package_identification:_identify(scripts/hardwareInterface/pegasus_driver) by extension 'ignore'
[0.394s] Level 1:colcon.colcon_core.package_identification:_identify(scripts/hardwareInterface/pegasus_driver) by extension 'ignore_ament_install'
[0.394s] Level 1:colcon.colcon_core.package_identification:_identify(scripts/hardwareInterface/pegasus_driver) by extensions ['colcon_pkg']
[0.394s] Level 1:colcon.colcon_core.package_identification:_identify(scripts/hardwareInterface/pegasus_driver) by extension 'colcon_pkg'
[0.395s] Level 1:colcon.colcon_core.package_identification:_identify(scripts/hardwareInterface/pegasus_driver) by extensions ['colcon_meta']
[0.395s] Level 1:colcon.colcon_core.package_identification:_identify(scripts/hardwareInterface/pegasus_driver) by extension 'colcon_meta'
[0.395s] Level 1:colcon.colcon_core.package_identification:_identify(scripts/hardwareInterface/pegasus_driver) by extensions ['ros']
[0.395s] Level 1:colcon.colcon_core.package_identification:_identify(scripts/hardwareInterface/pegasus_driver) by extension 'ros'
[0.395s] Level 1:colcon.colcon_core.package_identification:_identify(scripts/hardwareInterface/pegasus_driver) by extensions ['cmake', 'python']
[0.395s] Level 1:colcon.colcon_core.package_identification:_identify(scripts/hardwareInterface/pegasus_driver) by extension 'cmake'
[0.395s] Level 1:colcon.colcon_core.package_identification:_identify(scripts/hardwareInterface/pegasus_driver) by extension 'python'
[0.395s] Level 1:colcon.colcon_core.package_identification:_identify(scripts/hardwareInterface/pegasus_driver) by extensions ['python_setup_py']
[0.395s] Level 1:colcon.colcon_core.package_identification:_identify(scripts/hardwareInterface/pegasus_driver) by extension 'python_setup_py'
[0.395s] Level 1:colcon.colcon_core.package_identification:_identify(scripts/interface) by extensions ['ignore', 'ignore_ament_install']
[0.395s] Level 1:colcon.colcon_core.package_identification:_identify(scripts/interface) by extension 'ignore'
[0.395s] Level 1:colcon.colcon_core.package_identification:_identify(scripts/interface) by extension 'ignore_ament_install'
[0.395s] Level 1:colcon.colcon_core.package_identification:_identify(scripts/interface) by extensions ['colcon_pkg']
[0.395s] Level 1:colcon.colcon_core.package_identification:_identify(scripts/interface) by extension 'colcon_pkg'
[0.395s] Level 1:colcon.colcon_core.package_identification:_identify(scripts/interface) by extensions ['colcon_meta']
[0.395s] Level 1:colcon.colcon_core.package_identification:_identify(scripts/interface) by extension 'colcon_meta'
[0.395s] Level 1:colcon.colcon_core.package_identification:_identify(scripts/interface) by extensions ['ros']
[0.395s] Level 1:colcon.colcon_core.package_identification:_identify(scripts/interface) by extension 'ros'
[0.396s] Level 1:colcon.colcon_core.package_identification:_identify(scripts/interface) by extensions ['cmake', 'python']
[0.396s] Level 1:colcon.colcon_core.package_identification:_identify(scripts/interface) by extension 'cmake'
[0.396s] Level 1:colcon.colcon_core.package_identification:_identify(scripts/interface) by extension 'python'
[0.396s] Level 1:colcon.colcon_core.package_identification:_identify(scripts/interface) by extensions ['python_setup_py']
[0.396s] Level 1:colcon.colcon_core.package_identification:_identify(scripts/interface) by extension 'python_setup_py'
[0.396s] Level 1:colcon.colcon_core.package_identification:_identify(scripts/interface/H_interface) by extensions ['ignore', 'ignore_ament_install']
[0.396s] Level 1:colcon.colcon_core.package_identification:_identify(scripts/interface/H_interface) by extension 'ignore'
[0.396s] Level 1:colcon.colcon_core.package_identification:_identify(scripts/interface/H_interface) by extension 'ignore_ament_install'
[0.396s] Level 1:colcon.colcon_core.package_identification:_identify(scripts/interface/H_interface) by extensions ['colcon_pkg']
[0.396s] Level 1:colcon.colcon_core.package_identification:_identify(scripts/interface/H_interface) by extension 'colcon_pkg'
[0.396s] Level 1:colcon.colcon_core.package_identification:_identify(scripts/interface/H_interface) by extensions ['colcon_meta']
[0.396s] Level 1:colcon.colcon_core.package_identification:_identify(scripts/interface/H_interface) by extension 'colcon_meta'
[0.396s] Level 1:colcon.colcon_core.package_identification:_identify(scripts/interface/H_interface) by extensions ['ros']
[0.396s] Level 1:colcon.colcon_core.package_identification:_identify(scripts/interface/H_interface) by extension 'ros'
[0.396s] Level 1:colcon.colcon_core.package_identification:_identify(scripts/interface/H_interface) by extensions ['cmake', 'python']
[0.396s] Level 1:colcon.colcon_core.package_identification:_identify(scripts/interface/H_interface) by extension 'cmake'
[0.396s] Level 1:colcon.colcon_core.package_identification:_identify(scripts/interface/H_interface) by extension 'python'
[0.396s] Level 1:colcon.colcon_core.package_identification:_identify(scripts/interface/H_interface) by extensions ['python_setup_py']
[0.396s] Level 1:colcon.colcon_core.package_identification:_identify(scripts/interface/H_interface) by extension 'python_setup_py'
[0.397s] Level 1:colcon.colcon_core.package_identification:_identify(src) by extensions ['ignore', 'ignore_ament_install']
[0.397s] Level 1:colcon.colcon_core.package_identification:_identify(src) by extension 'ignore'
[0.397s] Level 1:colcon.colcon_core.package_identification:_identify(src) by extension 'ignore_ament_install'
[0.397s] Level 1:colcon.colcon_core.package_identification:_identify(src) by extensions ['colcon_pkg']
[0.397s] Level 1:colcon.colcon_core.package_identification:_identify(src) by extension 'colcon_pkg'
[0.397s] Level 1:colcon.colcon_core.package_identification:_identify(src) by extensions ['colcon_meta']
[0.397s] Level 1:colcon.colcon_core.package_identification:_identify(src) by extension 'colcon_meta'
[0.397s] Level 1:colcon.colcon_core.package_identification:_identify(src) by extensions ['ros']
[0.397s] Level 1:colcon.colcon_core.package_identification:_identify(src) by extension 'ros'
[0.397s] Level 1:colcon.colcon_core.package_identification:_identify(src) by extensions ['cmake', 'python']
[0.397s] Level 1:colcon.colcon_core.package_identification:_identify(src) by extension 'cmake'
[0.397s] Level 1:colcon.colcon_core.package_identification:_identify(src) by extension 'python'
[0.397s] Level 1:colcon.colcon_core.package_identification:_identify(src) by extensions ['python_setup_py']
[0.397s] Level 1:colcon.colcon_core.package_identification:_identify(src) by extension 'python_setup_py'
[0.397s] Level 1:colcon.colcon_core.package_identification:_identify(src/cv_pegasus_bridge) by extensions ['ignore', 'ignore_ament_install']
[0.397s] Level 1:colcon.colcon_core.package_identification:_identify(src/cv_pegasus_bridge) by extension 'ignore'
[0.397s] Level 1:colcon.colcon_core.package_identification:_identify(src/cv_pegasus_bridge) by extension 'ignore_ament_install'
[0.398s] Level 1:colcon.colcon_core.package_identification:_identify(src/cv_pegasus_bridge) by extensions ['colcon_pkg']
[0.398s] Level 1:colcon.colcon_core.package_identification:_identify(src/cv_pegasus_bridge) by extension 'colcon_pkg'
[0.398s] Level 1:colcon.colcon_core.package_identification:_identify(src/cv_pegasus_bridge) by extensions ['colcon_meta']
[0.398s] Level 1:colcon.colcon_core.package_identification:_identify(src/cv_pegasus_bridge) by extension 'colcon_meta'
[0.398s] Level 1:colcon.colcon_core.package_identification:_identify(src/cv_pegasus_bridge) by extensions ['ros']
[0.398s] Level 1:colcon.colcon_core.package_identification:_identify(src/cv_pegasus_bridge) by extension 'ros'
[0.402s] DEBUG:colcon.colcon_core.package_identification:Package 'src/cv_pegasus_bridge' with type 'ros.ament_python' and name 'cv_pegasus_bridge'
[0.402s] Level 1:colcon.colcon_core.package_identification:_identify(src/hand_interfaces) by extensions ['ignore', 'ignore_ament_install']
[0.402s] Level 1:colcon.colcon_core.package_identification:_identify(src/hand_interfaces) by extension 'ignore'
[0.402s] Level 1:colcon.colcon_core.package_identification:_identify(src/hand_interfaces) by extension 'ignore_ament_install'
[0.402s] Level 1:colcon.colcon_core.package_identification:_identify(src/hand_interfaces) by extensions ['colcon_pkg']
[0.402s] Level 1:colcon.colcon_core.package_identification:_identify(src/hand_interfaces) by extension 'colcon_pkg'
[0.402s] Level 1:colcon.colcon_core.package_identification:_identify(src/hand_interfaces) by extensions ['colcon_meta']
[0.402s] Level 1:colcon.colcon_core.package_identification:_identify(src/hand_interfaces) by extension 'colcon_meta'
[0.402s] Level 1:colcon.colcon_core.package_identification:_identify(src/hand_interfaces) by extensions ['ros']
[0.403s] Level 1:colcon.colcon_core.package_identification:_identify(src/hand_interfaces) by extension 'ros'
[0.403s] DEBUG:colcon.colcon_core.package_identification:Package 'src/hand_interfaces' with type 'ros.ament_cmake' and name 'hand_interfaces'
[0.404s] Level 1:colcon.colcon_core.package_identification:_identify(src/handcv) by extensions ['ignore', 'ignore_ament_install']
[0.404s] Level 1:colcon.colcon_core.package_identification:_identify(src/handcv) by extension 'ignore'
[0.404s] Level 1:colcon.colcon_core.package_identification:_identify(src/handcv) by extension 'ignore_ament_install'
[0.404s] Level 1:colcon.colcon_core.package_identification:_identify(src/handcv) by extensions ['colcon_pkg']
[0.404s] Level 1:colcon.colcon_core.package_identification:_identify(src/handcv) by extension 'colcon_pkg'
[0.404s] Level 1:colcon.colcon_core.package_identification:_identify(src/handcv) by extensions ['colcon_meta']
[0.404s] Level 1:colcon.colcon_core.package_identification:_identify(src/handcv) by extension 'colcon_meta'
[0.404s] Level 1:colcon.colcon_core.package_identification:_identify(src/handcv) by extensions ['ros']
[0.404s] Level 1:colcon.colcon_core.package_identification:_identify(src/handcv) by extension 'ros'
[0.405s] DEBUG:colcon.colcon_core.package_identification:Package 'src/handcv' with type 'ros.ament_python' and name 'handcv'
[0.405s] Level 1:colcon.colcon_core.package_identification:_identify(src/image_transport_plugins) by extensions ['ignore', 'ignore_ament_install']
[0.405s] Level 1:colcon.colcon_core.package_identification:_identify(src/image_transport_plugins) by extension 'ignore'
[0.405s] Level 1:colcon.colcon_core.package_identification:_identify(src/image_transport_plugins) by extension 'ignore_ament_install'
[0.406s] Level 1:colcon.colcon_core.package_identification:_identify(src/image_transport_plugins) by extensions ['colcon_pkg']
[0.406s] Level 1:colcon.colcon_core.package_identification:_identify(src/image_transport_plugins) by extension 'colcon_pkg'
[0.406s] Level 1:colcon.colcon_core.package_identification:_identify(src/image_transport_plugins) by extensions ['colcon_meta']
[0.406s] Level 1:colcon.colcon_core.package_identification:_identify(src/image_transport_plugins) by extension 'colcon_meta'
[0.406s] Level 1:colcon.colcon_core.package_identification:_identify(src/image_transport_plugins) by extensions ['ros']
[0.406s] Level 1:colcon.colcon_core.package_identification:_identify(src/image_transport_plugins) by extension 'ros'
[0.406s] Level 1:colcon.colcon_core.package_identification:_identify(src/image_transport_plugins) by extensions ['cmake', 'python']
[0.406s] Level 1:colcon.colcon_core.package_identification:_identify(src/image_transport_plugins) by extension 'cmake'
[0.406s] Level 1:colcon.colcon_core.package_identification:_identify(src/image_transport_plugins) by extension 'python'
[0.406s] Level 1:colcon.colcon_core.package_identification:_identify(src/image_transport_plugins) by extensions ['python_setup_py']
[0.406s] Level 1:colcon.colcon_core.package_identification:_identify(src/image_transport_plugins) by extension 'python_setup_py'
[0.406s] Level 1:colcon.colcon_core.package_identification:_identify(src/image_transport_plugins/compressed_depth_image_transport) by extensions ['ignore', 'ignore_ament_install']
[0.406s] Level 1:colcon.colcon_core.package_identification:_identify(src/image_transport_plugins/compressed_depth_image_transport) by extension 'ignore'
[0.406s] Level 1:colcon.colcon_core.package_identification:_identify(src/image_transport_plugins/compressed_depth_image_transport) by extension 'ignore_ament_install'
[0.406s] Level 1:colcon.colcon_core.package_identification:_identify(src/image_transport_plugins/compressed_depth_image_transport) by extensions ['colcon_pkg']
[0.407s] Level 1:colcon.colcon_core.package_identification:_identify(src/image_transport_plugins/compressed_depth_image_transport) by extension 'colcon_pkg'
[0.407s] Level 1:colcon.colcon_core.package_identification:_identify(src/image_transport_plugins/compressed_depth_image_transport) by extensions ['colcon_meta']
[0.407s] Level 1:colcon.colcon_core.package_identification:_identify(src/image_transport_plugins/compressed_depth_image_transport) by extension 'colcon_meta'
[0.407s] Level 1:colcon.colcon_core.package_identification:_identify(src/image_transport_plugins/compressed_depth_image_transport) by extensions ['ros']
[0.407s] Level 1:colcon.colcon_core.package_identification:_identify(src/image_transport_plugins/compressed_depth_image_transport) by extension 'ros'
[0.408s] DEBUG:colcon.colcon_core.package_identification:Package 'src/image_transport_plugins/compressed_depth_image_transport' with type 'ros.ament_cmake' and name 'compressed_depth_image_transport'
[0.408s] Level 1:colcon.colcon_core.package_identification:_identify(src/image_transport_plugins/compressed_image_transport) by extensions ['ignore', 'ignore_ament_install']
[0.408s] Level 1:colcon.colcon_core.package_identification:_identify(src/image_transport_plugins/compressed_image_transport) by extension 'ignore'
[0.408s] Level 1:colcon.colcon_core.package_identification:_identify(src/image_transport_plugins/compressed_image_transport) by extension 'ignore_ament_install'
[0.408s] Level 1:colcon.colcon_core.package_identification:_identify(src/image_transport_plugins/compressed_image_transport) by extensions ['colcon_pkg']
[0.408s] Level 1:colcon.colcon_core.package_identification:_identify(src/image_transport_plugins/compressed_image_transport) by extension 'colcon_pkg'
[0.408s] Level 1:colcon.colcon_core.package_identification:_identify(src/image_transport_plugins/compressed_image_transport) by extensions ['colcon_meta']
[0.408s] Level 1:colcon.colcon_core.package_identification:_identify(src/image_transport_plugins/compressed_image_transport) by extension 'colcon_meta'
[0.408s] Level 1:colcon.colcon_core.package_identification:_identify(src/image_transport_plugins/compressed_image_transport) by extensions ['ros']
[0.408s] Level 1:colcon.colcon_core.package_identification:_identify(src/image_transport_plugins/compressed_image_transport) by extension 'ros'
[0.409s] DEBUG:colcon.colcon_core.package_identification:Package 'src/image_transport_plugins/compressed_image_transport' with type 'ros.ament_cmake' and name 'compressed_image_transport'
[0.410s] Level 1:colcon.colcon_core.package_identification:_identify(src/image_transport_plugins/image_transport_plugins) by extensions ['ignore', 'ignore_ament_install']
[0.410s] Level 1:colcon.colcon_core.package_identification:_identify(src/image_transport_plugins/image_transport_plugins) by extension 'ignore'
[0.410s] Level 1:colcon.colcon_core.package_identification:_identify(src/image_transport_plugins/image_transport_plugins) by extension 'ignore_ament_install'
[0.410s] Level 1:colcon.colcon_core.package_identification:_identify(src/image_transport_plugins/image_transport_plugins) by extensions ['colcon_pkg']
[0.410s] Level 1:colcon.colcon_core.package_identification:_identify(src/image_transport_plugins/image_transport_plugins) by extension 'colcon_pkg'
[0.410s] Level 1:colcon.colcon_core.package_identification:_identify(src/image_transport_plugins/image_transport_plugins) by extensions ['colcon_meta']
[0.410s] Level 1:colcon.colcon_core.package_identification:_identify(src/image_transport_plugins/image_transport_plugins) by extension 'colcon_meta'
[0.410s] Level 1:colcon.colcon_core.package_identification:_identify(src/image_transport_plugins/image_transport_plugins) by extensions ['ros']
[0.410s] Level 1:colcon.colcon_core.package_identification:_identify(src/image_transport_plugins/image_transport_plugins) by extension 'ros'
[0.411s] DEBUG:colcon.colcon_core.package_identification:Package 'src/image_transport_plugins/image_transport_plugins' with type 'ros.ament_cmake' and name 'image_transport_plugins'
[0.412s] Level 1:colcon.colcon_core.package_identification:_identify(src/image_transport_plugins/theora_image_transport) by extensions ['ignore', 'ignore_ament_install']
[0.412s] Level 1:colcon.colcon_core.package_identification:_identify(src/image_transport_plugins/theora_image_transport) by extension 'ignore'
[0.412s] Level 1:colcon.colcon_core.package_identification:_identify(src/image_transport_plugins/theora_image_transport) by extension 'ignore_ament_install'
[0.412s] Level 1:colcon.colcon_core.package_identification:_identify(src/image_transport_plugins/theora_image_transport) by extensions ['colcon_pkg']
[0.412s] Level 1:colcon.colcon_core.package_identification:_identify(src/image_transport_plugins/theora_image_transport) by extension 'colcon_pkg'
[0.412s] Level 1:colcon.colcon_core.package_identification:_identify(src/image_transport_plugins/theora_image_transport) by extensions ['colcon_meta']
[0.412s] Level 1:colcon.colcon_core.package_identification:_identify(src/image_transport_plugins/theora_image_transport) by extension 'colcon_meta'
[0.412s] Level 1:colcon.colcon_core.package_identification:_identify(src/image_transport_plugins/theora_image_transport) by extensions ['ros']
[0.412s] Level 1:colcon.colcon_core.package_identification:_identify(src/image_transport_plugins/theora_image_transport) by extension 'ros'
[0.417s] DEBUG:colcon.colcon_core.package_identification:Package 'src/image_transport_plugins/theora_image_transport' with type 'ros.ament_cmake' and name 'theora_image_transport'
[0.417s] Level 1:colcon.colcon_core.package_identification:_identify(src/image_transport_plugins/zstd_image_transport) by extensions ['ignore', 'ignore_ament_install']
[0.417s] Level 1:colcon.colcon_core.package_identification:_identify(src/image_transport_plugins/zstd_image_transport) by extension 'ignore'
[0.417s] Level 1:colcon.colcon_core.package_identification:_identify(src/image_transport_plugins/zstd_image_transport) by extension 'ignore_ament_install'
[0.417s] Level 1:colcon.colcon_core.package_identification:_identify(src/image_transport_plugins/zstd_image_transport) by extensions ['colcon_pkg']
[0.418s] Level 1:colcon.colcon_core.package_identification:_identify(src/image_transport_plugins/zstd_image_transport) by extension 'colcon_pkg'
[0.418s] Level 1:colcon.colcon_core.package_identification:_identify(src/image_transport_plugins/zstd_image_transport) by extensions ['colcon_meta']
[0.418s] Level 1:colcon.colcon_core.package_identification:_identify(src/image_transport_plugins/zstd_image_transport) by extension 'colcon_meta'
[0.418s] Level 1:colcon.colcon_core.package_identification:_identify(src/image_transport_plugins/zstd_image_transport) by extensions ['ros']
[0.418s] Level 1:colcon.colcon_core.package_identification:_identify(src/image_transport_plugins/zstd_image_transport) by extension 'ros'
[0.418s] Level 1:colcon.colcon_core.package_identification:_identify(src/image_transport_plugins/zstd_image_transport) by extensions ['cmake', 'python']
[0.418s] Level 1:colcon.colcon_core.package_identification:_identify(src/image_transport_plugins/zstd_image_transport) by extension 'cmake'
[0.418s] Level 1:colcon.colcon_core.package_identification:_identify(src/image_transport_plugins/zstd_image_transport) by extension 'python'
[0.418s] Level 1:colcon.colcon_core.package_identification:_identify(src/image_transport_plugins/zstd_image_transport) by extensions ['python_setup_py']
[0.418s] Level 1:colcon.colcon_core.package_identification:_identify(src/image_transport_plugins/zstd_image_transport) by extension 'python_setup_py'
[0.418s] Level 1:colcon.colcon_core.package_identification:_identify(src/image_transport_plugins/zstd_image_transport/src) by extensions ['ignore', 'ignore_ament_install']
[0.418s] Level 1:colcon.colcon_core.package_identification:_identify(src/image_transport_plugins/zstd_image_transport/src) by extension 'ignore'
[0.418s] Level 1:colcon.colcon_core.package_identification:_identify(src/image_transport_plugins/zstd_image_transport/src) by extension 'ignore_ament_install'
[0.418s] Level 1:colcon.colcon_core.package_identification:_identify(src/image_transport_plugins/zstd_image_transport/src) by extensions ['colcon_pkg']
[0.418s] Level 1:colcon.colcon_core.package_identification:_identify(src/image_transport_plugins/zstd_image_transport/src) by extension 'colcon_pkg'
[0.418s] Level 1:colcon.colcon_core.package_identification:_identify(src/image_transport_plugins/zstd_image_transport/src) by extensions ['colcon_meta']
[0.419s] Level 1:colcon.colcon_core.package_identification:_identify(src/image_transport_plugins/zstd_image_transport/src) by extension 'colcon_meta'
[0.419s] Level 1:colcon.colcon_core.package_identification:_identify(src/image_transport_plugins/zstd_image_transport/src) by extensions ['ros']
[0.419s] Level 1:colcon.colcon_core.package_identification:_identify(src/image_transport_plugins/zstd_image_transport/src) by extension 'ros'
[0.419s] Level 1:colcon.colcon_core.package_identification:_identify(src/image_transport_plugins/zstd_image_transport/src) by extensions ['cmake', 'python']
[0.419s] Level 1:colcon.colcon_core.package_identification:_identify(src/image_transport_plugins/zstd_image_transport/src) by extension 'cmake'
[0.419s] Level 1:colcon.colcon_core.package_identification:_identify(src/image_transport_plugins/zstd_image_transport/src) by extension 'python'
[0.419s] Level 1:colcon.colcon_core.package_identification:_identify(src/image_transport_plugins/zstd_image_transport/src) by extensions ['python_setup_py']
[0.419s] Level 1:colcon.colcon_core.package_identification:_identify(src/image_transport_plugins/zstd_image_transport/src) by extension 'python_setup_py'
[0.419s] Level 1:colcon.colcon_core.package_identification:_identify(src/kinect2_bridge) by extensions ['ignore', 'ignore_ament_install']
[0.419s] Level 1:colcon.colcon_core.package_identification:_identify(src/kinect2_bridge) by extension 'ignore'
[0.419s] Level 1:colcon.colcon_core.package_identification:_identify(src/kinect2_bridge) by extension 'ignore_ament_install'
[0.419s] Level 1:colcon.colcon_core.package_identification:_identify(src/kinect2_bridge) by extensions ['colcon_pkg']
[0.419s] Level 1:colcon.colcon_core.package_identification:_identify(src/kinect2_bridge) by extension 'colcon_pkg'
[0.419s] Level 1:colcon.colcon_core.package_identification:_identify(src/kinect2_bridge) by extensions ['colcon_meta']
[0.419s] Level 1:colcon.colcon_core.package_identification:_identify(src/kinect2_bridge) by extension 'colcon_meta'
[0.419s] Level 1:colcon.colcon_core.package_identification:_identify(src/kinect2_bridge) by extensions ['ros']
[0.420s] Level 1:colcon.colcon_core.package_identification:_identify(src/kinect2_bridge) by extension 'ros'
[0.421s] DEBUG:colcon.colcon_core.package_identification:Package 'src/kinect2_bridge' with type 'ros.ament_cmake' and name 'kinect2_bridge'
[0.421s] Level 1:colcon.colcon_core.package_identification:_identify(src/kinect2_calibration) by extensions ['ignore', 'ignore_ament_install']
[0.421s] Level 1:colcon.colcon_core.package_identification:_identify(src/kinect2_calibration) by extension 'ignore'
[0.421s] Level 1:colcon.colcon_core.package_identification:_identify(src/kinect2_calibration) by extension 'ignore_ament_install'
[0.422s] Level 1:colcon.colcon_core.package_identification:_identify(src/kinect2_calibration) by extensions ['colcon_pkg']
[0.422s] Level 1:colcon.colcon_core.package_identification:_identify(src/kinect2_calibration) by extension 'colcon_pkg'
[0.422s] Level 1:colcon.colcon_core.package_identification:_identify(src/kinect2_calibration) by extensions ['colcon_meta']
[0.422s] Level 1:colcon.colcon_core.package_identification:_identify(src/kinect2_calibration) by extension 'colcon_meta'
[0.422s] Level 1:colcon.colcon_core.package_identification:_identify(src/kinect2_calibration) by extensions ['ros']
[0.422s] Level 1:colcon.colcon_core.package_identification:_identify(src/kinect2_calibration) by extension 'ros'
[0.423s] DEBUG:colcon.colcon_core.package_identification:Package 'src/kinect2_calibration' with type 'ros.ament_cmake' and name 'kinect2_calibration'
[0.424s] Level 1:colcon.colcon_core.package_identification:_identify(src/kinect2_registration) by extensions ['ignore', 'ignore_ament_install']
[0.424s] Level 1:colcon.colcon_core.package_identification:_identify(src/kinect2_registration) by extension 'ignore'
[0.424s] Level 1:colcon.colcon_core.package_identification:_identify(src/kinect2_registration) by extension 'ignore_ament_install'
[0.424s] Level 1:colcon.colcon_core.package_identification:_identify(src/kinect2_registration) by extensions ['colcon_pkg']
[0.424s] Level 1:colcon.colcon_core.package_identification:_identify(src/kinect2_registration) by extension 'colcon_pkg'
[0.424s] Level 1:colcon.colcon_core.package_identification:_identify(src/kinect2_registration) by extensions ['colcon_meta']
[0.424s] Level 1:colcon.colcon_core.package_identification:_identify(src/kinect2_registration) by extension 'colcon_meta'
[0.424s] Level 1:colcon.colcon_core.package_identification:_identify(src/kinect2_registration) by extensions ['ros']
[0.424s] Level 1:colcon.colcon_core.package_identification:_identify(src/kinect2_registration) by extension 'ros'
[0.425s] DEBUG:colcon.colcon_core.package_identification:Package 'src/kinect2_registration' with type 'ros.ament_cmake' and name 'kinect2_registration'
[0.425s] Level 1:colcon.colcon_core.package_identification:_identify(src/pegasus_control) by extensions ['ignore', 'ignore_ament_install']
[0.425s] Level 1:colcon.colcon_core.package_identification:_identify(src/pegasus_control) by extension 'ignore'
[0.426s] Level 1:colcon.colcon_core.package_identification:_identify(src/pegasus_control) by extension 'ignore_ament_install'
[0.426s] Level 1:colcon.colcon_core.package_identification:_identify(src/pegasus_control) by extensions ['colcon_pkg']
[0.426s] Level 1:colcon.colcon_core.package_identification:_identify(src/pegasus_control) by extension 'colcon_pkg'
[0.426s] Level 1:colcon.colcon_core.package_identification:_identify(src/pegasus_control) by extensions ['colcon_meta']
[0.426s] Level 1:colcon.colcon_core.package_identification:_identify(src/pegasus_control) by extension 'colcon_meta'
[0.426s] Level 1:colcon.colcon_core.package_identification:_identify(src/pegasus_control) by extensions ['ros']
[0.426s] Level 1:colcon.colcon_core.package_identification:_identify(src/pegasus_control) by extension 'ros'
[0.449s] DEBUG:colcon.colcon_core.package_identification:Package 'src/pegasus_control' with type 'ros.ament_python' and name 'pegasus_control'
[0.449s] Level 1:colcon.colcon_core.package_identification:_identify(src/update_pegasus_description) by extensions ['ignore', 'ignore_ament_install']
[0.449s] Level 1:colcon.colcon_core.package_identification:_identify(src/update_pegasus_description) by extension 'ignore'
[0.449s] Level 1:colcon.colcon_core.package_identification:_identify(src/update_pegasus_description) by extension 'ignore_ament_install'
[0.450s] Level 1:colcon.colcon_core.package_identification:_identify(src/update_pegasus_description) by extensions ['colcon_pkg']
[0.450s] Level 1:colcon.colcon_core.package_identification:_identify(src/update_pegasus_description) by extension 'colcon_pkg'
[0.450s] Level 1:colcon.colcon_core.package_identification:_identify(src/update_pegasus_description) by extensions ['colcon_meta']
[0.450s] Level 1:colcon.colcon_core.package_identification:_identify(src/update_pegasus_description) by extension 'colcon_meta'
[0.450s] Level 1:colcon.colcon_core.package_identification:_identify(src/update_pegasus_description) by extensions ['ros']
[0.450s] Level 1:colcon.colcon_core.package_identification:_identify(src/update_pegasus_description) by extension 'ros'
[0.451s] DEBUG:colcon.colcon_core.package_identification:Package 'src/update_pegasus_description' with type 'ros.ament_cmake' and name 'update_pegasus_description'
[0.451s] Level 1:colcon.colcon_core.package_discovery:discover_packages(recursive) using defaults
[0.451s] Level 1:colcon.colcon_core.package_discovery:discover_packages(ignore) discover
[0.452s] Level 1:colcon.colcon_core.package_discovery:discover_packages(ignore) using defaults
[0.452s] Level 1:colcon.colcon_core.package_discovery:discover_packages(path) discover
[0.452s] Level 1:colcon.colcon_core.package_discovery:discover_packages(path) using defaults
[0.486s] Level 1:colcon.colcon_core.package_discovery:discover_packages(prefix_path) check parameters
[0.486s] Level 1:colcon.colcon_core.package_discovery:discover_packages(prefix_path) discover
[0.489s] DEBUG:colcon.colcon_installed_package_information.package_discovery:Found 13 installed packages in /home/mwangala/Desktop/Goaty/ros_project_ws2/install
[0.490s] DEBUG:colcon.colcon_installed_package_information.package_discovery:Found 11 installed packages in /home/mwangala/Desktop/Goaty/ros_project_ws/install
[0.493s] DEBUG:colcon.colcon_installed_package_information.package_discovery:Found 424 installed packages in /opt/ros/humble
[0.497s] Level 1:colcon.colcon_core.package_discovery:discover_packages(prefix_path) using defaults
[0.561s] WARNING:colcon.colcon_core.package_selection:Some selected packages are already built in one or more underlay workspaces:
	'hand_interfaces' is in: /home/mwangala/Desktop/Goaty/ros_project_ws2/install/hand_interfaces, /home/mwangala/Desktop/Goaty/ros_project_ws/install/hand_interfaces
If a package in a merged underlay workspace is overridden and it installs headers, then all packages in the overlay must sort their include directories by workspace order. Failure to do so may result in build failures or undefined behavior at run time.
If the overridden package is used by another package in any underlay, then the overriding package in the overlay must be API and ABI compatible or undefined behavior at run time may occur.

If you understand the risks and want to override a package anyways, add the following to the command line:
	--allow-overriding hand_interfaces

This may be promoted to an error in a future release of colcon-override-check.
[0.563s] Level 5:colcon.colcon_core.verb:set package 'compressed_depth_image_transport' build argument 'cmake_args' from command line to 'None'
[0.564s] Level 5:colcon.colcon_core.verb:set package 'compressed_depth_image_transport' build argument 'cmake_target' from command line to 'None'
[0.564s] Level 5:colcon.colcon_core.verb:set package 'compressed_depth_image_transport' build argument 'cmake_target_skip_unavailable' from command line to 'False'
[0.564s] Level 5:colcon.colcon_core.verb:set package 'compressed_depth_image_transport' build argument 'cmake_clean_cache' from command line to 'False'
[0.564s] Level 5:colcon.colcon_core.verb:set package 'compressed_depth_image_transport' build argument 'cmake_clean_first' from command line to 'False'
[0.564s] Level 5:colcon.colcon_core.verb:set package 'compressed_depth_image_transport' build argument 'cmake_force_configure' from command line to 'False'
[0.564s] Level 5:colcon.colcon_core.verb:set package 'compressed_depth_image_transport' build argument 'ament_cmake_args' from command line to 'None'
[0.564s] Level 5:colcon.colcon_core.verb:set package 'compressed_depth_image_transport' build argument 'catkin_cmake_args' from command line to 'None'
[0.564s] Level 5:colcon.colcon_core.verb:set package 'compressed_depth_image_transport' build argument 'catkin_skip_building_tests' from command line to 'False'
[0.564s] DEBUG:colcon.colcon_core.verb:Building package 'compressed_depth_image_transport' with the following arguments: {'ament_cmake_args': None, 'build_base': '/home/mwangala/Desktop/__ROS2/build/compressed_depth_image_transport', 'catkin_cmake_args': None, 'catkin_skip_building_tests': False, 'cmake_args': None, 'cmake_clean_cache': False, 'cmake_clean_first': False, 'cmake_force_configure': False, 'cmake_target': None, 'cmake_target_skip_unavailable': False, 'install_base': '/home/mwangala/Desktop/__ROS2/install/compressed_depth_image_transport', 'merge_install': False, 'path': '/home/mwangala/Desktop/__ROS2/src/image_transport_plugins/compressed_depth_image_transport', 'symlink_install': True, 'test_result_base': None}
[0.564s] Level 5:colcon.colcon_core.verb:set package 'compressed_image_transport' build argument 'cmake_args' from command line to 'None'
[0.564s] Level 5:colcon.colcon_core.verb:set package 'compressed_image_transport' build argument 'cmake_target' from command line to 'None'
[0.564s] Level 5:colcon.colcon_core.verb:set package 'compressed_image_transport' build argument 'cmake_target_skip_unavailable' from command line to 'False'
[0.564s] Level 5:colcon.colcon_core.verb:set package 'compressed_image_transport' build argument 'cmake_clean_cache' from command line to 'False'
[0.565s] Level 5:colcon.colcon_core.verb:set package 'compressed_image_transport' build argument 'cmake_clean_first' from command line to 'False'
[0.565s] Level 5:colcon.colcon_core.verb:set package 'compressed_image_transport' build argument 'cmake_force_configure' from command line to 'False'
[0.565s] Level 5:colcon.colcon_core.verb:set package 'compressed_image_transport' build argument 'ament_cmake_args' from command line to 'None'
[0.565s] Level 5:colcon.colcon_core.verb:set package 'compressed_image_transport' build argument 'catkin_cmake_args' from command line to 'None'
[0.565s] Level 5:colcon.colcon_core.verb:set package 'compressed_image_transport' build argument 'catkin_skip_building_tests' from command line to 'False'
[0.565s] DEBUG:colcon.colcon_core.verb:Building package 'compressed_image_transport' with the following arguments: {'ament_cmake_args': None, 'build_base': '/home/mwangala/Desktop/__ROS2/build/compressed_image_transport', 'catkin_cmake_args': None, 'catkin_skip_building_tests': False, 'cmake_args': None, 'cmake_clean_cache': False, 'cmake_clean_first': False, 'cmake_force_configure': False, 'cmake_target': None, 'cmake_target_skip_unavailable': False, 'install_base': '/home/mwangala/Desktop/__ROS2/install/compressed_image_transport', 'merge_install': False, 'path': '/home/mwangala/Desktop/__ROS2/src/image_transport_plugins/compressed_image_transport', 'symlink_install': True, 'test_result_base': None}
[0.565s] Level 5:colcon.colcon_core.verb:set package 'cv_pegasus_bridge' build argument 'cmake_args' from command line to 'None'
[0.565s] Level 5:colcon.colcon_core.verb:set package 'cv_pegasus_bridge' build argument 'cmake_target' from command line to 'None'
[0.565s] Level 5:colcon.colcon_core.verb:set package 'cv_pegasus_bridge' build argument 'cmake_target_skip_unavailable' from command line to 'False'
[0.565s] Level 5:colcon.colcon_core.verb:set package 'cv_pegasus_bridge' build argument 'cmake_clean_cache' from command line to 'False'
[0.565s] Level 5:colcon.colcon_core.verb:set package 'cv_pegasus_bridge' build argument 'cmake_clean_first' from command line to 'False'
[0.565s] Level 5:colcon.colcon_core.verb:set package 'cv_pegasus_bridge' build argument 'cmake_force_configure' from command line to 'False'
[0.565s] Level 5:colcon.colcon_core.verb:set package 'cv_pegasus_bridge' build argument 'ament_cmake_args' from command line to 'None'
[0.565s] Level 5:colcon.colcon_core.verb:set package 'cv_pegasus_bridge' build argument 'catkin_cmake_args' from command line to 'None'
[0.565s] Level 5:colcon.colcon_core.verb:set package 'cv_pegasus_bridge' build argument 'catkin_skip_building_tests' from command line to 'False'
[0.565s] DEBUG:colcon.colcon_core.verb:Building package 'cv_pegasus_bridge' with the following arguments: {'ament_cmake_args': None, 'build_base': '/home/mwangala/Desktop/__ROS2/build/cv_pegasus_bridge', 'catkin_cmake_args': None, 'catkin_skip_building_tests': False, 'cmake_args': None, 'cmake_clean_cache': False, 'cmake_clean_first': False, 'cmake_force_configure': False, 'cmake_target': None, 'cmake_target_skip_unavailable': False, 'install_base': '/home/mwangala/Desktop/__ROS2/install/cv_pegasus_bridge', 'merge_install': False, 'path': '/home/mwangala/Desktop/__ROS2/src/cv_pegasus_bridge', 'symlink_install': True, 'test_result_base': None}
[0.566s] Level 5:colcon.colcon_core.verb:set package 'hand_interfaces' build argument 'cmake_args' from command line to 'None'
[0.566s] Level 5:colcon.colcon_core.verb:set package 'hand_interfaces' build argument 'cmake_target' from command line to 'None'
[0.566s] Level 5:colcon.colcon_core.verb:set package 'hand_interfaces' build argument 'cmake_target_skip_unavailable' from command line to 'False'
[0.566s] Level 5:colcon.colcon_core.verb:set package 'hand_interfaces' build argument 'cmake_clean_cache' from command line to 'False'
[0.566s] Level 5:colcon.colcon_core.verb:set package 'hand_interfaces' build argument 'cmake_clean_first' from command line to 'False'
[0.566s] Level 5:colcon.colcon_core.verb:set package 'hand_interfaces' build argument 'cmake_force_configure' from command line to 'False'
[0.566s] Level 5:colcon.colcon_core.verb:set package 'hand_interfaces' build argument 'ament_cmake_args' from command line to 'None'
[0.566s] Level 5:colcon.colcon_core.verb:set package 'hand_interfaces' build argument 'catkin_cmake_args' from command line to 'None'
[0.566s] Level 5:colcon.colcon_core.verb:set package 'hand_interfaces' build argument 'catkin_skip_building_tests' from command line to 'False'
[0.566s] DEBUG:colcon.colcon_core.verb:Building package 'hand_interfaces' with the following arguments: {'ament_cmake_args': None, 'build_base': '/home/mwangala/Desktop/__ROS2/build/hand_interfaces', 'catkin_cmake_args': None, 'catkin_skip_building_tests': False, 'cmake_args': None, 'cmake_clean_cache': False, 'cmake_clean_first': False, 'cmake_force_configure': False, 'cmake_target': None, 'cmake_target_skip_unavailable': False, 'install_base': '/home/mwangala/Desktop/__ROS2/install/hand_interfaces', 'merge_install': False, 'path': '/home/mwangala/Desktop/__ROS2/src/hand_interfaces', 'symlink_install': True, 'test_result_base': None}
[0.567s] Level 5:colcon.colcon_core.verb:set package 'kinect2_registration' build argument 'cmake_args' from command line to 'None'
[0.567s] Level 5:colcon.colcon_core.verb:set package 'kinect2_registration' build argument 'cmake_target' from command line to 'None'
[0.567s] Level 5:colcon.colcon_core.verb:set package 'kinect2_registration' build argument 'cmake_target_skip_unavailable' from command line to 'False'
[0.567s] Level 5:colcon.colcon_core.verb:set package 'kinect2_registration' build argument 'cmake_clean_cache' from command line to 'False'
[0.567s] Level 5:colcon.colcon_core.verb:set package 'kinect2_registration' build argument 'cmake_clean_first' from command line to 'False'
[0.567s] Level 5:colcon.colcon_core.verb:set package 'kinect2_registration' build argument 'cmake_force_configure' from command line to 'False'
[0.567s] Level 5:colcon.colcon_core.verb:set package 'kinect2_registration' build argument 'ament_cmake_args' from command line to 'None'
[0.567s] Level 5:colcon.colcon_core.verb:set package 'kinect2_registration' build argument 'catkin_cmake_args' from command line to 'None'
[0.567s] Level 5:colcon.colcon_core.verb:set package 'kinect2_registration' build argument 'catkin_skip_building_tests' from command line to 'False'
[0.567s] DEBUG:colcon.colcon_core.verb:Building package 'kinect2_registration' with the following arguments: {'ament_cmake_args': None, 'build_base': '/home/mwangala/Desktop/__ROS2/build/kinect2_registration', 'catkin_cmake_args': None, 'catkin_skip_building_tests': False, 'cmake_args': None, 'cmake_clean_cache': False, 'cmake_clean_first': False, 'cmake_force_configure': False, 'cmake_target': None, 'cmake_target_skip_unavailable': False, 'install_base': '/home/mwangala/Desktop/__ROS2/install/kinect2_registration', 'merge_install': False, 'path': '/home/mwangala/Desktop/__ROS2/src/kinect2_registration', 'symlink_install': True, 'test_result_base': None}
[0.568s] Level 5:colcon.colcon_core.verb:set package 'pegasus_control' build argument 'cmake_args' from command line to 'None'
[0.568s] Level 5:colcon.colcon_core.verb:set package 'pegasus_control' build argument 'cmake_target' from command line to 'None'
[0.568s] Level 5:colcon.colcon_core.verb:set package 'pegasus_control' build argument 'cmake_target_skip_unavailable' from command line to 'False'
[0.568s] Level 5:colcon.colcon_core.verb:set package 'pegasus_control' build argument 'cmake_clean_cache' from command line to 'False'
[0.568s] Level 5:colcon.colcon_core.verb:set package 'pegasus_control' build argument 'cmake_clean_first' from command line to 'False'
[0.568s] Level 5:colcon.colcon_core.verb:set package 'pegasus_control' build argument 'cmake_force_configure' from command line to 'False'
[0.568s] Level 5:colcon.colcon_core.verb:set package 'pegasus_control' build argument 'ament_cmake_args' from command line to 'None'
[0.568s] Level 5:colcon.colcon_core.verb:set package 'pegasus_control' build argument 'catkin_cmake_args' from command line to 'None'
[0.568s] Level 5:colcon.colcon_core.verb:set package 'pegasus_control' build argument 'catkin_skip_building_tests' from command line to 'False'
[0.568s] DEBUG:colcon.colcon_core.verb:Building package 'pegasus_control' with the following arguments: {'ament_cmake_args': None, 'build_base': '/home/mwangala/Desktop/__ROS2/build/pegasus_control', 'catkin_cmake_args': None, 'catkin_skip_building_tests': False, 'cmake_args': None, 'cmake_clean_cache': False, 'cmake_clean_first': False, 'cmake_force_configure': False, 'cmake_target': None, 'cmake_target_skip_unavailable': False, 'install_base': '/home/mwangala/Desktop/__ROS2/install/pegasus_control', 'merge_install': False, 'path': '/home/mwangala/Desktop/__ROS2/src/pegasus_control', 'symlink_install': True, 'test_result_base': None}
[0.568s] Level 5:colcon.colcon_core.verb:set package 'theora_image_transport' build argument 'cmake_args' from command line to 'None'
[0.569s] Level 5:colcon.colcon_core.verb:set package 'theora_image_transport' build argument 'cmake_target' from command line to 'None'
[0.569s] Level 5:colcon.colcon_core.verb:set package 'theora_image_transport' build argument 'cmake_target_skip_unavailable' from command line to 'False'
[0.569s] Level 5:colcon.colcon_core.verb:set package 'theora_image_transport' build argument 'cmake_clean_cache' from command line to 'False'
[0.569s] Level 5:colcon.colcon_core.verb:set package 'theora_image_transport' build argument 'cmake_clean_first' from command line to 'False'
[0.569s] Level 5:colcon.colcon_core.verb:set package 'theora_image_transport' build argument 'cmake_force_configure' from command line to 'False'
[0.569s] Level 5:colcon.colcon_core.verb:set package 'theora_image_transport' build argument 'ament_cmake_args' from command line to 'None'
[0.569s] Level 5:colcon.colcon_core.verb:set package 'theora_image_transport' build argument 'catkin_cmake_args' from command line to 'None'
[0.569s] Level 5:colcon.colcon_core.verb:set package 'theora_image_transport' build argument 'catkin_skip_building_tests' from command line to 'False'
[0.569s] DEBUG:colcon.colcon_core.verb:Building package 'theora_image_transport' with the following arguments: {'ament_cmake_args': None, 'build_base': '/home/mwangala/Desktop/__ROS2/build/theora_image_transport', 'catkin_cmake_args': None, 'catkin_skip_building_tests': False, 'cmake_args': None, 'cmake_clean_cache': False, 'cmake_clean_first': False, 'cmake_force_configure': False, 'cmake_target': None, 'cmake_target_skip_unavailable': False, 'install_base': '/home/mwangala/Desktop/__ROS2/install/theora_image_transport', 'merge_install': False, 'path': '/home/mwangala/Desktop/__ROS2/src/image_transport_plugins/theora_image_transport', 'symlink_install': True, 'test_result_base': None}
[0.569s] Level 5:colcon.colcon_core.verb:set package 'update_pegasus_description' build argument 'cmake_args' from command line to 'None'
[0.569s] Level 5:colcon.colcon_core.verb:set package 'update_pegasus_description' build argument 'cmake_target' from command line to 'None'
[0.569s] Level 5:colcon.colcon_core.verb:set package 'update_pegasus_description' build argument 'cmake_target_skip_unavailable' from command line to 'False'
[0.569s] Level 5:colcon.colcon_core.verb:set package 'update_pegasus_description' build argument 'cmake_clean_cache' from command line to 'False'
[0.569s] Level 5:colcon.colcon_core.verb:set package 'update_pegasus_description' build argument 'cmake_clean_first' from command line to 'False'
[0.569s] Level 5:colcon.colcon_core.verb:set package 'update_pegasus_description' build argument 'cmake_force_configure' from command line to 'False'
[0.569s] Level 5:colcon.colcon_core.verb:set package 'update_pegasus_description' build argument 'ament_cmake_args' from command line to 'None'
[0.570s] Level 5:colcon.colcon_core.verb:set package 'update_pegasus_description' build argument 'catkin_cmake_args' from command line to 'None'
[0.570s] Level 5:colcon.colcon_core.verb:set package 'update_pegasus_description' build argument 'catkin_skip_building_tests' from command line to 'False'
[0.570s] DEBUG:colcon.colcon_core.verb:Building package 'update_pegasus_description' with the following arguments: {'ament_cmake_args': None, 'build_base': '/home/mwangala/Desktop/__ROS2/build/update_pegasus_description', 'catkin_cmake_args': None, 'catkin_skip_building_tests': False, 'cmake_args': None, 'cmake_clean_cache': False, 'cmake_clean_first': False, 'cmake_force_configure': False, 'cmake_target': None, 'cmake_target_skip_unavailable': False, 'install_base': '/home/mwangala/Desktop/__ROS2/install/update_pegasus_description', 'merge_install': False, 'path': '/home/mwangala/Desktop/__ROS2/src/update_pegasus_description', 'symlink_install': True, 'test_result_base': None}
[0.570s] Level 5:colcon.colcon_core.verb:set package 'handcv' build argument 'cmake_args' from command line to 'None'
[0.570s] Level 5:colcon.colcon_core.verb:set package 'handcv' build argument 'cmake_target' from command line to 'None'
[0.570s] Level 5:colcon.colcon_core.verb:set package 'handcv' build argument 'cmake_target_skip_unavailable' from command line to 'False'
[0.570s] Level 5:colcon.colcon_core.verb:set package 'handcv' build argument 'cmake_clean_cache' from command line to 'False'
[0.570s] Level 5:colcon.colcon_core.verb:set package 'handcv' build argument 'cmake_clean_first' from command line to 'False'
[0.570s] Level 5:colcon.colcon_core.verb:set package 'handcv' build argument 'cmake_force_configure' from command line to 'False'
[0.570s] Level 5:colcon.colcon_core.verb:set package 'handcv' build argument 'ament_cmake_args' from command line to 'None'
[0.570s] Level 5:colcon.colcon_core.verb:set package 'handcv' build argument 'catkin_cmake_args' from command line to 'None'
[0.570s] Level 5:colcon.colcon_core.verb:set package 'handcv' build argument 'catkin_skip_building_tests' from command line to 'False'
[0.570s] DEBUG:colcon.colcon_core.verb:Building package 'handcv' with the following arguments: {'ament_cmake_args': None, 'build_base': '/home/mwangala/Desktop/__ROS2/build/handcv', 'catkin_cmake_args': None, 'catkin_skip_building_tests': False, 'cmake_args': None, 'cmake_clean_cache': False, 'cmake_clean_first': False, 'cmake_force_configure': False, 'cmake_target': None, 'cmake_target_skip_unavailable': False, 'install_base': '/home/mwangala/Desktop/__ROS2/install/handcv', 'merge_install': False, 'path': '/home/mwangala/Desktop/__ROS2/src/handcv', 'symlink_install': True, 'test_result_base': None}
[0.571s] Level 5:colcon.colcon_core.verb:set package 'image_transport_plugins' build argument 'cmake_args' from command line to 'None'
[0.571s] Level 5:colcon.colcon_core.verb:set package 'image_transport_plugins' build argument 'cmake_target' from command line to 'None'
[0.571s] Level 5:colcon.colcon_core.verb:set package 'image_transport_plugins' build argument 'cmake_target_skip_unavailable' from command line to 'False'
[0.571s] Level 5:colcon.colcon_core.verb:set package 'image_transport_plugins' build argument 'cmake_clean_cache' from command line to 'False'
[0.571s] Level 5:colcon.colcon_core.verb:set package 'image_transport_plugins' build argument 'cmake_clean_first' from command line to 'False'
[0.571s] Level 5:colcon.colcon_core.verb:set package 'image_transport_plugins' build argument 'cmake_force_configure' from command line to 'False'
[0.571s] Level 5:colcon.colcon_core.verb:set package 'image_transport_plugins' build argument 'ament_cmake_args' from command line to 'None'
[0.571s] Level 5:colcon.colcon_core.verb:set package 'image_transport_plugins' build argument 'catkin_cmake_args' from command line to 'None'
[0.571s] Level 5:colcon.colcon_core.verb:set package 'image_transport_plugins' build argument 'catkin_skip_building_tests' from command line to 'False'
[0.571s] DEBUG:colcon.colcon_core.verb:Building package 'image_transport_plugins' with the following arguments: {'ament_cmake_args': None, 'build_base': '/home/mwangala/Desktop/__ROS2/build/image_transport_plugins', 'catkin_cmake_args': None, 'catkin_skip_building_tests': False, 'cmake_args': None, 'cmake_clean_cache': False, 'cmake_clean_first': False, 'cmake_force_configure': False, 'cmake_target': None, 'cmake_target_skip_unavailable': False, 'install_base': '/home/mwangala/Desktop/__ROS2/install/image_transport_plugins', 'merge_install': False, 'path': '/home/mwangala/Desktop/__ROS2/src/image_transport_plugins/image_transport_plugins', 'symlink_install': True, 'test_result_base': None}
[0.572s] Level 5:colcon.colcon_core.verb:set package 'kinect2_bridge' build argument 'cmake_args' from command line to 'None'
[0.572s] Level 5:colcon.colcon_core.verb:set package 'kinect2_bridge' build argument 'cmake_target' from command line to 'None'
[0.572s] Level 5:colcon.colcon_core.verb:set package 'kinect2_bridge' build argument 'cmake_target_skip_unavailable' from command line to 'False'
[0.572s] Level 5:colcon.colcon_core.verb:set package 'kinect2_bridge' build argument 'cmake_clean_cache' from command line to 'False'
[0.572s] Level 5:colcon.colcon_core.verb:set package 'kinect2_bridge' build argument 'cmake_clean_first' from command line to 'False'
[0.572s] Level 5:colcon.colcon_core.verb:set package 'kinect2_bridge' build argument 'cmake_force_configure' from command line to 'False'
[0.572s] Level 5:colcon.colcon_core.verb:set package 'kinect2_bridge' build argument 'ament_cmake_args' from command line to 'None'
[0.572s] Level 5:colcon.colcon_core.verb:set package 'kinect2_bridge' build argument 'catkin_cmake_args' from command line to 'None'
[0.572s] Level 5:colcon.colcon_core.verb:set package 'kinect2_bridge' build argument 'catkin_skip_building_tests' from command line to 'False'
[0.572s] DEBUG:colcon.colcon_core.verb:Building package 'kinect2_bridge' with the following arguments: {'ament_cmake_args': None, 'build_base': '/home/mwangala/Desktop/__ROS2/build/kinect2_bridge', 'catkin_cmake_args': None, 'catkin_skip_building_tests': False, 'cmake_args': None, 'cmake_clean_cache': False, 'cmake_clean_first': False, 'cmake_force_configure': False, 'cmake_target': None, 'cmake_target_skip_unavailable': False, 'install_base': '/home/mwangala/Desktop/__ROS2/install/kinect2_bridge', 'merge_install': False, 'path': '/home/mwangala/Desktop/__ROS2/src/kinect2_bridge', 'symlink_install': True, 'test_result_base': None}
[0.573s] Level 5:colcon.colcon_core.verb:set package 'kinect2_calibration' build argument 'cmake_args' from command line to 'None'
[0.573s] Level 5:colcon.colcon_core.verb:set package 'kinect2_calibration' build argument 'cmake_target' from command line to 'None'
[0.573s] Level 5:colcon.colcon_core.verb:set package 'kinect2_calibration' build argument 'cmake_target_skip_unavailable' from command line to 'False'
[0.573s] Level 5:colcon.colcon_core.verb:set package 'kinect2_calibration' build argument 'cmake_clean_cache' from command line to 'False'
[0.573s] Level 5:colcon.colcon_core.verb:set package 'kinect2_calibration' build argument 'cmake_clean_first' from command line to 'False'
[0.573s] Level 5:colcon.colcon_core.verb:set package 'kinect2_calibration' build argument 'cmake_force_configure' from command line to 'False'
[0.573s] Level 5:colcon.colcon_core.verb:set package 'kinect2_calibration' build argument 'ament_cmake_args' from command line to 'None'
[0.573s] Level 5:colcon.colcon_core.verb:set package 'kinect2_calibration' build argument 'catkin_cmake_args' from command line to 'None'
[0.573s] Level 5:colcon.colcon_core.verb:set package 'kinect2_calibration' build argument 'catkin_skip_building_tests' from command line to 'False'
[0.573s] DEBUG:colcon.colcon_core.verb:Building package 'kinect2_calibration' with the following arguments: {'ament_cmake_args': None, 'build_base': '/home/mwangala/Desktop/__ROS2/build/kinect2_calibration', 'catkin_cmake_args': None, 'catkin_skip_building_tests': False, 'cmake_args': None, 'cmake_clean_cache': False, 'cmake_clean_first': False, 'cmake_force_configure': False, 'cmake_target': None, 'cmake_target_skip_unavailable': False, 'install_base': '/home/mwangala/Desktop/__ROS2/install/kinect2_calibration', 'merge_install': False, 'path': '/home/mwangala/Desktop/__ROS2/src/kinect2_calibration', 'symlink_install': True, 'test_result_base': None}
[0.573s] INFO:colcon.colcon_core.executor:Executing jobs using 'parallel' executor
[0.575s] DEBUG:colcon.colcon_parallel_executor.executor.parallel:run_until_complete
[0.576s] INFO:colcon.colcon_ros.task.ament_cmake.build:Building ROS package in '/home/mwangala/Desktop/__ROS2/src/image_transport_plugins/compressed_depth_image_transport' with build type 'ament_cmake'
[0.576s] INFO:colcon.colcon_cmake.task.cmake.build:Building CMake package in '/home/mwangala/Desktop/__ROS2/src/image_transport_plugins/compressed_depth_image_transport'
[0.580s] INFO:colcon.colcon_core.plugin_system:Skipping extension 'colcon_core.shell.bat': Not used on non-Windows systems
[0.581s] INFO:colcon.colcon_core.shell:Skip shell extension 'powershell' for command environment: Not usable outside of PowerShell
[0.581s] DEBUG:colcon.colcon_core.shell:Skip shell extension 'dsv' for command environment
[0.588s] INFO:colcon.colcon_ros.task.ament_cmake.build:Building ROS package in '/home/mwangala/Desktop/__ROS2/src/image_transport_plugins/compressed_image_transport' with build type 'ament_cmake'
[0.589s] INFO:colcon.colcon_cmake.task.cmake.build:Building CMake package in '/home/mwangala/Desktop/__ROS2/src/image_transport_plugins/compressed_image_transport'
[0.590s] INFO:colcon.colcon_core.shell:Skip shell extension 'powershell' for command environment: Not usable outside of PowerShell
[0.590s] DEBUG:colcon.colcon_core.shell:Skip shell extension 'dsv' for command environment
[0.599s] INFO:colcon.colcon_ros.task.ament_cmake.build:Building ROS package in '/home/mwangala/Desktop/__ROS2/src/kinect2_registration' with build type 'ament_cmake'
[0.599s] INFO:colcon.colcon_cmake.task.cmake.build:Building CMake package in '/home/mwangala/Desktop/__ROS2/src/kinect2_registration'
[0.600s] INFO:colcon.colcon_core.shell:Skip shell extension 'powershell' for command environment: Not usable outside of PowerShell
[0.600s] DEBUG:colcon.colcon_core.shell:Skip shell extension 'dsv' for command environment
[0.608s] INFO:colcon.colcon_ros.task.ament_cmake.build:Building ROS package in '/home/mwangala/Desktop/__ROS2/src/hand_interfaces' with build type 'ament_cmake'
[0.608s] INFO:colcon.colcon_cmake.task.cmake.build:Building CMake package in '/home/mwangala/Desktop/__ROS2/src/hand_interfaces'
[0.609s] INFO:colcon.colcon_core.shell:Skip shell extension 'powershell' for command environment: Not usable outside of PowerShell
[0.610s] DEBUG:colcon.colcon_core.shell:Skip shell extension 'dsv' for command environment
[0.618s] INFO:colcon.colcon_ros.task.ament_cmake.build:Building ROS package in '/home/mwangala/Desktop/__ROS2/src/image_transport_plugins/theora_image_transport' with build type 'ament_cmake'
[0.619s] INFO:colcon.colcon_cmake.task.cmake.build:Building CMake package in '/home/mwangala/Desktop/__ROS2/src/image_transport_plugins/theora_image_transport'
[0.620s] INFO:colcon.colcon_core.shell:Skip shell extension 'powershell' for command environment: Not usable outside of PowerShell
[0.620s] DEBUG:colcon.colcon_core.shell:Skip shell extension 'dsv' for command environment
[0.628s] INFO:colcon.colcon_ros.task.ament_python.build:Building ROS package in '/home/mwangala/Desktop/__ROS2/src/cv_pegasus_bridge' with build type 'ament_python'
[0.628s] Level 1:colcon.colcon_core.shell:create_environment_hook('cv_pegasus_bridge', 'ament_prefix_path')
[0.629s] INFO:colcon.colcon_core.shell:Creating environment hook '/home/mwangala/Desktop/__ROS2/install/cv_pegasus_bridge/share/cv_pegasus_bridge/hook/ament_prefix_path.ps1'
[0.630s] INFO:colcon.colcon_core.shell:Creating environment descriptor '/home/mwangala/Desktop/__ROS2/install/cv_pegasus_bridge/share/cv_pegasus_bridge/hook/ament_prefix_path.dsv'
[0.631s] INFO:colcon.colcon_core.shell:Creating environment hook '/home/mwangala/Desktop/__ROS2/install/cv_pegasus_bridge/share/cv_pegasus_bridge/hook/ament_prefix_path.sh'
[0.632s] INFO:colcon.colcon_core.shell:Skip shell extension 'powershell' for command environment: Not usable outside of PowerShell
[0.632s] DEBUG:colcon.colcon_core.shell:Skip shell extension 'dsv' for command environment
[0.639s] INFO:colcon.colcon_ros.task.ament_python.build:Building ROS package in '/home/mwangala/Desktop/__ROS2/src/pegasus_control' with build type 'ament_python'
[0.639s] Level 1:colcon.colcon_core.shell:create_environment_hook('pegasus_control', 'ament_prefix_path')
[0.639s] INFO:colcon.colcon_core.shell:Creating environment hook '/home/mwangala/Desktop/__ROS2/install/pegasus_control/share/pegasus_control/hook/ament_prefix_path.ps1'
[0.640s] INFO:colcon.colcon_core.shell:Creating environment descriptor '/home/mwangala/Desktop/__ROS2/install/pegasus_control/share/pegasus_control/hook/ament_prefix_path.dsv'
[0.641s] INFO:colcon.colcon_core.shell:Creating environment hook '/home/mwangala/Desktop/__ROS2/install/pegasus_control/share/pegasus_control/hook/ament_prefix_path.sh'
[0.642s] INFO:colcon.colcon_core.shell:Skip shell extension 'powershell' for command environment: Not usable outside of PowerShell
[0.642s] DEBUG:colcon.colcon_core.shell:Skip shell extension 'dsv' for command environment
[0.648s] INFO:colcon.colcon_ros.task.ament_cmake.build:Building ROS package in '/home/mwangala/Desktop/__ROS2/src/update_pegasus_description' with build type 'ament_cmake'
[0.649s] INFO:colcon.colcon_cmake.task.cmake.build:Building CMake package in '/home/mwangala/Desktop/__ROS2/src/update_pegasus_description'
[0.649s] INFO:colcon.colcon_core.shell:Skip shell extension 'powershell' for command environment: Not usable outside of PowerShell
[0.649s] DEBUG:colcon.colcon_core.shell:Skip shell extension 'dsv' for command environment
[0.684s] DEBUG:colcon.colcon_core.event_handler.log_command:Invoking command in '/home/mwangala/Desktop/__ROS2/build/compressed_depth_image_transport': CMAKE_PREFIX_PATH=${CMAKE_PREFIX_PATH}:/home/mwangala/Desktop/Goaty/ros_project_ws2/install/handcv:/home/mwangala/Desktop/Goaty/ros_project_ws2/install/cv_franka_bridge:/home/mwangala/Desktop/Goaty/ros_project_ws2/install/cv_pegasus_bridge:/home/mwangala/Desktop/Goaty/ros_project_ws/install/handcv:/home/mwangala/Desktop/Goaty/ros_project_ws/install/cv_franka_bridge:/opt/ros/humble /usr/bin/cmake --build /home/mwangala/Desktop/__ROS2/build/compressed_depth_image_transport -- -j8 -l8
[0.725s] DEBUG:colcon.colcon_core.event_handler.log_command:Invoking command in '/home/mwangala/Desktop/__ROS2/build/compressed_image_transport': CMAKE_PREFIX_PATH=${CMAKE_PREFIX_PATH}:/home/mwangala/Desktop/Goaty/ros_project_ws2/install/handcv:/home/mwangala/Desktop/Goaty/ros_project_ws2/install/cv_franka_bridge:/home/mwangala/Desktop/Goaty/ros_project_ws2/install/cv_pegasus_bridge:/home/mwangala/Desktop/Goaty/ros_project_ws/install/handcv:/home/mwangala/Desktop/Goaty/ros_project_ws/install/cv_franka_bridge:/opt/ros/humble /usr/bin/cmake --build /home/mwangala/Desktop/__ROS2/build/compressed_image_transport -- -j8 -l8
[0.802s] DEBUG:colcon.colcon_core.event_handler.log_command:Invoking command in '/home/mwangala/Desktop/__ROS2/build/kinect2_registration': CMAKE_PREFIX_PATH=${CMAKE_PREFIX_PATH}:/home/mwangala/Desktop/Goaty/ros_project_ws2/install/handcv:/home/mwangala/Desktop/Goaty/ros_project_ws2/install/cv_franka_bridge:/home/mwangala/Desktop/Goaty/ros_project_ws2/install/cv_pegasus_bridge:/home/mwangala/Desktop/Goaty/ros_project_ws/install/handcv:/home/mwangala/Desktop/Goaty/ros_project_ws/install/cv_franka_bridge:/opt/ros/humble /usr/bin/cmake --build /home/mwangala/Desktop/__ROS2/build/kinect2_registration -- -j8 -l8
[0.805s] DEBUG:colcon.colcon_core.event_handler.log_command:Invoking command in '/home/mwangala/Desktop/__ROS2/build/hand_interfaces': CMAKE_PREFIX_PATH=${CMAKE_PREFIX_PATH}:/home/mwangala/Desktop/Goaty/ros_project_ws2/install/handcv:/home/mwangala/Desktop/Goaty/ros_project_ws2/install/cv_franka_bridge:/home/mwangala/Desktop/Goaty/ros_project_ws2/install/cv_pegasus_bridge:/home/mwangala/Desktop/Goaty/ros_project_ws/install/handcv:/home/mwangala/Desktop/Goaty/ros_project_ws/install/cv_franka_bridge:/opt/ros/humble /usr/bin/cmake /home/mwangala/Desktop/__ROS2/src/hand_interfaces -DAMENT_CMAKE_SYMLINK_INSTALL=1 -DCMAKE_INSTALL_PREFIX=/home/mwangala/Desktop/__ROS2/install/hand_interfaces
[0.972s] DEBUG:colcon.colcon_core.event_handler.log_command:Invoking command in '/home/mwangala/Desktop/__ROS2/build/theora_image_transport': CMAKE_PREFIX_PATH=${CMAKE_PREFIX_PATH}:/home/mwangala/Desktop/Goaty/ros_project_ws2/install/handcv:/home/mwangala/Desktop/Goaty/ros_project_ws2/install/cv_franka_bridge:/home/mwangala/Desktop/Goaty/ros_project_ws2/install/cv_pegasus_bridge:/home/mwangala/Desktop/Goaty/ros_project_ws/install/handcv:/home/mwangala/Desktop/Goaty/ros_project_ws/install/cv_franka_bridge:/opt/ros/humble /usr/bin/cmake --build /home/mwangala/Desktop/__ROS2/build/theora_image_transport -- -j8 -l8
[1.449s] INFO:colcon.colcon_core.task.python.build:Building Python package in '/home/mwangala/Desktop/__ROS2/src/cv_pegasus_bridge'
[1.450s] INFO:colcon.colcon_core.shell:Skip shell extension 'powershell' for command environment: Not usable outside of PowerShell
[1.450s] DEBUG:colcon.colcon_core.shell:Skip shell extension 'dsv' for command environment
[1.965s] INFO:colcon.colcon_core.task.python.build:Building Python package in '/home/mwangala/Desktop/__ROS2/src/pegasus_control'
[1.965s] INFO:colcon.colcon_core.shell:Skip shell extension 'powershell' for command environment: Not usable outside of PowerShell
[1.965s] DEBUG:colcon.colcon_core.shell:Skip shell extension 'dsv' for command environment
[2.066s] DEBUG:colcon.colcon_core.event_handler.log_command:Invoking command in '/home/mwangala/Desktop/__ROS2/build/update_pegasus_description': CMAKE_PREFIX_PATH=${CMAKE_PREFIX_PATH}:/home/mwangala/Desktop/Goaty/ros_project_ws2/install/handcv:/home/mwangala/Desktop/Goaty/ros_project_ws2/install/cv_franka_bridge:/home/mwangala/Desktop/Goaty/ros_project_ws2/install/cv_pegasus_bridge:/home/mwangala/Desktop/Goaty/ros_project_ws/install/handcv:/home/mwangala/Desktop/Goaty/ros_project_ws/install/cv_franka_bridge:/opt/ros/humble /usr/bin/cmake --build /home/mwangala/Desktop/__ROS2/build/update_pegasus_description -- -j8 -l8
[2.067s] DEBUG:colcon.colcon_core.event_handler.log_command:Invoked command in '/home/mwangala/Desktop/__ROS2/build/compressed_depth_image_transport' returned '0': CMAKE_PREFIX_PATH=${CMAKE_PREFIX_PATH}:/home/mwangala/Desktop/Goaty/ros_project_ws2/install/handcv:/home/mwangala/Desktop/Goaty/ros_project_ws2/install/cv_franka_bridge:/home/mwangala/Desktop/Goaty/ros_project_ws2/install/cv_pegasus_bridge:/home/mwangala/Desktop/Goaty/ros_project_ws/install/handcv:/home/mwangala/Desktop/Goaty/ros_project_ws/install/cv_franka_bridge:/opt/ros/humble /usr/bin/cmake --build /home/mwangala/Desktop/__ROS2/build/compressed_depth_image_transport -- -j8 -l8
[2.077s] DEBUG:colcon.colcon_core.event_handler.log_command:Invoking command in '/home/mwangala/Desktop/__ROS2/build/compressed_depth_image_transport': CMAKE_PREFIX_PATH=${CMAKE_PREFIX_PATH}:/home/mwangala/Desktop/Goaty/ros_project_ws2/install/handcv:/home/mwangala/Desktop/Goaty/ros_project_ws2/install/cv_franka_bridge:/home/mwangala/Desktop/Goaty/ros_project_ws2/install/cv_pegasus_bridge:/home/mwangala/Desktop/Goaty/ros_project_ws/install/handcv:/home/mwangala/Desktop/Goaty/ros_project_ws/install/cv_franka_bridge:/opt/ros/humble /usr/bin/cmake --install /home/mwangala/Desktop/__ROS2/build/compressed_depth_image_transport
[2.081s] DEBUG:colcon.colcon_core.event_handler.log_command:Invoked command in '/home/mwangala/Desktop/__ROS2/build/compressed_image_transport' returned '0': CMAKE_PREFIX_PATH=${CMAKE_PREFIX_PATH}:/home/mwangala/Desktop/Goaty/ros_project_ws2/install/handcv:/home/mwangala/Desktop/Goaty/ros_project_ws2/install/cv_franka_bridge:/home/mwangala/Desktop/Goaty/ros_project_ws2/install/cv_pegasus_bridge:/home/mwangala/Desktop/Goaty/ros_project_ws/install/handcv:/home/mwangala/Desktop/Goaty/ros_project_ws/install/cv_franka_bridge:/opt/ros/humble /usr/bin/cmake --build /home/mwangala/Desktop/__ROS2/build/compressed_image_transport -- -j8 -l8
[2.082s] DEBUG:colcon.colcon_core.event_handler.log_command:Invoking command in '/home/mwangala/Desktop/__ROS2/build/compressed_image_transport': CMAKE_PREFIX_PATH=${CMAKE_PREFIX_PATH}:/home/mwangala/Desktop/Goaty/ros_project_ws2/install/handcv:/home/mwangala/Desktop/Goaty/ros_project_ws2/install/cv_franka_bridge:/home/mwangala/Desktop/Goaty/ros_project_ws2/install/cv_pegasus_bridge:/home/mwangala/Desktop/Goaty/ros_project_ws/install/handcv:/home/mwangala/Desktop/Goaty/ros_project_ws/install/cv_franka_bridge:/opt/ros/humble /usr/bin/cmake --install /home/mwangala/Desktop/__ROS2/build/compressed_image_transport
[2.083s] DEBUG:colcon.colcon_core.event_handler.log_command:Invoked command in '/home/mwangala/Desktop/__ROS2/build/kinect2_registration' returned '0': CMAKE_PREFIX_PATH=${CMAKE_PREFIX_PATH}:/home/mwangala/Desktop/Goaty/ros_project_ws2/install/handcv:/home/mwangala/Desktop/Goaty/ros_project_ws2/install/cv_franka_bridge:/home/mwangala/Desktop/Goaty/ros_project_ws2/install/cv_pegasus_bridge:/home/mwangala/Desktop/Goaty/ros_project_ws/install/handcv:/home/mwangala/Desktop/Goaty/ros_project_ws/install/cv_franka_bridge:/opt/ros/humble /usr/bin/cmake --build /home/mwangala/Desktop/__ROS2/build/kinect2_registration -- -j8 -l8
[2.084s] DEBUG:colcon.colcon_core.event_handler.log_command:Invoking command in '/home/mwangala/Desktop/__ROS2/build/kinect2_registration': CMAKE_PREFIX_PATH=${CMAKE_PREFIX_PATH}:/home/mwangala/Desktop/Goaty/ros_project_ws2/install/handcv:/home/mwangala/Desktop/Goaty/ros_project_ws2/install/cv_franka_bridge:/home/mwangala/Desktop/Goaty/ros_project_ws2/install/cv_pegasus_bridge:/home/mwangala/Desktop/Goaty/ros_project_ws/install/handcv:/home/mwangala/Desktop/Goaty/ros_project_ws/install/cv_franka_bridge:/opt/ros/humble /usr/bin/cmake --install /home/mwangala/Desktop/__ROS2/build/kinect2_registration
[2.092s] Level 1:colcon.colcon_core.environment:create_environment_scripts_only(theora_image_transport)
[2.094s] DEBUG:colcon.colcon_core.event_handler.log_command:Invoked command in '/home/mwangala/Desktop/__ROS2/build/theora_image_transport' returned '2': CMAKE_PREFIX_PATH=${CMAKE_PREFIX_PATH}:/home/mwangala/Desktop/Goaty/ros_project_ws2/install/handcv:/home/mwangala/Desktop/Goaty/ros_project_ws2/install/cv_franka_bridge:/home/mwangala/Desktop/Goaty/ros_project_ws2/install/cv_pegasus_bridge:/home/mwangala/Desktop/Goaty/ros_project_ws/install/handcv:/home/mwangala/Desktop/Goaty/ros_project_ws/install/cv_franka_bridge:/opt/ros/humble /usr/bin/cmake --build /home/mwangala/Desktop/__ROS2/build/theora_image_transport -- -j8 -l8
[2.102s] Level 1:colcon.colcon_core.environment:checking '/home/mwangala/Desktop/__ROS2/install/theora_image_transport' for CMake module files
[2.103s] Level 1:colcon.colcon_core.environment:checking '/home/mwangala/Desktop/__ROS2/install/theora_image_transport' for CMake config files
[2.104s] Level 1:colcon.colcon_core.shell:create_environment_hook('theora_image_transport', 'cmake_prefix_path')
[2.106s] INFO:colcon.colcon_core.shell:Creating environment hook '/home/mwangala/Desktop/__ROS2/install/theora_image_transport/share/theora_image_transport/hook/cmake_prefix_path.ps1'
[2.142s] INFO:colcon.colcon_core.shell:Creating environment descriptor '/home/mwangala/Desktop/__ROS2/install/theora_image_transport/share/theora_image_transport/hook/cmake_prefix_path.dsv'
[2.201s] INFO:colcon.colcon_core.shell:Creating environment hook '/home/mwangala/Desktop/__ROS2/install/theora_image_transport/share/theora_image_transport/hook/cmake_prefix_path.sh'
[2.207s] Level 1:colcon.colcon_core.environment:checking '/home/mwangala/Desktop/__ROS2/install/theora_image_transport/lib'
[2.208s] Level 1:colcon.colcon_core.shell:create_environment_hook('theora_image_transport', 'ld_library_path_lib')
[2.208s] INFO:colcon.colcon_core.shell:Creating environment hook '/home/mwangala/Desktop/__ROS2/install/theora_image_transport/share/theora_image_transport/hook/ld_library_path_lib.ps1'
[2.213s] INFO:colcon.colcon_core.shell:Creating environment descriptor '/home/mwangala/Desktop/__ROS2/install/theora_image_transport/share/theora_image_transport/hook/ld_library_path_lib.dsv'
[2.242s] INFO:colcon.colcon_core.shell:Creating environment hook '/home/mwangala/Desktop/__ROS2/install/theora_image_transport/share/theora_image_transport/hook/ld_library_path_lib.sh'
[2.263s] Level 1:colcon.colcon_core.environment:checking '/home/mwangala/Desktop/__ROS2/install/theora_image_transport/bin'
[2.264s] Level 1:colcon.colcon_core.environment:checking '/home/mwangala/Desktop/__ROS2/install/theora_image_transport/lib/pkgconfig/theora_image_transport.pc'
[2.264s] Level 1:colcon.colcon_core.environment:checking '/home/mwangala/Desktop/__ROS2/install/theora_image_transport/lib/python3.10/site-packages'
[2.264s] Level 1:colcon.colcon_core.environment:checking '/home/mwangala/Desktop/__ROS2/install/theora_image_transport/bin'
[2.265s] INFO:colcon.colcon_core.shell:Creating package script '/home/mwangala/Desktop/__ROS2/install/theora_image_transport/share/theora_image_transport/package.ps1'
[2.285s] INFO:colcon.colcon_core.shell:Creating package descriptor '/home/mwangala/Desktop/__ROS2/install/theora_image_transport/share/theora_image_transport/package.dsv'
[2.300s] INFO:colcon.colcon_core.shell:Creating package script '/home/mwangala/Desktop/__ROS2/install/theora_image_transport/share/theora_image_transport/package.sh'
[2.306s] INFO:colcon.colcon_core.shell:Creating package script '/home/mwangala/Desktop/__ROS2/install/theora_image_transport/share/theora_image_transport/package.bash'
[2.314s] INFO:colcon.colcon_core.shell:Creating package script '/home/mwangala/Desktop/__ROS2/install/theora_image_transport/share/theora_image_transport/package.zsh'
[2.320s] Level 1:colcon.colcon_core.environment:create_file_with_runtime_dependencies(/home/mwangala/Desktop/__ROS2/install/theora_image_transport/share/colcon-core/packages/theora_image_transport)
[8.972s] DEBUG:colcon.colcon_parallel_executor.executor.parallel:closing loop
[8.972s] DEBUG:colcon.colcon_parallel_executor.executor.parallel:loop closed
[8.973s] DEBUG:colcon.colcon_parallel_executor.executor.parallel:run_until_complete finished with '2'
[8.973s] DEBUG:colcon.colcon_core.event_reactor:joining thread
[8.983s] INFO:colcon.colcon_core.plugin_system:Skipping extension 'colcon_notification.desktop_notification.terminal_notifier': Not used on non-Darwin systems
[8.983s] INFO:colcon.colcon_core.plugin_system:Skipping extension 'colcon_notification.desktop_notification.win32': Not used on non-Windows systems
[8.983s] INFO:colcon.colcon_notification.desktop_notification:Sending desktop notification using 'notify2'
[9.010s] DEBUG:colcon.colcon_core.event_reactor:joined thread
[9.011s] INFO:colcon.colcon_core.shell:Creating prefix script '/home/mwangala/Desktop/__ROS2/install/local_setup.ps1'
[9.013s] INFO:colcon.colcon_core.shell:Creating prefix util module '/home/mwangala/Desktop/__ROS2/install/_local_setup_util_ps1.py'
[9.015s] INFO:colcon.colcon_core.shell:Creating prefix chain script '/home/mwangala/Desktop/__ROS2/install/setup.ps1'
[9.019s] INFO:colcon.colcon_core.shell:Creating prefix script '/home/mwangala/Desktop/__ROS2/install/local_setup.sh'
[9.021s] INFO:colcon.colcon_core.shell:Creating prefix util module '/home/mwangala/Desktop/__ROS2/install/_local_setup_util_sh.py'
[9.023s] INFO:colcon.colcon_core.shell:Creating prefix chain script '/home/mwangala/Desktop/__ROS2/install/setup.sh'
[9.026s] INFO:colcon.colcon_core.shell:Creating prefix script '/home/mwangala/Desktop/__ROS2/install/local_setup.bash'
[9.027s] INFO:colcon.colcon_core.shell:Creating prefix chain script '/home/mwangala/Desktop/__ROS2/install/setup.bash'
[9.030s] INFO:colcon.colcon_core.shell:Creating prefix script '/home/mwangala/Desktop/__ROS2/install/local_setup.zsh'
[9.031s] INFO:colcon.colcon_core.shell:Creating prefix chain script '/home/mwangala/Desktop/__ROS2/install/setup.zsh'
