[0.076s] Invoking command in '/home/mwangala/Desktop/__ROS2/build/hand_interfaces': CMAKE_PREFIX_PATH=${CMAKE_PREFIX_PATH}:/home/mwangala/Desktop/Goaty/ros_project_ws2/install/handcv:/home/mwangala/Desktop/Goaty/ros_project_ws2/install/cv_franka_bridge:/home/mwangala/Desktop/Goaty/ros_project_ws2/install/cv_pegasus_bridge:/home/mwangala/Desktop/Goaty/ros_project_ws/install/handcv:/home/mwangala/Desktop/Goaty/ros_project_ws/install/cv_franka_bridge:/opt/ros/humble /usr/bin/cmake /home/mwangala/Desktop/__ROS2/src/hand_interfaces -DAMENT_CMAKE_SYMLINK_INSTALL=1 -DCMAKE_INSTALL_PREFIX=/home/mwangala/Desktop/__ROS2/install/hand_interfaces
[2.567s] -- The C compiler identification is GNU 11.4.0
[2.568s] -- The CXX compiler identification is GNU 11.4.0
[2.568s] -- Detecting C compiler ABI info
[2.568s] -- Detecting C compiler ABI info - done
[2.568s] -- Check for working C compiler: /usr/bin/cc - skipped
[2.568s] -- Detecting C compile features
[2.568s] -- Detecting C compile features - done
[2.568s] -- Detecting CXX compiler ABI info
[2.568s] -- Detecting CXX compiler ABI info - done
[2.568s] -- Check for working CXX compiler: /usr/bin/c++ - skipped
[2.568s] -- Detecting CXX compile features
[2.568s] -- Detecting CXX compile features - done
[2.568s] -- Found ament_cmake: 1.3.11 (/opt/ros/humble/share/ament_cmake/cmake)
[3.076s] -- Found Python3: /usr/bin/python3 (found version "3.10.12") found components: Interpreter 
[3.232s] -- Override CMake install command with custom implementation using symlinks instead of copying resources
[3.344s] -- Found geometry_msgs: 4.8.0 (/opt/ros/humble/share/geometry_msgs/cmake)
[3.447s] -- Found rosidl_generator_c: 3.1.6 (/opt/ros/humble/share/rosidl_generator_c/cmake)
[3.460s] -- Found rosidl_adapter: 3.1.6 (/opt/ros/humble/share/rosidl_adapter/cmake)
[3.501s] -- Found rosidl_generator_cpp: 3.1.6 (/opt/ros/humble/share/rosidl_generator_cpp/cmake)
[3.574s] -- Using all available rosidl_typesupport_c: rosidl_typesupport_fastrtps_c;rosidl_typesupport_introspection_c
[3.677s] -- Using all available rosidl_typesupport_cpp: rosidl_typesupport_fastrtps_cpp;rosidl_typesupport_introspection_cpp
[3.827s] -- Found rosidl_default_generators: 1.2.0 (/opt/ros/humble/share/rosidl_default_generators/cmake)
[4.548s] -- Found ament_cmake_ros: 0.10.0 (/opt/ros/humble/share/ament_cmake_ros/cmake)
[6.927s] -- Using all available rosidl_typesupport_c: rosidl_typesupport_fastrtps_c;rosidl_typesupport_introspection_c
[7.240s] -- Using all available rosidl_typesupport_cpp: rosidl_typesupport_fastrtps_cpp;rosidl_typesupport_introspection_cpp
[7.272s] -- Found PythonInterp: /usr/bin/python3 (found suitable version "3.10.12", minimum required is "3.6") 
[7.276s] -- Found python_cmake_module: 0.10.0 (/opt/ros/humble/share/python_cmake_module/cmake)
[7.316s] -- Found PythonLibs: /usr/lib/x86_64-linux-gnu/libpython3.10.so (found suitable version "3.10.12", minimum required is "3.5") 
[7.316s] -- Using PYTHON_EXECUTABLE: /usr/bin/python3
[7.316s] -- Using PYTHON_INCLUDE_DIRS: /usr/include/python3.10
[7.316s] -- Using PYTHON_LIBRARIES: /usr/lib/x86_64-linux-gnu/libpython3.10.so
[7.348s] -- Found PythonExtra: .so  
[7.494s] -- Found ament_lint_auto: 0.12.12 (/opt/ros/humble/share/ament_lint_auto/cmake)
[7.557s] -- Added test 'lint_cmake' to check CMake code style
[7.558s] -- Added test 'xmllint' to check XML markup files
[7.564s] -- Configuring done
[7.615s] -- Generating done
[7.825s] -- Build files have been written to: /home/mwangala/Desktop/__ROS2/build/hand_interfaces
[7.856s] Invoked command in '/home/mwangala/Desktop/__ROS2/build/hand_interfaces' returned '0': CMAKE_PREFIX_PATH=${CMAKE_PREFIX_PATH}:/home/mwangala/Desktop/Goaty/ros_project_ws2/install/handcv:/home/mwangala/Desktop/Goaty/ros_project_ws2/install/cv_franka_bridge:/home/mwangala/Desktop/Goaty/ros_project_ws2/install/cv_pegasus_bridge:/home/mwangala/Desktop/Goaty/ros_project_ws/install/handcv:/home/mwangala/Desktop/Goaty/ros_project_ws/install/cv_franka_bridge:/opt/ros/humble /usr/bin/cmake /home/mwangala/Desktop/__ROS2/src/hand_interfaces -DAMENT_CMAKE_SYMLINK_INSTALL=1 -DCMAKE_INSTALL_PREFIX=/home/mwangala/Desktop/__ROS2/install/hand_interfaces
[7.859s] Invoking command in '/home/mwangala/Desktop/__ROS2/build/hand_interfaces': CMAKE_PREFIX_PATH=${CMAKE_PREFIX_PATH}:/home/mwangala/Desktop/Goaty/ros_project_ws2/install/handcv:/home/mwangala/Desktop/Goaty/ros_project_ws2/install/cv_franka_bridge:/home/mwangala/Desktop/Goaty/ros_project_ws2/install/cv_pegasus_bridge:/home/mwangala/Desktop/Goaty/ros_project_ws/install/handcv:/home/mwangala/Desktop/Goaty/ros_project_ws/install/cv_franka_bridge:/opt/ros/humble /usr/bin/cmake --build /home/mwangala/Desktop/__ROS2/build/hand_interfaces -- -j8 -l8
[7.973s] [  2%] [34m[1mGenerating C code for ROS interfaces[0m
[7.994s] [  2%] Built target ament_cmake_python_symlink_hand_interfaces
[7.996s] [  4%] [34m[1mGenerating C++ code for ROS interfaces[0m
[8.407s] running egg_info
[8.408s] creating hand_interfaces.egg-info
[8.408s] writing hand_interfaces.egg-info/PKG-INFO
[8.409s] writing dependency_links to hand_interfaces.egg-info/dependency_links.txt
[8.409s] writing top-level names to hand_interfaces.egg-info/top_level.txt
[8.409s] writing manifest file 'hand_interfaces.egg-info/SOURCES.txt'
[8.415s] reading manifest file 'hand_interfaces.egg-info/SOURCES.txt'
[8.415s] writing manifest file 'hand_interfaces.egg-info/SOURCES.txt'
[9.354s] [  4%] Built target ament_cmake_python_build_hand_interfaces_egg
[11.000s] [  6%] [32mBuilding C object CMakeFiles/hand_interfaces__rosidl_generator_c.dir/rosidl_generator_c/hand_interfaces/msg/detail/finger_data__functions.c.o[0m
[11.006s] [  8%] [32mBuilding C object CMakeFiles/hand_interfaces__rosidl_generator_c.dir/rosidl_generator_c/hand_interfaces/srv/detail/hand_pose__functions.c.o[0m
[11.029s] [ 10%] [32mBuilding C object CMakeFiles/hand_interfaces__rosidl_generator_c.dir/rosidl_generator_c/hand_interfaces/msg/detail/pinch__functions.c.o[0m
[11.084s] [ 10%] Built target hand_interfaces__cpp
[11.107s] [ 12%] [34m[1mGenerating C++ type support dispatch for ROS interfaces[0m
[11.115s] [ 14%] [34m[1mGenerating C++ type support for eProsima Fast-RTPS[0m
[11.118s] [ 17%] [34m[1mGenerating C++ introspection for ROS interfaces[0m
[12.580s] [ 19%] [32mBuilding CXX object CMakeFiles/hand_interfaces__rosidl_typesupport_introspection_cpp.dir/rosidl_typesupport_introspection_cpp/hand_interfaces/srv/detail/hand_pose__type_support.cpp.o[0m
[12.675s] [ 21%] [32mBuilding CXX object CMakeFiles/hand_interfaces__rosidl_typesupport_cpp.dir/rosidl_typesupport_cpp/hand_interfaces/srv/hand_pose__type_support.cpp.o[0m
[13.230s] [ 23%] [32mBuilding CXX object CMakeFiles/hand_interfaces__rosidl_typesupport_fastrtps_cpp.dir/rosidl_typesupport_fastrtps_cpp/hand_interfaces/srv/detail/dds_fastrtps/hand_pose__type_support.cpp.o[0m
[13.704s] [ 25%] [32m[1mLinking C shared library libhand_interfaces__rosidl_generator_c.so[0m
[13.823s] [ 25%] Built target hand_interfaces__rosidl_generator_c
[18.129s] [ 27%] [32mBuilding CXX object CMakeFiles/hand_interfaces__rosidl_typesupport_cpp.dir/rosidl_typesupport_cpp/hand_interfaces/msg/finger_data__type_support.cpp.o[0m
[18.516s] [ 29%] [32mBuilding CXX object CMakeFiles/hand_interfaces__rosidl_typesupport_introspection_cpp.dir/rosidl_typesupport_introspection_cpp/hand_interfaces/msg/detail/pinch__type_support.cpp.o[0m
[18.568s] [ 31%] [32mBuilding CXX object CMakeFiles/hand_interfaces__rosidl_typesupport_cpp.dir/rosidl_typesupport_cpp/hand_interfaces/msg/pinch__type_support.cpp.o[0m
[19.219s] [ 34%] [32m[1mLinking CXX shared library libhand_interfaces__rosidl_typesupport_cpp.so[0m
[19.252s] [ 36%] [32mBuilding CXX object CMakeFiles/hand_interfaces__rosidl_typesupport_fastrtps_cpp.dir/rosidl_typesupport_fastrtps_cpp/hand_interfaces/msg/detail/dds_fastrtps/pinch__type_support.cpp.o[0m
[19.362s] [ 38%] [32mBuilding CXX object CMakeFiles/hand_interfaces__rosidl_typesupport_introspection_cpp.dir/rosidl_typesupport_introspection_cpp/hand_interfaces/msg/detail/finger_data__type_support.cpp.o[0m
[19.424s] [ 38%] Built target hand_interfaces__rosidl_typesupport_cpp
[21.028s] [ 40%] [32mBuilding CXX object CMakeFiles/hand_interfaces__rosidl_typesupport_fastrtps_cpp.dir/rosidl_typesupport_fastrtps_cpp/hand_interfaces/msg/detail/dds_fastrtps/finger_data__type_support.cpp.o[0m
[21.119s] [ 42%] [32m[1mLinking CXX shared library libhand_interfaces__rosidl_typesupport_introspection_cpp.so[0m
[22.628s] [ 42%] Built target hand_interfaces__rosidl_typesupport_introspection_cpp
[22.659s] [ 44%] [32m[1mLinking CXX shared library libhand_interfaces__rosidl_typesupport_fastrtps_cpp.so[0m
[22.849s] [ 44%] Built target hand_interfaces__rosidl_typesupport_fastrtps_cpp
[22.866s] [ 46%] [34m[1mGenerating C type support dispatch for ROS interfaces[0m
[23.394s] [ 48%] [32mBuilding CXX object CMakeFiles/hand_interfaces__rosidl_typesupport_c.dir/rosidl_typesupport_c/hand_interfaces/srv/hand_pose__type_support.cpp.o[0m
[23.908s] [ 51%] [32mBuilding CXX object CMakeFiles/hand_interfaces__rosidl_typesupport_c.dir/rosidl_typesupport_c/hand_interfaces/msg/pinch__type_support.cpp.o[0m
[24.046s] [ 53%] [32mBuilding CXX object CMakeFiles/hand_interfaces__rosidl_typesupport_c.dir/rosidl_typesupport_c/hand_interfaces/msg/finger_data__type_support.cpp.o[0m
[24.201s] [ 55%] [32m[1mLinking CXX shared library libhand_interfaces__rosidl_typesupport_c.so[0m
[24.355s] [ 55%] Built target hand_interfaces__rosidl_typesupport_c
[24.369s] [ 57%] [34m[1mGenerating C introspection for ROS interfaces[0m
[25.789s] [ 59%] [32mBuilding C object CMakeFiles/hand_interfaces__rosidl_typesupport_introspection_c.dir/rosidl_typesupport_introspection_c/hand_interfaces/srv/detail/hand_pose__type_support.c.o[0m
[27.764s] [ 61%] [32mBuilding C object CMakeFiles/hand_interfaces__rosidl_typesupport_introspection_c.dir/rosidl_typesupport_introspection_c/hand_interfaces/msg/detail/pinch__type_support.c.o[0m
[27.852s] [ 63%] [32mBuilding C object CMakeFiles/hand_interfaces__rosidl_typesupport_introspection_c.dir/rosidl_typesupport_introspection_c/hand_interfaces/msg/detail/finger_data__type_support.c.o[0m
[27.926s] [ 65%] [32m[1mLinking C shared library libhand_interfaces__rosidl_typesupport_introspection_c.so[0m
[27.992s] [ 65%] Built target hand_interfaces__rosidl_typesupport_introspection_c
[28.008s] [ 68%] [34m[1mGenerating C type support for eProsima Fast-RTPS[0m
[30.105s] [ 70%] [32mBuilding CXX object CMakeFiles/hand_interfaces__rosidl_typesupport_fastrtps_c.dir/rosidl_typesupport_fastrtps_c/hand_interfaces/srv/detail/hand_pose__type_support_c.cpp.o[0m
[31.549s] [ 72%] [32mBuilding CXX object CMakeFiles/hand_interfaces__rosidl_typesupport_fastrtps_c.dir/rosidl_typesupport_fastrtps_c/hand_interfaces/msg/detail/pinch__type_support_c.cpp.o[0m
[32.594s] [ 74%] [32mBuilding CXX object CMakeFiles/hand_interfaces__rosidl_typesupport_fastrtps_c.dir/rosidl_typesupport_fastrtps_c/hand_interfaces/msg/detail/finger_data__type_support_c.cpp.o[0m
[33.624s] [ 76%] [32m[1mLinking CXX shared library libhand_interfaces__rosidl_typesupport_fastrtps_c.so[0m
[34.028s] [ 76%] Built target hand_interfaces__rosidl_typesupport_fastrtps_c
[34.078s] [ 76%] Built target hand_interfaces
[34.180s] [ 78%] [34m[1mGenerating Python code for ROS interfaces[0m
[37.520s] [ 78%] Built target hand_interfaces__py
[37.647s] [ 80%] [32mBuilding C object CMakeFiles/hand_interfaces__rosidl_generator_py.dir/rosidl_generator_py/hand_interfaces/srv/_hand_pose_s.c.o[0m
[39.057s] [ 82%] [32mBuilding C object CMakeFiles/hand_interfaces__rosidl_generator_py.dir/rosidl_generator_py/hand_interfaces/msg/_pinch_s.c.o[0m
[39.479s] [ 85%] [32mBuilding C object CMakeFiles/hand_interfaces__rosidl_generator_py.dir/rosidl_generator_py/hand_interfaces/msg/_finger_data_s.c.o[0m
[39.922s] [ 87%] [32m[1mLinking C shared library rosidl_generator_py/hand_interfaces/libhand_interfaces__rosidl_generator_py.so[0m
[40.101s] [ 87%] Built target hand_interfaces__rosidl_generator_py
[40.280s] [ 89%] [32mBuilding C object CMakeFiles/hand_interfaces__rosidl_typesupport_fastrtps_c__pyext.dir/rosidl_generator_py/hand_interfaces/_hand_interfaces_s.ep.rosidl_typesupport_fastrtps_c.c.o[0m
[40.715s] [ 91%] [32m[1mLinking C shared library rosidl_generator_py/hand_interfaces/hand_interfaces_s__rosidl_typesupport_fastrtps_c.cpython-310-x86_64-linux-gnu.so[0m
[40.956s] [ 91%] Built target hand_interfaces__rosidl_typesupport_fastrtps_c__pyext
[41.243s] [ 93%] [32mBuilding C object CMakeFiles/hand_interfaces__rosidl_typesupport_c__pyext.dir/rosidl_generator_py/hand_interfaces/_hand_interfaces_s.ep.rosidl_typesupport_c.c.o[0m
[41.534s] [ 95%] [32m[1mLinking C shared library rosidl_generator_py/hand_interfaces/hand_interfaces_s__rosidl_typesupport_c.cpython-310-x86_64-linux-gnu.so[0m
[41.753s] [ 95%] Built target hand_interfaces__rosidl_typesupport_c__pyext
[41.907s] [ 97%] [32mBuilding C object CMakeFiles/hand_interfaces__rosidl_typesupport_introspection_c__pyext.dir/rosidl_generator_py/hand_interfaces/_hand_interfaces_s.ep.rosidl_typesupport_introspection_c.c.o[0m
[42.348s] [100%] [32m[1mLinking C shared library rosidl_generator_py/hand_interfaces/hand_interfaces_s__rosidl_typesupport_introspection_c.cpython-310-x86_64-linux-gnu.so[0m
[42.590s] [100%] Built target hand_interfaces__rosidl_typesupport_introspection_c__pyext
[42.648s] Invoked command in '/home/mwangala/Desktop/__ROS2/build/hand_interfaces' returned '0': CMAKE_PREFIX_PATH=${CMAKE_PREFIX_PATH}:/home/mwangala/Desktop/Goaty/ros_project_ws2/install/handcv:/home/mwangala/Desktop/Goaty/ros_project_ws2/install/cv_franka_bridge:/home/mwangala/Desktop/Goaty/ros_project_ws2/install/cv_pegasus_bridge:/home/mwangala/Desktop/Goaty/ros_project_ws/install/handcv:/home/mwangala/Desktop/Goaty/ros_project_ws/install/cv_franka_bridge:/opt/ros/humble /usr/bin/cmake --build /home/mwangala/Desktop/__ROS2/build/hand_interfaces -- -j8 -l8
[42.693s] Invoking command in '/home/mwangala/Desktop/__ROS2/build/hand_interfaces': CMAKE_PREFIX_PATH=${CMAKE_PREFIX_PATH}:/home/mwangala/Desktop/Goaty/ros_project_ws2/install/handcv:/home/mwangala/Desktop/Goaty/ros_project_ws2/install/cv_franka_bridge:/home/mwangala/Desktop/Goaty/ros_project_ws2/install/cv_pegasus_bridge:/home/mwangala/Desktop/Goaty/ros_project_ws/install/handcv:/home/mwangala/Desktop/Goaty/ros_project_ws/install/cv_franka_bridge:/opt/ros/humble /usr/bin/cmake --install /home/mwangala/Desktop/__ROS2/build/hand_interfaces
[42.714s] -- Install configuration: ""
[42.720s] -- Execute custom install script
[42.721s] -- Symlinking: /home/mwangala/Desktop/__ROS2/install/hand_interfaces/share/ament_index/resource_index/rosidl_interfaces/hand_interfaces
[42.775s] -- Symlinking: /home/mwangala/Desktop/__ROS2/install/hand_interfaces/include/hand_interfaces/hand_interfaces/msg/detail/finger_data__functions.h
[42.804s] -- Symlinking: /home/mwangala/Desktop/__ROS2/install/hand_interfaces/include/hand_interfaces/hand_interfaces/msg/detail/finger_data__struct.h
[42.841s] -- Symlinking: /home/mwangala/Desktop/__ROS2/install/hand_interfaces/include/hand_interfaces/hand_interfaces/msg/detail/finger_data__type_support.h
[42.884s] -- Symlinking: /home/mwangala/Desktop/__ROS2/install/hand_interfaces/include/hand_interfaces/hand_interfaces/msg/detail/pinch__functions.h
[42.933s] -- Symlinking: /home/mwangala/Desktop/__ROS2/install/hand_interfaces/include/hand_interfaces/hand_interfaces/msg/detail/pinch__struct.h
[42.984s] -- Symlinking: /home/mwangala/Desktop/__ROS2/install/hand_interfaces/include/hand_interfaces/hand_interfaces/msg/detail/pinch__type_support.h
[43.021s] -- Symlinking: /home/mwangala/Desktop/__ROS2/install/hand_interfaces/include/hand_interfaces/hand_interfaces/msg/finger_data.h
[43.062s] -- Symlinking: /home/mwangala/Desktop/__ROS2/install/hand_interfaces/include/hand_interfaces/hand_interfaces/msg/pinch.h
[43.115s] -- Symlinking: /home/mwangala/Desktop/__ROS2/install/hand_interfaces/include/hand_interfaces/hand_interfaces/msg/rosidl_generator_c__visibility_control.h
[43.146s] -- Symlinking: /home/mwangala/Desktop/__ROS2/install/hand_interfaces/include/hand_interfaces/hand_interfaces/srv/detail/hand_pose__functions.h
[43.174s] -- Symlinking: /home/mwangala/Desktop/__ROS2/install/hand_interfaces/include/hand_interfaces/hand_interfaces/srv/detail/hand_pose__struct.h
[43.201s] -- Symlinking: /home/mwangala/Desktop/__ROS2/install/hand_interfaces/include/hand_interfaces/hand_interfaces/srv/detail/hand_pose__type_support.h
[43.233s] -- Symlinking: /home/mwangala/Desktop/__ROS2/install/hand_interfaces/include/hand_interfaces/hand_interfaces/srv/hand_pose.h
[43.268s] -- Symlinking: /home/mwangala/Desktop/__ROS2/install/hand_interfaces/share/hand_interfaces/environment/library_path.sh
[43.301s] -- Symlinking: /home/mwangala/Desktop/__ROS2/install/hand_interfaces/share/hand_interfaces/environment/library_path.dsv
[43.329s] -- Symlinking: /home/mwangala/Desktop/__ROS2/install/hand_interfaces/include/hand_interfaces/hand_interfaces/msg/detail/finger_data__rosidl_typesupport_fastrtps_c.h
[43.359s] -- Symlinking: /home/mwangala/Desktop/__ROS2/install/hand_interfaces/include/hand_interfaces/hand_interfaces/msg/detail/pinch__rosidl_typesupport_fastrtps_c.h
[43.403s] -- Symlinking: /home/mwangala/Desktop/__ROS2/install/hand_interfaces/include/hand_interfaces/hand_interfaces/msg/rosidl_typesupport_fastrtps_c__visibility_control.h
[43.447s] -- Symlinking: /home/mwangala/Desktop/__ROS2/install/hand_interfaces/include/hand_interfaces/hand_interfaces/srv/detail/hand_pose__rosidl_typesupport_fastrtps_c.h
[43.501s] -- Symlinking: /home/mwangala/Desktop/__ROS2/install/hand_interfaces/include/hand_interfaces/hand_interfaces/msg/detail/finger_data__builder.hpp
[43.570s] -- Symlinking: /home/mwangala/Desktop/__ROS2/install/hand_interfaces/include/hand_interfaces/hand_interfaces/msg/detail/finger_data__struct.hpp
[43.602s] -- Symlinking: /home/mwangala/Desktop/__ROS2/install/hand_interfaces/include/hand_interfaces/hand_interfaces/msg/detail/finger_data__traits.hpp
[43.655s] -- Symlinking: /home/mwangala/Desktop/__ROS2/install/hand_interfaces/include/hand_interfaces/hand_interfaces/msg/detail/finger_data__type_support.hpp
[43.696s] -- Symlinking: /home/mwangala/Desktop/__ROS2/install/hand_interfaces/include/hand_interfaces/hand_interfaces/msg/detail/pinch__builder.hpp
[43.729s] -- Symlinking: /home/mwangala/Desktop/__ROS2/install/hand_interfaces/include/hand_interfaces/hand_interfaces/msg/detail/pinch__struct.hpp
[43.762s] -- Symlinking: /home/mwangala/Desktop/__ROS2/install/hand_interfaces/include/hand_interfaces/hand_interfaces/msg/detail/pinch__traits.hpp
[43.775s] -- Symlinking: /home/mwangala/Desktop/__ROS2/install/hand_interfaces/include/hand_interfaces/hand_interfaces/msg/detail/pinch__type_support.hpp
[43.810s] -- Symlinking: /home/mwangala/Desktop/__ROS2/install/hand_interfaces/include/hand_interfaces/hand_interfaces/msg/finger_data.hpp
[43.847s] -- Symlinking: /home/mwangala/Desktop/__ROS2/install/hand_interfaces/include/hand_interfaces/hand_interfaces/msg/pinch.hpp
[43.885s] -- Symlinking: /home/mwangala/Desktop/__ROS2/install/hand_interfaces/include/hand_interfaces/hand_interfaces/msg/rosidl_generator_cpp__visibility_control.hpp
[43.915s] -- Symlinking: /home/mwangala/Desktop/__ROS2/install/hand_interfaces/include/hand_interfaces/hand_interfaces/srv/detail/hand_pose__builder.hpp
[43.942s] -- Symlinking: /home/mwangala/Desktop/__ROS2/install/hand_interfaces/include/hand_interfaces/hand_interfaces/srv/detail/hand_pose__struct.hpp
[43.974s] -- Symlinking: /home/mwangala/Desktop/__ROS2/install/hand_interfaces/include/hand_interfaces/hand_interfaces/srv/detail/hand_pose__traits.hpp
[44.004s] -- Symlinking: /home/mwangala/Desktop/__ROS2/install/hand_interfaces/include/hand_interfaces/hand_interfaces/srv/detail/hand_pose__type_support.hpp
[44.059s] -- Symlinking: /home/mwangala/Desktop/__ROS2/install/hand_interfaces/include/hand_interfaces/hand_interfaces/srv/hand_pose.hpp
[44.101s] -- Symlinking: /home/mwangala/Desktop/__ROS2/install/hand_interfaces/include/hand_interfaces/hand_interfaces/msg/detail/finger_data__rosidl_typesupport_fastrtps_cpp.hpp
[44.151s] -- Symlinking: /home/mwangala/Desktop/__ROS2/install/hand_interfaces/include/hand_interfaces/hand_interfaces/msg/detail/pinch__rosidl_typesupport_fastrtps_cpp.hpp
[44.165s] -- Symlinking: /home/mwangala/Desktop/__ROS2/install/hand_interfaces/include/hand_interfaces/hand_interfaces/msg/rosidl_typesupport_fastrtps_cpp__visibility_control.h
[44.181s] -- Symlinking: /home/mwangala/Desktop/__ROS2/install/hand_interfaces/include/hand_interfaces/hand_interfaces/srv/detail/hand_pose__rosidl_typesupport_fastrtps_cpp.hpp
[44.203s] -- Symlinking: /home/mwangala/Desktop/__ROS2/install/hand_interfaces/include/hand_interfaces/hand_interfaces/msg/detail/finger_data__rosidl_typesupport_introspection_c.h
[44.215s] -- Symlinking: /home/mwangala/Desktop/__ROS2/install/hand_interfaces/include/hand_interfaces/hand_interfaces/msg/detail/pinch__rosidl_typesupport_introspection_c.h
[44.235s] -- Symlinking: /home/mwangala/Desktop/__ROS2/install/hand_interfaces/include/hand_interfaces/hand_interfaces/msg/rosidl_typesupport_introspection_c__visibility_control.h
[44.273s] -- Symlinking: /home/mwangala/Desktop/__ROS2/install/hand_interfaces/include/hand_interfaces/hand_interfaces/srv/detail/hand_pose__rosidl_typesupport_introspection_c.h
[44.307s] -- Symlinking: /home/mwangala/Desktop/__ROS2/install/hand_interfaces/include/hand_interfaces/hand_interfaces/msg/detail/finger_data__rosidl_typesupport_introspection_cpp.hpp
[44.353s] -- Symlinking: /home/mwangala/Desktop/__ROS2/install/hand_interfaces/include/hand_interfaces/hand_interfaces/msg/detail/pinch__rosidl_typesupport_introspection_cpp.hpp
[44.391s] -- Symlinking: /home/mwangala/Desktop/__ROS2/install/hand_interfaces/include/hand_interfaces/hand_interfaces/srv/detail/hand_pose__rosidl_typesupport_introspection_cpp.hpp
[44.418s] -- Symlinking: /home/mwangala/Desktop/__ROS2/install/hand_interfaces/share/hand_interfaces/environment/pythonpath.sh
[44.443s] -- Symlinking: /home/mwangala/Desktop/__ROS2/install/hand_interfaces/share/hand_interfaces/environment/pythonpath.dsv
[44.481s] -- Symlinking: /home/mwangala/Desktop/__ROS2/install/hand_interfaces/local/lib/python3.10/dist-packages/hand_interfaces-0.0.1-py3.10.egg-info/PKG-INFO
[44.505s] -- Symlinking: /home/mwangala/Desktop/__ROS2/install/hand_interfaces/local/lib/python3.10/dist-packages/hand_interfaces-0.0.1-py3.10.egg-info/SOURCES.txt
[44.526s] -- Symlinking: /home/mwangala/Desktop/__ROS2/install/hand_interfaces/local/lib/python3.10/dist-packages/hand_interfaces-0.0.1-py3.10.egg-info/dependency_links.txt
[44.541s] -- Symlinking: /home/mwangala/Desktop/__ROS2/install/hand_interfaces/local/lib/python3.10/dist-packages/hand_interfaces-0.0.1-py3.10.egg-info/top_level.txt
[44.556s] -- Symlinking: /home/mwangala/Desktop/__ROS2/install/hand_interfaces/local/lib/python3.10/dist-packages/hand_interfaces/__init__.py
[44.572s] -- Symlinking: /home/mwangala/Desktop/__ROS2/install/hand_interfaces/local/lib/python3.10/dist-packages/hand_interfaces/_hand_interfaces_s.ep.rosidl_typesupport_c.c
[44.592s] -- Symlinking: /home/mwangala/Desktop/__ROS2/install/hand_interfaces/local/lib/python3.10/dist-packages/hand_interfaces/_hand_interfaces_s.ep.rosidl_typesupport_fastrtps_c.c
[44.607s] -- Symlinking: /home/mwangala/Desktop/__ROS2/install/hand_interfaces/local/lib/python3.10/dist-packages/hand_interfaces/_hand_interfaces_s.ep.rosidl_typesupport_introspection_c.c
[45.103s] -- Symlinking: /home/mwangala/Desktop/__ROS2/install/hand_interfaces/local/lib/python3.10/dist-packages/hand_interfaces/hand_interfaces_s__rosidl_typesupport_c.cpython-310-x86_64-linux-gnu.so
[45.144s] -- Symlinking: /home/mwangala/Desktop/__ROS2/install/hand_interfaces/local/lib/python3.10/dist-packages/hand_interfaces/hand_interfaces_s__rosidl_typesupport_fastrtps_c.cpython-310-x86_64-linux-gnu.so
[45.166s] -- Symlinking: /home/mwangala/Desktop/__ROS2/install/hand_interfaces/local/lib/python3.10/dist-packages/hand_interfaces/hand_interfaces_s__rosidl_typesupport_introspection_c.cpython-310-x86_64-linux-gnu.so
[45.183s] -- Symlinking: /home/mwangala/Desktop/__ROS2/install/hand_interfaces/local/lib/python3.10/dist-packages/hand_interfaces/libhand_interfaces__rosidl_generator_py.so
[45.198s] -- Symlinking: /home/mwangala/Desktop/__ROS2/install/hand_interfaces/local/lib/python3.10/dist-packages/hand_interfaces/msg/__init__.py
[45.247s] -- Symlinking: /home/mwangala/Desktop/__ROS2/install/hand_interfaces/local/lib/python3.10/dist-packages/hand_interfaces/msg/_finger_data.py
[45.284s] -- Symlinking: /home/mwangala/Desktop/__ROS2/install/hand_interfaces/local/lib/python3.10/dist-packages/hand_interfaces/msg/_finger_data_s.c
[45.298s] -- Symlinking: /home/mwangala/Desktop/__ROS2/install/hand_interfaces/local/lib/python3.10/dist-packages/hand_interfaces/msg/_pinch.py
[45.321s] -- Symlinking: /home/mwangala/Desktop/__ROS2/install/hand_interfaces/local/lib/python3.10/dist-packages/hand_interfaces/msg/_pinch_s.c
[45.361s] -- Symlinking: /home/mwangala/Desktop/__ROS2/install/hand_interfaces/local/lib/python3.10/dist-packages/hand_interfaces/srv/__init__.py
[45.393s] -- Symlinking: /home/mwangala/Desktop/__ROS2/install/hand_interfaces/local/lib/python3.10/dist-packages/hand_interfaces/srv/_hand_pose.py
[45.442s] -- Symlinking: /home/mwangala/Desktop/__ROS2/install/hand_interfaces/local/lib/python3.10/dist-packages/hand_interfaces/srv/_hand_pose_s.c
[45.468s] -- Up-to-date symlink: /home/mwangala/Desktop/__ROS2/install/hand_interfaces/local/lib/python3.10/dist-packages/hand_interfaces/hand_interfaces_s__rosidl_typesupport_fastrtps_c.cpython-310-x86_64-linux-gnu.so
[45.471s] -- Up-to-date symlink: /home/mwangala/Desktop/__ROS2/install/hand_interfaces/local/lib/python3.10/dist-packages/hand_interfaces/hand_interfaces_s__rosidl_typesupport_introspection_c.cpython-310-x86_64-linux-gnu.so
[45.473s] -- Up-to-date symlink: /home/mwangala/Desktop/__ROS2/install/hand_interfaces/local/lib/python3.10/dist-packages/hand_interfaces/hand_interfaces_s__rosidl_typesupport_c.cpython-310-x86_64-linux-gnu.so
[45.475s] -- Symlinking: /home/mwangala/Desktop/__ROS2/install/hand_interfaces/share/hand_interfaces/srv/HandPose.idl
[45.509s] -- Symlinking: /home/mwangala/Desktop/__ROS2/install/hand_interfaces/share/hand_interfaces/msg/FingerData.idl
[45.535s] -- Symlinking: /home/mwangala/Desktop/__ROS2/install/hand_interfaces/share/hand_interfaces/msg/Pinch.idl
[45.627s] -- Symlinking: /home/mwangala/Desktop/__ROS2/install/hand_interfaces/share/hand_interfaces/srv/HandPose.srv
[45.687s] -- Symlinking: /home/mwangala/Desktop/__ROS2/install/hand_interfaces/share/hand_interfaces/srv/HandPose_Request.msg
[45.729s] -- Symlinking: /home/mwangala/Desktop/__ROS2/install/hand_interfaces/share/hand_interfaces/srv/HandPose_Response.msg
[45.765s] -- Symlinking: /home/mwangala/Desktop/__ROS2/install/hand_interfaces/share/hand_interfaces/msg/FingerData.msg
[45.820s] -- Symlinking: /home/mwangala/Desktop/__ROS2/install/hand_interfaces/share/hand_interfaces/msg/Pinch.msg
[45.880s] -- Symlinking: /home/mwangala/Desktop/__ROS2/install/hand_interfaces/share/ament_index/resource_index/package_run_dependencies/hand_interfaces
[45.935s] -- Symlinking: /home/mwangala/Desktop/__ROS2/install/hand_interfaces/share/ament_index/resource_index/parent_prefix_path/hand_interfaces
[45.965s] -- Symlinking: /home/mwangala/Desktop/__ROS2/install/hand_interfaces/share/hand_interfaces/environment/ament_prefix_path.sh
[46.008s] -- Symlinking: /home/mwangala/Desktop/__ROS2/install/hand_interfaces/share/hand_interfaces/environment/ament_prefix_path.dsv
[46.056s] -- Symlinking: /home/mwangala/Desktop/__ROS2/install/hand_interfaces/share/hand_interfaces/environment/path.sh
[46.163s] -- Symlinking: /home/mwangala/Desktop/__ROS2/install/hand_interfaces/share/hand_interfaces/environment/path.dsv
[46.197s] -- Symlinking: /home/mwangala/Desktop/__ROS2/install/hand_interfaces/share/hand_interfaces/local_setup.bash
[46.210s] -- Symlinking: /home/mwangala/Desktop/__ROS2/install/hand_interfaces/share/hand_interfaces/local_setup.sh
[46.234s] -- Symlinking: /home/mwangala/Desktop/__ROS2/install/hand_interfaces/share/hand_interfaces/local_setup.zsh
[46.260s] -- Symlinking: /home/mwangala/Desktop/__ROS2/install/hand_interfaces/share/hand_interfaces/local_setup.dsv
[46.283s] -- Symlinking: /home/mwangala/Desktop/__ROS2/install/hand_interfaces/share/hand_interfaces/package.dsv
[46.319s] -- Symlinking: /home/mwangala/Desktop/__ROS2/install/hand_interfaces/share/ament_index/resource_index/packages/hand_interfaces
[46.351s] -- Symlinking: /home/mwangala/Desktop/__ROS2/install/hand_interfaces/share/hand_interfaces/cmake/rosidl_cmake-extras.cmake
[46.394s] -- Symlinking: /home/mwangala/Desktop/__ROS2/install/hand_interfaces/share/hand_interfaces/cmake/ament_cmake_export_dependencies-extras.cmake
[46.423s] -- Symlinking: /home/mwangala/Desktop/__ROS2/install/hand_interfaces/share/hand_interfaces/cmake/ament_cmake_export_include_directories-extras.cmake
[46.463s] -- Symlinking: /home/mwangala/Desktop/__ROS2/install/hand_interfaces/share/hand_interfaces/cmake/ament_cmake_export_libraries-extras.cmake
[46.474s] -- Symlinking: /home/mwangala/Desktop/__ROS2/install/hand_interfaces/share/hand_interfaces/cmake/ament_cmake_export_targets-extras.cmake
[46.506s] -- Symlinking: /home/mwangala/Desktop/__ROS2/install/hand_interfaces/share/hand_interfaces/cmake/rosidl_cmake_export_typesupport_targets-extras.cmake
[46.538s] -- Symlinking: /home/mwangala/Desktop/__ROS2/install/hand_interfaces/share/hand_interfaces/cmake/rosidl_cmake_export_typesupport_libraries-extras.cmake
[46.565s] -- Symlinking: /home/mwangala/Desktop/__ROS2/install/hand_interfaces/share/hand_interfaces/cmake/hand_interfacesConfig.cmake
[46.601s] -- Symlinking: /home/mwangala/Desktop/__ROS2/install/hand_interfaces/share/hand_interfaces/cmake/hand_interfacesConfig-version.cmake
[46.634s] -- Symlinking: /home/mwangala/Desktop/__ROS2/install/hand_interfaces/share/hand_interfaces/package.xml
[46.662s] -- Installing: /home/mwangala/Desktop/__ROS2/install/hand_interfaces/lib/libhand_interfaces__rosidl_generator_c.so
[46.662s] -- Set runtime path of "/home/mwangala/Desktop/__ROS2/install/hand_interfaces/lib/libhand_interfaces__rosidl_generator_c.so" to ""
[46.662s] -- Installing: /home/mwangala/Desktop/__ROS2/install/hand_interfaces/lib/libhand_interfaces__rosidl_typesupport_fastrtps_c.so
[46.665s] -- Set runtime path of "/home/mwangala/Desktop/__ROS2/install/hand_interfaces/lib/libhand_interfaces__rosidl_typesupport_fastrtps_c.so" to ""
[46.665s] -- Installing: /home/mwangala/Desktop/__ROS2/install/hand_interfaces/lib/libhand_interfaces__rosidl_typesupport_fastrtps_cpp.so
[46.669s] -- Set runtime path of "/home/mwangala/Desktop/__ROS2/install/hand_interfaces/lib/libhand_interfaces__rosidl_typesupport_fastrtps_cpp.so" to ""
[46.669s] -- Installing: /home/mwangala/Desktop/__ROS2/install/hand_interfaces/lib/libhand_interfaces__rosidl_typesupport_introspection_c.so
[46.670s] -- Set runtime path of "/home/mwangala/Desktop/__ROS2/install/hand_interfaces/lib/libhand_interfaces__rosidl_typesupport_introspection_c.so" to ""
[46.670s] -- Installing: /home/mwangala/Desktop/__ROS2/install/hand_interfaces/lib/libhand_interfaces__rosidl_typesupport_c.so
[46.676s] -- Set runtime path of "/home/mwangala/Desktop/__ROS2/install/hand_interfaces/lib/libhand_interfaces__rosidl_typesupport_c.so" to ""
[46.676s] -- Installing: /home/mwangala/Desktop/__ROS2/install/hand_interfaces/lib/libhand_interfaces__rosidl_typesupport_introspection_cpp.so
[46.684s] -- Set runtime path of "/home/mwangala/Desktop/__ROS2/install/hand_interfaces/lib/libhand_interfaces__rosidl_typesupport_introspection_cpp.so" to ""
[46.684s] -- Installing: /home/mwangala/Desktop/__ROS2/install/hand_interfaces/lib/libhand_interfaces__rosidl_typesupport_cpp.so
[46.685s] -- Set runtime path of "/home/mwangala/Desktop/__ROS2/install/hand_interfaces/lib/libhand_interfaces__rosidl_typesupport_cpp.so" to ""
[46.934s] Listing '/home/mwangala/Desktop/__ROS2/install/hand_interfaces/local/lib/python3.10/dist-packages/hand_interfaces'...
[46.935s] Compiling '/home/mwangala/Desktop/__ROS2/install/hand_interfaces/local/lib/python3.10/dist-packages/hand_interfaces/__init__.py'...
[46.935s] Listing '/home/mwangala/Desktop/__ROS2/install/hand_interfaces/local/lib/python3.10/dist-packages/hand_interfaces/msg'...
[46.935s] Compiling '/home/mwangala/Desktop/__ROS2/install/hand_interfaces/local/lib/python3.10/dist-packages/hand_interfaces/msg/__init__.py'...
[46.935s] Compiling '/home/mwangala/Desktop/__ROS2/install/hand_interfaces/local/lib/python3.10/dist-packages/hand_interfaces/msg/_finger_data.py'...
[46.935s] Compiling '/home/mwangala/Desktop/__ROS2/install/hand_interfaces/local/lib/python3.10/dist-packages/hand_interfaces/msg/_pinch.py'...
[46.935s] Listing '/home/mwangala/Desktop/__ROS2/install/hand_interfaces/local/lib/python3.10/dist-packages/hand_interfaces/srv'...
[46.935s] Compiling '/home/mwangala/Desktop/__ROS2/install/hand_interfaces/local/lib/python3.10/dist-packages/hand_interfaces/srv/__init__.py'...
[46.935s] Compiling '/home/mwangala/Desktop/__ROS2/install/hand_interfaces/local/lib/python3.10/dist-packages/hand_interfaces/srv/_hand_pose.py'...
[46.968s] -- Installing: /home/mwangala/Desktop/__ROS2/install/hand_interfaces/lib/libhand_interfaces__rosidl_generator_py.so
[46.969s] -- Set runtime path of "/home/mwangala/Desktop/__ROS2/install/hand_interfaces/lib/libhand_interfaces__rosidl_generator_py.so" to ""
[46.970s] -- Installing: /home/mwangala/Desktop/__ROS2/install/hand_interfaces/share/hand_interfaces/cmake/export_hand_interfaces__rosidl_generator_cExport.cmake
[46.970s] -- Installing: /home/mwangala/Desktop/__ROS2/install/hand_interfaces/share/hand_interfaces/cmake/export_hand_interfaces__rosidl_generator_cExport-noconfig.cmake
[46.970s] -- Installing: /home/mwangala/Desktop/__ROS2/install/hand_interfaces/share/hand_interfaces/cmake/export_hand_interfaces__rosidl_typesupport_fastrtps_cExport.cmake
[46.970s] -- Installing: /home/mwangala/Desktop/__ROS2/install/hand_interfaces/share/hand_interfaces/cmake/export_hand_interfaces__rosidl_typesupport_fastrtps_cExport-noconfig.cmake
[46.970s] -- Installing: /home/mwangala/Desktop/__ROS2/install/hand_interfaces/share/hand_interfaces/cmake/export_hand_interfaces__rosidl_generator_cppExport.cmake
[46.970s] -- Installing: /home/mwangala/Desktop/__ROS2/install/hand_interfaces/share/hand_interfaces/cmake/export_hand_interfaces__rosidl_typesupport_fastrtps_cppExport.cmake
[46.971s] -- Installing: /home/mwangala/Desktop/__ROS2/install/hand_interfaces/share/hand_interfaces/cmake/export_hand_interfaces__rosidl_typesupport_fastrtps_cppExport-noconfig.cmake
[46.971s] -- Installing: /home/mwangala/Desktop/__ROS2/install/hand_interfaces/share/hand_interfaces/cmake/hand_interfaces__rosidl_typesupport_introspection_cExport.cmake
[46.971s] -- Installing: /home/mwangala/Desktop/__ROS2/install/hand_interfaces/share/hand_interfaces/cmake/hand_interfaces__rosidl_typesupport_introspection_cExport-noconfig.cmake
[46.972s] -- Installing: /home/mwangala/Desktop/__ROS2/install/hand_interfaces/share/hand_interfaces/cmake/hand_interfaces__rosidl_typesupport_cExport.cmake
[46.972s] -- Installing: /home/mwangala/Desktop/__ROS2/install/hand_interfaces/share/hand_interfaces/cmake/hand_interfaces__rosidl_typesupport_cExport-noconfig.cmake
[46.972s] -- Installing: /home/mwangala/Desktop/__ROS2/install/hand_interfaces/share/hand_interfaces/cmake/hand_interfaces__rosidl_typesupport_introspection_cppExport.cmake
[46.973s] -- Installing: /home/mwangala/Desktop/__ROS2/install/hand_interfaces/share/hand_interfaces/cmake/hand_interfaces__rosidl_typesupport_introspection_cppExport-noconfig.cmake
[46.973s] -- Installing: /home/mwangala/Desktop/__ROS2/install/hand_interfaces/share/hand_interfaces/cmake/hand_interfaces__rosidl_typesupport_cppExport.cmake
[46.973s] -- Installing: /home/mwangala/Desktop/__ROS2/install/hand_interfaces/share/hand_interfaces/cmake/hand_interfaces__rosidl_typesupport_cppExport-noconfig.cmake
[46.974s] -- Installing: /home/mwangala/Desktop/__ROS2/install/hand_interfaces/share/hand_interfaces/cmake/export_hand_interfaces__rosidl_generator_pyExport.cmake
[46.975s] -- Installing: /home/mwangala/Desktop/__ROS2/install/hand_interfaces/share/hand_interfaces/cmake/export_hand_interfaces__rosidl_generator_pyExport-noconfig.cmake
[46.988s] Invoked command in '/home/mwangala/Desktop/__ROS2/build/hand_interfaces' returned '0': CMAKE_PREFIX_PATH=${CMAKE_PREFIX_PATH}:/home/mwangala/Desktop/Goaty/ros_project_ws2/install/handcv:/home/mwangala/Desktop/Goaty/ros_project_ws2/install/cv_franka_bridge:/home/mwangala/Desktop/Goaty/ros_project_ws2/install/cv_pegasus_bridge:/home/mwangala/Desktop/Goaty/ros_project_ws/install/handcv:/home/mwangala/Desktop/Goaty/ros_project_ws/install/cv_franka_bridge:/opt/ros/humble /usr/bin/cmake --install /home/mwangala/Desktop/__ROS2/build/hand_interfaces
