[2.144s] Invoking command in '/home/mwangala/Desktop/__ROS2/src/pegasus_control': PYTHONPATH=/home/mwangala/Desktop/__ROS2/build/pegasus_control/prefix_override:/usr/lib/python3/dist-packages/colcon_core/task/python/colcon_distutils_commands:/home/mwangala/Desktop/__ROS2/install/pegasus_control/lib/python3.10/site-packages:${PYTHONPATH} /usr/bin/python3 -W ignore:setup.py install is deprecated -W ignore:easy_install command is deprecated setup.py egg_info --egg-base ../../build/pegasus_control build --build-base /home/mwangala/Desktop/__ROS2/build/pegasus_control/build install --record /home/mwangala/Desktop/__ROS2/build/pegasus_control/install.log --single-version-externally-managed install_data
[3.045s] running egg_info
[3.045s] creating ../../build/pegasus_control/pegasus_control.egg-info
[3.045s] writing ../../build/pegasus_control/pegasus_control.egg-info/PKG-INFO
[3.045s] writing dependency_links to ../../build/pegasus_control/pegasus_control.egg-info/dependency_links.txt
[3.045s] writing entry points to ../../build/pegasus_control/pegasus_control.egg-info/entry_points.txt
[3.045s] writing requirements to ../../build/pegasus_control/pegasus_control.egg-info/requires.txt
[3.045s] writing top-level names to ../../build/pegasus_control/pegasus_control.egg-info/top_level.txt
[3.045s] writing manifest file '../../build/pegasus_control/pegasus_control.egg-info/SOURCES.txt'
[3.045s] reading manifest file '../../build/pegasus_control/pegasus_control.egg-info/SOURCES.txt'
[3.045s] writing manifest file '../../build/pegasus_control/pegasus_control.egg-info/SOURCES.txt'
[3.046s] running build
[3.046s] running build_py
[3.046s] creating /home/mwangala/Desktop/__ROS2/build/pegasus_control/build
[3.046s] creating /home/mwangala/Desktop/__ROS2/build/pegasus_control/build/lib
[3.046s] creating /home/mwangala/Desktop/__ROS2/build/pegasus_control/build/lib/pegasus_control
[3.053s] copying pegasus_control/__init__.py -> /home/mwangala/Desktop/__ROS2/build/pegasus_control/build/lib/pegasus_control
[3.053s] copying pegasus_control/headless_node.py -> /home/mwangala/Desktop/__ROS2/build/pegasus_control/build/lib/pegasus_control
[3.053s] copying pegasus_control/pegasus_commander.py -> /home/mwangala/Desktop/__ROS2/build/pegasus_control/build/lib/pegasus_control
[3.053s] copying pegasus_control/socket_server.py -> /home/mwangala/Desktop/__ROS2/build/pegasus_control/build/lib/pegasus_control
[3.053s] creating /home/mwangala/Desktop/__ROS2/build/pegasus_control/build/lib/pegasus_control/gui
[3.053s] copying pegasus_control/gui/__init__.py -> /home/mwangala/Desktop/__ROS2/build/pegasus_control/build/lib/pegasus_control/gui
[3.053s] copying pegasus_control/gui/gui_node.py -> /home/mwangala/Desktop/__ROS2/build/pegasus_control/build/lib/pegasus_control/gui
[3.054s] running install
[3.054s] running install_lib
[3.054s] creating /home/mwangala/Desktop/__ROS2/install/pegasus_control/lib/python3.10/site-packages/pegasus_control
[3.054s] copying /home/mwangala/Desktop/__ROS2/build/pegasus_control/build/lib/pegasus_control/__init__.py -> /home/mwangala/Desktop/__ROS2/install/pegasus_control/lib/python3.10/site-packages/pegasus_control
[3.054s] creating /home/mwangala/Desktop/__ROS2/install/pegasus_control/lib/python3.10/site-packages/pegasus_control/gui
[3.054s] copying /home/mwangala/Desktop/__ROS2/build/pegasus_control/build/lib/pegasus_control/gui/__init__.py -> /home/mwangala/Desktop/__ROS2/install/pegasus_control/lib/python3.10/site-packages/pegasus_control/gui
[3.054s] copying /home/mwangala/Desktop/__ROS2/build/pegasus_control/build/lib/pegasus_control/gui/gui_node.py -> /home/mwangala/Desktop/__ROS2/install/pegasus_control/lib/python3.10/site-packages/pegasus_control/gui
[3.054s] copying /home/mwangala/Desktop/__ROS2/build/pegasus_control/build/lib/pegasus_control/headless_node.py -> /home/mwangala/Desktop/__ROS2/install/pegasus_control/lib/python3.10/site-packages/pegasus_control
[3.054s] copying /home/mwangala/Desktop/__ROS2/build/pegasus_control/build/lib/pegasus_control/pegasus_commander.py -> /home/mwangala/Desktop/__ROS2/install/pegasus_control/lib/python3.10/site-packages/pegasus_control
[3.054s] copying /home/mwangala/Desktop/__ROS2/build/pegasus_control/build/lib/pegasus_control/socket_server.py -> /home/mwangala/Desktop/__ROS2/install/pegasus_control/lib/python3.10/site-packages/pegasus_control
[3.054s] byte-compiling /home/mwangala/Desktop/__ROS2/install/pegasus_control/lib/python3.10/site-packages/pegasus_control/__init__.py to __init__.cpython-310.pyc
[3.055s] byte-compiling /home/mwangala/Desktop/__ROS2/install/pegasus_control/lib/python3.10/site-packages/pegasus_control/gui/__init__.py to __init__.cpython-310.pyc
[3.056s] byte-compiling /home/mwangala/Desktop/__ROS2/install/pegasus_control/lib/python3.10/site-packages/pegasus_control/gui/gui_node.py to gui_node.cpython-310.pyc
[3.056s] byte-compiling /home/mwangala/Desktop/__ROS2/install/pegasus_control/lib/python3.10/site-packages/pegasus_control/headless_node.py to headless_node.cpython-310.pyc
[3.056s] byte-compiling /home/mwangala/Desktop/__ROS2/install/pegasus_control/lib/python3.10/site-packages/pegasus_control/pegasus_commander.py to pegasus_commander.cpython-310.pyc
[3.056s] byte-compiling /home/mwangala/Desktop/__ROS2/install/pegasus_control/lib/python3.10/site-packages/pegasus_control/socket_server.py to socket_server.cpython-310.pyc
[3.056s] running install_data
[3.056s] creating /home/mwangala/Desktop/__ROS2/install/pegasus_control/share/ament_index
[3.056s] creating /home/mwangala/Desktop/__ROS2/install/pegasus_control/share/ament_index/resource_index
[3.056s] creating /home/mwangala/Desktop/__ROS2/install/pegasus_control/share/ament_index/resource_index/packages
[3.056s] copying resource/pegasus_control -> /home/mwangala/Desktop/__ROS2/install/pegasus_control/share/ament_index/resource_index/packages
[3.056s] copying package.xml -> /home/mwangala/Desktop/__ROS2/install/pegasus_control/share/pegasus_control
[3.057s] running install_egg_info
[3.057s] Copying ../../build/pegasus_control/pegasus_control.egg-info to /home/mwangala/Desktop/__ROS2/install/pegasus_control/lib/python3.10/site-packages/pegasus_control-0.0.1-py3.10.egg-info
[3.057s] running install_scripts
[3.057s] Installing gui script to /home/mwangala/Desktop/__ROS2/install/pegasus_control/lib/pegasus_control
[3.057s] Installing headless script to /home/mwangala/Desktop/__ROS2/install/pegasus_control/lib/pegasus_control
[3.057s] writing list of installed files to '/home/mwangala/Desktop/__ROS2/build/pegasus_control/install.log'
[3.066s] Invoked command in '/home/mwangala/Desktop/__ROS2/src/pegasus_control' returned '0': PYTHONPATH=/home/mwangala/Desktop/__ROS2/build/pegasus_control/prefix_override:/usr/lib/python3/dist-packages/colcon_core/task/python/colcon_distutils_commands:/home/mwangala/Desktop/__ROS2/install/pegasus_control/lib/python3.10/site-packages:${PYTHONPATH} /usr/bin/python3 -W ignore:setup.py install is deprecated -W ignore:easy_install command is deprecated setup.py egg_info --egg-base ../../build/pegasus_control build --build-base /home/mwangala/Desktop/__ROS2/build/pegasus_control/build install --record /home/mwangala/Desktop/__ROS2/build/pegasus_control/install.log --single-version-externally-managed install_data
