[0.839s] Invoking command in '/home/mwangala/Desktop/__ROS2/build/handcv': AMENT_PREFIX_PATH=/home/mwangala/Desktop/__ROS2/install/hand_interfaces:${AMENT_PREFIX_PATH} CMAKE_PREFIX_PATH=/home/mwangala/Desktop/__ROS2/install/hand_interfaces:${CMAKE_PREFIX_PATH} LD_LIBRARY_PATH=/home/mwangala/Desktop/__ROS2/install/hand_interfaces/lib:${LD_LIBRARY_PATH} PYTHONPATH=/home/mwangala/Desktop/__ROS2/build/handcv/prefix_override:/usr/lib/python3/dist-packages/colcon_core/task/python/colcon_distutils_commands:/home/mwangala/Desktop/__ROS2/install/handcv/lib/python3.10/site-packages:/home/mwangala/Desktop/__ROS2/install/hand_interfaces/local/lib/python3.10/dist-packages:${PYTHONPATH} /usr/bin/python3 -W ignore:setup.py install is deprecated -W ignore:easy_install command is deprecated setup.py develop --uninstall --editable --build-directory /home/mwangala/Desktop/__ROS2/build/handcv/build
[1.102s] running develop
[1.261s] Removing /home/mwangala/Desktop/__ROS2/install/handcv/lib/python3.10/site-packages/handcv.egg-link (link to .)
[2.318s] Invoked command in '/home/mwangala/Desktop/__ROS2/build/handcv' returned '0': AMENT_PREFIX_PATH=/home/mwangala/Desktop/__ROS2/install/hand_interfaces:${AMENT_PREFIX_PATH} CMAKE_PREFIX_PATH=/home/mwangala/Desktop/__ROS2/install/hand_interfaces:${CMAKE_PREFIX_PATH} LD_LIBRARY_PATH=/home/mwangala/Desktop/__ROS2/install/hand_interfaces/lib:${LD_LIBRARY_PATH} PYTHONPATH=/home/mwangala/Desktop/__ROS2/build/handcv/prefix_override:/usr/lib/python3/dist-packages/colcon_core/task/python/colcon_distutils_commands:/home/mwangala/Desktop/__ROS2/install/handcv/lib/python3.10/site-packages:/home/mwangala/Desktop/__ROS2/install/hand_interfaces/local/lib/python3.10/dist-packages:${PYTHONPATH} /usr/bin/python3 -W ignore:setup.py install is deprecated -W ignore:easy_install command is deprecated setup.py develop --uninstall --editable --build-directory /home/mwangala/Desktop/__ROS2/build/handcv/build
[2.322s] Invoking command in '/home/mwangala/Desktop/__ROS2/src/handcv': AMENT_PREFIX_PATH=/home/mwangala/Desktop/__ROS2/install/hand_interfaces:${AMENT_PREFIX_PATH} CMAKE_PREFIX_PATH=/home/mwangala/Desktop/__ROS2/install/hand_interfaces:${CMAKE_PREFIX_PATH} LD_LIBRARY_PATH=/home/mwangala/Desktop/__ROS2/install/hand_interfaces/lib:${LD_LIBRARY_PATH} PYTHONPATH=/home/mwangala/Desktop/__ROS2/build/handcv/prefix_override:/usr/lib/python3/dist-packages/colcon_core/task/python/colcon_distutils_commands:/home/mwangala/Desktop/__ROS2/install/handcv/lib/python3.10/site-packages:/home/mwangala/Desktop/__ROS2/install/hand_interfaces/local/lib/python3.10/dist-packages:${PYTHONPATH} /usr/bin/python3 -W ignore:setup.py install is deprecated -W ignore:easy_install command is deprecated setup.py egg_info --egg-base ../../build/handcv build --build-base /home/mwangala/Desktop/__ROS2/build/handcv/build install --record /home/mwangala/Desktop/__ROS2/build/handcv/install.log --single-version-externally-managed install_data --force
[2.542s] running egg_info
[2.543s] writing ../../build/handcv/handcv.egg-info/PKG-INFO
[2.543s] writing dependency_links to ../../build/handcv/handcv.egg-info/dependency_links.txt
[2.543s] writing entry points to ../../build/handcv/handcv.egg-info/entry_points.txt
[2.543s] writing requirements to ../../build/handcv/handcv.egg-info/requires.txt
[2.544s] writing top-level names to ../../build/handcv/handcv.egg-info/top_level.txt
[2.545s] reading manifest file '../../build/handcv/handcv.egg-info/SOURCES.txt'
[2.560s] writing manifest file '../../build/handcv/handcv.egg-info/SOURCES.txt'
[2.560s] running build
[2.560s] running build_py
[2.561s] creating /home/mwangala/Desktop/__ROS2/build/handcv/build
[2.561s] creating /home/mwangala/Desktop/__ROS2/build/handcv/build/lib
[2.561s] creating /home/mwangala/Desktop/__ROS2/build/handcv/build/lib/handcv
[2.561s] copying handcv/mediapipehelper.py -> /home/mwangala/Desktop/__ROS2/build/handcv/build/lib/handcv
[2.561s] copying handcv/__init__.py -> /home/mwangala/Desktop/__ROS2/build/handcv/build/lib/handcv
[2.561s] copying handcv/handcv.py -> /home/mwangala/Desktop/__ROS2/build/handcv/build/lib/handcv
[2.561s] running install
[2.561s] running install_lib
[2.562s] creating /home/mwangala/Desktop/__ROS2/install/handcv/lib/python3.10/site-packages/handcv
[2.562s] copying /home/mwangala/Desktop/__ROS2/build/handcv/build/lib/handcv/mediapipehelper.py -> /home/mwangala/Desktop/__ROS2/install/handcv/lib/python3.10/site-packages/handcv
[2.562s] copying /home/mwangala/Desktop/__ROS2/build/handcv/build/lib/handcv/__init__.py -> /home/mwangala/Desktop/__ROS2/install/handcv/lib/python3.10/site-packages/handcv
[2.562s] copying /home/mwangala/Desktop/__ROS2/build/handcv/build/lib/handcv/handcv.py -> /home/mwangala/Desktop/__ROS2/install/handcv/lib/python3.10/site-packages/handcv
[2.562s] byte-compiling /home/mwangala/Desktop/__ROS2/install/handcv/lib/python3.10/site-packages/handcv/mediapipehelper.py to mediapipehelper.cpython-310.pyc
[2.563s] byte-compiling /home/mwangala/Desktop/__ROS2/install/handcv/lib/python3.10/site-packages/handcv/__init__.py to __init__.cpython-310.pyc
[2.563s] byte-compiling /home/mwangala/Desktop/__ROS2/install/handcv/lib/python3.10/site-packages/handcv/handcv.py to handcv.cpython-310.pyc
[2.564s] running install_data
[2.564s] copying resource/handcv -> /home/mwangala/Desktop/__ROS2/install/handcv/share/ament_index/resource_index/packages
[2.565s] copying package.xml -> /home/mwangala/Desktop/__ROS2/install/handcv/share/handcv
[2.565s] copying config/handcv.rviz -> /home/mwangala/Desktop/__ROS2/install/handcv/share/handcv/config
[2.565s] copying config/hand_landmarker.task -> /home/mwangala/Desktop/__ROS2/install/handcv/share/handcv/config
[2.792s] copying config/gesture_recognizer.task -> /home/mwangala/Desktop/__ROS2/install/handcv/share/handcv/config
[3.163s] copying config/high_density_preset.json -> /home/mwangala/Desktop/__ROS2/install/handcv/share/handcv/config
[3.164s] copying launch/camera.launch.py -> /home/mwangala/Desktop/__ROS2/install/handcv/share/handcv/launch
[3.164s] running install_egg_info
[3.165s] Copying ../../build/handcv/handcv.egg-info to /home/mwangala/Desktop/__ROS2/install/handcv/lib/python3.10/site-packages/handcv-0.0.1-py3.10.egg-info
[3.166s] running install_scripts
[3.186s] Installing handcv_node script to /home/mwangala/Desktop/__ROS2/install/handcv/lib/handcv
[3.187s] writing list of installed files to '/home/mwangala/Desktop/__ROS2/build/handcv/install.log'
[3.224s] Invoked command in '/home/mwangala/Desktop/__ROS2/src/handcv' returned '0': AMENT_PREFIX_PATH=/home/mwangala/Desktop/__ROS2/install/hand_interfaces:${AMENT_PREFIX_PATH} CMAKE_PREFIX_PATH=/home/mwangala/Desktop/__ROS2/install/hand_interfaces:${CMAKE_PREFIX_PATH} LD_LIBRARY_PATH=/home/mwangala/Desktop/__ROS2/install/hand_interfaces/lib:${LD_LIBRARY_PATH} PYTHONPATH=/home/mwangala/Desktop/__ROS2/build/handcv/prefix_override:/usr/lib/python3/dist-packages/colcon_core/task/python/colcon_distutils_commands:/home/mwangala/Desktop/__ROS2/install/handcv/lib/python3.10/site-packages:/home/mwangala/Desktop/__ROS2/install/hand_interfaces/local/lib/python3.10/dist-packages:${PYTHONPATH} /usr/bin/python3 -W ignore:setup.py install is deprecated -W ignore:easy_install command is deprecated setup.py egg_info --egg-base ../../build/handcv build --build-base /home/mwangala/Desktop/__ROS2/build/handcv/build install --record /home/mwangala/Desktop/__ROS2/build/handcv/install.log --single-version-externally-managed install_data --force
