[0.079s] Invoking command in '/home/mwangala/Desktop/__ROS2/build/theora_image_transport': CMAKE_PREFIX_PATH=${CMAKE_PREFIX_PATH}:/home/mwangala/Desktop/Goaty/ros_project_ws2/install/handcv:/home/mwangala/Desktop/Goaty/ros_project_ws2/install/cv_franka_bridge:/home/mwangala/Desktop/Goaty/ros_project_ws2/install/cv_pegasus_bridge:/home/mwangala/Desktop/Goaty/ros_project_ws/install/handcv:/home/mwangala/Desktop/Goaty/ros_project_ws/install/cv_franka_bridge:/opt/ros/humble /usr/bin/cmake /home/mwangala/Desktop/__ROS2/src/image_transport_plugins/theora_image_transport -DAMENT_CMAKE_SYMLINK_INSTALL=1 -DCMAKE_INSTALL_PREFIX=/home/mwangala/Desktop/__ROS2/install/theora_image_transport
[2.564s] -- The C compiler identification is GNU 11.4.0
[2.564s] -- The CXX compiler identification is GNU 11.4.0
[2.564s] -- Detecting C compiler ABI info
[2.564s] -- Detecting C compiler ABI info - done
[2.564s] -- Check for working C compiler: /usr/bin/cc - skipped
[2.564s] -- Detecting C compile features
[2.564s] -- Detecting C compile features - done
[2.565s] -- Detecting CXX compiler ABI info
[2.578s] -- Detecting CXX compiler ABI info - done
[2.578s] -- Check for working CXX compiler: /usr/bin/c++ - skipped
[2.578s] -- Detecting CXX compile features
[2.578s] -- Detecting CXX compile features - done
[2.578s] -- Found ament_cmake: 1.3.11 (/opt/ros/humble/share/ament_cmake/cmake)
[3.134s] -- Found Python3: /usr/bin/python3 (found version "3.10.12") found components: Interpreter 
[3.362s] -- Override CMake install command with custom implementation using symlinks instead of copying resources
[3.490s] -- Found image_transport: 3.1.11 (/opt/ros/humble/share/image_transport/cmake)
[3.696s] -- Found rosidl_generator_c: 3.1.6 (/opt/ros/humble/share/rosidl_generator_c/cmake)
[3.744s] -- Found rosidl_adapter: 3.1.6 (/opt/ros/humble/share/rosidl_adapter/cmake)
[3.777s] -- Found rosidl_generator_cpp: 3.1.6 (/opt/ros/humble/share/rosidl_generator_cpp/cmake)
[3.821s] -- Using all available rosidl_typesupport_c: rosidl_typesupport_fastrtps_c;rosidl_typesupport_introspection_c
[3.897s] -- Using all available rosidl_typesupport_cpp: rosidl_typesupport_fastrtps_cpp;rosidl_typesupport_introspection_cpp
[4.082s] -- Found rmw_implementation_cmake: 6.1.2 (/opt/ros/humble/share/rmw_implementation_cmake/cmake)
[4.082s] -- Found rmw_fastrtps_cpp: 6.2.7 (/opt/ros/humble/share/rmw_fastrtps_cpp/cmake)
[4.710s] -- Found OpenSSL: /usr/lib/x86_64-linux-gnu/libcrypto.so (found version "3.0.2")  
[4.779s] -- Found FastRTPS: /opt/ros/humble/include  
[4.868s] -- Using RMW implementation 'rmw_fastrtps_cpp' as default
[4.927s] -- Looking for pthread.h
[7.552s] -- Looking for pthread.h - found
[7.552s] -- Performing Test CMAKE_HAVE_LIBC_PTHREAD
[7.973s] -- Performing Test CMAKE_HAVE_LIBC_PTHREAD - Success
[7.973s] -- Found Threads: TRUE  
[9.244s] -- Found cv_bridge: 3.2.1 (/opt/ros/humble/share/cv_bridge/cmake)
[9.277s] -- Found rosidl_default_generators: 1.2.0 (/opt/ros/humble/share/rosidl_default_generators/cmake)
[9.298s] -- Found OpenCV: /usr (found version "4.5.4") found components: imgproc 
[9.307s] -- Found PkgConfig: /usr/bin/pkg-config (found version "0.29.2") 
[9.309s] -- Checking for module 'ogg'
[9.561s] --   Found ogg, version 1.3.5
[9.626s] -- Checking for module 'theora'
[9.695s] --   Found theora, version 1.1.1
[9.787s] -- Checking for module 'theoraenc'
[10.275s] --   Found theoraenc, version 1.1.1
[10.348s] -- Checking for module 'theoradec'
[10.371s] --   Found theoradec, version 1.1.1
[10.912s] -- Found ament_cmake_cppcheck: 0.12.12 (/opt/ros/humble/share/ament_cmake_cppcheck/cmake)
[10.927s] -- Found ament_cmake_cpplint: 0.12.12 (/opt/ros/humble/share/ament_cmake_cpplint/cmake)
[10.937s] -- Found ament_cmake_uncrustify: 0.12.12 (/opt/ros/humble/share/ament_cmake_uncrustify/cmake)
[10.944s] -- Found ament_cmake_ros: 0.10.0 (/opt/ros/humble/share/ament_cmake_ros/cmake)
[11.625s] -- Using all available rosidl_typesupport_c: rosidl_typesupport_fastrtps_c;rosidl_typesupport_introspection_c
[11.877s] -- Using all available rosidl_typesupport_cpp: rosidl_typesupport_fastrtps_cpp;rosidl_typesupport_introspection_cpp
[11.922s] -- Found PythonInterp: /usr/bin/python3 (found suitable version "3.10.12", minimum required is "3.6") 
[11.927s] -- Found python_cmake_module: 0.10.0 (/opt/ros/humble/share/python_cmake_module/cmake)
[11.968s] -- Found PythonLibs: /usr/lib/x86_64-linux-gnu/libpython3.10.so (found suitable version "3.10.12", minimum required is "3.5") 
[11.969s] -- Using PYTHON_EXECUTABLE: /usr/bin/python3
[11.969s] -- Using PYTHON_INCLUDE_DIRS: /usr/include/python3.10
[11.969s] -- Using PYTHON_LIBRARIES: /usr/lib/x86_64-linux-gnu/libpython3.10.so
[12.001s] -- Found PythonExtra: .so  
[12.091s] -- Found ament_cmake_flake8: 0.12.12 (/opt/ros/humble/share/ament_cmake_flake8/cmake)
[12.097s] -- Found ament_cmake_pep257: 0.12.12 (/opt/ros/humble/share/ament_cmake_pep257/cmake)
[12.113s] -- Configuring done
[12.180s] -- Generating done
[12.359s] -- Build files have been written to: /home/mwangala/Desktop/__ROS2/build/theora_image_transport
[12.389s] Invoked command in '/home/mwangala/Desktop/__ROS2/build/theora_image_transport' returned '0': CMAKE_PREFIX_PATH=${CMAKE_PREFIX_PATH}:/home/mwangala/Desktop/Goaty/ros_project_ws2/install/handcv:/home/mwangala/Desktop/Goaty/ros_project_ws2/install/cv_franka_bridge:/home/mwangala/Desktop/Goaty/ros_project_ws2/install/cv_pegasus_bridge:/home/mwangala/Desktop/Goaty/ros_project_ws/install/handcv:/home/mwangala/Desktop/Goaty/ros_project_ws/install/cv_franka_bridge:/opt/ros/humble /usr/bin/cmake /home/mwangala/Desktop/__ROS2/src/image_transport_plugins/theora_image_transport -DAMENT_CMAKE_SYMLINK_INSTALL=1 -DCMAKE_INSTALL_PREFIX=/home/mwangala/Desktop/__ROS2/install/theora_image_transport
[12.393s] Invoking command in '/home/mwangala/Desktop/__ROS2/build/theora_image_transport': CMAKE_PREFIX_PATH=${CMAKE_PREFIX_PATH}:/home/mwangala/Desktop/Goaty/ros_project_ws2/install/handcv:/home/mwangala/Desktop/Goaty/ros_project_ws2/install/cv_franka_bridge:/home/mwangala/Desktop/Goaty/ros_project_ws2/install/cv_pegasus_bridge:/home/mwangala/Desktop/Goaty/ros_project_ws/install/handcv:/home/mwangala/Desktop/Goaty/ros_project_ws/install/cv_franka_bridge:/opt/ros/humble /usr/bin/cmake --build /home/mwangala/Desktop/__ROS2/build/theora_image_transport -- -j8 -l8
[12.497s] [  2%] [34m[1mGenerating C++ code for ROS interfaces[0m
[13.241s] [  2%] Built target theora_image_transport__cpp
[13.296s] [  2%] Built target ament_cmake_python_symlink_theora_image_transport
[13.312s] [  5%] [34m[1mGenerating C++ introspection for ROS interfaces[0m
[13.762s] [  8%] [32mBuilding CXX object CMakeFiles/theora_image_transport__rosidl_typesupport_introspection_cpp.dir/rosidl_typesupport_introspection_cpp/theora_image_transport/msg/detail/packet__type_support.cpp.o[0m
[18.521s] [ 10%] [32m[1mLinking CXX shared library libtheora_image_transport__rosidl_typesupport_introspection_cpp.so[0m
[19.236s] [ 10%] Built target theora_image_transport__rosidl_typesupport_introspection_cpp
[19.630s] running egg_info
[19.632s] creating theora_image_transport.egg-info
[19.632s] writing theora_image_transport.egg-info/PKG-INFO
[19.634s] writing dependency_links to theora_image_transport.egg-info/dependency_links.txt
[19.637s] writing top-level names to theora_image_transport.egg-info/top_level.txt
[19.637s] writing manifest file 'theora_image_transport.egg-info/SOURCES.txt'
[19.640s] reading manifest file 'theora_image_transport.egg-info/SOURCES.txt'
[19.641s] writing manifest file 'theora_image_transport.egg-info/SOURCES.txt'
[20.999s] [ 10%] Built target ament_cmake_python_build_theora_image_transport_egg
[21.000s] [ 13%] [34m[1mGenerating C++ type support for eProsima Fast-RTPS[0m
[21.472s] [ 16%] [32mBuilding CXX object CMakeFiles/theora_image_transport__rosidl_typesupport_fastrtps_cpp.dir/rosidl_typesupport_fastrtps_cpp/theora_image_transport/msg/detail/dds_fastrtps/packet__type_support.cpp.o[0m
[22.780s] [ 18%] [32m[1mLinking CXX shared library libtheora_image_transport__rosidl_typesupport_fastrtps_cpp.so[0m
[22.984s] [ 18%] Built target theora_image_transport__rosidl_typesupport_fastrtps_cpp
[23.021s] [ 21%] [34m[1mGenerating C++ type support dispatch for ROS interfaces[0m
[23.584s] [ 24%] [32mBuilding CXX object CMakeFiles/theora_image_transport__rosidl_typesupport_cpp.dir/rosidl_typesupport_cpp/theora_image_transport/msg/packet__type_support.cpp.o[0m
[23.995s] [ 27%] [32m[1mLinking CXX shared library libtheora_image_transport__rosidl_typesupport_cpp.so[0m
[24.107s] [ 27%] Built target theora_image_transport__rosidl_typesupport_cpp
[24.122s] [ 29%] [34m[1mGenerating C code for ROS interfaces[0m
[24.637s] [ 32%] [32mBuilding C object CMakeFiles/theora_image_transport__rosidl_generator_c.dir/rosidl_generator_c/theora_image_transport/msg/detail/packet__functions.c.o[0m
[25.157s] [ 35%] [32m[1mLinking C shared library libtheora_image_transport__rosidl_generator_c.so[0m
[25.280s] [ 35%] Built target theora_image_transport__rosidl_generator_c
[25.311s] [ 37%] [32mBuilding CXX object CMakeFiles/ogg_saver.dir/src/ogg_saver.cpp.o[0m
[55.301s] [ 40%] [32m[1mLinking CXX executable ogg_saver[0m
[56.722s] [ 40%] Built target ogg_saver
[56.881s] [ 43%] [34m[1mGenerating C type support dispatch for ROS interfaces[0m
[57.449s] [ 45%] [32mBuilding CXX object CMakeFiles/theora_image_transport__rosidl_typesupport_c.dir/rosidl_typesupport_c/theora_image_transport/msg/packet__type_support.cpp.o[0m
[58.317s] [ 48%] [32m[1mLinking CXX shared library libtheora_image_transport__rosidl_typesupport_c.so[0m
[58.441s] [ 48%] Built target theora_image_transport__rosidl_typesupport_c
[58.555s] [ 51%] [34m[1mGenerating C introspection for ROS interfaces[0m
[59.097s] [ 54%] [32mBuilding C object CMakeFiles/theora_image_transport__rosidl_typesupport_introspection_c.dir/rosidl_typesupport_introspection_c/theora_image_transport/msg/detail/packet__type_support.c.o[0m
[59.350s] [ 56%] [32m[1mLinking C shared library libtheora_image_transport__rosidl_typesupport_introspection_c.so[0m
[59.499s] [ 56%] Built target theora_image_transport__rosidl_typesupport_introspection_c
[59.620s] [ 59%] [34m[1mGenerating C type support for eProsima Fast-RTPS[0m
[60.084s] [ 62%] [32mBuilding CXX object CMakeFiles/theora_image_transport__rosidl_typesupport_fastrtps_c.dir/rosidl_typesupport_fastrtps_c/theora_image_transport/msg/detail/packet__type_support_c.cpp.o[0m
[60.563s] [ 64%] [32m[1mLinking CXX shared library libtheora_image_transport__rosidl_typesupport_fastrtps_c.so[0m
[60.825s] [ 64%] Built target theora_image_transport__rosidl_typesupport_fastrtps_c
[62.449s] [ 67%] [32mBuilding CXX object CMakeFiles/theora_image_transport_component.dir/src/theora_publisher.cpp.o[0m
[68.549s] [ 70%] [32mBuilding CXX object CMakeFiles/theora_image_transport_component.dir/src/manifest.cpp.o[0m
[71.954s] [ 72%] [32mBuilding CXX object CMakeFiles/theora_image_transport_component.dir/src/theora_subscriber.cpp.o[0m
[86.476s] [ 75%] [32m[1mLinking CXX shared library libtheora_image_transport_component.so[0m
[87.686s] [ 75%] Built target theora_image_transport_component
[87.749s] [ 75%] Built target theora_image_transport
[87.785s] [ 78%] [34m[1mGenerating Python code for ROS interfaces[0m
[88.655s] [ 78%] Built target theora_image_transport__py
[88.701s] [ 81%] [32mBuilding C object CMakeFiles/theora_image_transport__rosidl_generator_py.dir/rosidl_generator_py/theora_image_transport/msg/_packet_s.c.o[0m
[88.846s] [ 83%] [32m[1mLinking C shared library rosidl_generator_py/theora_image_transport/libtheora_image_transport__rosidl_generator_py.so[0m
[88.936s] [ 83%] Built target theora_image_transport__rosidl_generator_py
[89.022s] [ 86%] [32mBuilding C object CMakeFiles/theora_image_transport__rosidl_typesupport_fastrtps_c__pyext.dir/rosidl_generator_py/theora_image_transport/_theora_image_transport_s.ep.rosidl_typesupport_fastrtps_c.c.o[0m
[89.218s] [ 89%] [32m[1mLinking C shared library rosidl_generator_py/theora_image_transport/theora_image_transport_s__rosidl_typesupport_fastrtps_c.cpython-310-x86_64-linux-gnu.so[0m
[90.088s] [ 89%] Built target theora_image_transport__rosidl_typesupport_fastrtps_c__pyext
[90.134s] [ 91%] [32mBuilding C object CMakeFiles/theora_image_transport__rosidl_typesupport_c__pyext.dir/rosidl_generator_py/theora_image_transport/_theora_image_transport_s.ep.rosidl_typesupport_c.c.o[0m
[91.380s] [ 94%] [32m[1mLinking C shared library rosidl_generator_py/theora_image_transport/theora_image_transport_s__rosidl_typesupport_c.cpython-310-x86_64-linux-gnu.so[0m
[91.477s] [ 94%] Built target theora_image_transport__rosidl_typesupport_c__pyext
[91.512s] [ 97%] [32mBuilding C object CMakeFiles/theora_image_transport__rosidl_typesupport_introspection_c__pyext.dir/rosidl_generator_py/theora_image_transport/_theora_image_transport_s.ep.rosidl_typesupport_introspection_c.c.o[0m
[91.643s] [100%] [32m[1mLinking C shared library rosidl_generator_py/theora_image_transport/theora_image_transport_s__rosidl_typesupport_introspection_c.cpython-310-x86_64-linux-gnu.so[0m
[91.718s] [100%] Built target theora_image_transport__rosidl_typesupport_introspection_c__pyext
[91.744s] Invoked command in '/home/mwangala/Desktop/__ROS2/build/theora_image_transport' returned '0': CMAKE_PREFIX_PATH=${CMAKE_PREFIX_PATH}:/home/mwangala/Desktop/Goaty/ros_project_ws2/install/handcv:/home/mwangala/Desktop/Goaty/ros_project_ws2/install/cv_franka_bridge:/home/mwangala/Desktop/Goaty/ros_project_ws2/install/cv_pegasus_bridge:/home/mwangala/Desktop/Goaty/ros_project_ws/install/handcv:/home/mwangala/Desktop/Goaty/ros_project_ws/install/cv_franka_bridge:/opt/ros/humble /usr/bin/cmake --build /home/mwangala/Desktop/__ROS2/build/theora_image_transport -- -j8 -l8
[91.777s] Invoking command in '/home/mwangala/Desktop/__ROS2/build/theora_image_transport': CMAKE_PREFIX_PATH=${CMAKE_PREFIX_PATH}:/home/mwangala/Desktop/Goaty/ros_project_ws2/install/handcv:/home/mwangala/Desktop/Goaty/ros_project_ws2/install/cv_franka_bridge:/home/mwangala/Desktop/Goaty/ros_project_ws2/install/cv_pegasus_bridge:/home/mwangala/Desktop/Goaty/ros_project_ws/install/handcv:/home/mwangala/Desktop/Goaty/ros_project_ws/install/cv_franka_bridge:/opt/ros/humble /usr/bin/cmake --install /home/mwangala/Desktop/__ROS2/build/theora_image_transport
[91.788s] -- Install configuration: ""
[91.791s] -- Execute custom install script
[91.791s] -- Symlinking: /home/mwangala/Desktop/__ROS2/install/theora_image_transport/share/ament_index/resource_index/rosidl_interfaces/theora_image_transport
[91.807s] -- Symlinking: /home/mwangala/Desktop/__ROS2/install/theora_image_transport/include/theora_image_transport/theora_image_transport/msg/detail/packet__functions.h
[91.823s] -- Symlinking: /home/mwangala/Desktop/__ROS2/install/theora_image_transport/include/theora_image_transport/theora_image_transport/msg/detail/packet__struct.h
[91.838s] -- Symlinking: /home/mwangala/Desktop/__ROS2/install/theora_image_transport/include/theora_image_transport/theora_image_transport/msg/detail/packet__type_support.h
[91.855s] -- Symlinking: /home/mwangala/Desktop/__ROS2/install/theora_image_transport/include/theora_image_transport/theora_image_transport/msg/packet.h
[91.870s] -- Symlinking: /home/mwangala/Desktop/__ROS2/install/theora_image_transport/include/theora_image_transport/theora_image_transport/msg/rosidl_generator_c__visibility_control.h
[91.889s] -- Symlinking: /home/mwangala/Desktop/__ROS2/install/theora_image_transport/share/theora_image_transport/environment/library_path.sh
[91.904s] -- Symlinking: /home/mwangala/Desktop/__ROS2/install/theora_image_transport/share/theora_image_transport/environment/library_path.dsv
[91.924s] -- Symlinking: /home/mwangala/Desktop/__ROS2/install/theora_image_transport/include/theora_image_transport/theora_image_transport/msg/detail/packet__rosidl_typesupport_fastrtps_c.h
[91.947s] -- Symlinking: /home/mwangala/Desktop/__ROS2/install/theora_image_transport/include/theora_image_transport/theora_image_transport/msg/rosidl_typesupport_fastrtps_c__visibility_control.h
[91.974s] -- Symlinking: /home/mwangala/Desktop/__ROS2/install/theora_image_transport/include/theora_image_transport/theora_image_transport/msg/detail/packet__builder.hpp
[91.991s] -- Symlinking: /home/mwangala/Desktop/__ROS2/install/theora_image_transport/include/theora_image_transport/theora_image_transport/msg/detail/packet__struct.hpp
[92.008s] -- Symlinking: /home/mwangala/Desktop/__ROS2/install/theora_image_transport/include/theora_image_transport/theora_image_transport/msg/detail/packet__traits.hpp
[92.029s] -- Symlinking: /home/mwangala/Desktop/__ROS2/install/theora_image_transport/include/theora_image_transport/theora_image_transport/msg/detail/packet__type_support.hpp
[92.041s] -- Symlinking: /home/mwangala/Desktop/__ROS2/install/theora_image_transport/include/theora_image_transport/theora_image_transport/msg/packet.hpp
[92.055s] -- Symlinking: /home/mwangala/Desktop/__ROS2/install/theora_image_transport/include/theora_image_transport/theora_image_transport/msg/rosidl_generator_cpp__visibility_control.hpp
[92.070s] -- Symlinking: /home/mwangala/Desktop/__ROS2/install/theora_image_transport/include/theora_image_transport/theora_image_transport/msg/detail/packet__rosidl_typesupport_fastrtps_cpp.hpp
[92.084s] -- Symlinking: /home/mwangala/Desktop/__ROS2/install/theora_image_transport/include/theora_image_transport/theora_image_transport/msg/rosidl_typesupport_fastrtps_cpp__visibility_control.h
[92.100s] -- Symlinking: /home/mwangala/Desktop/__ROS2/install/theora_image_transport/include/theora_image_transport/theora_image_transport/msg/detail/packet__rosidl_typesupport_introspection_c.h
[92.115s] -- Symlinking: /home/mwangala/Desktop/__ROS2/install/theora_image_transport/include/theora_image_transport/theora_image_transport/msg/rosidl_typesupport_introspection_c__visibility_control.h
[92.127s] -- Symlinking: /home/mwangala/Desktop/__ROS2/install/theora_image_transport/include/theora_image_transport/theora_image_transport/msg/detail/packet__rosidl_typesupport_introspection_cpp.hpp
[92.139s] -- Symlinking: /home/mwangala/Desktop/__ROS2/install/theora_image_transport/share/theora_image_transport/environment/pythonpath.sh
[92.152s] -- Symlinking: /home/mwangala/Desktop/__ROS2/install/theora_image_transport/share/theora_image_transport/environment/pythonpath.dsv
[92.165s] -- Symlinking: /home/mwangala/Desktop/__ROS2/install/theora_image_transport/local/lib/python3.10/dist-packages/theora_image_transport-2.5.4-py3.10.egg-info/PKG-INFO
[92.180s] -- Symlinking: /home/mwangala/Desktop/__ROS2/install/theora_image_transport/local/lib/python3.10/dist-packages/theora_image_transport-2.5.4-py3.10.egg-info/SOURCES.txt
[92.193s] -- Symlinking: /home/mwangala/Desktop/__ROS2/install/theora_image_transport/local/lib/python3.10/dist-packages/theora_image_transport-2.5.4-py3.10.egg-info/dependency_links.txt
[92.208s] -- Symlinking: /home/mwangala/Desktop/__ROS2/install/theora_image_transport/local/lib/python3.10/dist-packages/theora_image_transport-2.5.4-py3.10.egg-info/top_level.txt
[92.225s] -- Symlinking: /home/mwangala/Desktop/__ROS2/install/theora_image_transport/local/lib/python3.10/dist-packages/theora_image_transport/__init__.py
[92.242s] -- Symlinking: /home/mwangala/Desktop/__ROS2/install/theora_image_transport/local/lib/python3.10/dist-packages/theora_image_transport/_theora_image_transport_s.ep.rosidl_typesupport_c.c
[92.255s] -- Symlinking: /home/mwangala/Desktop/__ROS2/install/theora_image_transport/local/lib/python3.10/dist-packages/theora_image_transport/_theora_image_transport_s.ep.rosidl_typesupport_fastrtps_c.c
[92.270s] -- Symlinking: /home/mwangala/Desktop/__ROS2/install/theora_image_transport/local/lib/python3.10/dist-packages/theora_image_transport/_theora_image_transport_s.ep.rosidl_typesupport_introspection_c.c
[92.287s] -- Symlinking: /home/mwangala/Desktop/__ROS2/install/theora_image_transport/local/lib/python3.10/dist-packages/theora_image_transport/libtheora_image_transport__rosidl_generator_py.so
[92.303s] -- Symlinking: /home/mwangala/Desktop/__ROS2/install/theora_image_transport/local/lib/python3.10/dist-packages/theora_image_transport/msg/__init__.py
[92.321s] -- Symlinking: /home/mwangala/Desktop/__ROS2/install/theora_image_transport/local/lib/python3.10/dist-packages/theora_image_transport/msg/_packet.py
[92.338s] -- Symlinking: /home/mwangala/Desktop/__ROS2/install/theora_image_transport/local/lib/python3.10/dist-packages/theora_image_transport/msg/_packet_s.c
[92.354s] -- Symlinking: /home/mwangala/Desktop/__ROS2/install/theora_image_transport/local/lib/python3.10/dist-packages/theora_image_transport/theora_image_transport_s__rosidl_typesupport_c.cpython-310-x86_64-linux-gnu.so
[92.370s] -- Symlinking: /home/mwangala/Desktop/__ROS2/install/theora_image_transport/local/lib/python3.10/dist-packages/theora_image_transport/theora_image_transport_s__rosidl_typesupport_fastrtps_c.cpython-310-x86_64-linux-gnu.so
[92.387s] -- Symlinking: /home/mwangala/Desktop/__ROS2/install/theora_image_transport/local/lib/python3.10/dist-packages/theora_image_transport/theora_image_transport_s__rosidl_typesupport_introspection_c.cpython-310-x86_64-linux-gnu.so
[92.403s] -- Up-to-date symlink: /home/mwangala/Desktop/__ROS2/install/theora_image_transport/local/lib/python3.10/dist-packages/theora_image_transport/theora_image_transport_s__rosidl_typesupport_fastrtps_c.cpython-310-x86_64-linux-gnu.so
[92.403s] -- Up-to-date symlink: /home/mwangala/Desktop/__ROS2/install/theora_image_transport/local/lib/python3.10/dist-packages/theora_image_transport/theora_image_transport_s__rosidl_typesupport_introspection_c.cpython-310-x86_64-linux-gnu.so
[92.404s] -- Up-to-date symlink: /home/mwangala/Desktop/__ROS2/install/theora_image_transport/local/lib/python3.10/dist-packages/theora_image_transport/theora_image_transport_s__rosidl_typesupport_c.cpython-310-x86_64-linux-gnu.so
[92.404s] -- Symlinking: /home/mwangala/Desktop/__ROS2/install/theora_image_transport/share/theora_image_transport/msg/Packet.idl
[92.417s] -- Symlinking: /home/mwangala/Desktop/__ROS2/install/theora_image_transport/share/theora_image_transport/msg/Packet.msg
[92.430s] -- Symlinking: /home/mwangala/Desktop/__ROS2/install/theora_image_transport/lib/theora_image_transport/ogg_saver
[92.446s] -- Symlinking: /home/mwangala/Desktop/__ROS2/install/theora_image_transport/include/theora_image_transport/theora_image_transport/theora_publisher.h
[92.458s] -- Symlinking: /home/mwangala/Desktop/__ROS2/install/theora_image_transport/include/theora_image_transport/theora_image_transport/theora_subscriber.h
[92.471s] -- Symlinking: /home/mwangala/Desktop/__ROS2/install/theora_image_transport/share/theora_image_transport//theora_plugins.xml
[92.485s] -- Symlinking: /home/mwangala/Desktop/__ROS2/install/theora_image_transport/share/ament_index/resource_index/package_run_dependencies/theora_image_transport
[92.498s] -- Symlinking: /home/mwangala/Desktop/__ROS2/install/theora_image_transport/share/ament_index/resource_index/parent_prefix_path/theora_image_transport
[92.516s] -- Symlinking: /home/mwangala/Desktop/__ROS2/install/theora_image_transport/share/theora_image_transport/environment/ament_prefix_path.sh
[92.528s] -- Symlinking: /home/mwangala/Desktop/__ROS2/install/theora_image_transport/share/theora_image_transport/environment/ament_prefix_path.dsv
[92.542s] -- Symlinking: /home/mwangala/Desktop/__ROS2/install/theora_image_transport/share/theora_image_transport/environment/path.sh
[92.559s] -- Symlinking: /home/mwangala/Desktop/__ROS2/install/theora_image_transport/share/theora_image_transport/environment/path.dsv
[92.572s] -- Symlinking: /home/mwangala/Desktop/__ROS2/install/theora_image_transport/share/theora_image_transport/local_setup.bash
[92.585s] -- Symlinking: /home/mwangala/Desktop/__ROS2/install/theora_image_transport/share/theora_image_transport/local_setup.sh
[92.600s] -- Symlinking: /home/mwangala/Desktop/__ROS2/install/theora_image_transport/share/theora_image_transport/local_setup.zsh
[92.618s] -- Symlinking: /home/mwangala/Desktop/__ROS2/install/theora_image_transport/share/theora_image_transport/local_setup.dsv
[92.629s] -- Symlinking: /home/mwangala/Desktop/__ROS2/install/theora_image_transport/share/theora_image_transport/package.dsv
[92.642s] -- Symlinking: /home/mwangala/Desktop/__ROS2/install/theora_image_transport/share/ament_index/resource_index/packages/theora_image_transport
[92.655s] -- Symlinking: /home/mwangala/Desktop/__ROS2/install/theora_image_transport/share/ament_index/resource_index/image_transport__pluginlib__plugin/theora_image_transport
[92.669s] -- Symlinking: /home/mwangala/Desktop/__ROS2/install/theora_image_transport/share/theora_image_transport/cmake/rosidl_cmake-extras.cmake
[92.681s] -- Symlinking: /home/mwangala/Desktop/__ROS2/install/theora_image_transport/share/theora_image_transport/cmake/ament_cmake_export_dependencies-extras.cmake
[92.696s] -- Symlinking: /home/mwangala/Desktop/__ROS2/install/theora_image_transport/share/theora_image_transport/cmake/ament_cmake_export_include_directories-extras.cmake
[92.717s] -- Symlinking: /home/mwangala/Desktop/__ROS2/install/theora_image_transport/share/theora_image_transport/cmake/ament_cmake_export_libraries-extras.cmake
[92.733s] -- Symlinking: /home/mwangala/Desktop/__ROS2/install/theora_image_transport/share/theora_image_transport/cmake/ament_cmake_export_targets-extras.cmake
[92.749s] -- Symlinking: /home/mwangala/Desktop/__ROS2/install/theora_image_transport/share/theora_image_transport/cmake/rosidl_cmake_export_typesupport_targets-extras.cmake
[92.770s] -- Symlinking: /home/mwangala/Desktop/__ROS2/install/theora_image_transport/share/theora_image_transport/cmake/rosidl_cmake_export_typesupport_libraries-extras.cmake
[92.787s] -- Symlinking: /home/mwangala/Desktop/__ROS2/install/theora_image_transport/share/theora_image_transport/cmake/theora_image_transportConfig.cmake
[92.798s] -- Symlinking: /home/mwangala/Desktop/__ROS2/install/theora_image_transport/share/theora_image_transport/cmake/theora_image_transportConfig-version.cmake
[92.815s] -- Symlinking: /home/mwangala/Desktop/__ROS2/install/theora_image_transport/share/theora_image_transport/package.xml
[92.830s] -- Installing: /home/mwangala/Desktop/__ROS2/install/theora_image_transport/lib/libtheora_image_transport__rosidl_generator_c.so
[92.830s] -- Set runtime path of "/home/mwangala/Desktop/__ROS2/install/theora_image_transport/lib/libtheora_image_transport__rosidl_generator_c.so" to ""
[92.830s] -- Installing: /home/mwangala/Desktop/__ROS2/install/theora_image_transport/lib/libtheora_image_transport__rosidl_typesupport_fastrtps_c.so
[92.832s] -- Set runtime path of "/home/mwangala/Desktop/__ROS2/install/theora_image_transport/lib/libtheora_image_transport__rosidl_typesupport_fastrtps_c.so" to ""
[92.832s] -- Installing: /home/mwangala/Desktop/__ROS2/install/theora_image_transport/lib/libtheora_image_transport__rosidl_typesupport_fastrtps_cpp.so
[92.834s] -- Set runtime path of "/home/mwangala/Desktop/__ROS2/install/theora_image_transport/lib/libtheora_image_transport__rosidl_typesupport_fastrtps_cpp.so" to ""
[92.834s] -- Installing: /home/mwangala/Desktop/__ROS2/install/theora_image_transport/lib/libtheora_image_transport__rosidl_typesupport_introspection_c.so
[92.836s] -- Set runtime path of "/home/mwangala/Desktop/__ROS2/install/theora_image_transport/lib/libtheora_image_transport__rosidl_typesupport_introspection_c.so" to ""
[92.836s] -- Installing: /home/mwangala/Desktop/__ROS2/install/theora_image_transport/lib/libtheora_image_transport__rosidl_typesupport_c.so
[92.836s] -- Set runtime path of "/home/mwangala/Desktop/__ROS2/install/theora_image_transport/lib/libtheora_image_transport__rosidl_typesupport_c.so" to ""
[92.836s] -- Installing: /home/mwangala/Desktop/__ROS2/install/theora_image_transport/lib/libtheora_image_transport__rosidl_typesupport_introspection_cpp.so
[92.836s] -- Set runtime path of "/home/mwangala/Desktop/__ROS2/install/theora_image_transport/lib/libtheora_image_transport__rosidl_typesupport_introspection_cpp.so" to ""
[92.836s] -- Installing: /home/mwangala/Desktop/__ROS2/install/theora_image_transport/lib/libtheora_image_transport__rosidl_typesupport_cpp.so
[92.837s] -- Set runtime path of "/home/mwangala/Desktop/__ROS2/install/theora_image_transport/lib/libtheora_image_transport__rosidl_typesupport_cpp.so" to ""
[92.903s] Listing '/home/mwangala/Desktop/__ROS2/install/theora_image_transport/local/lib/python3.10/dist-packages/theora_image_transport'...
[92.903s] Compiling '/home/mwangala/Desktop/__ROS2/install/theora_image_transport/local/lib/python3.10/dist-packages/theora_image_transport/__init__.py'...
[92.904s] Listing '/home/mwangala/Desktop/__ROS2/install/theora_image_transport/local/lib/python3.10/dist-packages/theora_image_transport/msg'...
[92.904s] Compiling '/home/mwangala/Desktop/__ROS2/install/theora_image_transport/local/lib/python3.10/dist-packages/theora_image_transport/msg/__init__.py'...
[92.904s] Compiling '/home/mwangala/Desktop/__ROS2/install/theora_image_transport/local/lib/python3.10/dist-packages/theora_image_transport/msg/_packet.py'...
[92.917s] -- Installing: /home/mwangala/Desktop/__ROS2/install/theora_image_transport/lib/libtheora_image_transport__rosidl_generator_py.so
[92.918s] -- Set runtime path of "/home/mwangala/Desktop/__ROS2/install/theora_image_transport/lib/libtheora_image_transport__rosidl_generator_py.so" to ""
[92.920s] -- Installing: /home/mwangala/Desktop/__ROS2/install/theora_image_transport/lib/libtheora_image_transport_component.so
[92.933s] -- Set runtime path of "/home/mwangala/Desktop/__ROS2/install/theora_image_transport/lib/libtheora_image_transport_component.so" to ""
[92.933s] -- Installing: /home/mwangala/Desktop/__ROS2/install/theora_image_transport/share/theora_image_transport/cmake/export_theora_image_transport__rosidl_generator_cExport.cmake
[92.933s] -- Installing: /home/mwangala/Desktop/__ROS2/install/theora_image_transport/share/theora_image_transport/cmake/export_theora_image_transport__rosidl_generator_cExport-noconfig.cmake
[92.933s] -- Installing: /home/mwangala/Desktop/__ROS2/install/theora_image_transport/share/theora_image_transport/cmake/export_theora_image_transport__rosidl_typesupport_fastrtps_cExport.cmake
[92.933s] -- Installing: /home/mwangala/Desktop/__ROS2/install/theora_image_transport/share/theora_image_transport/cmake/export_theora_image_transport__rosidl_typesupport_fastrtps_cExport-noconfig.cmake
[92.933s] -- Installing: /home/mwangala/Desktop/__ROS2/install/theora_image_transport/share/theora_image_transport/cmake/export_theora_image_transport__rosidl_generator_cppExport.cmake
[92.933s] -- Installing: /home/mwangala/Desktop/__ROS2/install/theora_image_transport/share/theora_image_transport/cmake/export_theora_image_transport__rosidl_typesupport_fastrtps_cppExport.cmake
[92.933s] -- Installing: /home/mwangala/Desktop/__ROS2/install/theora_image_transport/share/theora_image_transport/cmake/export_theora_image_transport__rosidl_typesupport_fastrtps_cppExport-noconfig.cmake
[92.933s] -- Installing: /home/mwangala/Desktop/__ROS2/install/theora_image_transport/share/theora_image_transport/cmake/theora_image_transport__rosidl_typesupport_introspection_cExport.cmake
[92.934s] -- Installing: /home/mwangala/Desktop/__ROS2/install/theora_image_transport/share/theora_image_transport/cmake/theora_image_transport__rosidl_typesupport_introspection_cExport-noconfig.cmake
[92.934s] -- Installing: /home/mwangala/Desktop/__ROS2/install/theora_image_transport/share/theora_image_transport/cmake/theora_image_transport__rosidl_typesupport_cExport.cmake
[92.934s] -- Installing: /home/mwangala/Desktop/__ROS2/install/theora_image_transport/share/theora_image_transport/cmake/theora_image_transport__rosidl_typesupport_cExport-noconfig.cmake
[92.934s] -- Installing: /home/mwangala/Desktop/__ROS2/install/theora_image_transport/share/theora_image_transport/cmake/theora_image_transport__rosidl_typesupport_introspection_cppExport.cmake
[92.934s] -- Installing: /home/mwangala/Desktop/__ROS2/install/theora_image_transport/share/theora_image_transport/cmake/theora_image_transport__rosidl_typesupport_introspection_cppExport-noconfig.cmake
[92.934s] -- Installing: /home/mwangala/Desktop/__ROS2/install/theora_image_transport/share/theora_image_transport/cmake/theora_image_transport__rosidl_typesupport_cppExport.cmake
[92.934s] -- Installing: /home/mwangala/Desktop/__ROS2/install/theora_image_transport/share/theora_image_transport/cmake/theora_image_transport__rosidl_typesupport_cppExport-noconfig.cmake
[92.934s] -- Installing: /home/mwangala/Desktop/__ROS2/install/theora_image_transport/share/theora_image_transport/cmake/export_theora_image_transport__rosidl_generator_pyExport.cmake
[92.935s] -- Installing: /home/mwangala/Desktop/__ROS2/install/theora_image_transport/share/theora_image_transport/cmake/export_theora_image_transport__rosidl_generator_pyExport-noconfig.cmake
[92.935s] -- Installing: /home/mwangala/Desktop/__ROS2/install/theora_image_transport/share/theora_image_transport/cmake/export_theora_image_transport_componentExport.cmake
[92.935s] -- Installing: /home/mwangala/Desktop/__ROS2/install/theora_image_transport/share/theora_image_transport/cmake/export_theora_image_transport_componentExport-noconfig.cmake
[92.941s] Invoked command in '/home/mwangala/Desktop/__ROS2/build/theora_image_transport' returned '0': CMAKE_PREFIX_PATH=${CMAKE_PREFIX_PATH}:/home/mwangala/Desktop/Goaty/ros_project_ws2/install/handcv:/home/mwangala/Desktop/Goaty/ros_project_ws2/install/cv_franka_bridge:/home/mwangala/Desktop/Goaty/ros_project_ws2/install/cv_pegasus_bridge:/home/mwangala/Desktop/Goaty/ros_project_ws/install/handcv:/home/mwangala/Desktop/Goaty/ros_project_ws/install/cv_franka_bridge:/opt/ros/humble /usr/bin/cmake --install /home/mwangala/Desktop/__ROS2/build/theora_image_transport
