[0.665s] Invoking command in '/home/mwangala/Desktop/__ROS2/src/gripper_control': PYTHONPATH=/home/mwangala/Desktop/__ROS2/build/gripper_control/prefix_override:/usr/lib/python3/dist-packages/colcon_core/task/python/colcon_distutils_commands:/home/mwangala/Desktop/__ROS2/install/gripper_control/lib/python3.10/site-packages:${PYTHONPATH} /usr/bin/python3 -W ignore:setup.py install is deprecated -W ignore:easy_install command is deprecated setup.py egg_info --egg-base ../../build/gripper_control build --build-base /home/mwangala/Desktop/__ROS2/build/gripper_control/build install --record /home/mwangala/Desktop/__ROS2/build/gripper_control/install.log --single-version-externally-managed install_data
[0.901s] running egg_info
[0.902s] writing ../../build/gripper_control/gripper_control.egg-info/PKG-INFO
[0.902s] writing dependency_links to ../../build/gripper_control/gripper_control.egg-info/dependency_links.txt
[0.902s] writing entry points to ../../build/gripper_control/gripper_control.egg-info/entry_points.txt
[0.902s] writing requirements to ../../build/gripper_control/gripper_control.egg-info/requires.txt
[0.902s] writing top-level names to ../../build/gripper_control/gripper_control.egg-info/top_level.txt
[0.904s] reading manifest file '../../build/gripper_control/gripper_control.egg-info/SOURCES.txt'
[0.920s] writing manifest file '../../build/gripper_control/gripper_control.egg-info/SOURCES.txt'
[0.920s] running build
[0.920s] running build_py
[0.920s] running install
[0.920s] running install_lib
[0.922s] running install_data
[0.922s] running install_egg_info
[0.923s] removing '/home/mwangala/Desktop/__ROS2/install/gripper_control/lib/python3.10/site-packages/gripper_control-0.0.0-py3.10.egg-info' (and everything under it)
[0.923s] Copying ../../build/gripper_control/gripper_control.egg-info to /home/mwangala/Desktop/__ROS2/install/gripper_control/lib/python3.10/site-packages/gripper_control-0.0.0-py3.10.egg-info
[0.924s] running install_scripts
[0.944s] Installing gripper_node script to /home/mwangala/Desktop/__ROS2/install/gripper_control/lib/gripper_control
[0.944s] writing list of installed files to '/home/mwangala/Desktop/__ROS2/build/gripper_control/install.log'
[0.976s] Invoked command in '/home/mwangala/Desktop/__ROS2/src/gripper_control' returned '0': PYTHONPATH=/home/mwangala/Desktop/__ROS2/build/gripper_control/prefix_override:/usr/lib/python3/dist-packages/colcon_core/task/python/colcon_distutils_commands:/home/mwangala/Desktop/__ROS2/install/gripper_control/lib/python3.10/site-packages:${PYTHONPATH} /usr/bin/python3 -W ignore:setup.py install is deprecated -W ignore:easy_install command is deprecated setup.py egg_info --egg-base ../../build/gripper_control build --build-base /home/mwangala/Desktop/__ROS2/build/gripper_control/build install --record /home/mwangala/Desktop/__ROS2/build/gripper_control/install.log --single-version-externally-managed install_data
