[0.105s] Invoking command in '/home/mwangala/Desktop/__ROS2/build/compressed_image_transport': CMAKE_PREFIX_PATH=${CMAKE_PREFIX_PATH}:/home/mwangala/Desktop/Goaty/ros_project_ws2/install/handcv:/home/mwangala/Desktop/Goaty/ros_project_ws2/install/cv_franka_bridge:/home/mwangala/Desktop/Goaty/ros_project_ws2/install/cv_pegasus_bridge:/home/mwangala/Desktop/Goaty/ros_project_ws/install/handcv:/home/mwangala/Desktop/Goaty/ros_project_ws/install/cv_franka_bridge:/opt/ros/humble /usr/bin/cmake --build /home/mwangala/Desktop/__ROS2/build/compressed_image_transport -- -j8 -l8
[1.207s] [35m[1mConsolidate compiler generated dependencies of target compressed_image_transport[0m
[1.209s] [100%] Built target compressed_image_transport
[1.235s] Invoked command in '/home/mwangala/Desktop/__ROS2/build/compressed_image_transport' returned '0': CMAKE_PREFIX_PATH=${CMAKE_PREFIX_PATH}:/home/mwangala/Desktop/Goaty/ros_project_ws2/install/handcv:/home/mwangala/Desktop/Goaty/ros_project_ws2/install/cv_franka_bridge:/home/mwangala/Desktop/Goaty/ros_project_ws2/install/cv_pegasus_bridge:/home/mwangala/Desktop/Goaty/ros_project_ws/install/handcv:/home/mwangala/Desktop/Goaty/ros_project_ws/install/cv_franka_bridge:/opt/ros/humble /usr/bin/cmake --build /home/mwangala/Desktop/__ROS2/build/compressed_image_transport -- -j8 -l8
[1.236s] Invoking command in '/home/mwangala/Desktop/__ROS2/build/compressed_image_transport': CMAKE_PREFIX_PATH=${CMAKE_PREFIX_PATH}:/home/mwangala/Desktop/Goaty/ros_project_ws2/install/handcv:/home/mwangala/Desktop/Goaty/ros_project_ws2/install/cv_franka_bridge:/home/mwangala/Desktop/Goaty/ros_project_ws2/install/cv_pegasus_bridge:/home/mwangala/Desktop/Goaty/ros_project_ws/install/handcv:/home/mwangala/Desktop/Goaty/ros_project_ws/install/cv_franka_bridge:/opt/ros/humble /usr/bin/cmake --install /home/mwangala/Desktop/__ROS2/build/compressed_image_transport
[1.338s] -- Install configuration: ""
[1.340s] -- Up-to-date: /home/mwangala/Desktop/__ROS2/install/compressed_image_transport/lib/libcompressed_image_transport.so
[1.341s] -- Up-to-date: /home/mwangala/Desktop/__ROS2/install/compressed_image_transport/include
[1.341s] -- Up-to-date: /home/mwangala/Desktop/__ROS2/install/compressed_image_transport/include/compressed_image_transport
[1.341s] -- Up-to-date: /home/mwangala/Desktop/__ROS2/install/compressed_image_transport/include/compressed_image_transport/compression_common.h
[1.341s] -- Up-to-date: /home/mwangala/Desktop/__ROS2/install/compressed_image_transport/include/compressed_image_transport/compressed_subscriber.h
[1.341s] -- Up-to-date: /home/mwangala/Desktop/__ROS2/install/compressed_image_transport/include/compressed_image_transport/compressed_publisher.h
[1.342s] -- Up-to-date: /home/mwangala/Desktop/__ROS2/install/compressed_image_transport/share/compressed_image_transport/compressed_plugins.xml
[1.342s] -- Up-to-date: /home/mwangala/Desktop/__ROS2/install/compressed_image_transport/share/ament_index/resource_index/package_run_dependencies/compressed_image_transport
[1.342s] -- Up-to-date: /home/mwangala/Desktop/__ROS2/install/compressed_image_transport/share/ament_index/resource_index/parent_prefix_path/compressed_image_transport
[1.342s] -- Up-to-date: /home/mwangala/Desktop/__ROS2/install/compressed_image_transport/share/compressed_image_transport/environment/ament_prefix_path.sh
[1.342s] -- Up-to-date: /home/mwangala/Desktop/__ROS2/install/compressed_image_transport/share/compressed_image_transport/environment/ament_prefix_path.dsv
[1.343s] -- Up-to-date: /home/mwangala/Desktop/__ROS2/install/compressed_image_transport/share/compressed_image_transport/environment/path.sh
[1.343s] -- Up-to-date: /home/mwangala/Desktop/__ROS2/install/compressed_image_transport/share/compressed_image_transport/environment/path.dsv
[1.344s] -- Up-to-date: /home/mwangala/Desktop/__ROS2/install/compressed_image_transport/share/compressed_image_transport/local_setup.bash
[1.344s] -- Up-to-date: /home/mwangala/Desktop/__ROS2/install/compressed_image_transport/share/compressed_image_transport/local_setup.sh
[1.344s] -- Up-to-date: /home/mwangala/Desktop/__ROS2/install/compressed_image_transport/share/compressed_image_transport/local_setup.zsh
[1.344s] -- Up-to-date: /home/mwangala/Desktop/__ROS2/install/compressed_image_transport/share/compressed_image_transport/local_setup.dsv
[1.344s] -- Installing: /home/mwangala/Desktop/__ROS2/install/compressed_image_transport/share/compressed_image_transport/package.dsv
[1.344s] -- Up-to-date: /home/mwangala/Desktop/__ROS2/install/compressed_image_transport/share/ament_index/resource_index/packages/compressed_image_transport
[1.344s] -- Up-to-date: /home/mwangala/Desktop/__ROS2/install/compressed_image_transport/share/ament_index/resource_index/image_transport__pluginlib__plugin/compressed_image_transport
[1.344s] -- Up-to-date: /home/mwangala/Desktop/__ROS2/install/compressed_image_transport/share/compressed_image_transport/cmake/compressed_image_transportConfig.cmake
[1.344s] -- Up-to-date: /home/mwangala/Desktop/__ROS2/install/compressed_image_transport/share/compressed_image_transport/cmake/compressed_image_transportConfig-version.cmake
[1.344s] -- Up-to-date: /home/mwangala/Desktop/__ROS2/install/compressed_image_transport/share/compressed_image_transport/package.xml
[1.397s] Invoked command in '/home/mwangala/Desktop/__ROS2/build/compressed_image_transport' returned '0': CMAKE_PREFIX_PATH=${CMAKE_PREFIX_PATH}:/home/mwangala/Desktop/Goaty/ros_project_ws2/install/handcv:/home/mwangala/Desktop/Goaty/ros_project_ws2/install/cv_franka_bridge:/home/mwangala/Desktop/Goaty/ros_project_ws2/install/cv_pegasus_bridge:/home/mwangala/Desktop/Goaty/ros_project_ws/install/handcv:/home/mwangala/Desktop/Goaty/ros_project_ws/install/cv_franka_bridge:/opt/ros/humble /usr/bin/cmake --install /home/mwangala/Desktop/__ROS2/build/compressed_image_transport
