[3.647s] Invoking command in '/home/mwangala/Desktop/__ROS2/build/cv_pegasus_bridge': PYTHONPATH=/home/mwangala/Desktop/__ROS2/build/cv_pegasus_bridge/prefix_override:/usr/lib/python3/dist-packages/colcon_core/task/python/colcon_distutils_commands:/home/mwangala/Desktop/__ROS2/install/cv_pegasus_bridge/lib/python3.10/site-packages:${PYTHONPATH} /usr/bin/python3 -W ignore:setup.py install is deprecated -W ignore:easy_install command is deprecated setup.py develop --editable --build-directory /home/mwangala/Desktop/__ROS2/build/cv_pegasus_bridge/build --no-deps symlink_data
[4.728s] running develop
[4.728s] running egg_info
[4.728s] creating cv_pegasus_bridge.egg-info
[4.728s] writing cv_pegasus_bridge.egg-info/PKG-INFO
[4.728s] writing dependency_links to cv_pegasus_bridge.egg-info/dependency_links.txt
[4.728s] writing entry points to cv_pegasus_bridge.egg-info/entry_points.txt
[4.728s] writing requirements to cv_pegasus_bridge.egg-info/requires.txt
[4.742s] writing top-level names to cv_pegasus_bridge.egg-info/top_level.txt
[4.742s] writing manifest file 'cv_pegasus_bridge.egg-info/SOURCES.txt'
[4.742s] reading manifest file 'cv_pegasus_bridge.egg-info/SOURCES.txt'
[4.742s] writing manifest file 'cv_pegasus_bridge.egg-info/SOURCES.txt'
[4.742s] running build_ext
[4.742s] Creating /home/mwangala/Desktop/__ROS2/install/cv_pegasus_bridge/lib/python3.10/site-packages/cv-pegasus-bridge.egg-link (link to .)
[4.742s] Installing cv_pegasus_bridge script to /home/mwangala/Desktop/__ROS2/install/cv_pegasus_bridge/lib/cv_pegasus_bridge
[4.742s] 
[4.742s] Installed /home/mwangala/Desktop/__ROS2/build/cv_pegasus_bridge
[4.742s] running symlink_data
[4.742s] creating /home/mwangala/Desktop/__ROS2/install/cv_pegasus_bridge/share/ament_index
[4.742s] creating /home/mwangala/Desktop/__ROS2/install/cv_pegasus_bridge/share/ament_index/resource_index
[4.743s] creating /home/mwangala/Desktop/__ROS2/install/cv_pegasus_bridge/share/ament_index/resource_index/packages
[4.743s] symbolically linking /home/mwangala/Desktop/__ROS2/build/cv_pegasus_bridge/resource/cv_pegasus_bridge -> /home/mwangala/Desktop/__ROS2/install/cv_pegasus_bridge/share/ament_index/resource_index/packages
[4.743s] symbolically linking /home/mwangala/Desktop/__ROS2/build/cv_pegasus_bridge/package.xml -> /home/mwangala/Desktop/__ROS2/install/cv_pegasus_bridge/share/cv_pegasus_bridge
[4.743s] creating /home/mwangala/Desktop/__ROS2/install/cv_pegasus_bridge/share/cv_pegasus_bridge/launch
[4.743s] symbolically linking /home/mwangala/Desktop/__ROS2/build/cv_pegasus_bridge/launch/cv_pegasus_bridge.launch.py -> /home/mwangala/Desktop/__ROS2/install/cv_pegasus_bridge/share/cv_pegasus_bridge/launch
[4.785s] Invoked command in '/home/mwangala/Desktop/__ROS2/build/cv_pegasus_bridge' returned '0': PYTHONPATH=/home/mwangala/Desktop/__ROS2/build/cv_pegasus_bridge/prefix_override:/usr/lib/python3/dist-packages/colcon_core/task/python/colcon_distutils_commands:/home/mwangala/Desktop/__ROS2/install/cv_pegasus_bridge/lib/python3.10/site-packages:${PYTHONPATH} /usr/bin/python3 -W ignore:setup.py install is deprecated -W ignore:easy_install command is deprecated setup.py develop --editable --build-directory /home/mwangala/Desktop/__ROS2/build/cv_pegasus_bridge/build --no-deps symlink_data
