[0.048s] Invoking command in '/home/mwangala/Desktop/__ROS2/build/kinect2_bridge': AMENT_PREFIX_PATH=/home/mwangala/Desktop/__ROS2/install/kinect2_registration:${AMENT_PREFIX_PATH} CMAKE_PREFIX_PATH=/home/mwangala/Desktop/__ROS2/install/kinect2_registration:/home/mwangala/Desktop/Goaty/ros_project_ws2/install/update_pegasus_description:/home/mwangala/Desktop/Goaty/ros_project_ws2/install/image_transport_plugins:/home/mwangala/Desktop/Goaty/ros_project_ws2/install/theora_image_transport:/home/mwangala/Desktop/Goaty/ros_project_ws2/install/numsr_franka_moveit_config:/home/mwangala/Desktop/Goaty/ros_project_ws2/install/kinect2_calibration:/home/mwangala/Desktop/Goaty/ros_project_ws2/install/kinect2_bridge:/home/mwangala/Desktop/Goaty/ros_project_ws2/install/kinect2_registration:/home/mwangala/Desktop/Goaty/ros_project_ws2/install/hand_interfaces:/home/mwangala/Desktop/Goaty/ros_project_ws2/install/compressed_image_transport:/home/mwangala/Desktop/Goaty/ros_project_ws2/install/compressed_depth_image_transport:/home/mwangala/Desktop/Goaty/ros_project_ws/install/image_transport_plugins:/home/mwangala/Desktop/Goaty/ros_project_ws/install/theora_image_transport:/home/mwangala/Desktop/Goaty/ros_project_ws/install/numsr_franka_moveit_config:/home/mwangala/Desktop/Goaty/ros_project_ws/install/kinect2_calibration:/home/mwangala/Desktop/Goaty/ros_project_ws/install/kinect2_bridge:/home/mwangala/Desktop/Goaty/ros_project_ws/install/kinect2_registration:/home/mwangala/Desktop/Goaty/ros_project_ws/install/hand_interfaces:/home/mwangala/Desktop/Goaty/ros_project_ws/install/compressed_image_transport:/home/mwangala/Desktop/Goaty/ros_project_ws/install/compressed_depth_image_transport:/home/mwangala/Desktop/Goaty/ros_project_ws2/install/handcv:/home/mwangala/Desktop/Goaty/ros_project_ws2/install/cv_franka_bridge:/home/mwangala/Desktop/Goaty/ros_project_ws2/install/cv_pegasus_bridge:/home/mwangala/Desktop/Goaty/ros_project_ws/install/handcv:/home/mwangala/Desktop/Goaty/ros_project_ws/install/cv_franka_bridge:/opt/ros/humble LD_LIBRARY_PATH=/home/mwangala/Desktop/__ROS2/install/kinect2_registration/lib:${LD_LIBRARY_PATH} /usr/bin/cmake /home/mwangala/Desktop/__ROS2/src/kinect2_bridge -DAMENT_CMAKE_SYMLINK_INSTALL=1 -DCMAKE_INSTALL_PREFIX=/home/mwangala/Desktop/__ROS2/install/kinect2_bridge
[0.127s] -- Found ament_cmake: 1.3.11 (/opt/ros/humble/share/ament_cmake/cmake)
[0.289s] -- Override CMake install command with custom implementation using symlinks instead of copying resources
[0.314s] -- Found rclcpp: 16.0.12 (/opt/ros/humble/share/rclcpp/cmake)
[0.347s] -- Found rosidl_generator_c: 3.1.6 (/opt/ros/humble/share/rosidl_generator_c/cmake)
[0.350s] -- Found rosidl_adapter: 3.1.6 (/opt/ros/humble/share/rosidl_adapter/cmake)
[0.357s] -- Found rosidl_generator_cpp: 3.1.6 (/opt/ros/humble/share/rosidl_generator_cpp/cmake)
[0.369s] -- Using all available rosidl_typesupport_c: rosidl_typesupport_fastrtps_c;rosidl_typesupport_introspection_c
[0.384s] -- Using all available rosidl_typesupport_cpp: rosidl_typesupport_fastrtps_cpp;rosidl_typesupport_introspection_cpp
[0.419s] -- Found rmw_implementation_cmake: 6.1.2 (/opt/ros/humble/share/rmw_implementation_cmake/cmake)
[0.421s] -- Found rmw_fastrtps_cpp: 6.2.7 (/opt/ros/humble/share/rmw_fastrtps_cpp/cmake)
[0.542s] -- Using RMW implementation 'rmw_fastrtps_cpp' as default
[0.604s] -- Found sensor_msgs: 4.8.0 (/opt/ros/humble/share/sensor_msgs/cmake)
[0.638s] -- Found kinect2_registration: 0.0.0 (/home/mwangala/Desktop/__ROS2/install/kinect2_registration/share/kinect2_registration/cmake)
[0.664s] -- Found tf2: 0.25.12 (/opt/ros/humble/share/tf2/cmake)
[0.866s] -- Found tf2_ros: 0.25.12 (/opt/ros/humble/share/tf2_ros/cmake)
[2.632s] -- Found tf2_geometry_msgs: 0.25.12 (/opt/ros/humble/share/tf2_geometry_msgs/cmake)
[2.776s] -- Found eigen3_cmake_module: 0.1.1 (/opt/ros/humble/share/eigen3_cmake_module/cmake)
[2.777s] -- Ensuring Eigen3 include directory is part of orocos-kdl CMake target
[2.857s] -- Found ament_lint_auto: 0.12.12 (/opt/ros/humble/share/ament_lint_auto/cmake)
[3.006s] -- Added test 'cppcheck' to perform static code analysis on C / C++ code
[3.006s] -- Configured cppcheck include dirs: /home/mwangala/Desktop/__ROS2/src/kinect2_bridge/include/kinect2_bridge
[3.006s] -- Configured cppcheck exclude dirs and/or files: 
[3.006s] -- Added test 'flake8' to check Python code syntax and style conventions
[3.007s] -- Added test 'lint_cmake' to check CMake code style
[3.007s] -- Added test 'pep257' to check Python code against some of the docstring style conventions in PEP 257
[3.008s] -- Added test 'uncrustify' to check C / C++ code style
[3.008s] -- Configured uncrustify additional arguments: 
[3.009s] -- Added test 'xmllint' to check XML markup files
[3.024s] -- Configuring done
[3.117s] -- Generating done
[3.132s] -- Build files have been written to: /home/mwangala/Desktop/__ROS2/build/kinect2_bridge
