[2.553s] Invoking command in '/home/mwangala/Desktop/__ROS2/build/update_pegasus_description': CMAKE_PREFIX_PATH=${CMAKE_PREFIX_PATH}:/home/mwangala/Desktop/Goaty/ros_project_ws2/install/handcv:/home/mwangala/Desktop/Goaty/ros_project_ws2/install/cv_franka_bridge:/home/mwangala/Desktop/Goaty/ros_project_ws2/install/cv_pegasus_bridge:/home/mwangala/Desktop/Goaty/ros_project_ws/install/handcv:/home/mwangala/Desktop/Goaty/ros_project_ws/install/cv_franka_bridge:/opt/ros/humble /usr/bin/cmake /home/mwangala/Desktop/__ROS2/src/update_pegasus_description -DAMENT_CMAKE_SYMLINK_INSTALL=1 -DCMAKE_INSTALL_PREFIX=/home/mwangala/Desktop/__ROS2/install/update_pegasus_description
[2.702s] -- The C compiler identification is GNU 11.4.0
[2.916s] -- The CXX compiler identification is GNU 11.4.0
[2.941s] -- Detecting C compiler ABI info
[3.326s] -- Detecting C compiler ABI info - done
[3.332s] -- Check for working C compiler: /usr/bin/cc - skipped
[3.332s] -- Detecting C compile features
[3.333s] -- Detecting C compile features - done
[3.337s] -- Detecting CXX compiler ABI info
[3.729s] -- Detecting CXX compiler ABI info - done
[3.752s] -- Check for working CXX compiler: /usr/bin/c++ - skipped
[3.754s] -- Detecting CXX compile features
[3.755s] -- Detecting CXX compile features - done
[3.766s] -- Found ament_cmake: 1.3.11 (/opt/ros/humble/share/ament_cmake/cmake)
[4.275s] -- Found Python3: /usr/bin/python3 (found version "3.10.12") found components: Interpreter 
[4.404s] -- Override CMake install command with custom implementation using symlinks instead of copying resources
[4.643s] -- Configuring done
[4.652s] -- Generating done
[4.688s] -- Build files have been written to: /home/mwangala/Desktop/__ROS2/build/update_pegasus_description
[4.752s] Invoked command in '/home/mwangala/Desktop/__ROS2/build/update_pegasus_description' returned '0': CMAKE_PREFIX_PATH=${CMAKE_PREFIX_PATH}:/home/mwangala/Desktop/Goaty/ros_project_ws2/install/handcv:/home/mwangala/Desktop/Goaty/ros_project_ws2/install/cv_franka_bridge:/home/mwangala/Desktop/Goaty/ros_project_ws2/install/cv_pegasus_bridge:/home/mwangala/Desktop/Goaty/ros_project_ws/install/handcv:/home/mwangala/Desktop/Goaty/ros_project_ws/install/cv_franka_bridge:/opt/ros/humble /usr/bin/cmake /home/mwangala/Desktop/__ROS2/src/update_pegasus_description -DAMENT_CMAKE_SYMLINK_INSTALL=1 -DCMAKE_INSTALL_PREFIX=/home/mwangala/Desktop/__ROS2/install/update_pegasus_description
[4.754s] Invoking command in '/home/mwangala/Desktop/__ROS2/build/update_pegasus_description': CMAKE_PREFIX_PATH=${CMAKE_PREFIX_PATH}:/home/mwangala/Desktop/Goaty/ros_project_ws2/install/handcv:/home/mwangala/Desktop/Goaty/ros_project_ws2/install/cv_franka_bridge:/home/mwangala/Desktop/Goaty/ros_project_ws2/install/cv_pegasus_bridge:/home/mwangala/Desktop/Goaty/ros_project_ws/install/handcv:/home/mwangala/Desktop/Goaty/ros_project_ws/install/cv_franka_bridge:/opt/ros/humble /usr/bin/cmake --build /home/mwangala/Desktop/__ROS2/build/update_pegasus_description -- -j8 -l8
[4.859s] Invoked command in '/home/mwangala/Desktop/__ROS2/build/update_pegasus_description' returned '0': CMAKE_PREFIX_PATH=${CMAKE_PREFIX_PATH}:/home/mwangala/Desktop/Goaty/ros_project_ws2/install/handcv:/home/mwangala/Desktop/Goaty/ros_project_ws2/install/cv_franka_bridge:/home/mwangala/Desktop/Goaty/ros_project_ws2/install/cv_pegasus_bridge:/home/mwangala/Desktop/Goaty/ros_project_ws/install/handcv:/home/mwangala/Desktop/Goaty/ros_project_ws/install/cv_franka_bridge:/opt/ros/humble /usr/bin/cmake --build /home/mwangala/Desktop/__ROS2/build/update_pegasus_description -- -j8 -l8
[4.880s] Invoking command in '/home/mwangala/Desktop/__ROS2/build/update_pegasus_description': CMAKE_PREFIX_PATH=${CMAKE_PREFIX_PATH}:/home/mwangala/Desktop/Goaty/ros_project_ws2/install/handcv:/home/mwangala/Desktop/Goaty/ros_project_ws2/install/cv_franka_bridge:/home/mwangala/Desktop/Goaty/ros_project_ws2/install/cv_pegasus_bridge:/home/mwangala/Desktop/Goaty/ros_project_ws/install/handcv:/home/mwangala/Desktop/Goaty/ros_project_ws/install/cv_franka_bridge:/opt/ros/humble /usr/bin/cmake --install /home/mwangala/Desktop/__ROS2/build/update_pegasus_description
[4.896s] -- Install configuration: ""
[4.898s] -- Execute custom install script
[4.898s] -- Symlinking: /home/mwangala/Desktop/__ROS2/install/update_pegasus_description/share/ament_index/resource_index/package_run_dependencies/update_pegasus_description
[4.915s] -- Symlinking: /home/mwangala/Desktop/__ROS2/install/update_pegasus_description/share/ament_index/resource_index/parent_prefix_path/update_pegasus_description
[4.933s] -- Symlinking: /home/mwangala/Desktop/__ROS2/install/update_pegasus_description/share/update_pegasus_description/environment/ament_prefix_path.sh
[4.956s] -- Symlinking: /home/mwangala/Desktop/__ROS2/install/update_pegasus_description/share/update_pegasus_description/environment/ament_prefix_path.dsv
[4.973s] -- Symlinking: /home/mwangala/Desktop/__ROS2/install/update_pegasus_description/share/update_pegasus_description/environment/path.sh
[4.996s] -- Symlinking: /home/mwangala/Desktop/__ROS2/install/update_pegasus_description/share/update_pegasus_description/environment/path.dsv
[5.008s] -- Symlinking: /home/mwangala/Desktop/__ROS2/install/update_pegasus_description/share/update_pegasus_description/local_setup.bash
[5.023s] -- Symlinking: /home/mwangala/Desktop/__ROS2/install/update_pegasus_description/share/update_pegasus_description/local_setup.sh
[5.048s] -- Symlinking: /home/mwangala/Desktop/__ROS2/install/update_pegasus_description/share/update_pegasus_description/local_setup.zsh
[5.062s] -- Symlinking: /home/mwangala/Desktop/__ROS2/install/update_pegasus_description/share/update_pegasus_description/local_setup.dsv
[5.076s] -- Symlinking: /home/mwangala/Desktop/__ROS2/install/update_pegasus_description/share/update_pegasus_description/package.dsv
[5.100s] -- Symlinking: /home/mwangala/Desktop/__ROS2/install/update_pegasus_description/share/ament_index/resource_index/packages/update_pegasus_description
[5.120s] -- Symlinking: /home/mwangala/Desktop/__ROS2/install/update_pegasus_description/share/update_pegasus_description/cmake/update_pegasus_descriptionConfig.cmake
[5.135s] -- Symlinking: /home/mwangala/Desktop/__ROS2/install/update_pegasus_description/share/update_pegasus_description/cmake/update_pegasus_descriptionConfig-version.cmake
[5.146s] -- Symlinking: /home/mwangala/Desktop/__ROS2/install/update_pegasus_description/share/update_pegasus_description/package.xml
[5.158s] -- Symlinking: /home/mwangala/Desktop/__ROS2/install/update_pegasus_description/share/update_pegasus_description/launch/demo.launch.py
[5.168s] -- Symlinking: /home/mwangala/Desktop/__ROS2/install/update_pegasus_description/share/update_pegasus_description/launch/display.launch.py
[5.180s] -- Symlinking: /home/mwangala/Desktop/__ROS2/install/update_pegasus_description/share/update_pegasus_description/launch/move_group.launch.py
[6.760s] -- Symlinking: /home/mwangala/Desktop/__ROS2/install/update_pegasus_description/share/update_pegasus_description/launch/moveit_rviz.launch.py
[6.771s] -- Symlinking: /home/mwangala/Desktop/__ROS2/install/update_pegasus_description/share/update_pegasus_description/launch/pegasus.launch.py
[6.781s] -- Symlinking: /home/mwangala/Desktop/__ROS2/install/update_pegasus_description/share/update_pegasus_description/launch/rsp.launch.py
[6.792s] -- Symlinking: /home/mwangala/Desktop/__ROS2/install/update_pegasus_description/share/update_pegasus_description/launch/setup_assistant.launch.py
[6.803s] -- Symlinking: /home/mwangala/Desktop/__ROS2/install/update_pegasus_description/share/update_pegasus_description/launch/spawn.launch.py
[6.815s] -- Symlinking: /home/mwangala/Desktop/__ROS2/install/update_pegasus_description/share/update_pegasus_description/launch/spawn_controllers.launch.py
[6.827s] -- Symlinking: /home/mwangala/Desktop/__ROS2/install/update_pegasus_description/share/update_pegasus_description/launch/static_virtual_joint_tfs.launch.py
[6.839s] -- Symlinking: /home/mwangala/Desktop/__ROS2/install/update_pegasus_description/share/update_pegasus_description/launch/tester.launch.py
[6.852s] -- Symlinking: /home/mwangala/Desktop/__ROS2/install/update_pegasus_description/share/update_pegasus_description/launch/warehouse_db.launch.py
[6.871s] -- Symlinking: /home/mwangala/Desktop/__ROS2/install/update_pegasus_description/share/update_pegasus_description/config/initial_positions.yaml
[6.884s] -- Symlinking: /home/mwangala/Desktop/__ROS2/install/update_pegasus_description/share/update_pegasus_description/config/joint_limits.yaml
[6.896s] -- Symlinking: /home/mwangala/Desktop/__ROS2/install/update_pegasus_description/share/update_pegasus_description/config/kinematics.yaml
[6.912s] -- Symlinking: /home/mwangala/Desktop/__ROS2/install/update_pegasus_description/share/update_pegasus_description/config/moveit.rviz
[6.926s] -- Symlinking: /home/mwangala/Desktop/__ROS2/install/update_pegasus_description/share/update_pegasus_description/config/moveit_controllers.yaml
[6.944s] -- Symlinking: /home/mwangala/Desktop/__ROS2/install/update_pegasus_description/share/update_pegasus_description/config/pegasus.ros2_control.xacro
[6.961s] -- Symlinking: /home/mwangala/Desktop/__ROS2/install/update_pegasus_description/share/update_pegasus_description/config/pegasus.srdf
[6.975s] -- Symlinking: /home/mwangala/Desktop/__ROS2/install/update_pegasus_description/share/update_pegasus_description/config/pegasus.urdf.xacro
[6.989s] -- Symlinking: /home/mwangala/Desktop/__ROS2/install/update_pegasus_description/share/update_pegasus_description/config/pilz_cartesian_limits.yaml
[7.003s] -- Symlinking: /home/mwangala/Desktop/__ROS2/install/update_pegasus_description/share/update_pegasus_description/config/ros2_controllers.yaml
[7.019s] -- Symlinking: /home/mwangala/Desktop/__ROS2/install/update_pegasus_description/share/update_pegasus_description/.setup_assistant
[7.092s] -- Symlinking: /home/mwangala/Desktop/__ROS2/install/update_pegasus_description/lib/update_pegasus_description/pegasus_commander.py
[7.104s] -- Symlinking: /home/mwangala/Desktop/__ROS2/install/update_pegasus_description/lib/update_pegasus_description/planned_path_listener.py
[7.123s] Invoked command in '/home/mwangala/Desktop/__ROS2/build/update_pegasus_description' returned '0': CMAKE_PREFIX_PATH=${CMAKE_PREFIX_PATH}:/home/mwangala/Desktop/Goaty/ros_project_ws2/install/handcv:/home/mwangala/Desktop/Goaty/ros_project_ws2/install/cv_franka_bridge:/home/mwangala/Desktop/Goaty/ros_project_ws2/install/cv_pegasus_bridge:/home/mwangala/Desktop/Goaty/ros_project_ws/install/handcv:/home/mwangala/Desktop/Goaty/ros_project_ws/install/cv_franka_bridge:/opt/ros/humble /usr/bin/cmake --install /home/mwangala/Desktop/__ROS2/build/update_pegasus_description
