[1.275s] Invoking command in '/home/mwangala/Desktop/__ROS2/build/theora_image_transport': CMAKE_PREFIX_PATH=${CMAKE_PREFIX_PATH}:/home/mwangala/Desktop/Goaty/ros_project_ws2/install/handcv:/home/mwangala/Desktop/Goaty/ros_project_ws2/install/cv_franka_bridge:/home/mwangala/Desktop/Goaty/ros_project_ws2/install/cv_pegasus_bridge:/home/mwangala/Desktop/Goaty/ros_project_ws/install/handcv:/home/mwangala/Desktop/Goaty/ros_project_ws/install/cv_franka_bridge:/opt/ros/humble /usr/bin/cmake /home/mwangala/Desktop/__ROS2/src/image_transport_plugins/theora_image_transport -DAMENT_CMAKE_SYMLINK_INSTALL=1 -DCMAKE_INSTALL_PREFIX=/home/mwangala/Desktop/__ROS2/install/theora_image_transport
[3.605s] -- Found ament_cmake: 1.3.11 (/opt/ros/humble/share/ament_cmake/cmake)
[4.654s] -- Override CMake install command with custom implementation using symlinks instead of copying resources
[5.484s] -- Found image_transport: 3.1.11 (/opt/ros/humble/share/image_transport/cmake)
[6.788s] -- Found rosidl_generator_c: 3.1.6 (/opt/ros/humble/share/rosidl_generator_c/cmake)
[6.863s] -- Found rosidl_adapter: 3.1.6 (/opt/ros/humble/share/rosidl_adapter/cmake)
[7.027s] -- Found rosidl_generator_cpp: 3.1.6 (/opt/ros/humble/share/rosidl_generator_cpp/cmake)
[7.249s] -- Using all available rosidl_typesupport_c: rosidl_typesupport_fastrtps_c;rosidl_typesupport_introspection_c
[7.454s] -- Using all available rosidl_typesupport_cpp: rosidl_typesupport_fastrtps_cpp;rosidl_typesupport_introspection_cpp
[8.062s] -- Found rmw_implementation_cmake: 6.1.2 (/opt/ros/humble/share/rmw_implementation_cmake/cmake)
[8.287s] -- Found rmw_fastrtps_cpp: 6.2.7 (/opt/ros/humble/share/rmw_fastrtps_cpp/cmake)
[9.543s] -- Using RMW implementation 'rmw_fastrtps_cpp' as default
[11.878s] -- Found cv_bridge: 3.2.1 (/opt/ros/humble/share/cv_bridge/cmake)
[11.953s] -- Found rosidl_default_generators: 1.2.0 (/opt/ros/humble/share/rosidl_default_generators/cmake)
[12.652s] -- Found ament_cmake_cppcheck: 0.12.12 (/opt/ros/humble/share/ament_cmake_cppcheck/cmake)
[12.709s] -- Found ament_cmake_cpplint: 0.12.12 (/opt/ros/humble/share/ament_cmake_cpplint/cmake)
[12.728s] -- Found ament_cmake_uncrustify: 0.12.12 (/opt/ros/humble/share/ament_cmake_uncrustify/cmake)
[12.729s] -- Found ament_cmake_ros: 0.10.0 (/opt/ros/humble/share/ament_cmake_ros/cmake)
[13.530s] -- Using all available rosidl_typesupport_c: rosidl_typesupport_fastrtps_c;rosidl_typesupport_introspection_c
[13.814s] -- Using all available rosidl_typesupport_cpp: rosidl_typesupport_fastrtps_cpp;rosidl_typesupport_introspection_cpp
[13.851s] -- Found python_cmake_module: 0.10.0 (/opt/ros/humble/share/python_cmake_module/cmake)
[13.885s] -- Using PYTHON_EXECUTABLE: /usr/bin/python3
[13.886s] -- Using PYTHON_INCLUDE_DIRS: /usr/include/python3.10
[13.886s] -- Using PYTHON_LIBRARIES: /usr/lib/x86_64-linux-gnu/libpython3.10.so
[14.152s] -- Found ament_cmake_flake8: 0.12.12 (/opt/ros/humble/share/ament_cmake_flake8/cmake)
[14.152s] -- Found ament_cmake_pep257: 0.12.12 (/opt/ros/humble/share/ament_cmake_pep257/cmake)
[14.896s] -- Configuring done
[22.571s] -- Generating done
[22.629s] -- Build files have been written to: /home/mwangala/Desktop/__ROS2/build/theora_image_transport
[22.667s] Invoked command in '/home/mwangala/Desktop/__ROS2/build/theora_image_transport' returned '0': CMAKE_PREFIX_PATH=${CMAKE_PREFIX_PATH}:/home/mwangala/Desktop/Goaty/ros_project_ws2/install/handcv:/home/mwangala/Desktop/Goaty/ros_project_ws2/install/cv_franka_bridge:/home/mwangala/Desktop/Goaty/ros_project_ws2/install/cv_pegasus_bridge:/home/mwangala/Desktop/Goaty/ros_project_ws/install/handcv:/home/mwangala/Desktop/Goaty/ros_project_ws/install/cv_franka_bridge:/opt/ros/humble /usr/bin/cmake /home/mwangala/Desktop/__ROS2/src/image_transport_plugins/theora_image_transport -DAMENT_CMAKE_SYMLINK_INSTALL=1 -DCMAKE_INSTALL_PREFIX=/home/mwangala/Desktop/__ROS2/install/theora_image_transport
[22.669s] Invoking command in '/home/mwangala/Desktop/__ROS2/build/theora_image_transport': CMAKE_PREFIX_PATH=${CMAKE_PREFIX_PATH}:/home/mwangala/Desktop/Goaty/ros_project_ws2/install/handcv:/home/mwangala/Desktop/Goaty/ros_project_ws2/install/cv_franka_bridge:/home/mwangala/Desktop/Goaty/ros_project_ws2/install/cv_pegasus_bridge:/home/mwangala/Desktop/Goaty/ros_project_ws/install/handcv:/home/mwangala/Desktop/Goaty/ros_project_ws/install/cv_franka_bridge:/opt/ros/humble /usr/bin/cmake --build /home/mwangala/Desktop/__ROS2/build/theora_image_transport -- -j8 -l8
[22.720s] [  2%] Built target theora_image_transport__cpp
[22.729s] [  2%] Built target ament_cmake_python_symlink_theora_image_transport
[22.736s] [35m[1mConsolidate compiler generated dependencies of target theora_image_transport__rosidl_generator_c[0m
[22.763s] [35m[1mConsolidate compiler generated dependencies of target theora_image_transport__rosidl_typesupport_introspection_cpp[0m
[22.767s] [35m[1mConsolidate compiler generated dependencies of target theora_image_transport__rosidl_typesupport_fastrtps_cpp[0m
[22.769s] [35m[1mConsolidate compiler generated dependencies of target theora_image_transport__rosidl_typesupport_cpp[0m
[22.782s] [ 10%] Built target theora_image_transport__rosidl_typesupport_introspection_cpp
[22.795s] [ 18%] Built target theora_image_transport__rosidl_typesupport_fastrtps_cpp
[22.824s] [ 27%] Built target theora_image_transport__rosidl_generator_c
[22.830s] [ 35%] Built target theora_image_transport__rosidl_typesupport_cpp
[22.856s] [35m[1mConsolidate compiler generated dependencies of target theora_image_transport__rosidl_typesupport_introspection_c[0m
[22.880s] [35m[1mConsolidate compiler generated dependencies of target theora_image_transport__rosidl_typesupport_fastrtps_c[0m
[22.892s] [35m[1mConsolidate compiler generated dependencies of target theora_image_transport__rosidl_typesupport_c[0m
[22.941s] running egg_info
[22.942s] writing theora_image_transport.egg-info/PKG-INFO
[22.964s] [35m[1mConsolidate compiler generated dependencies of target ogg_saver[0m
[22.975s] [ 43%] Built target theora_image_transport__rosidl_typesupport_c
[22.981s] [ 51%] Built target theora_image_transport__rosidl_typesupport_fastrtps_c
[22.981s] [ 59%] Built target theora_image_transport__rosidl_typesupport_introspection_c
[22.987s] writing dependency_links to theora_image_transport.egg-info/dependency_links.txt
[22.988s] writing top-level names to theora_image_transport.egg-info/top_level.txt
[22.990s] reading manifest file 'theora_image_transport.egg-info/SOURCES.txt'
[23.013s] writing manifest file 'theora_image_transport.egg-info/SOURCES.txt'
[23.015s] [35m[1mConsolidate compiler generated dependencies of target theora_image_transport_component[0m
[23.017s] [ 59%] Built target theora_image_transport
[23.042s] [ 62%] Built target theora_image_transport__py
[23.068s] [35m[1mConsolidate compiler generated dependencies of target theora_image_transport__rosidl_generator_py[0m
[23.082s] [ 62%] Built target ament_cmake_python_build_theora_image_transport_egg
[23.139s] [ 67%] Built target theora_image_transport__rosidl_generator_py
[23.148s] [ 72%] Built target ogg_saver
[23.157s] [35m[1mConsolidate compiler generated dependencies of target theora_image_transport__rosidl_typesupport_fastrtps_c__pyext[0m
[23.158s] [35m[1mConsolidate compiler generated dependencies of target theora_image_transport__rosidl_typesupport_c__pyext[0m
[23.158s] [35m[1mConsolidate compiler generated dependencies of target theora_image_transport__rosidl_typesupport_introspection_c__pyext[0m
[23.170s] [ 78%] Built target theora_image_transport__rosidl_typesupport_fastrtps_c__pyext
[23.172s] [ 89%] Built target theora_image_transport_component
[23.172s] [ 94%] Built target theora_image_transport__rosidl_typesupport_introspection_c__pyext
[23.174s] [100%] Built target theora_image_transport__rosidl_typesupport_c__pyext
[23.185s] Invoked command in '/home/mwangala/Desktop/__ROS2/build/theora_image_transport' returned '0': CMAKE_PREFIX_PATH=${CMAKE_PREFIX_PATH}:/home/mwangala/Desktop/Goaty/ros_project_ws2/install/handcv:/home/mwangala/Desktop/Goaty/ros_project_ws2/install/cv_franka_bridge:/home/mwangala/Desktop/Goaty/ros_project_ws2/install/cv_pegasus_bridge:/home/mwangala/Desktop/Goaty/ros_project_ws/install/handcv:/home/mwangala/Desktop/Goaty/ros_project_ws/install/cv_franka_bridge:/opt/ros/humble /usr/bin/cmake --build /home/mwangala/Desktop/__ROS2/build/theora_image_transport -- -j8 -l8
[23.187s] Invoking command in '/home/mwangala/Desktop/__ROS2/build/theora_image_transport': CMAKE_PREFIX_PATH=${CMAKE_PREFIX_PATH}:/home/mwangala/Desktop/Goaty/ros_project_ws2/install/handcv:/home/mwangala/Desktop/Goaty/ros_project_ws2/install/cv_franka_bridge:/home/mwangala/Desktop/Goaty/ros_project_ws2/install/cv_pegasus_bridge:/home/mwangala/Desktop/Goaty/ros_project_ws/install/handcv:/home/mwangala/Desktop/Goaty/ros_project_ws/install/cv_franka_bridge:/opt/ros/humble /usr/bin/cmake --install /home/mwangala/Desktop/__ROS2/build/theora_image_transport
[23.193s] -- Install configuration: ""
[23.194s] -- Execute custom install script
[23.194s] -- Up-to-date symlink: /home/mwangala/Desktop/__ROS2/install/theora_image_transport/share/ament_index/resource_index/rosidl_interfaces/theora_image_transport
[23.194s] -- Up-to-date symlink: /home/mwangala/Desktop/__ROS2/install/theora_image_transport/include/theora_image_transport/theora_image_transport/msg/detail/packet__functions.h
[23.195s] -- Up-to-date symlink: /home/mwangala/Desktop/__ROS2/install/theora_image_transport/include/theora_image_transport/theora_image_transport/msg/detail/packet__struct.h
[23.195s] -- Up-to-date symlink: /home/mwangala/Desktop/__ROS2/install/theora_image_transport/include/theora_image_transport/theora_image_transport/msg/detail/packet__type_support.h
[23.195s] -- Up-to-date symlink: /home/mwangala/Desktop/__ROS2/install/theora_image_transport/include/theora_image_transport/theora_image_transport/msg/packet.h
[23.195s] -- Up-to-date symlink: /home/mwangala/Desktop/__ROS2/install/theora_image_transport/include/theora_image_transport/theora_image_transport/msg/rosidl_generator_c__visibility_control.h
[23.195s] -- Up-to-date symlink: /home/mwangala/Desktop/__ROS2/install/theora_image_transport/share/theora_image_transport/environment/library_path.sh
[23.195s] -- Up-to-date symlink: /home/mwangala/Desktop/__ROS2/install/theora_image_transport/share/theora_image_transport/environment/library_path.dsv
[23.195s] -- Up-to-date symlink: /home/mwangala/Desktop/__ROS2/install/theora_image_transport/include/theora_image_transport/theora_image_transport/msg/detail/packet__rosidl_typesupport_fastrtps_c.h
[23.195s] -- Up-to-date symlink: /home/mwangala/Desktop/__ROS2/install/theora_image_transport/include/theora_image_transport/theora_image_transport/msg/rosidl_typesupport_fastrtps_c__visibility_control.h
[23.195s] -- Up-to-date symlink: /home/mwangala/Desktop/__ROS2/install/theora_image_transport/include/theora_image_transport/theora_image_transport/msg/detail/packet__builder.hpp
[23.196s] -- Up-to-date symlink: /home/mwangala/Desktop/__ROS2/install/theora_image_transport/include/theora_image_transport/theora_image_transport/msg/detail/packet__struct.hpp
[23.196s] -- Up-to-date symlink: /home/mwangala/Desktop/__ROS2/install/theora_image_transport/include/theora_image_transport/theora_image_transport/msg/detail/packet__traits.hpp
[23.196s] -- Up-to-date symlink: /home/mwangala/Desktop/__ROS2/install/theora_image_transport/include/theora_image_transport/theora_image_transport/msg/detail/packet__type_support.hpp
[23.196s] -- Up-to-date symlink: /home/mwangala/Desktop/__ROS2/install/theora_image_transport/include/theora_image_transport/theora_image_transport/msg/packet.hpp
[23.196s] -- Up-to-date symlink: /home/mwangala/Desktop/__ROS2/install/theora_image_transport/include/theora_image_transport/theora_image_transport/msg/rosidl_generator_cpp__visibility_control.hpp
[23.196s] -- Up-to-date symlink: /home/mwangala/Desktop/__ROS2/install/theora_image_transport/include/theora_image_transport/theora_image_transport/msg/detail/packet__rosidl_typesupport_fastrtps_cpp.hpp
[23.196s] -- Up-to-date symlink: /home/mwangala/Desktop/__ROS2/install/theora_image_transport/include/theora_image_transport/theora_image_transport/msg/rosidl_typesupport_fastrtps_cpp__visibility_control.h
[23.196s] -- Up-to-date symlink: /home/mwangala/Desktop/__ROS2/install/theora_image_transport/include/theora_image_transport/theora_image_transport/msg/detail/packet__rosidl_typesupport_introspection_c.h
[23.197s] -- Up-to-date symlink: /home/mwangala/Desktop/__ROS2/install/theora_image_transport/include/theora_image_transport/theora_image_transport/msg/rosidl_typesupport_introspection_c__visibility_control.h
[23.197s] -- Up-to-date symlink: /home/mwangala/Desktop/__ROS2/install/theora_image_transport/include/theora_image_transport/theora_image_transport/msg/detail/packet__rosidl_typesupport_introspection_cpp.hpp
[23.197s] -- Up-to-date symlink: /home/mwangala/Desktop/__ROS2/install/theora_image_transport/share/theora_image_transport/environment/pythonpath.sh
[23.197s] -- Up-to-date symlink: /home/mwangala/Desktop/__ROS2/install/theora_image_transport/share/theora_image_transport/environment/pythonpath.dsv
[23.197s] -- Up-to-date symlink: /home/mwangala/Desktop/__ROS2/install/theora_image_transport/local/lib/python3.10/dist-packages/theora_image_transport-2.5.4-py3.10.egg-info/PKG-INFO
[23.197s] -- Up-to-date symlink: /home/mwangala/Desktop/__ROS2/install/theora_image_transport/local/lib/python3.10/dist-packages/theora_image_transport-2.5.4-py3.10.egg-info/SOURCES.txt
[23.198s] -- Up-to-date symlink: /home/mwangala/Desktop/__ROS2/install/theora_image_transport/local/lib/python3.10/dist-packages/theora_image_transport-2.5.4-py3.10.egg-info/dependency_links.txt
[23.198s] -- Up-to-date symlink: /home/mwangala/Desktop/__ROS2/install/theora_image_transport/local/lib/python3.10/dist-packages/theora_image_transport-2.5.4-py3.10.egg-info/top_level.txt
[23.198s] -- Up-to-date symlink: /home/mwangala/Desktop/__ROS2/install/theora_image_transport/local/lib/python3.10/dist-packages/theora_image_transport/__init__.py
[23.198s] -- Up-to-date symlink: /home/mwangala/Desktop/__ROS2/install/theora_image_transport/local/lib/python3.10/dist-packages/theora_image_transport/_theora_image_transport_s.ep.rosidl_typesupport_c.c
[23.198s] -- Up-to-date symlink: /home/mwangala/Desktop/__ROS2/install/theora_image_transport/local/lib/python3.10/dist-packages/theora_image_transport/_theora_image_transport_s.ep.rosidl_typesupport_fastrtps_c.c
[23.198s] -- Up-to-date symlink: /home/mwangala/Desktop/__ROS2/install/theora_image_transport/local/lib/python3.10/dist-packages/theora_image_transport/_theora_image_transport_s.ep.rosidl_typesupport_introspection_c.c
[23.198s] -- Up-to-date symlink: /home/mwangala/Desktop/__ROS2/install/theora_image_transport/local/lib/python3.10/dist-packages/theora_image_transport/libtheora_image_transport__rosidl_generator_py.so
[23.198s] -- Up-to-date symlink: /home/mwangala/Desktop/__ROS2/install/theora_image_transport/local/lib/python3.10/dist-packages/theora_image_transport/msg/__init__.py
[23.199s] -- Up-to-date symlink: /home/mwangala/Desktop/__ROS2/install/theora_image_transport/local/lib/python3.10/dist-packages/theora_image_transport/msg/_packet.py
[23.199s] -- Up-to-date symlink: /home/mwangala/Desktop/__ROS2/install/theora_image_transport/local/lib/python3.10/dist-packages/theora_image_transport/msg/_packet_s.c
[23.199s] -- Up-to-date symlink: /home/mwangala/Desktop/__ROS2/install/theora_image_transport/local/lib/python3.10/dist-packages/theora_image_transport/theora_image_transport_s__rosidl_typesupport_c.cpython-310-x86_64-linux-gnu.so
[23.199s] -- Up-to-date symlink: /home/mwangala/Desktop/__ROS2/install/theora_image_transport/local/lib/python3.10/dist-packages/theora_image_transport/theora_image_transport_s__rosidl_typesupport_fastrtps_c.cpython-310-x86_64-linux-gnu.so
[23.199s] -- Up-to-date symlink: /home/mwangala/Desktop/__ROS2/install/theora_image_transport/local/lib/python3.10/dist-packages/theora_image_transport/theora_image_transport_s__rosidl_typesupport_introspection_c.cpython-310-x86_64-linux-gnu.so
[23.199s] -- Up-to-date symlink: /home/mwangala/Desktop/__ROS2/install/theora_image_transport/local/lib/python3.10/dist-packages/theora_image_transport/theora_image_transport_s__rosidl_typesupport_fastrtps_c.cpython-310-x86_64-linux-gnu.so
[23.199s] -- Up-to-date symlink: /home/mwangala/Desktop/__ROS2/install/theora_image_transport/local/lib/python3.10/dist-packages/theora_image_transport/theora_image_transport_s__rosidl_typesupport_introspection_c.cpython-310-x86_64-linux-gnu.so
[23.199s] -- Up-to-date symlink: /home/mwangala/Desktop/__ROS2/install/theora_image_transport/local/lib/python3.10/dist-packages/theora_image_transport/theora_image_transport_s__rosidl_typesupport_c.cpython-310-x86_64-linux-gnu.so
[23.200s] -- Up-to-date symlink: /home/mwangala/Desktop/__ROS2/install/theora_image_transport/share/theora_image_transport/msg/Packet.idl
[23.200s] -- Up-to-date symlink: /home/mwangala/Desktop/__ROS2/install/theora_image_transport/share/theora_image_transport/msg/Packet.msg
[23.200s] -- Up-to-date symlink: /home/mwangala/Desktop/__ROS2/install/theora_image_transport/lib/theora_image_transport/ogg_saver
[23.200s] -- Up-to-date symlink: /home/mwangala/Desktop/__ROS2/install/theora_image_transport/include/theora_image_transport/theora_image_transport/theora_publisher.h
[23.200s] -- Up-to-date symlink: /home/mwangala/Desktop/__ROS2/install/theora_image_transport/include/theora_image_transport/theora_image_transport/theora_subscriber.h
[23.200s] -- Up-to-date symlink: /home/mwangala/Desktop/__ROS2/install/theora_image_transport/share/theora_image_transport//theora_plugins.xml
[23.201s] -- Up-to-date symlink: /home/mwangala/Desktop/__ROS2/install/theora_image_transport/share/ament_index/resource_index/package_run_dependencies/theora_image_transport
[23.201s] -- Up-to-date symlink: /home/mwangala/Desktop/__ROS2/install/theora_image_transport/share/ament_index/resource_index/parent_prefix_path/theora_image_transport
[23.201s] -- Up-to-date symlink: /home/mwangala/Desktop/__ROS2/install/theora_image_transport/share/theora_image_transport/environment/ament_prefix_path.sh
[23.201s] -- Up-to-date symlink: /home/mwangala/Desktop/__ROS2/install/theora_image_transport/share/theora_image_transport/environment/ament_prefix_path.dsv
[23.201s] -- Up-to-date symlink: /home/mwangala/Desktop/__ROS2/install/theora_image_transport/share/theora_image_transport/environment/path.sh
[23.201s] -- Up-to-date symlink: /home/mwangala/Desktop/__ROS2/install/theora_image_transport/share/theora_image_transport/environment/path.dsv
[23.201s] -- Up-to-date symlink: /home/mwangala/Desktop/__ROS2/install/theora_image_transport/share/theora_image_transport/local_setup.bash
[23.201s] -- Up-to-date symlink: /home/mwangala/Desktop/__ROS2/install/theora_image_transport/share/theora_image_transport/local_setup.sh
[23.201s] -- Up-to-date symlink: /home/mwangala/Desktop/__ROS2/install/theora_image_transport/share/theora_image_transport/local_setup.zsh
[23.202s] -- Up-to-date symlink: /home/mwangala/Desktop/__ROS2/install/theora_image_transport/share/theora_image_transport/local_setup.dsv
[23.202s] -- Symlinking: /home/mwangala/Desktop/__ROS2/install/theora_image_transport/share/theora_image_transport/package.dsv
[23.210s] -- Up-to-date symlink: /home/mwangala/Desktop/__ROS2/install/theora_image_transport/share/ament_index/resource_index/packages/theora_image_transport
[23.210s] -- Up-to-date symlink: /home/mwangala/Desktop/__ROS2/install/theora_image_transport/share/ament_index/resource_index/image_transport__pluginlib__plugin/theora_image_transport
[23.210s] -- Up-to-date symlink: /home/mwangala/Desktop/__ROS2/install/theora_image_transport/share/theora_image_transport/cmake/rosidl_cmake-extras.cmake
[23.210s] -- Up-to-date symlink: /home/mwangala/Desktop/__ROS2/install/theora_image_transport/share/theora_image_transport/cmake/ament_cmake_export_dependencies-extras.cmake
[23.210s] -- Up-to-date symlink: /home/mwangala/Desktop/__ROS2/install/theora_image_transport/share/theora_image_transport/cmake/ament_cmake_export_include_directories-extras.cmake
[23.211s] -- Up-to-date symlink: /home/mwangala/Desktop/__ROS2/install/theora_image_transport/share/theora_image_transport/cmake/ament_cmake_export_libraries-extras.cmake
[23.211s] -- Up-to-date symlink: /home/mwangala/Desktop/__ROS2/install/theora_image_transport/share/theora_image_transport/cmake/ament_cmake_export_targets-extras.cmake
[23.211s] -- Up-to-date symlink: /home/mwangala/Desktop/__ROS2/install/theora_image_transport/share/theora_image_transport/cmake/rosidl_cmake_export_typesupport_targets-extras.cmake
[23.211s] -- Up-to-date symlink: /home/mwangala/Desktop/__ROS2/install/theora_image_transport/share/theora_image_transport/cmake/rosidl_cmake_export_typesupport_libraries-extras.cmake
[23.211s] -- Up-to-date symlink: /home/mwangala/Desktop/__ROS2/install/theora_image_transport/share/theora_image_transport/cmake/theora_image_transportConfig.cmake
[23.211s] -- Up-to-date symlink: /home/mwangala/Desktop/__ROS2/install/theora_image_transport/share/theora_image_transport/cmake/theora_image_transportConfig-version.cmake
[23.211s] -- Up-to-date symlink: /home/mwangala/Desktop/__ROS2/install/theora_image_transport/share/theora_image_transport/package.xml
[23.245s] -- Up-to-date: /home/mwangala/Desktop/__ROS2/install/theora_image_transport/lib/libtheora_image_transport__rosidl_generator_c.so
[23.286s] -- Up-to-date: /home/mwangala/Desktop/__ROS2/install/theora_image_transport/lib/libtheora_image_transport__rosidl_typesupport_fastrtps_c.so
[23.343s] -- Up-to-date: /home/mwangala/Desktop/__ROS2/install/theora_image_transport/lib/libtheora_image_transport__rosidl_typesupport_fastrtps_cpp.so
[23.345s] -- Up-to-date: /home/mwangala/Desktop/__ROS2/install/theora_image_transport/lib/libtheora_image_transport__rosidl_typesupport_introspection_c.so
[23.346s] -- Up-to-date: /home/mwangala/Desktop/__ROS2/install/theora_image_transport/lib/libtheora_image_transport__rosidl_typesupport_c.so
[23.350s] -- Up-to-date: /home/mwangala/Desktop/__ROS2/install/theora_image_transport/lib/libtheora_image_transport__rosidl_typesupport_introspection_cpp.so
[23.357s] -- Up-to-date: /home/mwangala/Desktop/__ROS2/install/theora_image_transport/lib/libtheora_image_transport__rosidl_typesupport_cpp.so
[23.403s] Listing '/home/mwangala/Desktop/__ROS2/install/theora_image_transport/local/lib/python3.10/dist-packages/theora_image_transport'...
[23.403s] Compiling '/home/mwangala/Desktop/__ROS2/install/theora_image_transport/local/lib/python3.10/dist-packages/theora_image_transport/__init__.py'...
[23.403s] Listing '/home/mwangala/Desktop/__ROS2/install/theora_image_transport/local/lib/python3.10/dist-packages/theora_image_transport/msg'...
[23.439s] -- Up-to-date: /home/mwangala/Desktop/__ROS2/install/theora_image_transport/lib/libtheora_image_transport__rosidl_generator_py.so
[23.513s] -- Up-to-date: /home/mwangala/Desktop/__ROS2/install/theora_image_transport/lib/libtheora_image_transport_component.so
[23.520s] -- Up-to-date: /home/mwangala/Desktop/__ROS2/install/theora_image_transport/share/theora_image_transport/cmake/export_theora_image_transport__rosidl_generator_cExport.cmake
[23.520s] -- Up-to-date: /home/mwangala/Desktop/__ROS2/install/theora_image_transport/share/theora_image_transport/cmake/export_theora_image_transport__rosidl_generator_cExport-noconfig.cmake
[23.531s] -- Up-to-date: /home/mwangala/Desktop/__ROS2/install/theora_image_transport/share/theora_image_transport/cmake/export_theora_image_transport__rosidl_typesupport_fastrtps_cExport.cmake
[23.531s] -- Up-to-date: /home/mwangala/Desktop/__ROS2/install/theora_image_transport/share/theora_image_transport/cmake/export_theora_image_transport__rosidl_typesupport_fastrtps_cExport-noconfig.cmake
[23.540s] -- Up-to-date: /home/mwangala/Desktop/__ROS2/install/theora_image_transport/share/theora_image_transport/cmake/export_theora_image_transport__rosidl_generator_cppExport.cmake
[23.541s] -- Up-to-date: /home/mwangala/Desktop/__ROS2/install/theora_image_transport/share/theora_image_transport/cmake/export_theora_image_transport__rosidl_typesupport_fastrtps_cppExport.cmake
[23.541s] -- Up-to-date: /home/mwangala/Desktop/__ROS2/install/theora_image_transport/share/theora_image_transport/cmake/export_theora_image_transport__rosidl_typesupport_fastrtps_cppExport-noconfig.cmake
[23.547s] -- Up-to-date: /home/mwangala/Desktop/__ROS2/install/theora_image_transport/share/theora_image_transport/cmake/theora_image_transport__rosidl_typesupport_introspection_cExport.cmake
[23.548s] -- Up-to-date: /home/mwangala/Desktop/__ROS2/install/theora_image_transport/share/theora_image_transport/cmake/theora_image_transport__rosidl_typesupport_introspection_cExport-noconfig.cmake
[23.549s] -- Up-to-date: /home/mwangala/Desktop/__ROS2/install/theora_image_transport/share/theora_image_transport/cmake/theora_image_transport__rosidl_typesupport_cExport.cmake
[23.550s] -- Up-to-date: /home/mwangala/Desktop/__ROS2/install/theora_image_transport/share/theora_image_transport/cmake/theora_image_transport__rosidl_typesupport_cExport-noconfig.cmake
[23.574s] -- Up-to-date: /home/mwangala/Desktop/__ROS2/install/theora_image_transport/share/theora_image_transport/cmake/theora_image_transport__rosidl_typesupport_introspection_cppExport.cmake
[23.574s] -- Up-to-date: /home/mwangala/Desktop/__ROS2/install/theora_image_transport/share/theora_image_transport/cmake/theora_image_transport__rosidl_typesupport_introspection_cppExport-noconfig.cmake
[23.580s] -- Up-to-date: /home/mwangala/Desktop/__ROS2/install/theora_image_transport/share/theora_image_transport/cmake/theora_image_transport__rosidl_typesupport_cppExport.cmake
[23.580s] -- Up-to-date: /home/mwangala/Desktop/__ROS2/install/theora_image_transport/share/theora_image_transport/cmake/theora_image_transport__rosidl_typesupport_cppExport-noconfig.cmake
[23.581s] -- Up-to-date: /home/mwangala/Desktop/__ROS2/install/theora_image_transport/share/theora_image_transport/cmake/export_theora_image_transport__rosidl_generator_pyExport.cmake
[23.581s] -- Up-to-date: /home/mwangala/Desktop/__ROS2/install/theora_image_transport/share/theora_image_transport/cmake/export_theora_image_transport__rosidl_generator_pyExport-noconfig.cmake
[23.592s] -- Up-to-date: /home/mwangala/Desktop/__ROS2/install/theora_image_transport/share/theora_image_transport/cmake/export_theora_image_transport_componentExport.cmake
[23.592s] -- Up-to-date: /home/mwangala/Desktop/__ROS2/install/theora_image_transport/share/theora_image_transport/cmake/export_theora_image_transport_componentExport-noconfig.cmake
[23.596s] Invoked command in '/home/mwangala/Desktop/__ROS2/build/theora_image_transport' returned '0': CMAKE_PREFIX_PATH=${CMAKE_PREFIX_PATH}:/home/mwangala/Desktop/Goaty/ros_project_ws2/install/handcv:/home/mwangala/Desktop/Goaty/ros_project_ws2/install/cv_franka_bridge:/home/mwangala/Desktop/Goaty/ros_project_ws2/install/cv_pegasus_bridge:/home/mwangala/Desktop/Goaty/ros_project_ws/install/handcv:/home/mwangala/Desktop/Goaty/ros_project_ws/install/cv_franka_bridge:/opt/ros/humble /usr/bin/cmake --install /home/mwangala/Desktop/__ROS2/build/theora_image_transport
