[1.021s] Invoking command in '/home/mwangala/Desktop/__ROS2/build/kinect2_registration': CMAKE_PREFIX_PATH=${CMAKE_PREFIX_PATH}:/home/mwangala/Desktop/Goaty/ros_project_ws2/install/handcv:/home/mwangala/Desktop/Goaty/ros_project_ws2/install/cv_franka_bridge:/home/mwangala/Desktop/Goaty/ros_project_ws2/install/cv_pegasus_bridge:/home/mwangala/Desktop/Goaty/ros_project_ws/install/handcv:/home/mwangala/Desktop/Goaty/ros_project_ws/install/cv_franka_bridge:/opt/ros/humble /usr/bin/cmake /home/mwangala/Desktop/__ROS2/src/kinect2_registration -DAMENT_CMAKE_SYMLINK_INSTALL=1 -DCMAKE_INSTALL_PREFIX=/home/mwangala/Desktop/__ROS2/install/kinect2_registration
[3.614s] -- Found ament_cmake: 1.3.11 (/opt/ros/humble/share/ament_cmake/cmake)
[4.662s] -- Override CMake install command with custom implementation using symlinks instead of copying resources
[5.516s] -- Found rclcpp: 16.0.12 (/opt/ros/humble/share/rclcpp/cmake)
[6.798s] -- Found rosidl_generator_c: 3.1.6 (/opt/ros/humble/share/rosidl_generator_c/cmake)
[6.872s] -- Found rosidl_adapter: 3.1.6 (/opt/ros/humble/share/rosidl_adapter/cmake)
[7.037s] -- Found rosidl_generator_cpp: 3.1.6 (/opt/ros/humble/share/rosidl_generator_cpp/cmake)
[7.259s] -- Using all available rosidl_typesupport_c: rosidl_typesupport_fastrtps_c;rosidl_typesupport_introspection_c
[7.464s] -- Using all available rosidl_typesupport_cpp: rosidl_typesupport_fastrtps_cpp;rosidl_typesupport_introspection_cpp
[8.071s] -- Found rmw_implementation_cmake: 6.1.2 (/opt/ros/humble/share/rmw_implementation_cmake/cmake)
[8.296s] -- Found rmw_fastrtps_cpp: 6.2.7 (/opt/ros/humble/share/rmw_fastrtps_cpp/cmake)
[9.552s] -- Using RMW implementation 'rmw_fastrtps_cpp' as default
[10.666s] -- Found eigen3_cmake_module: 0.1.1 (/opt/ros/humble/share/eigen3_cmake_module/cmake)
[10.743s] -- CPU based depth registration enabled
[10.834s] -- Found ament_lint_auto: 0.12.12 (/opt/ros/humble/share/ament_lint_auto/cmake)
[11.859s] -- Added test 'cppcheck' to perform static code analysis on C / C++ code
[11.859s] -- Configured cppcheck include dirs: /home/mwangala/Desktop/__ROS2/src/kinect2_registration/src/;/home/mwangala/Desktop/__ROS2/src/kinect2_registration/include/internal;/home/mwangala/Desktop/__ROS2/src/kinect2_registration/include/
[11.859s] -- Configured cppcheck exclude dirs and/or files: 
[11.888s] -- Added test 'lint_cmake' to check CMake code style
[11.906s] -- Added test 'uncrustify' to check C / C++ code style
[11.907s] -- Configured uncrustify additional arguments: 
[11.925s] -- Added test 'xmllint' to check XML markup files
[12.263s] -- Configuring done
[12.544s] -- Generating done
[12.559s] -- Build files have been written to: /home/mwangala/Desktop/__ROS2/build/kinect2_registration
[12.571s] Invoked command in '/home/mwangala/Desktop/__ROS2/build/kinect2_registration' returned '0': CMAKE_PREFIX_PATH=${CMAKE_PREFIX_PATH}:/home/mwangala/Desktop/Goaty/ros_project_ws2/install/handcv:/home/mwangala/Desktop/Goaty/ros_project_ws2/install/cv_franka_bridge:/home/mwangala/Desktop/Goaty/ros_project_ws2/install/cv_pegasus_bridge:/home/mwangala/Desktop/Goaty/ros_project_ws/install/handcv:/home/mwangala/Desktop/Goaty/ros_project_ws/install/cv_franka_bridge:/opt/ros/humble /usr/bin/cmake /home/mwangala/Desktop/__ROS2/src/kinect2_registration -DAMENT_CMAKE_SYMLINK_INSTALL=1 -DCMAKE_INSTALL_PREFIX=/home/mwangala/Desktop/__ROS2/install/kinect2_registration
[12.574s] Invoking command in '/home/mwangala/Desktop/__ROS2/build/kinect2_registration': CMAKE_PREFIX_PATH=${CMAKE_PREFIX_PATH}:/home/mwangala/Desktop/Goaty/ros_project_ws2/install/handcv:/home/mwangala/Desktop/Goaty/ros_project_ws2/install/cv_franka_bridge:/home/mwangala/Desktop/Goaty/ros_project_ws2/install/cv_pegasus_bridge:/home/mwangala/Desktop/Goaty/ros_project_ws/install/handcv:/home/mwangala/Desktop/Goaty/ros_project_ws/install/cv_franka_bridge:/opt/ros/humble /usr/bin/cmake --build /home/mwangala/Desktop/__ROS2/build/kinect2_registration -- -j8 -l8
[12.722s] [35m[1mConsolidate compiler generated dependencies of target kinect2_registration[0m
[16.117s] [100%] Built target kinect2_registration
[16.129s] Invoked command in '/home/mwangala/Desktop/__ROS2/build/kinect2_registration' returned '0': CMAKE_PREFIX_PATH=${CMAKE_PREFIX_PATH}:/home/mwangala/Desktop/Goaty/ros_project_ws2/install/handcv:/home/mwangala/Desktop/Goaty/ros_project_ws2/install/cv_franka_bridge:/home/mwangala/Desktop/Goaty/ros_project_ws2/install/cv_pegasus_bridge:/home/mwangala/Desktop/Goaty/ros_project_ws/install/handcv:/home/mwangala/Desktop/Goaty/ros_project_ws/install/cv_franka_bridge:/opt/ros/humble /usr/bin/cmake --build /home/mwangala/Desktop/__ROS2/build/kinect2_registration -- -j8 -l8
[16.162s] Invoking command in '/home/mwangala/Desktop/__ROS2/build/kinect2_registration': CMAKE_PREFIX_PATH=${CMAKE_PREFIX_PATH}:/home/mwangala/Desktop/Goaty/ros_project_ws2/install/handcv:/home/mwangala/Desktop/Goaty/ros_project_ws2/install/cv_franka_bridge:/home/mwangala/Desktop/Goaty/ros_project_ws2/install/cv_pegasus_bridge:/home/mwangala/Desktop/Goaty/ros_project_ws/install/handcv:/home/mwangala/Desktop/Goaty/ros_project_ws/install/cv_franka_bridge:/opt/ros/humble /usr/bin/cmake --install /home/mwangala/Desktop/__ROS2/build/kinect2_registration
[16.176s] -- Install configuration: ""
[16.177s] -- Execute custom install script
[16.178s] -- Up-to-date symlink: /home/mwangala/Desktop/__ROS2/install/kinect2_registration/include/kinect2_registration/kinect2_console.h
[16.179s] -- Up-to-date symlink: /home/mwangala/Desktop/__ROS2/install/kinect2_registration/include/kinect2_registration/kinect2_registration.h
[16.179s] -- Up-to-date symlink: /home/mwangala/Desktop/__ROS2/install/kinect2_registration/share/kinect2_registration/environment/library_path.sh
[16.179s] -- Up-to-date symlink: /home/mwangala/Desktop/__ROS2/install/kinect2_registration/share/kinect2_registration/environment/library_path.dsv
[16.179s] -- Up-to-date symlink: /home/mwangala/Desktop/__ROS2/install/kinect2_registration/share/ament_index/resource_index/package_run_dependencies/kinect2_registration
[16.180s] -- Up-to-date symlink: /home/mwangala/Desktop/__ROS2/install/kinect2_registration/share/ament_index/resource_index/parent_prefix_path/kinect2_registration
[16.180s] -- Up-to-date symlink: /home/mwangala/Desktop/__ROS2/install/kinect2_registration/share/kinect2_registration/environment/ament_prefix_path.sh
[16.180s] -- Up-to-date symlink: /home/mwangala/Desktop/__ROS2/install/kinect2_registration/share/kinect2_registration/environment/ament_prefix_path.dsv
[16.180s] -- Up-to-date symlink: /home/mwangala/Desktop/__ROS2/install/kinect2_registration/share/kinect2_registration/environment/path.sh
[16.181s] -- Up-to-date symlink: /home/mwangala/Desktop/__ROS2/install/kinect2_registration/share/kinect2_registration/environment/path.dsv
[16.181s] -- Up-to-date symlink: /home/mwangala/Desktop/__ROS2/install/kinect2_registration/share/kinect2_registration/local_setup.bash
[16.181s] -- Up-to-date symlink: /home/mwangala/Desktop/__ROS2/install/kinect2_registration/share/kinect2_registration/local_setup.sh
[16.182s] -- Up-to-date symlink: /home/mwangala/Desktop/__ROS2/install/kinect2_registration/share/kinect2_registration/local_setup.zsh
[16.182s] -- Up-to-date symlink: /home/mwangala/Desktop/__ROS2/install/kinect2_registration/share/kinect2_registration/local_setup.dsv
[16.182s] -- Symlinking: /home/mwangala/Desktop/__ROS2/install/kinect2_registration/share/kinect2_registration/package.dsv
[16.198s] -- Up-to-date symlink: /home/mwangala/Desktop/__ROS2/install/kinect2_registration/share/ament_index/resource_index/packages/kinect2_registration
[16.198s] -- Up-to-date symlink: /home/mwangala/Desktop/__ROS2/install/kinect2_registration/share/kinect2_registration/cmake/ament_cmake_export_include_directories-extras.cmake
[16.198s] -- Up-to-date symlink: /home/mwangala/Desktop/__ROS2/install/kinect2_registration/share/kinect2_registration/cmake/ament_cmake_export_libraries-extras.cmake
[16.198s] -- Up-to-date symlink: /home/mwangala/Desktop/__ROS2/install/kinect2_registration/share/kinect2_registration/cmake/kinect2_registrationConfig.cmake
[16.199s] -- Up-to-date symlink: /home/mwangala/Desktop/__ROS2/install/kinect2_registration/share/kinect2_registration/cmake/kinect2_registrationConfig-version.cmake
[16.199s] -- Up-to-date symlink: /home/mwangala/Desktop/__ROS2/install/kinect2_registration/share/kinect2_registration/package.xml
[16.199s] -- Up-to-date: /home/mwangala/Desktop/__ROS2/install/kinect2_registration/lib/libkinect2_registration.a
[16.396s] Invoked command in '/home/mwangala/Desktop/__ROS2/build/kinect2_registration' returned '0': CMAKE_PREFIX_PATH=${CMAKE_PREFIX_PATH}:/home/mwangala/Desktop/Goaty/ros_project_ws2/install/handcv:/home/mwangala/Desktop/Goaty/ros_project_ws2/install/cv_franka_bridge:/home/mwangala/Desktop/Goaty/ros_project_ws2/install/cv_pegasus_bridge:/home/mwangala/Desktop/Goaty/ros_project_ws/install/handcv:/home/mwangala/Desktop/Goaty/ros_project_ws/install/cv_franka_bridge:/opt/ros/humble /usr/bin/cmake --install /home/mwangala/Desktop/__ROS2/build/kinect2_registration
