running egg_info
writing ../../build/pegasus_control/pegasus_control.egg-info/PKG-INFO
writing dependency_links to ../../build/pegasus_control/pegasus_control.egg-info/dependency_links.txt
writing entry points to ../../build/pegasus_control/pegasus_control.egg-info/entry_points.txt
writing requirements to ../../build/pegasus_control/pegasus_control.egg-info/requires.txt
writing top-level names to ../../build/pegasus_control/pegasus_control.egg-info/top_level.txt
reading manifest file '../../build/pegasus_control/pegasus_control.egg-info/SOURCES.txt'
writing manifest file '../../build/pegasus_control/pegasus_control.egg-info/SOURCES.txt'
running build
running build_py
running install
running install_lib
running install_data
running install_egg_info
removing '/home/mwangala/Desktop/__ROS2/install/pegasus_control/lib/python3.10/site-packages/pegasus_control-0.0.1-py3.10.egg-info' (and everything under it)
Copying ../../build/pegasus_control/pegasus_control.egg-info to /home/mwangala/Desktop/__ROS2/install/pegasus_control/lib/python3.10/site-packages/pegasus_control-0.0.1-py3.10.egg-info
running install_scripts
Installing gui script to /home/mwangala/Desktop/__ROS2/install/pegasus_control/lib/pegasus_control
Installing headless script to /home/mwangala/Desktop/__ROS2/install/pegasus_control/lib/pegasus_control
writing list of installed files to '/home/mwangala/Desktop/__ROS2/build/pegasus_control/install.log'
