[0.221s] Invoking command in '/home/mwangala/Desktop/__ROS2/build/theora_image_transport': CMAKE_PREFIX_PATH=${CMAKE_PREFIX_PATH}:/home/mwangala/Desktop/Goaty/ros_project_ws2/install/handcv:/home/mwangala/Desktop/Goaty/ros_project_ws2/install/cv_franka_bridge:/home/mwangala/Desktop/Goaty/ros_project_ws2/install/cv_pegasus_bridge:/home/mwangala/Desktop/Goaty/ros_project_ws/install/handcv:/home/mwangala/Desktop/Goaty/ros_project_ws/install/cv_franka_bridge:/opt/ros/humble /usr/bin/cmake --build /home/mwangala/Desktop/__ROS2/build/theora_image_transport -- -j8 -l8
[1.194s] [  2%] Built target theora_image_transport__cpp
[1.194s] [ 10%] Built target theora_image_transport__rosidl_generator_c
[1.194s] [ 18%] Built target theora_image_transport__rosidl_typesupport_introspection_c
[1.194s] [ 10%] Built target ament_cmake_python_copy_theora_image_transport
[1.195s] [ 27%] Built target theora_image_transport__rosidl_typesupport_c
[1.195s] [ 35%] Built target theora_image_transport__rosidl_typesupport_cpp
[1.195s] [ 43%] Built target theora_image_transport__rosidl_typesupport_fastrtps_cpp
[1.195s] [ 51%] Built target theora_image_transport__rosidl_typesupport_introspection_cpp
[1.195s] [35m[1mConsolidate compiler generated dependencies of target theora_image_transport_component[0m
[1.195s] [ 59%] Built target theora_image_transport__rosidl_typesupport_fastrtps_c
[1.195s] [ 64%] Built target ogg_saver
[1.195s] [ 75%] Built target theora_image_transport_component
[1.195s] [ 75%] Built target theora_image_transport
[1.195s] [ 78%] Built target theora_image_transport__py
[1.195s] [ 83%] Built target theora_image_transport__rosidl_generator_py
[1.195s] [ 89%] Built target theora_image_transport__rosidl_typesupport_introspection_c__pyext
[1.195s] [ 94%] Built target theora_image_transport__rosidl_typesupport_fastrtps_c__pyext
[1.196s] [100%] Built target theora_image_transport__rosidl_typesupport_c__pyext
[1.196s] running egg_info
[1.196s] writing theora_image_transport.egg-info/PKG-INFO
[1.196s] writing dependency_links to theora_image_transport.egg-info/dependency_links.txt
[1.196s] writing top-level names to theora_image_transport.egg-info/top_level.txt
[1.196s] reading manifest file 'theora_image_transport.egg-info/SOURCES.txt'
[1.196s] writing manifest file 'theora_image_transport.egg-info/SOURCES.txt'
[1.196s] [100%] Built target ament_cmake_python_build_theora_image_transport_egg
[1.289s] Invoked command in '/home/mwangala/Desktop/__ROS2/build/theora_image_transport' returned '0': CMAKE_PREFIX_PATH=${CMAKE_PREFIX_PATH}:/home/mwangala/Desktop/Goaty/ros_project_ws2/install/handcv:/home/mwangala/Desktop/Goaty/ros_project_ws2/install/cv_franka_bridge:/home/mwangala/Desktop/Goaty/ros_project_ws2/install/cv_pegasus_bridge:/home/mwangala/Desktop/Goaty/ros_project_ws/install/handcv:/home/mwangala/Desktop/Goaty/ros_project_ws/install/cv_franka_bridge:/opt/ros/humble /usr/bin/cmake --build /home/mwangala/Desktop/__ROS2/build/theora_image_transport -- -j8 -l8
[1.292s] Invoking command in '/home/mwangala/Desktop/__ROS2/build/theora_image_transport': CMAKE_PREFIX_PATH=${CMAKE_PREFIX_PATH}:/home/mwangala/Desktop/Goaty/ros_project_ws2/install/handcv:/home/mwangala/Desktop/Goaty/ros_project_ws2/install/cv_franka_bridge:/home/mwangala/Desktop/Goaty/ros_project_ws2/install/cv_pegasus_bridge:/home/mwangala/Desktop/Goaty/ros_project_ws/install/handcv:/home/mwangala/Desktop/Goaty/ros_project_ws/install/cv_franka_bridge:/opt/ros/humble /usr/bin/cmake --install /home/mwangala/Desktop/__ROS2/build/theora_image_transport
[1.359s] -- Install configuration: ""
[1.359s] -- Up-to-date: /home/mwangala/Desktop/__ROS2/install/theora_image_transport/share/ament_index/resource_index/rosidl_interfaces/theora_image_transport
[1.359s] -- Up-to-date: /home/mwangala/Desktop/__ROS2/install/theora_image_transport/include/theora_image_transport/theora_image_transport
[1.359s] -- Up-to-date: /home/mwangala/Desktop/__ROS2/install/theora_image_transport/include/theora_image_transport/theora_image_transport/msg
[1.359s] -- Up-to-date: /home/mwangala/Desktop/__ROS2/install/theora_image_transport/include/theora_image_transport/theora_image_transport/msg/rosidl_generator_c__visibility_control.h
[1.359s] -- Up-to-date: /home/mwangala/Desktop/__ROS2/install/theora_image_transport/include/theora_image_transport/theora_image_transport/msg/packet.h
[1.359s] -- Up-to-date: /home/mwangala/Desktop/__ROS2/install/theora_image_transport/include/theora_image_transport/theora_image_transport/msg/detail
[1.359s] -- Up-to-date: /home/mwangala/Desktop/__ROS2/install/theora_image_transport/include/theora_image_transport/theora_image_transport/msg/detail/packet__struct.h
[1.362s] -- Up-to-date: /home/mwangala/Desktop/__ROS2/install/theora_image_transport/include/theora_image_transport/theora_image_transport/msg/detail/packet__functions.h
[1.362s] -- Up-to-date: /home/mwangala/Desktop/__ROS2/install/theora_image_transport/include/theora_image_transport/theora_image_transport/msg/detail/packet__functions.c
[1.363s] -- Up-to-date: /home/mwangala/Desktop/__ROS2/install/theora_image_transport/include/theora_image_transport/theora_image_transport/msg/detail/packet__type_support.h
[1.363s] -- Up-to-date: /home/mwangala/Desktop/__ROS2/install/theora_image_transport/share/theora_image_transport/environment/library_path.sh
[1.364s] -- Up-to-date: /home/mwangala/Desktop/__ROS2/install/theora_image_transport/share/theora_image_transport/environment/library_path.dsv
[1.364s] -- Up-to-date: /home/mwangala/Desktop/__ROS2/install/theora_image_transport/lib/libtheora_image_transport__rosidl_generator_c.so
[1.364s] -- Up-to-date: /home/mwangala/Desktop/__ROS2/install/theora_image_transport/include/theora_image_transport/theora_image_transport
[1.365s] -- Up-to-date: /home/mwangala/Desktop/__ROS2/install/theora_image_transport/include/theora_image_transport/theora_image_transport/msg
[1.366s] -- Up-to-date: /home/mwangala/Desktop/__ROS2/install/theora_image_transport/include/theora_image_transport/theora_image_transport/msg/rosidl_typesupport_fastrtps_c__visibility_control.h
[1.366s] -- Up-to-date: /home/mwangala/Desktop/__ROS2/install/theora_image_transport/include/theora_image_transport/theora_image_transport/msg/detail
[1.368s] -- Up-to-date: /home/mwangala/Desktop/__ROS2/install/theora_image_transport/include/theora_image_transport/theora_image_transport/msg/detail/packet__rosidl_typesupport_fastrtps_c.h
[1.368s] -- Up-to-date: /home/mwangala/Desktop/__ROS2/install/theora_image_transport/lib/libtheora_image_transport__rosidl_typesupport_fastrtps_c.so
[1.369s] -- Up-to-date: /home/mwangala/Desktop/__ROS2/install/theora_image_transport/include/theora_image_transport/theora_image_transport
[1.369s] -- Up-to-date: /home/mwangala/Desktop/__ROS2/install/theora_image_transport/include/theora_image_transport/theora_image_transport/msg
[1.369s] -- Up-to-date: /home/mwangala/Desktop/__ROS2/install/theora_image_transport/include/theora_image_transport/theora_image_transport/msg/packet.hpp
[1.369s] -- Up-to-date: /home/mwangala/Desktop/__ROS2/install/theora_image_transport/include/theora_image_transport/theora_image_transport/msg/rosidl_generator_cpp__visibility_control.hpp
[1.369s] -- Up-to-date: /home/mwangala/Desktop/__ROS2/install/theora_image_transport/include/theora_image_transport/theora_image_transport/msg/detail
[1.370s] -- Up-to-date: /home/mwangala/Desktop/__ROS2/install/theora_image_transport/include/theora_image_transport/theora_image_transport/msg/detail/packet__struct.hpp
[1.370s] -- Up-to-date: /home/mwangala/Desktop/__ROS2/install/theora_image_transport/include/theora_image_transport/theora_image_transport/msg/detail/packet__type_support.hpp
[1.370s] -- Up-to-date: /home/mwangala/Desktop/__ROS2/install/theora_image_transport/include/theora_image_transport/theora_image_transport/msg/detail/packet__builder.hpp
[1.370s] -- Up-to-date: /home/mwangala/Desktop/__ROS2/install/theora_image_transport/include/theora_image_transport/theora_image_transport/msg/detail/packet__traits.hpp
[1.370s] -- Up-to-date: /home/mwangala/Desktop/__ROS2/install/theora_image_transport/include/theora_image_transport/theora_image_transport
[1.370s] -- Up-to-date: /home/mwangala/Desktop/__ROS2/install/theora_image_transport/include/theora_image_transport/theora_image_transport/msg
[1.370s] -- Up-to-date: /home/mwangala/Desktop/__ROS2/install/theora_image_transport/include/theora_image_transport/theora_image_transport/msg/rosidl_typesupport_fastrtps_cpp__visibility_control.h
[1.370s] -- Up-to-date: /home/mwangala/Desktop/__ROS2/install/theora_image_transport/include/theora_image_transport/theora_image_transport/msg/detail
[1.370s] -- Up-to-date: /home/mwangala/Desktop/__ROS2/install/theora_image_transport/include/theora_image_transport/theora_image_transport/msg/detail/packet__rosidl_typesupport_fastrtps_cpp.hpp
[1.370s] -- Up-to-date: /home/mwangala/Desktop/__ROS2/install/theora_image_transport/include/theora_image_transport/theora_image_transport/msg/detail/dds_fastrtps
[1.370s] -- Up-to-date: /home/mwangala/Desktop/__ROS2/install/theora_image_transport/lib/libtheora_image_transport__rosidl_typesupport_fastrtps_cpp.so
[1.370s] -- Up-to-date: /home/mwangala/Desktop/__ROS2/install/theora_image_transport/include/theora_image_transport/theora_image_transport
[1.371s] -- Up-to-date: /home/mwangala/Desktop/__ROS2/install/theora_image_transport/include/theora_image_transport/theora_image_transport/msg
[1.371s] -- Up-to-date: /home/mwangala/Desktop/__ROS2/install/theora_image_transport/include/theora_image_transport/theora_image_transport/msg/rosidl_typesupport_introspection_c__visibility_control.h
[1.371s] -- Up-to-date: /home/mwangala/Desktop/__ROS2/install/theora_image_transport/include/theora_image_transport/theora_image_transport/msg/detail
[1.371s] -- Up-to-date: /home/mwangala/Desktop/__ROS2/install/theora_image_transport/include/theora_image_transport/theora_image_transport/msg/detail/packet__type_support.c
[1.371s] -- Up-to-date: /home/mwangala/Desktop/__ROS2/install/theora_image_transport/include/theora_image_transport/theora_image_transport/msg/detail/packet__rosidl_typesupport_introspection_c.h
[1.371s] -- Up-to-date: /home/mwangala/Desktop/__ROS2/install/theora_image_transport/lib/libtheora_image_transport__rosidl_typesupport_introspection_c.so
[1.371s] -- Up-to-date: /home/mwangala/Desktop/__ROS2/install/theora_image_transport/lib/libtheora_image_transport__rosidl_typesupport_c.so
[1.371s] -- Up-to-date: /home/mwangala/Desktop/__ROS2/install/theora_image_transport/include/theora_image_transport/theora_image_transport
[1.371s] -- Up-to-date: /home/mwangala/Desktop/__ROS2/install/theora_image_transport/include/theora_image_transport/theora_image_transport/msg
[1.371s] -- Up-to-date: /home/mwangala/Desktop/__ROS2/install/theora_image_transport/include/theora_image_transport/theora_image_transport/msg/detail
[1.371s] -- Up-to-date: /home/mwangala/Desktop/__ROS2/install/theora_image_transport/include/theora_image_transport/theora_image_transport/msg/detail/packet__type_support.cpp
[1.371s] -- Up-to-date: /home/mwangala/Desktop/__ROS2/install/theora_image_transport/include/theora_image_transport/theora_image_transport/msg/detail/packet__rosidl_typesupport_introspection_cpp.hpp
[1.372s] -- Up-to-date: /home/mwangala/Desktop/__ROS2/install/theora_image_transport/lib/libtheora_image_transport__rosidl_typesupport_introspection_cpp.so
[1.372s] -- Up-to-date: /home/mwangala/Desktop/__ROS2/install/theora_image_transport/lib/libtheora_image_transport__rosidl_typesupport_cpp.so
[1.372s] -- Up-to-date: /home/mwangala/Desktop/__ROS2/install/theora_image_transport/share/theora_image_transport/environment/pythonpath.sh
[1.372s] -- Up-to-date: /home/mwangala/Desktop/__ROS2/install/theora_image_transport/share/theora_image_transport/environment/pythonpath.dsv
[1.372s] -- Up-to-date: /home/mwangala/Desktop/__ROS2/install/theora_image_transport/local/lib/python3.10/dist-packages/theora_image_transport-2.5.4-py3.10.egg-info
[1.372s] -- Installing: /home/mwangala/Desktop/__ROS2/install/theora_image_transport/local/lib/python3.10/dist-packages/theora_image_transport-2.5.4-py3.10.egg-info/dependency_links.txt
[1.372s] -- Installing: /home/mwangala/Desktop/__ROS2/install/theora_image_transport/local/lib/python3.10/dist-packages/theora_image_transport-2.5.4-py3.10.egg-info/PKG-INFO
[1.372s] -- Installing: /home/mwangala/Desktop/__ROS2/install/theora_image_transport/local/lib/python3.10/dist-packages/theora_image_transport-2.5.4-py3.10.egg-info/SOURCES.txt
[1.372s] -- Installing: /home/mwangala/Desktop/__ROS2/install/theora_image_transport/local/lib/python3.10/dist-packages/theora_image_transport-2.5.4-py3.10.egg-info/top_level.txt
[1.372s] -- Up-to-date: /home/mwangala/Desktop/__ROS2/install/theora_image_transport/local/lib/python3.10/dist-packages/theora_image_transport
[1.372s] -- Up-to-date: /home/mwangala/Desktop/__ROS2/install/theora_image_transport/local/lib/python3.10/dist-packages/theora_image_transport/__init__.py
[1.372s] -- Up-to-date: /home/mwangala/Desktop/__ROS2/install/theora_image_transport/local/lib/python3.10/dist-packages/theora_image_transport/_theora_image_transport_s.ep.rosidl_typesupport_introspection_c.c
[1.373s] -- Up-to-date: /home/mwangala/Desktop/__ROS2/install/theora_image_transport/local/lib/python3.10/dist-packages/theora_image_transport/theora_image_transport_s__rosidl_typesupport_c.cpython-310-x86_64-linux-gnu.so
[1.373s] -- Up-to-date: /home/mwangala/Desktop/__ROS2/install/theora_image_transport/local/lib/python3.10/dist-packages/theora_image_transport/theora_image_transport_s__rosidl_typesupport_fastrtps_c.cpython-310-x86_64-linux-gnu.so
[1.373s] -- Up-to-date: /home/mwangala/Desktop/__ROS2/install/theora_image_transport/local/lib/python3.10/dist-packages/theora_image_transport/libtheora_image_transport__rosidl_generator_py.so
[1.373s] -- Up-to-date: /home/mwangala/Desktop/__ROS2/install/theora_image_transport/local/lib/python3.10/dist-packages/theora_image_transport/theora_image_transport_s__rosidl_typesupport_introspection_c.cpython-310-x86_64-linux-gnu.so
[1.373s] -- Up-to-date: /home/mwangala/Desktop/__ROS2/install/theora_image_transport/local/lib/python3.10/dist-packages/theora_image_transport/_theora_image_transport_s.ep.rosidl_typesupport_c.c
[1.373s] -- Up-to-date: /home/mwangala/Desktop/__ROS2/install/theora_image_transport/local/lib/python3.10/dist-packages/theora_image_transport/msg
[1.373s] -- Up-to-date: /home/mwangala/Desktop/__ROS2/install/theora_image_transport/local/lib/python3.10/dist-packages/theora_image_transport/msg/__init__.py
[1.373s] -- Up-to-date: /home/mwangala/Desktop/__ROS2/install/theora_image_transport/local/lib/python3.10/dist-packages/theora_image_transport/msg/_packet.py
[1.373s] -- Up-to-date: /home/mwangala/Desktop/__ROS2/install/theora_image_transport/local/lib/python3.10/dist-packages/theora_image_transport/msg/_packet_s.c
[1.373s] -- Up-to-date: /home/mwangala/Desktop/__ROS2/install/theora_image_transport/local/lib/python3.10/dist-packages/theora_image_transport/_theora_image_transport_s.ep.rosidl_typesupport_fastrtps_c.c
[1.374s] Listing '/home/mwangala/Desktop/__ROS2/install/theora_image_transport/local/lib/python3.10/dist-packages/theora_image_transport'...
[1.374s] Listing '/home/mwangala/Desktop/__ROS2/install/theora_image_transport/local/lib/python3.10/dist-packages/theora_image_transport/msg'...
[1.374s] -- Up-to-date: /home/mwangala/Desktop/__ROS2/install/theora_image_transport/local/lib/python3.10/dist-packages/theora_image_transport/theora_image_transport_s__rosidl_typesupport_fastrtps_c.cpython-310-x86_64-linux-gnu.so
[1.374s] -- Up-to-date: /home/mwangala/Desktop/__ROS2/install/theora_image_transport/local/lib/python3.10/dist-packages/theora_image_transport/theora_image_transport_s__rosidl_typesupport_introspection_c.cpython-310-x86_64-linux-gnu.so
[1.374s] -- Up-to-date: /home/mwangala/Desktop/__ROS2/install/theora_image_transport/local/lib/python3.10/dist-packages/theora_image_transport/theora_image_transport_s__rosidl_typesupport_c.cpython-310-x86_64-linux-gnu.so
[1.374s] -- Up-to-date: /home/mwangala/Desktop/__ROS2/install/theora_image_transport/lib/libtheora_image_transport__rosidl_generator_py.so
[1.374s] -- Up-to-date: /home/mwangala/Desktop/__ROS2/install/theora_image_transport/share/theora_image_transport/msg/Packet.idl
[1.374s] -- Up-to-date: /home/mwangala/Desktop/__ROS2/install/theora_image_transport/share/theora_image_transport/msg/Packet.msg
[1.374s] -- Up-to-date: /home/mwangala/Desktop/__ROS2/install/theora_image_transport/lib/libtheora_image_transport_component.so
[1.375s] -- Up-to-date: /home/mwangala/Desktop/__ROS2/install/theora_image_transport/lib/theora_image_transport/ogg_saver
[1.375s] -- Up-to-date: /home/mwangala/Desktop/__ROS2/install/theora_image_transport/include/theora_image_transport
[1.375s] -- Up-to-date: /home/mwangala/Desktop/__ROS2/install/theora_image_transport/include/theora_image_transport/theora_image_transport
[1.375s] -- Up-to-date: /home/mwangala/Desktop/__ROS2/install/theora_image_transport/include/theora_image_transport/theora_image_transport/theora_publisher.h
[1.375s] -- Up-to-date: /home/mwangala/Desktop/__ROS2/install/theora_image_transport/include/theora_image_transport/theora_image_transport/theora_subscriber.h
[1.375s] -- Up-to-date: /home/mwangala/Desktop/__ROS2/install/theora_image_transport/share/theora_image_transport/theora_plugins.xml
[1.375s] -- Up-to-date: /home/mwangala/Desktop/__ROS2/install/theora_image_transport/share/ament_index/resource_index/package_run_dependencies/theora_image_transport
[1.375s] -- Up-to-date: /home/mwangala/Desktop/__ROS2/install/theora_image_transport/share/ament_index/resource_index/parent_prefix_path/theora_image_transport
[1.375s] -- Up-to-date: /home/mwangala/Desktop/__ROS2/install/theora_image_transport/share/theora_image_transport/environment/ament_prefix_path.sh
[1.375s] -- Up-to-date: /home/mwangala/Desktop/__ROS2/install/theora_image_transport/share/theora_image_transport/environment/ament_prefix_path.dsv
[1.375s] -- Up-to-date: /home/mwangala/Desktop/__ROS2/install/theora_image_transport/share/theora_image_transport/environment/path.sh
[1.375s] -- Up-to-date: /home/mwangala/Desktop/__ROS2/install/theora_image_transport/share/theora_image_transport/environment/path.dsv
[1.375s] -- Up-to-date: /home/mwangala/Desktop/__ROS2/install/theora_image_transport/share/theora_image_transport/local_setup.bash
[1.376s] -- Up-to-date: /home/mwangala/Desktop/__ROS2/install/theora_image_transport/share/theora_image_transport/local_setup.sh
[1.376s] -- Up-to-date: /home/mwangala/Desktop/__ROS2/install/theora_image_transport/share/theora_image_transport/local_setup.zsh
[1.376s] -- Up-to-date: /home/mwangala/Desktop/__ROS2/install/theora_image_transport/share/theora_image_transport/local_setup.dsv
[1.376s] -- Installing: /home/mwangala/Desktop/__ROS2/install/theora_image_transport/share/theora_image_transport/package.dsv
[1.376s] -- Up-to-date: /home/mwangala/Desktop/__ROS2/install/theora_image_transport/share/ament_index/resource_index/packages/theora_image_transport
[1.376s] -- Up-to-date: /home/mwangala/Desktop/__ROS2/install/theora_image_transport/share/ament_index/resource_index/image_transport__pluginlib__plugin/theora_image_transport
[1.376s] -- Up-to-date: /home/mwangala/Desktop/__ROS2/install/theora_image_transport/share/theora_image_transport/cmake/export_theora_image_transport__rosidl_generator_cExport.cmake
[1.376s] -- Up-to-date: /home/mwangala/Desktop/__ROS2/install/theora_image_transport/share/theora_image_transport/cmake/export_theora_image_transport__rosidl_generator_cExport-noconfig.cmake
[1.376s] -- Up-to-date: /home/mwangala/Desktop/__ROS2/install/theora_image_transport/share/theora_image_transport/cmake/export_theora_image_transport__rosidl_typesupport_fastrtps_cExport.cmake
[1.376s] -- Up-to-date: /home/mwangala/Desktop/__ROS2/install/theora_image_transport/share/theora_image_transport/cmake/export_theora_image_transport__rosidl_typesupport_fastrtps_cExport-noconfig.cmake
[1.376s] -- Up-to-date: /home/mwangala/Desktop/__ROS2/install/theora_image_transport/share/theora_image_transport/cmake/export_theora_image_transport__rosidl_generator_cppExport.cmake
[1.376s] -- Up-to-date: /home/mwangala/Desktop/__ROS2/install/theora_image_transport/share/theora_image_transport/cmake/export_theora_image_transport__rosidl_typesupport_fastrtps_cppExport.cmake
[1.377s] -- Up-to-date: /home/mwangala/Desktop/__ROS2/install/theora_image_transport/share/theora_image_transport/cmake/export_theora_image_transport__rosidl_typesupport_fastrtps_cppExport-noconfig.cmake
[1.377s] -- Up-to-date: /home/mwangala/Desktop/__ROS2/install/theora_image_transport/share/theora_image_transport/cmake/theora_image_transport__rosidl_typesupport_introspection_cExport.cmake
[1.377s] -- Up-to-date: /home/mwangala/Desktop/__ROS2/install/theora_image_transport/share/theora_image_transport/cmake/theora_image_transport__rosidl_typesupport_introspection_cExport-noconfig.cmake
[1.378s] -- Up-to-date: /home/mwangala/Desktop/__ROS2/install/theora_image_transport/share/theora_image_transport/cmake/theora_image_transport__rosidl_typesupport_cExport.cmake
[1.378s] -- Up-to-date: /home/mwangala/Desktop/__ROS2/install/theora_image_transport/share/theora_image_transport/cmake/theora_image_transport__rosidl_typesupport_cExport-noconfig.cmake
[1.378s] -- Up-to-date: /home/mwangala/Desktop/__ROS2/install/theora_image_transport/share/theora_image_transport/cmake/theora_image_transport__rosidl_typesupport_introspection_cppExport.cmake
[1.378s] -- Up-to-date: /home/mwangala/Desktop/__ROS2/install/theora_image_transport/share/theora_image_transport/cmake/theora_image_transport__rosidl_typesupport_introspection_cppExport-noconfig.cmake
[1.378s] -- Up-to-date: /home/mwangala/Desktop/__ROS2/install/theora_image_transport/share/theora_image_transport/cmake/theora_image_transport__rosidl_typesupport_cppExport.cmake
[1.378s] -- Up-to-date: /home/mwangala/Desktop/__ROS2/install/theora_image_transport/share/theora_image_transport/cmake/theora_image_transport__rosidl_typesupport_cppExport-noconfig.cmake
[1.378s] -- Up-to-date: /home/mwangala/Desktop/__ROS2/install/theora_image_transport/share/theora_image_transport/cmake/export_theora_image_transport__rosidl_generator_pyExport.cmake
[1.378s] -- Up-to-date: /home/mwangala/Desktop/__ROS2/install/theora_image_transport/share/theora_image_transport/cmake/export_theora_image_transport__rosidl_generator_pyExport-noconfig.cmake
[1.379s] -- Up-to-date: /home/mwangala/Desktop/__ROS2/install/theora_image_transport/share/theora_image_transport/cmake/export_theora_image_transport_componentExport.cmake
[1.379s] -- Up-to-date: /home/mwangala/Desktop/__ROS2/install/theora_image_transport/share/theora_image_transport/cmake/export_theora_image_transport_componentExport-noconfig.cmake
[1.379s] -- Up-to-date: /home/mwangala/Desktop/__ROS2/install/theora_image_transport/share/theora_image_transport/cmake/rosidl_cmake-extras.cmake
[1.379s] -- Up-to-date: /home/mwangala/Desktop/__ROS2/install/theora_image_transport/share/theora_image_transport/cmake/ament_cmake_export_dependencies-extras.cmake
[1.379s] -- Up-to-date: /home/mwangala/Desktop/__ROS2/install/theora_image_transport/share/theora_image_transport/cmake/ament_cmake_export_include_directories-extras.cmake
[1.379s] -- Up-to-date: /home/mwangala/Desktop/__ROS2/install/theora_image_transport/share/theora_image_transport/cmake/ament_cmake_export_libraries-extras.cmake
[1.380s] -- Up-to-date: /home/mwangala/Desktop/__ROS2/install/theora_image_transport/share/theora_image_transport/cmake/ament_cmake_export_targets-extras.cmake
[1.380s] -- Up-to-date: /home/mwangala/Desktop/__ROS2/install/theora_image_transport/share/theora_image_transport/cmake/rosidl_cmake_export_typesupport_targets-extras.cmake
[1.380s] -- Up-to-date: /home/mwangala/Desktop/__ROS2/install/theora_image_transport/share/theora_image_transport/cmake/rosidl_cmake_export_typesupport_libraries-extras.cmake
[1.380s] -- Up-to-date: /home/mwangala/Desktop/__ROS2/install/theora_image_transport/share/theora_image_transport/cmake/theora_image_transportConfig.cmake
[1.380s] -- Up-to-date: /home/mwangala/Desktop/__ROS2/install/theora_image_transport/share/theora_image_transport/cmake/theora_image_transportConfig-version.cmake
[1.380s] -- Up-to-date: /home/mwangala/Desktop/__ROS2/install/theora_image_transport/share/theora_image_transport/package.xml
[1.646s] Invoked command in '/home/mwangala/Desktop/__ROS2/build/theora_image_transport' returned '0': CMAKE_PREFIX_PATH=${CMAKE_PREFIX_PATH}:/home/mwangala/Desktop/Goaty/ros_project_ws2/install/handcv:/home/mwangala/Desktop/Goaty/ros_project_ws2/install/cv_franka_bridge:/home/mwangala/Desktop/Goaty/ros_project_ws2/install/cv_pegasus_bridge:/home/mwangala/Desktop/Goaty/ros_project_ws/install/handcv:/home/mwangala/Desktop/Goaty/ros_project_ws/install/cv_franka_bridge:/opt/ros/humble /usr/bin/cmake --install /home/mwangala/Desktop/__ROS2/build/theora_image_transport
