[2.248s] Invoking command in '/home/mwangala/Desktop/__ROS2/build/handcv': AMENT_PREFIX_PATH=/home/mwangala/Desktop/__ROS2/install/hand_interfaces:${AMENT_PREFIX_PATH} CMAKE_PREFIX_PATH=/home/mwangala/Desktop/__ROS2/install/hand_interfaces:${CMAKE_PREFIX_PATH} LD_LIBRARY_PATH=/home/mwangala/Desktop/__ROS2/install/hand_interfaces/lib:${LD_LIBRARY_PATH} PYTHONPATH=/home/mwangala/Desktop/__ROS2/build/handcv/prefix_override:/usr/lib/python3/dist-packages/colcon_core/task/python/colcon_distutils_commands:/home/mwangala/Desktop/__ROS2/install/handcv/lib/python3.10/site-packages:/home/mwangala/Desktop/__ROS2/install/hand_interfaces/local/lib/python3.10/dist-packages:${PYTHONPATH} /usr/bin/python3 -W ignore:setup.py install is deprecated -W ignore:easy_install command is deprecated setup.py develop --editable --build-directory /home/mwangala/Desktop/__ROS2/build/handcv/build --no-deps symlink_data
[2.806s] running develop
[5.277s] running egg_info
[5.277s] creating handcv.egg-info
[5.280s] writing handcv.egg-info/PKG-INFO
[5.280s] writing dependency_links to handcv.egg-info/dependency_links.txt
[5.281s] writing entry points to handcv.egg-info/entry_points.txt
[5.281s] writing requirements to handcv.egg-info/requires.txt
[5.281s] writing top-level names to handcv.egg-info/top_level.txt
[5.281s] writing manifest file 'handcv.egg-info/SOURCES.txt'
[5.283s] reading manifest file 'handcv.egg-info/SOURCES.txt'
[5.283s] writing manifest file 'handcv.egg-info/SOURCES.txt'
[5.321s] running build_ext
[5.323s] Creating /home/mwangala/Desktop/__ROS2/install/handcv/lib/python3.10/site-packages/handcv.egg-link (link to .)
[5.325s] Installing handcv_node script to /home/mwangala/Desktop/__ROS2/install/handcv/lib/handcv
[5.325s] 
[5.325s] Installed /home/mwangala/Desktop/__ROS2/build/handcv
[5.325s] running symlink_data
[5.325s] creating /home/mwangala/Desktop/__ROS2/install/handcv/share/ament_index
[5.326s] creating /home/mwangala/Desktop/__ROS2/install/handcv/share/ament_index/resource_index
[5.326s] creating /home/mwangala/Desktop/__ROS2/install/handcv/share/ament_index/resource_index/packages
[5.326s] symbolically linking /home/mwangala/Desktop/__ROS2/build/handcv/resource/handcv -> /home/mwangala/Desktop/__ROS2/install/handcv/share/ament_index/resource_index/packages
[5.326s] symbolically linking /home/mwangala/Desktop/__ROS2/build/handcv/package.xml -> /home/mwangala/Desktop/__ROS2/install/handcv/share/handcv
[5.326s] creating /home/mwangala/Desktop/__ROS2/install/handcv/share/handcv/config
[5.326s] symbolically linking /home/mwangala/Desktop/__ROS2/build/handcv/config/handcv.rviz -> /home/mwangala/Desktop/__ROS2/install/handcv/share/handcv/config
[5.326s] symbolically linking /home/mwangala/Desktop/__ROS2/build/handcv/config/hand_landmarker.task -> /home/mwangala/Desktop/__ROS2/install/handcv/share/handcv/config
[5.326s] symbolically linking /home/mwangala/Desktop/__ROS2/build/handcv/config/gesture_recognizer.task -> /home/mwangala/Desktop/__ROS2/install/handcv/share/handcv/config
[5.326s] symbolically linking /home/mwangala/Desktop/__ROS2/build/handcv/config/high_density_preset.json -> /home/mwangala/Desktop/__ROS2/install/handcv/share/handcv/config
[5.326s] creating /home/mwangala/Desktop/__ROS2/install/handcv/share/handcv/launch
[5.326s] symbolically linking /home/mwangala/Desktop/__ROS2/build/handcv/launch/camera.launch.py -> /home/mwangala/Desktop/__ROS2/install/handcv/share/handcv/launch
[5.444s] Invoked command in '/home/mwangala/Desktop/__ROS2/build/handcv' returned '0': AMENT_PREFIX_PATH=/home/mwangala/Desktop/__ROS2/install/hand_interfaces:${AMENT_PREFIX_PATH} CMAKE_PREFIX_PATH=/home/mwangala/Desktop/__ROS2/install/hand_interfaces:${CMAKE_PREFIX_PATH} LD_LIBRARY_PATH=/home/mwangala/Desktop/__ROS2/install/hand_interfaces/lib:${LD_LIBRARY_PATH} PYTHONPATH=/home/mwangala/Desktop/__ROS2/build/handcv/prefix_override:/usr/lib/python3/dist-packages/colcon_core/task/python/colcon_distutils_commands:/home/mwangala/Desktop/__ROS2/install/handcv/lib/python3.10/site-packages:/home/mwangala/Desktop/__ROS2/install/hand_interfaces/local/lib/python3.10/dist-packages:${PYTHONPATH} /usr/bin/python3 -W ignore:setup.py install is deprecated -W ignore:easy_install command is deprecated setup.py develop --editable --build-directory /home/mwangala/Desktop/__ROS2/build/handcv/build --no-deps symlink_data
