[1.310s] Invoking command in '/home/mwangala/Desktop/__ROS2/src/handcv': AMENT_PREFIX_PATH=/home/mwangala/Desktop/__ROS2/install/hand_interfaces:${AMENT_PREFIX_PATH} CMAKE_PREFIX_PATH=/home/mwangala/Desktop/__ROS2/install/hand_interfaces:${CMAKE_PREFIX_PATH} LD_LIBRARY_PATH=/home/mwangala/Desktop/__ROS2/install/hand_interfaces/lib:${LD_LIBRARY_PATH} PYTHONPATH=/home/mwangala/Desktop/__ROS2/build/handcv/prefix_override:/usr/lib/python3/dist-packages/colcon_core/task/python/colcon_distutils_commands:/home/mwangala/Desktop/__ROS2/install/handcv/lib/python3.10/site-packages:/home/mwangala/Desktop/__ROS2/install/hand_interfaces/local/lib/python3.10/dist-packages:${PYTHONPATH} /usr/bin/python3 -W ignore:setup.py install is deprecated -W ignore:easy_install command is deprecated setup.py egg_info --egg-base ../../build/handcv build --build-base /home/mwangala/Desktop/__ROS2/build/handcv/build install --record /home/mwangala/Desktop/__ROS2/build/handcv/install.log --single-version-externally-managed install_data
[1.621s] running egg_info
[1.621s] creating ../../build/handcv/handcv.egg-info
[1.621s] writing ../../build/handcv/handcv.egg-info/PKG-INFO
[1.623s] writing dependency_links to ../../build/handcv/handcv.egg-info/dependency_links.txt
[1.624s] writing entry points to ../../build/handcv/handcv.egg-info/entry_points.txt
[1.624s] writing requirements to ../../build/handcv/handcv.egg-info/requires.txt
[1.625s] writing top-level names to ../../build/handcv/handcv.egg-info/top_level.txt
[1.625s] writing manifest file '../../build/handcv/handcv.egg-info/SOURCES.txt'
[1.627s] reading manifest file '../../build/handcv/handcv.egg-info/SOURCES.txt'
[1.627s] writing manifest file '../../build/handcv/handcv.egg-info/SOURCES.txt'
[1.668s] running build
[1.669s] running build_py
[1.669s] creating /home/mwangala/Desktop/__ROS2/build/handcv/build
[1.669s] creating /home/mwangala/Desktop/__ROS2/build/handcv/build/lib
[1.670s] creating /home/mwangala/Desktop/__ROS2/build/handcv/build/lib/handcv
[1.670s] copying handcv/mediapipehelper.py -> /home/mwangala/Desktop/__ROS2/build/handcv/build/lib/handcv
[1.670s] copying handcv/__init__.py -> /home/mwangala/Desktop/__ROS2/build/handcv/build/lib/handcv
[1.671s] copying handcv/handcv.py -> /home/mwangala/Desktop/__ROS2/build/handcv/build/lib/handcv
[1.671s] running install
[1.672s] running install_lib
[1.675s] creating /home/mwangala/Desktop/__ROS2/install/handcv/lib/python3.10/site-packages/handcv
[1.675s] copying /home/mwangala/Desktop/__ROS2/build/handcv/build/lib/handcv/mediapipehelper.py -> /home/mwangala/Desktop/__ROS2/install/handcv/lib/python3.10/site-packages/handcv
[1.675s] copying /home/mwangala/Desktop/__ROS2/build/handcv/build/lib/handcv/__init__.py -> /home/mwangala/Desktop/__ROS2/install/handcv/lib/python3.10/site-packages/handcv
[1.675s] copying /home/mwangala/Desktop/__ROS2/build/handcv/build/lib/handcv/handcv.py -> /home/mwangala/Desktop/__ROS2/install/handcv/lib/python3.10/site-packages/handcv
[1.679s] byte-compiling /home/mwangala/Desktop/__ROS2/install/handcv/lib/python3.10/site-packages/handcv/mediapipehelper.py to mediapipehelper.cpython-310.pyc
[1.679s] byte-compiling /home/mwangala/Desktop/__ROS2/install/handcv/lib/python3.10/site-packages/handcv/__init__.py to __init__.cpython-310.pyc
[1.679s] byte-compiling /home/mwangala/Desktop/__ROS2/install/handcv/lib/python3.10/site-packages/handcv/handcv.py to handcv.cpython-310.pyc
[1.683s] running install_data
[1.683s] creating /home/mwangala/Desktop/__ROS2/install/handcv/share/ament_index
[1.684s] creating /home/mwangala/Desktop/__ROS2/install/handcv/share/ament_index/resource_index
[1.684s] creating /home/mwangala/Desktop/__ROS2/install/handcv/share/ament_index/resource_index/packages
[1.684s] copying resource/handcv -> /home/mwangala/Desktop/__ROS2/install/handcv/share/ament_index/resource_index/packages
[1.684s] copying package.xml -> /home/mwangala/Desktop/__ROS2/install/handcv/share/handcv
[1.684s] creating /home/mwangala/Desktop/__ROS2/install/handcv/share/handcv/config
[1.684s] copying config/handcv.rviz -> /home/mwangala/Desktop/__ROS2/install/handcv/share/handcv/config
[1.684s] copying config/hand_landmarker.task -> /home/mwangala/Desktop/__ROS2/install/handcv/share/handcv/config
[1.690s] copying config/gesture_recognizer.task -> /home/mwangala/Desktop/__ROS2/install/handcv/share/handcv/config
[1.696s] copying config/high_density_preset.json -> /home/mwangala/Desktop/__ROS2/install/handcv/share/handcv/config
[1.696s] creating /home/mwangala/Desktop/__ROS2/install/handcv/share/handcv/launch
[1.696s] copying launch/camera.launch.py -> /home/mwangala/Desktop/__ROS2/install/handcv/share/handcv/launch
[1.700s] running install_egg_info
[1.702s] Copying ../../build/handcv/handcv.egg-info to /home/mwangala/Desktop/__ROS2/install/handcv/lib/python3.10/site-packages/handcv-0.0.1-py3.10.egg-info
[1.702s] running install_scripts
[1.733s] Installing handcv_node script to /home/mwangala/Desktop/__ROS2/install/handcv/lib/handcv
[1.733s] writing list of installed files to '/home/mwangala/Desktop/__ROS2/build/handcv/install.log'
[1.822s] Invoked command in '/home/mwangala/Desktop/__ROS2/src/handcv' returned '0': AMENT_PREFIX_PATH=/home/mwangala/Desktop/__ROS2/install/hand_interfaces:${AMENT_PREFIX_PATH} CMAKE_PREFIX_PATH=/home/mwangala/Desktop/__ROS2/install/hand_interfaces:${CMAKE_PREFIX_PATH} LD_LIBRARY_PATH=/home/mwangala/Desktop/__ROS2/install/hand_interfaces/lib:${LD_LIBRARY_PATH} PYTHONPATH=/home/mwangala/Desktop/__ROS2/build/handcv/prefix_override:/usr/lib/python3/dist-packages/colcon_core/task/python/colcon_distutils_commands:/home/mwangala/Desktop/__ROS2/install/handcv/lib/python3.10/site-packages:/home/mwangala/Desktop/__ROS2/install/hand_interfaces/local/lib/python3.10/dist-packages:${PYTHONPATH} /usr/bin/python3 -W ignore:setup.py install is deprecated -W ignore:easy_install command is deprecated setup.py egg_info --egg-base ../../build/handcv build --build-base /home/mwangala/Desktop/__ROS2/build/handcv/build install --record /home/mwangala/Desktop/__ROS2/build/handcv/install.log --single-version-externally-managed install_data
