[17.028s] Invoking command in '/home/mwangala/Desktop/__ROS2/build/pegasus_control': PYTHONPATH=/home/mwangala/Desktop/__ROS2/build/pegasus_control/prefix_override:/usr/lib/python3/dist-packages/colcon_core/task/python/colcon_distutils_commands:/home/mwangala/Desktop/__ROS2/install/pegasus_control/lib/python3.10/site-packages:${PYTHONPATH} /usr/bin/python3 -W ignore:setup.py install is deprecated -W ignore:easy_install command is deprecated setup.py develop --uninstall --editable --build-directory /home/mwangala/Desktop/__ROS2/build/pegasus_control/build
[17.254s] running develop
[17.477s] Removing /home/mwangala/Desktop/__ROS2/install/pegasus_control/lib/python3.10/site-packages/pegasus-control.egg-link (link to .)
[17.522s] Invoked command in '/home/mwangala/Desktop/__ROS2/build/pegasus_control' returned '0': PYTHONPATH=/home/mwangala/Desktop/__ROS2/build/pegasus_control/prefix_override:/usr/lib/python3/dist-packages/colcon_core/task/python/colcon_distutils_commands:/home/mwangala/Desktop/__ROS2/install/pegasus_control/lib/python3.10/site-packages:${PYTHONPATH} /usr/bin/python3 -W ignore:setup.py install is deprecated -W ignore:easy_install command is deprecated setup.py develop --uninstall --editable --build-directory /home/mwangala/Desktop/__ROS2/build/pegasus_control/build
[17.524s] Invoking command in '/home/mwangala/Desktop/__ROS2/src/pegasus_control': PYTHONPATH=/home/mwangala/Desktop/__ROS2/build/pegasus_control/prefix_override:/usr/lib/python3/dist-packages/colcon_core/task/python/colcon_distutils_commands:/home/mwangala/Desktop/__ROS2/install/pegasus_control/lib/python3.10/site-packages:${PYTHONPATH} /usr/bin/python3 -W ignore:setup.py install is deprecated -W ignore:easy_install command is deprecated setup.py egg_info --egg-base ../../build/pegasus_control build --build-base /home/mwangala/Desktop/__ROS2/build/pegasus_control/build install --record /home/mwangala/Desktop/__ROS2/build/pegasus_control/install.log --single-version-externally-managed install_data --force
[17.776s] running egg_info
[17.777s] writing ../../build/pegasus_control/pegasus_control.egg-info/PKG-INFO
[17.784s] writing dependency_links to ../../build/pegasus_control/pegasus_control.egg-info/dependency_links.txt
[17.784s] writing entry points to ../../build/pegasus_control/pegasus_control.egg-info/entry_points.txt
[17.784s] writing requirements to ../../build/pegasus_control/pegasus_control.egg-info/requires.txt
[17.784s] writing top-level names to ../../build/pegasus_control/pegasus_control.egg-info/top_level.txt
[17.786s] reading manifest file '../../build/pegasus_control/pegasus_control.egg-info/SOURCES.txt'
[17.843s] writing manifest file '../../build/pegasus_control/pegasus_control.egg-info/SOURCES.txt'
[17.852s] running build
[17.853s] running build_py
[17.853s] running install
[17.853s] running install_lib
[17.854s] creating /home/mwangala/Desktop/__ROS2/install/pegasus_control/lib/python3.10/site-packages/pegasus_control
[17.854s] copying /home/mwangala/Desktop/__ROS2/build/pegasus_control/build/lib/pegasus_control/__init__.py -> /home/mwangala/Desktop/__ROS2/install/pegasus_control/lib/python3.10/site-packages/pegasus_control
[17.855s] creating /home/mwangala/Desktop/__ROS2/install/pegasus_control/lib/python3.10/site-packages/pegasus_control/gui
[17.855s] copying /home/mwangala/Desktop/__ROS2/build/pegasus_control/build/lib/pegasus_control/gui/__init__.py -> /home/mwangala/Desktop/__ROS2/install/pegasus_control/lib/python3.10/site-packages/pegasus_control/gui
[17.855s] copying /home/mwangala/Desktop/__ROS2/build/pegasus_control/build/lib/pegasus_control/gui/gui_node.py -> /home/mwangala/Desktop/__ROS2/install/pegasus_control/lib/python3.10/site-packages/pegasus_control/gui
[17.855s] copying /home/mwangala/Desktop/__ROS2/build/pegasus_control/build/lib/pegasus_control/headless_node.py -> /home/mwangala/Desktop/__ROS2/install/pegasus_control/lib/python3.10/site-packages/pegasus_control
[17.855s] copying /home/mwangala/Desktop/__ROS2/build/pegasus_control/build/lib/pegasus_control/pegasus_commander.py -> /home/mwangala/Desktop/__ROS2/install/pegasus_control/lib/python3.10/site-packages/pegasus_control
[17.855s] copying /home/mwangala/Desktop/__ROS2/build/pegasus_control/build/lib/pegasus_control/socket_server.py -> /home/mwangala/Desktop/__ROS2/install/pegasus_control/lib/python3.10/site-packages/pegasus_control
[17.876s] byte-compiling /home/mwangala/Desktop/__ROS2/install/pegasus_control/lib/python3.10/site-packages/pegasus_control/__init__.py to __init__.cpython-310.pyc
[17.876s] byte-compiling /home/mwangala/Desktop/__ROS2/install/pegasus_control/lib/python3.10/site-packages/pegasus_control/gui/__init__.py to __init__.cpython-310.pyc
[17.876s] byte-compiling /home/mwangala/Desktop/__ROS2/install/pegasus_control/lib/python3.10/site-packages/pegasus_control/gui/gui_node.py to gui_node.cpython-310.pyc
[17.892s] byte-compiling /home/mwangala/Desktop/__ROS2/install/pegasus_control/lib/python3.10/site-packages/pegasus_control/headless_node.py to headless_node.cpython-310.pyc
[17.893s] byte-compiling /home/mwangala/Desktop/__ROS2/install/pegasus_control/lib/python3.10/site-packages/pegasus_control/pegasus_commander.py to pegasus_commander.cpython-310.pyc
[17.899s] byte-compiling /home/mwangala/Desktop/__ROS2/install/pegasus_control/lib/python3.10/site-packages/pegasus_control/socket_server.py to socket_server.cpython-310.pyc
[17.901s] running install_data
[17.901s] copying resource/pegasus_control -> /home/mwangala/Desktop/__ROS2/install/pegasus_control/share/ament_index/resource_index/packages
[17.901s] copying package.xml -> /home/mwangala/Desktop/__ROS2/install/pegasus_control/share/pegasus_control
[17.901s] running install_egg_info
[17.903s] Copying ../../build/pegasus_control/pegasus_control.egg-info to /home/mwangala/Desktop/__ROS2/install/pegasus_control/lib/python3.10/site-packages/pegasus_control-0.0.1-py3.10.egg-info
[17.904s] running install_scripts
[17.921s] Installing gui script to /home/mwangala/Desktop/__ROS2/install/pegasus_control/lib/pegasus_control
[17.927s] Installing headless script to /home/mwangala/Desktop/__ROS2/install/pegasus_control/lib/pegasus_control
[17.928s] writing list of installed files to '/home/mwangala/Desktop/__ROS2/build/pegasus_control/install.log'
[17.971s] Invoked command in '/home/mwangala/Desktop/__ROS2/src/pegasus_control' returned '0': PYTHONPATH=/home/mwangala/Desktop/__ROS2/build/pegasus_control/prefix_override:/usr/lib/python3/dist-packages/colcon_core/task/python/colcon_distutils_commands:/home/mwangala/Desktop/__ROS2/install/pegasus_control/lib/python3.10/site-packages:${PYTHONPATH} /usr/bin/python3 -W ignore:setup.py install is deprecated -W ignore:easy_install command is deprecated setup.py egg_info --egg-base ../../build/pegasus_control build --build-base /home/mwangala/Desktop/__ROS2/build/pegasus_control/build install --record /home/mwangala/Desktop/__ROS2/build/pegasus_control/install.log --single-version-externally-managed install_data --force
