[35m[1mConsolidate compiler generated dependencies of target hand_interfaces__rosidl_generator_c[0m
[  2%] Built target hand_interfaces__cpp
[  2%] Built target ament_cmake_python_copy_hand_interfaces
[ 12%] Built target hand_interfaces__rosidl_generator_c
[35m[1mConsolidate compiler generated dependencies of target hand_interfaces__rosidl_typesupport_cpp[0m
[35m[1mConsolidate compiler generated dependencies of target hand_interfaces__rosidl_typesupport_fastrtps_cpp[0m
[35m[1mConsolidate compiler generated dependencies of target hand_interfaces__rosidl_typesupport_introspection_cpp[0m
[35m[1mConsolidate compiler generated dependencies of target hand_interfaces__rosidl_typesupport_introspection_c[0m
[35m[1mConsolidate compiler generated dependencies of target hand_interfaces__rosidl_typesupport_fastrtps_c[0m
[35m[1mConsolidate compiler generated dependencies of target hand_interfaces__rosidl_typesupport_c[0m
[ 23%] Built target hand_interfaces__rosidl_typesupport_cpp
[ 34%] Built target hand_interfaces__rosidl_typesupport_fastrtps_cpp
[ 44%] Built target hand_interfaces__rosidl_typesupport_introspection_cpp
[ 55%] Built target hand_interfaces__rosidl_typesupport_introspection_c
[ 65%] Built target hand_interfaces__rosidl_typesupport_c
[ 76%] Built target hand_interfaces__rosidl_typesupport_fastrtps_c
[ 76%] Built target hand_interfaces
[ 78%] Built target hand_interfaces__py
[35m[1mConsolidate compiler generated dependencies of target hand_interfaces__rosidl_generator_py[0m
[ 87%] Built target hand_interfaces__rosidl_generator_py
[35m[1mConsolidate compiler generated dependencies of target hand_interfaces__rosidl_typesupport_introspection_c__pyext[0m
[35m[1mConsolidate compiler generated dependencies of target hand_interfaces__rosidl_typesupport_fastrtps_c__pyext[0m
[35m[1mConsolidate compiler generated dependencies of target hand_interfaces__rosidl_typesupport_c__pyext[0m
[ 91%] Built target hand_interfaces__rosidl_typesupport_introspection_c__pyext
[ 95%] Built target hand_interfaces__rosidl_typesupport_fastrtps_c__pyext
[100%] Built target hand_interfaces__rosidl_typesupport_c__pyext
running egg_info
writing hand_interfaces.egg-info/PKG-INFO
writing dependency_links to hand_interfaces.egg-info/dependency_links.txt
writing top-level names to hand_interfaces.egg-info/top_level.txt
reading manifest file 'hand_interfaces.egg-info/SOURCES.txt'
writing manifest file 'hand_interfaces.egg-info/SOURCES.txt'
[100%] Built target ament_cmake_python_build_hand_interfaces_egg
