[0.076s] Invoking command in '/home/mwangala/Desktop/__ROS2/build/hand_interfaces': CMAKE_PREFIX_PATH=${CMAKE_PREFIX_PATH}:/home/mwangala/Desktop/Goaty/ros_project_ws2/install/handcv:/home/mwangala/Desktop/Goaty/ros_project_ws2/install/cv_franka_bridge:/home/mwangala/Desktop/Goaty/ros_project_ws2/install/cv_pegasus_bridge:/home/mwangala/Desktop/Goaty/ros_project_ws/install/handcv:/home/mwangala/Desktop/Goaty/ros_project_ws/install/cv_franka_bridge:/opt/ros/humble /usr/bin/cmake --build /home/mwangala/Desktop/__ROS2/build/hand_interfaces -- -j8 -l8
[1.342s] [35m[1mConsolidate compiler generated dependencies of target hand_interfaces__rosidl_generator_c[0m
[1.342s] [  2%] Built target hand_interfaces__cpp
[1.342s] [  2%] Built target ament_cmake_python_copy_hand_interfaces
[1.342s] [ 12%] Built target hand_interfaces__rosidl_generator_c
[1.342s] [35m[1mConsolidate compiler generated dependencies of target hand_interfaces__rosidl_typesupport_cpp[0m
[1.342s] [35m[1mConsolidate compiler generated dependencies of target hand_interfaces__rosidl_typesupport_fastrtps_cpp[0m
[1.342s] [35m[1mConsolidate compiler generated dependencies of target hand_interfaces__rosidl_typesupport_introspection_cpp[0m
[1.343s] [35m[1mConsolidate compiler generated dependencies of target hand_interfaces__rosidl_typesupport_introspection_c[0m
[1.343s] [35m[1mConsolidate compiler generated dependencies of target hand_interfaces__rosidl_typesupport_fastrtps_c[0m
[1.343s] [35m[1mConsolidate compiler generated dependencies of target hand_interfaces__rosidl_typesupport_c[0m
[1.343s] [ 23%] Built target hand_interfaces__rosidl_typesupport_cpp
[1.343s] [ 34%] Built target hand_interfaces__rosidl_typesupport_fastrtps_cpp
[1.343s] [ 44%] Built target hand_interfaces__rosidl_typesupport_introspection_cpp
[1.343s] [ 55%] Built target hand_interfaces__rosidl_typesupport_introspection_c
[1.343s] [ 65%] Built target hand_interfaces__rosidl_typesupport_c
[1.343s] [ 76%] Built target hand_interfaces__rosidl_typesupport_fastrtps_c
[1.343s] [ 76%] Built target hand_interfaces
[1.343s] [ 78%] Built target hand_interfaces__py
[1.343s] [35m[1mConsolidate compiler generated dependencies of target hand_interfaces__rosidl_generator_py[0m
[1.344s] [ 87%] Built target hand_interfaces__rosidl_generator_py
[1.344s] [35m[1mConsolidate compiler generated dependencies of target hand_interfaces__rosidl_typesupport_introspection_c__pyext[0m
[1.344s] [35m[1mConsolidate compiler generated dependencies of target hand_interfaces__rosidl_typesupport_fastrtps_c__pyext[0m
[1.344s] [35m[1mConsolidate compiler generated dependencies of target hand_interfaces__rosidl_typesupport_c__pyext[0m
[1.344s] [ 91%] Built target hand_interfaces__rosidl_typesupport_introspection_c__pyext
[1.344s] [ 95%] Built target hand_interfaces__rosidl_typesupport_fastrtps_c__pyext
[1.344s] [100%] Built target hand_interfaces__rosidl_typesupport_c__pyext
[1.344s] running egg_info
[1.344s] writing hand_interfaces.egg-info/PKG-INFO
[1.344s] writing dependency_links to hand_interfaces.egg-info/dependency_links.txt
[1.344s] writing top-level names to hand_interfaces.egg-info/top_level.txt
[1.345s] reading manifest file 'hand_interfaces.egg-info/SOURCES.txt'
[1.345s] writing manifest file 'hand_interfaces.egg-info/SOURCES.txt'
[1.345s] [100%] Built target ament_cmake_python_build_hand_interfaces_egg
[1.424s] Invoked command in '/home/mwangala/Desktop/__ROS2/build/hand_interfaces' returned '0': CMAKE_PREFIX_PATH=${CMAKE_PREFIX_PATH}:/home/mwangala/Desktop/Goaty/ros_project_ws2/install/handcv:/home/mwangala/Desktop/Goaty/ros_project_ws2/install/cv_franka_bridge:/home/mwangala/Desktop/Goaty/ros_project_ws2/install/cv_pegasus_bridge:/home/mwangala/Desktop/Goaty/ros_project_ws/install/handcv:/home/mwangala/Desktop/Goaty/ros_project_ws/install/cv_franka_bridge:/opt/ros/humble /usr/bin/cmake --build /home/mwangala/Desktop/__ROS2/build/hand_interfaces -- -j8 -l8
[1.426s] Invoking command in '/home/mwangala/Desktop/__ROS2/build/hand_interfaces': CMAKE_PREFIX_PATH=${CMAKE_PREFIX_PATH}:/home/mwangala/Desktop/Goaty/ros_project_ws2/install/handcv:/home/mwangala/Desktop/Goaty/ros_project_ws2/install/cv_franka_bridge:/home/mwangala/Desktop/Goaty/ros_project_ws2/install/cv_pegasus_bridge:/home/mwangala/Desktop/Goaty/ros_project_ws/install/handcv:/home/mwangala/Desktop/Goaty/ros_project_ws/install/cv_franka_bridge:/opt/ros/humble /usr/bin/cmake --install /home/mwangala/Desktop/__ROS2/build/hand_interfaces
