[  2%] Built target theora_image_transport__cpp
[35m[1mConsolidate compiler generated dependencies of target theora_image_transport__rosidl_generator_c[0m
[35m[1mConsolidate compiler generated dependencies of target theora_image_transport__rosidl_typesupport_fastrtps_cpp[0m
[  2%] Built target ament_cmake_python_copy_theora_image_transport
[ 10%] Built target theora_image_transport__rosidl_generator_c
[35m[1mConsolidate compiler generated dependencies of target theora_image_transport__rosidl_typesupport_introspection_cpp[0m
[35m[1mConsolidate compiler generated dependencies of target theora_image_transport__rosidl_typesupport_cpp[0m
[ 18%] Built target theora_image_transport__rosidl_typesupport_introspection_cpp
[ 27%] Built target theora_image_transport__rosidl_typesupport_fastrtps_cpp
[35m[1mConsolidate compiler generated dependencies of target theora_image_transport__rosidl_typesupport_c[0m
[35m[1mConsolidate compiler generated dependencies of target theora_image_transport__rosidl_typesupport_fastrtps_c[0m
[35m[1mConsolidate compiler generated dependencies of target theora_image_transport__rosidl_typesupport_introspection_c[0m
[ 35%] Built target theora_image_transport__rosidl_typesupport_cpp
[ 43%] Built target theora_image_transport__rosidl_typesupport_c
[ 51%] Built target theora_image_transport__rosidl_typesupport_introspection_c
[35m[1mConsolidate compiler generated dependencies of target theora_image_transport_component[0m
[ 59%] Built target theora_image_transport__rosidl_typesupport_fastrtps_c
[35m[1mConsolidate compiler generated dependencies of target ogg_saver[0m
[ 62%] [32mBuilding CXX object CMakeFiles/theora_image_transport_component.dir/src/theora_subscriber.cpp.o[0m
[ 62%] Built target theora_image_transport
[ 67%] Built target ogg_saver
[ 70%] Built target theora_image_transport__py
[35m[1mConsolidate compiler generated dependencies of target theora_image_transport__rosidl_generator_py[0m
[ 75%] Built target theora_image_transport__rosidl_generator_py
[35m[1mConsolidate compiler generated dependencies of target theora_image_transport__rosidl_typesupport_fastrtps_c__pyext[0m
[35m[1mConsolidate compiler generated dependencies of target theora_image_transport__rosidl_typesupport_introspection_c__pyext[0m
[35m[1mConsolidate compiler generated dependencies of target theora_image_transport__rosidl_typesupport_c__pyext[0m
[ 81%] Built target theora_image_transport__rosidl_typesupport_fastrtps_c__pyext
[ 86%] Built target theora_image_transport__rosidl_typesupport_c__pyext
[ 91%] Built target theora_image_transport__rosidl_typesupport_introspection_c__pyext
running egg_info
writing theora_image_transport.egg-info/PKG-INFO
writing dependency_links to theora_image_transport.egg-info/dependency_links.txt
writing top-level names to theora_image_transport.egg-info/top_level.txt
reading manifest file 'theora_image_transport.egg-info/SOURCES.txt'
writing manifest file 'theora_image_transport.egg-info/SOURCES.txt'
[ 91%] Built target ament_cmake_python_build_theora_image_transport_egg
