[1.838s] Invoking command in '/home/mwangala/Desktop/__ROS2/src/pegasus_control': PYTHONPATH=/home/mwangala/Desktop/__ROS2/build/pegasus_control/prefix_override:/usr/lib/python3/dist-packages/colcon_core/task/python/colcon_distutils_commands:/home/mwangala/Desktop/__ROS2/install/pegasus_control/lib/python3.10/site-packages:${PYTHONPATH} /usr/bin/python3 -W ignore:setup.py install is deprecated -W ignore:easy_install command is deprecated setup.py egg_info --egg-base ../../build/pegasus_control build --build-base /home/mwangala/Desktop/__ROS2/build/pegasus_control/build install --record /home/mwangala/Desktop/__ROS2/build/pegasus_control/install.log --single-version-externally-managed install_data
[2.157s] running egg_info
[2.158s] writing ../../build/pegasus_control/pegasus_control.egg-info/PKG-INFO
[3.174s] writing dependency_links to ../../build/pegasus_control/pegasus_control.egg-info/dependency_links.txt
[3.175s] writing entry points to ../../build/pegasus_control/pegasus_control.egg-info/entry_points.txt
[3.177s] writing requirements to ../../build/pegasus_control/pegasus_control.egg-info/requires.txt
[3.177s] writing top-level names to ../../build/pegasus_control/pegasus_control.egg-info/top_level.txt
[3.180s] reading manifest file '../../build/pegasus_control/pegasus_control.egg-info/SOURCES.txt'
[3.223s] writing manifest file '../../build/pegasus_control/pegasus_control.egg-info/SOURCES.txt'
[3.226s] running build
[3.226s] running build_py
[3.227s] running install
[3.227s] running install_lib
[3.228s] running install_data
[3.228s] running install_egg_info
[3.231s] removing '/home/mwangala/Desktop/__ROS2/install/pegasus_control/lib/python3.10/site-packages/pegasus_control-0.0.1-py3.10.egg-info' (and everything under it)
[3.233s] Copying ../../build/pegasus_control/pegasus_control.egg-info to /home/mwangala/Desktop/__ROS2/install/pegasus_control/lib/python3.10/site-packages/pegasus_control-0.0.1-py3.10.egg-info
[3.233s] running install_scripts
[3.267s] Installing gui script to /home/mwangala/Desktop/__ROS2/install/pegasus_control/lib/pegasus_control
[3.268s] Installing headless script to /home/mwangala/Desktop/__ROS2/install/pegasus_control/lib/pegasus_control
[3.271s] writing list of installed files to '/home/mwangala/Desktop/__ROS2/build/pegasus_control/install.log'
[3.501s] Invoked command in '/home/mwangala/Desktop/__ROS2/src/pegasus_control' returned '0': PYTHONPATH=/home/mwangala/Desktop/__ROS2/build/pegasus_control/prefix_override:/usr/lib/python3/dist-packages/colcon_core/task/python/colcon_distutils_commands:/home/mwangala/Desktop/__ROS2/install/pegasus_control/lib/python3.10/site-packages:${PYTHONPATH} /usr/bin/python3 -W ignore:setup.py install is deprecated -W ignore:easy_install command is deprecated setup.py egg_info --egg-base ../../build/pegasus_control build --build-base /home/mwangala/Desktop/__ROS2/build/pegasus_control/build install --record /home/mwangala/Desktop/__ROS2/build/pegasus_control/install.log --single-version-externally-managed install_data
