running egg_info
creating ../../build/gripper_control/gripper_control.egg-info
writing ../../build/gripper_control/gripper_control.egg-info/PKG-INFO
writing dependency_links to ../../build/gripper_control/gripper_control.egg-info/dependency_links.txt
writing entry points to ../../build/gripper_control/gripper_control.egg-info/entry_points.txt
writing requirements to ../../build/gripper_control/gripper_control.egg-info/requires.txt
writing top-level names to ../../build/gripper_control/gripper_control.egg-info/top_level.txt
writing manifest file '../../build/gripper_control/gripper_control.egg-info/SOURCES.txt'
reading manifest file '../../build/gripper_control/gripper_control.egg-info/SOURCES.txt'
writing manifest file '../../build/gripper_control/gripper_control.egg-info/SOURCES.txt'
running build
running build_py
creating /home/mwangala/Desktop/__ROS2/build/gripper_control/build
creating /home/mwangala/Desktop/__ROS2/build/gripper_control/build/lib
creating /home/mwangala/Desktop/__ROS2/build/gripper_control/build/lib/gripper_control
copying gripper_control/__init__.py -> /home/mwangala/Desktop/__ROS2/build/gripper_control/build/lib/gripper_control
copying gripper_control/gripper_node.py -> /home/mwangala/Desktop/__ROS2/build/gripper_control/build/lib/gripper_control
running install
running install_lib
creating /home/mwangala/Desktop/__ROS2/install/gripper_control/lib/python3.10/site-packages/gripper_control
copying /home/mwangala/Desktop/__ROS2/build/gripper_control/build/lib/gripper_control/__init__.py -> /home/mwangala/Desktop/__ROS2/install/gripper_control/lib/python3.10/site-packages/gripper_control
copying /home/mwangala/Desktop/__ROS2/build/gripper_control/build/lib/gripper_control/gripper_node.py -> /home/mwangala/Desktop/__ROS2/install/gripper_control/lib/python3.10/site-packages/gripper_control
byte-compiling /home/mwangala/Desktop/__ROS2/install/gripper_control/lib/python3.10/site-packages/gripper_control/__init__.py to __init__.cpython-310.pyc
byte-compiling /home/mwangala/Desktop/__ROS2/install/gripper_control/lib/python3.10/site-packages/gripper_control/gripper_node.py to gripper_node.cpython-310.pyc
running install_data
creating /home/mwangala/Desktop/__ROS2/install/gripper_control/share/ament_index
creating /home/mwangala/Desktop/__ROS2/install/gripper_control/share/ament_index/resource_index
creating /home/mwangala/Desktop/__ROS2/install/gripper_control/share/ament_index/resource_index/packages
copying resource/gripper_control -> /home/mwangala/Desktop/__ROS2/install/gripper_control/share/ament_index/resource_index/packages
copying package.xml -> /home/mwangala/Desktop/__ROS2/install/gripper_control/share/gripper_control
running install_egg_info
Copying ../../build/gripper_control/gripper_control.egg-info to /home/mwangala/Desktop/__ROS2/install/gripper_control/lib/python3.10/site-packages/gripper_control-0.0.0-py3.10.egg-info
running install_scripts
Installing gripper_node script to /home/mwangala/Desktop/__ROS2/install/gripper_control/lib/gripper_control
writing list of installed files to '/home/mwangala/Desktop/__ROS2/build/gripper_control/install.log'
