[1.173s] Invoking command in '/home/mwangala/Desktop/__ROS2/src/gripper_control': PYTHONPATH=/home/mwangala/Desktop/__ROS2/build/gripper_control/prefix_override:/usr/lib/python3/dist-packages/colcon_core/task/python/colcon_distutils_commands:/home/mwangala/Desktop/__ROS2/install/gripper_control/lib/python3.10/site-packages:${PYTHONPATH} /usr/bin/python3 -W ignore:setup.py install is deprecated -W ignore:easy_install command is deprecated setup.py egg_info --egg-base ../../build/gripper_control build --build-base /home/mwangala/Desktop/__ROS2/build/gripper_control/build install --record /home/mwangala/Desktop/__ROS2/build/gripper_control/install.log --single-version-externally-managed install_data
[1.531s] running egg_info
[1.531s] creating ../../build/gripper_control/gripper_control.egg-info
[1.532s] writing ../../build/gripper_control/gripper_control.egg-info/PKG-INFO
[1.532s] writing dependency_links to ../../build/gripper_control/gripper_control.egg-info/dependency_links.txt
[1.532s] writing entry points to ../../build/gripper_control/gripper_control.egg-info/entry_points.txt
[1.532s] writing requirements to ../../build/gripper_control/gripper_control.egg-info/requires.txt
[1.533s] writing top-level names to ../../build/gripper_control/gripper_control.egg-info/top_level.txt
[1.533s] writing manifest file '../../build/gripper_control/gripper_control.egg-info/SOURCES.txt'
[1.535s] reading manifest file '../../build/gripper_control/gripper_control.egg-info/SOURCES.txt'
[1.536s] writing manifest file '../../build/gripper_control/gripper_control.egg-info/SOURCES.txt'
[1.536s] running build
[1.536s] running build_py
[1.537s] creating /home/mwangala/Desktop/__ROS2/build/gripper_control/build
[1.537s] creating /home/mwangala/Desktop/__ROS2/build/gripper_control/build/lib
[1.537s] creating /home/mwangala/Desktop/__ROS2/build/gripper_control/build/lib/gripper_control
[1.537s] copying gripper_control/__init__.py -> /home/mwangala/Desktop/__ROS2/build/gripper_control/build/lib/gripper_control
[1.537s] copying gripper_control/gripper_node.py -> /home/mwangala/Desktop/__ROS2/build/gripper_control/build/lib/gripper_control
[1.537s] running install
[1.538s] running install_lib
[1.538s] creating /home/mwangala/Desktop/__ROS2/install/gripper_control/lib/python3.10/site-packages/gripper_control
[1.538s] copying /home/mwangala/Desktop/__ROS2/build/gripper_control/build/lib/gripper_control/__init__.py -> /home/mwangala/Desktop/__ROS2/install/gripper_control/lib/python3.10/site-packages/gripper_control
[1.539s] copying /home/mwangala/Desktop/__ROS2/build/gripper_control/build/lib/gripper_control/gripper_node.py -> /home/mwangala/Desktop/__ROS2/install/gripper_control/lib/python3.10/site-packages/gripper_control
[1.539s] byte-compiling /home/mwangala/Desktop/__ROS2/install/gripper_control/lib/python3.10/site-packages/gripper_control/__init__.py to __init__.cpython-310.pyc
[1.540s] byte-compiling /home/mwangala/Desktop/__ROS2/install/gripper_control/lib/python3.10/site-packages/gripper_control/gripper_node.py to gripper_node.cpython-310.pyc
[1.540s] running install_data
[1.541s] creating /home/mwangala/Desktop/__ROS2/install/gripper_control/share/ament_index
[1.541s] creating /home/mwangala/Desktop/__ROS2/install/gripper_control/share/ament_index/resource_index
[1.541s] creating /home/mwangala/Desktop/__ROS2/install/gripper_control/share/ament_index/resource_index/packages
[1.541s] copying resource/gripper_control -> /home/mwangala/Desktop/__ROS2/install/gripper_control/share/ament_index/resource_index/packages
[1.541s] copying package.xml -> /home/mwangala/Desktop/__ROS2/install/gripper_control/share/gripper_control
[1.541s] running install_egg_info
[1.543s] Copying ../../build/gripper_control/gripper_control.egg-info to /home/mwangala/Desktop/__ROS2/install/gripper_control/lib/python3.10/site-packages/gripper_control-0.0.0-py3.10.egg-info
[1.544s] running install_scripts
[1.571s] Installing gripper_node script to /home/mwangala/Desktop/__ROS2/install/gripper_control/lib/gripper_control
[1.571s] writing list of installed files to '/home/mwangala/Desktop/__ROS2/build/gripper_control/install.log'
[1.608s] Invoked command in '/home/mwangala/Desktop/__ROS2/src/gripper_control' returned '0': PYTHONPATH=/home/mwangala/Desktop/__ROS2/build/gripper_control/prefix_override:/usr/lib/python3/dist-packages/colcon_core/task/python/colcon_distutils_commands:/home/mwangala/Desktop/__ROS2/install/gripper_control/lib/python3.10/site-packages:${PYTHONPATH} /usr/bin/python3 -W ignore:setup.py install is deprecated -W ignore:easy_install command is deprecated setup.py egg_info --egg-base ../../build/gripper_control build --build-base /home/mwangala/Desktop/__ROS2/build/gripper_control/build install --record /home/mwangala/Desktop/__ROS2/build/gripper_control/install.log --single-version-externally-managed install_data
