[0.073s] Invoking command in '/home/mwangala/Desktop/__ROS2/build/compressed_depth_image_transport': CMAKE_PREFIX_PATH=${CMAKE_PREFIX_PATH}:/home/mwangala/Desktop/Goaty/ros_project_ws2/install/handcv:/home/mwangala/Desktop/Goaty/ros_project_ws2/install/cv_franka_bridge:/home/mwangala/Desktop/Goaty/ros_project_ws2/install/cv_pegasus_bridge:/home/mwangala/Desktop/Goaty/ros_project_ws/install/handcv:/home/mwangala/Desktop/Goaty/ros_project_ws/install/cv_franka_bridge:/opt/ros/humble /usr/bin/cmake /home/mwangala/Desktop/__ROS2/src/image_transport_plugins/compressed_depth_image_transport -DAMENT_CMAKE_SYMLINK_INSTALL=1 -DCMAKE_INSTALL_PREFIX=/home/mwangala/Desktop/__ROS2/install/compressed_depth_image_transport
[2.588s] -- The C compiler identification is GNU 11.4.0
[2.589s] -- The CXX compiler identification is GNU 11.4.0
[2.590s] -- Detecting C compiler ABI info
[2.590s] -- Detecting C compiler ABI info - done
[2.590s] -- Check for working C compiler: /usr/bin/cc - skipped
[2.590s] -- Detecting C compile features
[2.590s] -- Detecting C compile features - done
[2.590s] -- Detecting CXX compiler ABI info
[2.634s] -- Detecting CXX compiler ABI info - done
[2.662s] -- Check for working CXX compiler: /usr/bin/c++ - skipped
[2.663s] -- Detecting CXX compile features
[2.671s] -- Detecting CXX compile features - done
[2.685s] -- Found ament_cmake: 1.3.11 (/opt/ros/humble/share/ament_cmake/cmake)
[3.130s] -- Found Python3: /usr/bin/python3 (found version "3.10.12") found components: Interpreter 
[3.274s] -- Override CMake install command with custom implementation using symlinks instead of copying resources
[3.512s] -- Found image_transport: 3.1.11 (/opt/ros/humble/share/image_transport/cmake)
[3.756s] -- Found rosidl_generator_c: 3.1.6 (/opt/ros/humble/share/rosidl_generator_c/cmake)
[3.780s] -- Found rosidl_adapter: 3.1.6 (/opt/ros/humble/share/rosidl_adapter/cmake)
[3.813s] -- Found rosidl_generator_cpp: 3.1.6 (/opt/ros/humble/share/rosidl_generator_cpp/cmake)
[3.850s] -- Using all available rosidl_typesupport_c: rosidl_typesupport_fastrtps_c;rosidl_typesupport_introspection_c
[3.881s] -- Using all available rosidl_typesupport_cpp: rosidl_typesupport_fastrtps_cpp;rosidl_typesupport_introspection_cpp
[4.046s] -- Found rmw_implementation_cmake: 6.1.2 (/opt/ros/humble/share/rmw_implementation_cmake/cmake)
[4.050s] -- Found rmw_fastrtps_cpp: 6.2.7 (/opt/ros/humble/share/rmw_fastrtps_cpp/cmake)
[4.792s] -- Found OpenSSL: /usr/lib/x86_64-linux-gnu/libcrypto.so (found version "3.0.2")  
[4.844s] -- Found FastRTPS: /opt/ros/humble/include  
[4.928s] -- Using RMW implementation 'rmw_fastrtps_cpp' as default
[4.959s] -- Looking for pthread.h
[7.581s] -- Looking for pthread.h - found
[7.582s] -- Performing Test CMAKE_HAVE_LIBC_PTHREAD
[8.032s] -- Performing Test CMAKE_HAVE_LIBC_PTHREAD - Success
[8.036s] -- Found Threads: TRUE  
[9.283s] -- Found cv_bridge: 3.2.1 (/opt/ros/humble/share/cv_bridge/cmake)
[9.322s] -- Found OpenCV: /usr (found version "4.5.4") 
[9.473s] -- Configuring done
[9.493s] -- Generating done
[9.619s] -- Build files have been written to: /home/mwangala/Desktop/__ROS2/build/compressed_depth_image_transport
[9.663s] Invoked command in '/home/mwangala/Desktop/__ROS2/build/compressed_depth_image_transport' returned '0': CMAKE_PREFIX_PATH=${CMAKE_PREFIX_PATH}:/home/mwangala/Desktop/Goaty/ros_project_ws2/install/handcv:/home/mwangala/Desktop/Goaty/ros_project_ws2/install/cv_franka_bridge:/home/mwangala/Desktop/Goaty/ros_project_ws2/install/cv_pegasus_bridge:/home/mwangala/Desktop/Goaty/ros_project_ws/install/handcv:/home/mwangala/Desktop/Goaty/ros_project_ws/install/cv_franka_bridge:/opt/ros/humble /usr/bin/cmake /home/mwangala/Desktop/__ROS2/src/image_transport_plugins/compressed_depth_image_transport -DAMENT_CMAKE_SYMLINK_INSTALL=1 -DCMAKE_INSTALL_PREFIX=/home/mwangala/Desktop/__ROS2/install/compressed_depth_image_transport
[9.664s] Invoking command in '/home/mwangala/Desktop/__ROS2/build/compressed_depth_image_transport': CMAKE_PREFIX_PATH=${CMAKE_PREFIX_PATH}:/home/mwangala/Desktop/Goaty/ros_project_ws2/install/handcv:/home/mwangala/Desktop/Goaty/ros_project_ws2/install/cv_franka_bridge:/home/mwangala/Desktop/Goaty/ros_project_ws2/install/cv_pegasus_bridge:/home/mwangala/Desktop/Goaty/ros_project_ws/install/handcv:/home/mwangala/Desktop/Goaty/ros_project_ws/install/cv_franka_bridge:/opt/ros/humble /usr/bin/cmake --build /home/mwangala/Desktop/__ROS2/build/compressed_depth_image_transport -- -j8 -l8
[9.793s] [ 20%] [32mBuilding CXX object CMakeFiles/compressed_depth_image_transport.dir/src/codec.cpp.o[0m
[9.796s] [ 40%] [32mBuilding CXX object CMakeFiles/compressed_depth_image_transport.dir/src/compressed_depth_publisher.cpp.o[0m
[9.799s] [ 60%] [32mBuilding CXX object CMakeFiles/compressed_depth_image_transport.dir/src/manifest.cpp.o[0m
[9.802s] [ 80%] [32mBuilding CXX object CMakeFiles/compressed_depth_image_transport.dir/src/compressed_depth_subscriber.cpp.o[0m
[55.472s] [100%] [32m[1mLinking CXX shared library libcompressed_depth_image_transport.so[0m
[58.423s] [100%] Built target compressed_depth_image_transport
[58.518s] Invoked command in '/home/mwangala/Desktop/__ROS2/build/compressed_depth_image_transport' returned '0': CMAKE_PREFIX_PATH=${CMAKE_PREFIX_PATH}:/home/mwangala/Desktop/Goaty/ros_project_ws2/install/handcv:/home/mwangala/Desktop/Goaty/ros_project_ws2/install/cv_franka_bridge:/home/mwangala/Desktop/Goaty/ros_project_ws2/install/cv_pegasus_bridge:/home/mwangala/Desktop/Goaty/ros_project_ws/install/handcv:/home/mwangala/Desktop/Goaty/ros_project_ws/install/cv_franka_bridge:/opt/ros/humble /usr/bin/cmake --build /home/mwangala/Desktop/__ROS2/build/compressed_depth_image_transport -- -j8 -l8
[58.540s] Invoking command in '/home/mwangala/Desktop/__ROS2/build/compressed_depth_image_transport': CMAKE_PREFIX_PATH=${CMAKE_PREFIX_PATH}:/home/mwangala/Desktop/Goaty/ros_project_ws2/install/handcv:/home/mwangala/Desktop/Goaty/ros_project_ws2/install/cv_franka_bridge:/home/mwangala/Desktop/Goaty/ros_project_ws2/install/cv_pegasus_bridge:/home/mwangala/Desktop/Goaty/ros_project_ws/install/handcv:/home/mwangala/Desktop/Goaty/ros_project_ws/install/cv_franka_bridge:/opt/ros/humble /usr/bin/cmake --install /home/mwangala/Desktop/__ROS2/build/compressed_depth_image_transport
[58.552s] -- Install configuration: ""
[58.553s] -- Execute custom install script
[58.553s] -- Symlinking: /home/mwangala/Desktop/__ROS2/install/compressed_depth_image_transport/lib/libcompressed_depth_image_transport.so
[58.568s] -- Symlinking: /home/mwangala/Desktop/__ROS2/install/compressed_depth_image_transport/include/compressed_depth_image_transport/codec.h
[58.605s] -- Symlinking: /home/mwangala/Desktop/__ROS2/install/compressed_depth_image_transport/include/compressed_depth_image_transport/compressed_depth_publisher.h
[58.620s] -- Symlinking: /home/mwangala/Desktop/__ROS2/install/compressed_depth_image_transport/include/compressed_depth_image_transport/compressed_depth_subscriber.h
[58.640s] -- Symlinking: /home/mwangala/Desktop/__ROS2/install/compressed_depth_image_transport/include/compressed_depth_image_transport/compression_common.h
[58.654s] -- Symlinking: /home/mwangala/Desktop/__ROS2/install/compressed_depth_image_transport/share/compressed_depth_image_transport//compressed_depth_plugins.xml
[58.686s] -- Symlinking: /home/mwangala/Desktop/__ROS2/install/compressed_depth_image_transport/share/ament_index/resource_index/package_run_dependencies/compressed_depth_image_transport
[58.707s] -- Symlinking: /home/mwangala/Desktop/__ROS2/install/compressed_depth_image_transport/share/ament_index/resource_index/parent_prefix_path/compressed_depth_image_transport
[58.733s] -- Symlinking: /home/mwangala/Desktop/__ROS2/install/compressed_depth_image_transport/share/compressed_depth_image_transport/environment/ament_prefix_path.sh
[58.752s] -- Symlinking: /home/mwangala/Desktop/__ROS2/install/compressed_depth_image_transport/share/compressed_depth_image_transport/environment/ament_prefix_path.dsv
[58.768s] -- Symlinking: /home/mwangala/Desktop/__ROS2/install/compressed_depth_image_transport/share/compressed_depth_image_transport/environment/path.sh
[58.783s] -- Symlinking: /home/mwangala/Desktop/__ROS2/install/compressed_depth_image_transport/share/compressed_depth_image_transport/environment/path.dsv
[58.798s] -- Symlinking: /home/mwangala/Desktop/__ROS2/install/compressed_depth_image_transport/share/compressed_depth_image_transport/local_setup.bash
[58.811s] -- Symlinking: /home/mwangala/Desktop/__ROS2/install/compressed_depth_image_transport/share/compressed_depth_image_transport/local_setup.sh
[58.835s] -- Symlinking: /home/mwangala/Desktop/__ROS2/install/compressed_depth_image_transport/share/compressed_depth_image_transport/local_setup.zsh
[58.847s] -- Symlinking: /home/mwangala/Desktop/__ROS2/install/compressed_depth_image_transport/share/compressed_depth_image_transport/local_setup.dsv
[58.866s] -- Symlinking: /home/mwangala/Desktop/__ROS2/install/compressed_depth_image_transport/share/compressed_depth_image_transport/package.dsv
[58.882s] -- Symlinking: /home/mwangala/Desktop/__ROS2/install/compressed_depth_image_transport/share/ament_index/resource_index/packages/compressed_depth_image_transport
[58.898s] -- Symlinking: /home/mwangala/Desktop/__ROS2/install/compressed_depth_image_transport/share/ament_index/resource_index/image_transport__pluginlib__plugin/compressed_depth_image_transport
[58.928s] -- Symlinking: /home/mwangala/Desktop/__ROS2/install/compressed_depth_image_transport/share/compressed_depth_image_transport/cmake/compressed_depth_image_transportConfig.cmake
[58.942s] -- Symlinking: /home/mwangala/Desktop/__ROS2/install/compressed_depth_image_transport/share/compressed_depth_image_transport/cmake/compressed_depth_image_transportConfig-version.cmake
[58.956s] -- Symlinking: /home/mwangala/Desktop/__ROS2/install/compressed_depth_image_transport/share/compressed_depth_image_transport/package.xml
[58.974s] Invoked command in '/home/mwangala/Desktop/__ROS2/build/compressed_depth_image_transport' returned '0': CMAKE_PREFIX_PATH=${CMAKE_PREFIX_PATH}:/home/mwangala/Desktop/Goaty/ros_project_ws2/install/handcv:/home/mwangala/Desktop/Goaty/ros_project_ws2/install/cv_franka_bridge:/home/mwangala/Desktop/Goaty/ros_project_ws2/install/cv_pegasus_bridge:/home/mwangala/Desktop/Goaty/ros_project_ws/install/handcv:/home/mwangala/Desktop/Goaty/ros_project_ws/install/cv_franka_bridge:/opt/ros/humble /usr/bin/cmake --install /home/mwangala/Desktop/__ROS2/build/compressed_depth_image_transport
