[8.732s] Invoking command in '/home/mwangala/Desktop/__ROS2/build/pegasus_control': PYTHONPATH=/home/mwangala/Desktop/__ROS2/build/pegasus_control/prefix_override:/usr/lib/python3/dist-packages/colcon_core/task/python/colcon_distutils_commands:/home/mwangala/Desktop/__ROS2/install/pegasus_control/lib/python3.10/site-packages:${PYTHONPATH} /usr/bin/python3 -W ignore:setup.py install is deprecated -W ignore:easy_install command is deprecated setup.py develop --editable --build-directory /home/mwangala/Desktop/__ROS2/build/pegasus_control/build --no-deps symlink_data --force
[9.011s] running develop
[9.349s] running egg_info
[9.349s] writing pegasus_control.egg-info/PKG-INFO
[9.352s] writing dependency_links to pegasus_control.egg-info/dependency_links.txt
[9.355s] writing entry points to pegasus_control.egg-info/entry_points.txt
[9.357s] writing requirements to pegasus_control.egg-info/requires.txt
[9.369s] writing top-level names to pegasus_control.egg-info/top_level.txt
[9.371s] reading manifest file 'pegasus_control.egg-info/SOURCES.txt'
[9.414s] writing manifest file 'pegasus_control.egg-info/SOURCES.txt'
[9.435s] running build_ext
[9.437s] Creating /home/mwangala/Desktop/__ROS2/install/pegasus_control/lib/python3.10/site-packages/pegasus-control.egg-link (link to .)
[9.438s] Installing gui script to /home/mwangala/Desktop/__ROS2/install/pegasus_control/lib/pegasus_control
[9.438s] Installing headless script to /home/mwangala/Desktop/__ROS2/install/pegasus_control/lib/pegasus_control
[9.439s] 
[9.439s] Installed /home/mwangala/Desktop/__ROS2/build/pegasus_control
[9.439s] running symlink_data
[9.439s] symbolically linking /home/mwangala/Desktop/__ROS2/build/pegasus_control/resource/pegasus_control -> /home/mwangala/Desktop/__ROS2/install/pegasus_control/share/ament_index/resource_index/packages
[9.439s] symbolically linking /home/mwangala/Desktop/__ROS2/build/pegasus_control/package.xml -> /home/mwangala/Desktop/__ROS2/install/pegasus_control/share/pegasus_control
[9.489s] Invoked command in '/home/mwangala/Desktop/__ROS2/build/pegasus_control' returned '0': PYTHONPATH=/home/mwangala/Desktop/__ROS2/build/pegasus_control/prefix_override:/usr/lib/python3/dist-packages/colcon_core/task/python/colcon_distutils_commands:/home/mwangala/Desktop/__ROS2/install/pegasus_control/lib/python3.10/site-packages:${PYTHONPATH} /usr/bin/python3 -W ignore:setup.py install is deprecated -W ignore:easy_install command is deprecated setup.py develop --editable --build-directory /home/mwangala/Desktop/__ROS2/build/pegasus_control/build --no-deps symlink_data --force
