running egg_info
writing ../../build/cv_pegasus_bridge/cv_pegasus_bridge.egg-info/PKG-INFO
writing dependency_links to ../../build/cv_pegasus_bridge/cv_pegasus_bridge.egg-info/dependency_links.txt
writing entry points to ../../build/cv_pegasus_bridge/cv_pegasus_bridge.egg-info/entry_points.txt
writing requirements to ../../build/cv_pegasus_bridge/cv_pegasus_bridge.egg-info/requires.txt
writing top-level names to ../../build/cv_pegasus_bridge/cv_pegasus_bridge.egg-info/top_level.txt
reading manifest file '../../build/cv_pegasus_bridge/cv_pegasus_bridge.egg-info/SOURCES.txt'
writing manifest file '../../build/cv_pegasus_bridge/cv_pegasus_bridge.egg-info/SOURCES.txt'
running build
running build_py
copying cv_pegasus_bridge/cv_pegasus_bridge.py -> /home/mwangala/Desktop/__ROS2/build/cv_pegasus_bridge/build/lib/cv_pegasus_bridge
running install
running install_lib
copying /home/mwangala/Desktop/__ROS2/build/cv_pegasus_bridge/build/lib/cv_pegasus_bridge/cv_pegasus_bridge.py -> /home/mwangala/Desktop/__ROS2/install/cv_pegasus_bridge/lib/python3.10/site-packages/cv_pegasus_bridge
byte-compiling /home/mwangala/Desktop/__ROS2/install/cv_pegasus_bridge/lib/python3.10/site-packages/cv_pegasus_bridge/cv_pegasus_bridge.py to cv_pegasus_bridge.cpython-310.pyc
running install_data
running install_egg_info
removing '/home/mwangala/Desktop/__ROS2/install/cv_pegasus_bridge/lib/python3.10/site-packages/cv_pegasus_bridge-0.0.0-py3.10.egg-info' (and everything under it)
Copying ../../build/cv_pegasus_bridge/cv_pegasus_bridge.egg-info to /home/mwangala/Desktop/__ROS2/install/cv_pegasus_bridge/lib/python3.10/site-packages/cv_pegasus_bridge-0.0.0-py3.10.egg-info
running install_scripts
Installing cv_pegasus_bridge script to /home/mwangala/Desktop/__ROS2/install/cv_pegasus_bridge/lib/cv_pegasus_bridge
writing list of installed files to '/home/mwangala/Desktop/__ROS2/build/cv_pegasus_bridge/install.log'
