[1.240s] Invoking command in '/home/mwangala/Desktop/__ROS2/src/cv_pegasus_bridge': PYTHONPATH=/home/mwangala/Desktop/__ROS2/build/cv_pegasus_bridge/prefix_override:/usr/lib/python3/dist-packages/colcon_core/task/python/colcon_distutils_commands:/home/mwangala/Desktop/__ROS2/install/cv_pegasus_bridge/lib/python3.10/site-packages:${PYTHONPATH} /usr/bin/python3 -W ignore:setup.py install is deprecated -W ignore:easy_install command is deprecated setup.py egg_info --egg-base ../../build/cv_pegasus_bridge build --build-base /home/mwangala/Desktop/__ROS2/build/cv_pegasus_bridge/build install --record /home/mwangala/Desktop/__ROS2/build/cv_pegasus_bridge/install.log --single-version-externally-managed install_data
[1.467s] running egg_info
[1.468s] writing ../../build/cv_pegasus_bridge/cv_pegasus_bridge.egg-info/PKG-INFO
[1.469s] writing dependency_links to ../../build/cv_pegasus_bridge/cv_pegasus_bridge.egg-info/dependency_links.txt
[1.469s] writing entry points to ../../build/cv_pegasus_bridge/cv_pegasus_bridge.egg-info/entry_points.txt
[1.469s] writing requirements to ../../build/cv_pegasus_bridge/cv_pegasus_bridge.egg-info/requires.txt
[1.470s] writing top-level names to ../../build/cv_pegasus_bridge/cv_pegasus_bridge.egg-info/top_level.txt
[1.472s] reading manifest file '../../build/cv_pegasus_bridge/cv_pegasus_bridge.egg-info/SOURCES.txt'
[1.498s] writing manifest file '../../build/cv_pegasus_bridge/cv_pegasus_bridge.egg-info/SOURCES.txt'
[1.498s] running build
[1.498s] running build_py
[1.498s] copying cv_pegasus_bridge/cv_pegasus_bridge.py -> /home/mwangala/Desktop/__ROS2/build/cv_pegasus_bridge/build/lib/cv_pegasus_bridge
[1.498s] running install
[1.499s] running install_lib
[1.499s] copying /home/mwangala/Desktop/__ROS2/build/cv_pegasus_bridge/build/lib/cv_pegasus_bridge/cv_pegasus_bridge.py -> /home/mwangala/Desktop/__ROS2/install/cv_pegasus_bridge/lib/python3.10/site-packages/cv_pegasus_bridge
[1.500s] byte-compiling /home/mwangala/Desktop/__ROS2/install/cv_pegasus_bridge/lib/python3.10/site-packages/cv_pegasus_bridge/cv_pegasus_bridge.py to cv_pegasus_bridge.cpython-310.pyc
[1.501s] running install_data
[1.501s] running install_egg_info
[1.503s] removing '/home/mwangala/Desktop/__ROS2/install/cv_pegasus_bridge/lib/python3.10/site-packages/cv_pegasus_bridge-0.0.0-py3.10.egg-info' (and everything under it)
[1.503s] Copying ../../build/cv_pegasus_bridge/cv_pegasus_bridge.egg-info to /home/mwangala/Desktop/__ROS2/install/cv_pegasus_bridge/lib/python3.10/site-packages/cv_pegasus_bridge-0.0.0-py3.10.egg-info
[1.503s] running install_scripts
[1.522s] Installing cv_pegasus_bridge script to /home/mwangala/Desktop/__ROS2/install/cv_pegasus_bridge/lib/cv_pegasus_bridge
[1.531s] writing list of installed files to '/home/mwangala/Desktop/__ROS2/build/cv_pegasus_bridge/install.log'
[1.621s] Invoked command in '/home/mwangala/Desktop/__ROS2/src/cv_pegasus_bridge' returned '0': PYTHONPATH=/home/mwangala/Desktop/__ROS2/build/cv_pegasus_bridge/prefix_override:/usr/lib/python3/dist-packages/colcon_core/task/python/colcon_distutils_commands:/home/mwangala/Desktop/__ROS2/install/cv_pegasus_bridge/lib/python3.10/site-packages:${PYTHONPATH} /usr/bin/python3 -W ignore:setup.py install is deprecated -W ignore:easy_install command is deprecated setup.py egg_info --egg-base ../../build/cv_pegasus_bridge build --build-base /home/mwangala/Desktop/__ROS2/build/cv_pegasus_bridge/build install --record /home/mwangala/Desktop/__ROS2/build/cv_pegasus_bridge/install.log --single-version-externally-managed install_data
