[2.140s] Invoking command in '/home/mwangala/Desktop/__ROS2/src/cv_pegasus_bridge': PYTHONPATH=/home/mwangala/Desktop/__ROS2/build/cv_pegasus_bridge/prefix_override:/usr/lib/python3/dist-packages/colcon_core/task/python/colcon_distutils_commands:/home/mwangala/Desktop/__ROS2/install/cv_pegasus_bridge/lib/python3.10/site-packages:${PYTHONPATH} /usr/bin/python3 -W ignore:setup.py install is deprecated -W ignore:easy_install command is deprecated setup.py egg_info --egg-base ../../build/cv_pegasus_bridge build --build-base /home/mwangala/Desktop/__ROS2/build/cv_pegasus_bridge/build install --record /home/mwangala/Desktop/__ROS2/build/cv_pegasus_bridge/install.log --single-version-externally-managed install_data
[2.362s] running egg_info
[2.363s] writing ../../build/cv_pegasus_bridge/cv_pegasus_bridge.egg-info/PKG-INFO
[2.379s] writing dependency_links to ../../build/cv_pegasus_bridge/cv_pegasus_bridge.egg-info/dependency_links.txt
[2.413s] writing entry points to ../../build/cv_pegasus_bridge/cv_pegasus_bridge.egg-info/entry_points.txt
[2.435s] writing requirements to ../../build/cv_pegasus_bridge/cv_pegasus_bridge.egg-info/requires.txt
[2.449s] writing top-level names to ../../build/cv_pegasus_bridge/cv_pegasus_bridge.egg-info/top_level.txt
[2.472s] reading manifest file '../../build/cv_pegasus_bridge/cv_pegasus_bridge.egg-info/SOURCES.txt'
[2.473s] writing manifest file '../../build/cv_pegasus_bridge/cv_pegasus_bridge.egg-info/SOURCES.txt'
[2.492s] running build
[2.494s] running build_py
[2.498s] running install
[2.500s] running install_lib
[2.501s] running install_data
[2.501s] running install_egg_info
[2.502s] removing '/home/mwangala/Desktop/__ROS2/install/cv_pegasus_bridge/lib/python3.10/site-packages/cv_pegasus_bridge-0.0.0-py3.10.egg-info' (and everything under it)
[2.502s] Copying ../../build/cv_pegasus_bridge/cv_pegasus_bridge.egg-info to /home/mwangala/Desktop/__ROS2/install/cv_pegasus_bridge/lib/python3.10/site-packages/cv_pegasus_bridge-0.0.0-py3.10.egg-info
[2.503s] running install_scripts
[2.528s] Installing cv_pegasus_bridge script to /home/mwangala/Desktop/__ROS2/install/cv_pegasus_bridge/lib/cv_pegasus_bridge
[2.548s] writing list of installed files to '/home/mwangala/Desktop/__ROS2/build/cv_pegasus_bridge/install.log'
[3.450s] Invoked command in '/home/mwangala/Desktop/__ROS2/src/cv_pegasus_bridge' returned '0': PYTHONPATH=/home/mwangala/Desktop/__ROS2/build/cv_pegasus_bridge/prefix_override:/usr/lib/python3/dist-packages/colcon_core/task/python/colcon_distutils_commands:/home/mwangala/Desktop/__ROS2/install/cv_pegasus_bridge/lib/python3.10/site-packages:${PYTHONPATH} /usr/bin/python3 -W ignore:setup.py install is deprecated -W ignore:easy_install command is deprecated setup.py egg_info --egg-base ../../build/cv_pegasus_bridge build --build-base /home/mwangala/Desktop/__ROS2/build/cv_pegasus_bridge/build install --record /home/mwangala/Desktop/__ROS2/build/cv_pegasus_bridge/install.log --single-version-externally-managed install_data
