[1.198s] Invoking command in '/home/mwangala/Desktop/__ROS2/build/handcv': AMENT_PREFIX_PATH=/home/mwangala/Desktop/__ROS2/install/hand_interfaces:${AMENT_PREFIX_PATH} CMAKE_PREFIX_PATH=/home/mwangala/Desktop/__ROS2/install/hand_interfaces:${CMAKE_PREFIX_PATH} LD_LIBRARY_PATH=/home/mwangala/Desktop/__ROS2/install/hand_interfaces/lib:${LD_LIBRARY_PATH} PYTHONPATH=/home/mwangala/Desktop/__ROS2/build/handcv/prefix_override:/usr/lib/python3/dist-packages/colcon_core/task/python/colcon_distutils_commands:/home/mwangala/Desktop/__ROS2/install/handcv/lib/python3.10/site-packages:/home/mwangala/Desktop/__ROS2/install/hand_interfaces/local/lib/python3.10/dist-packages:${PYTHONPATH} /usr/bin/python3 -W ignore:setup.py install is deprecated -W ignore:easy_install command is deprecated setup.py develop --uninstall --editable --build-directory /home/mwangala/Desktop/__ROS2/build/handcv/build
[1.422s] running develop
[1.566s] Removing /home/mwangala/Desktop/__ROS2/install/handcv/lib/python3.10/site-packages/handcv.egg-link (link to .)
[1.601s] Invoked command in '/home/mwangala/Desktop/__ROS2/build/handcv' returned '0': AMENT_PREFIX_PATH=/home/mwangala/Desktop/__ROS2/install/hand_interfaces:${AMENT_PREFIX_PATH} CMAKE_PREFIX_PATH=/home/mwangala/Desktop/__ROS2/install/hand_interfaces:${CMAKE_PREFIX_PATH} LD_LIBRARY_PATH=/home/mwangala/Desktop/__ROS2/install/hand_interfaces/lib:${LD_LIBRARY_PATH} PYTHONPATH=/home/mwangala/Desktop/__ROS2/build/handcv/prefix_override:/usr/lib/python3/dist-packages/colcon_core/task/python/colcon_distutils_commands:/home/mwangala/Desktop/__ROS2/install/handcv/lib/python3.10/site-packages:/home/mwangala/Desktop/__ROS2/install/hand_interfaces/local/lib/python3.10/dist-packages:${PYTHONPATH} /usr/bin/python3 -W ignore:setup.py install is deprecated -W ignore:easy_install command is deprecated setup.py develop --uninstall --editable --build-directory /home/mwangala/Desktop/__ROS2/build/handcv/build
[1.603s] Invoking command in '/home/mwangala/Desktop/__ROS2/src/handcv': AMENT_PREFIX_PATH=/home/mwangala/Desktop/__ROS2/install/hand_interfaces:${AMENT_PREFIX_PATH} CMAKE_PREFIX_PATH=/home/mwangala/Desktop/__ROS2/install/hand_interfaces:${CMAKE_PREFIX_PATH} LD_LIBRARY_PATH=/home/mwangala/Desktop/__ROS2/install/hand_interfaces/lib:${LD_LIBRARY_PATH} PYTHONPATH=/home/mwangala/Desktop/__ROS2/build/handcv/prefix_override:/usr/lib/python3/dist-packages/colcon_core/task/python/colcon_distutils_commands:/home/mwangala/Desktop/__ROS2/install/handcv/lib/python3.10/site-packages:/home/mwangala/Desktop/__ROS2/install/hand_interfaces/local/lib/python3.10/dist-packages:${PYTHONPATH} /usr/bin/python3 -W ignore:setup.py install is deprecated -W ignore:easy_install command is deprecated setup.py egg_info --egg-base ../../build/handcv build --build-base /home/mwangala/Desktop/__ROS2/build/handcv/build install --record /home/mwangala/Desktop/__ROS2/build/handcv/install.log --single-version-externally-managed install_data --force
[1.813s] running egg_info
[1.813s] writing ../../build/handcv/handcv.egg-info/PKG-INFO
[1.814s] writing dependency_links to ../../build/handcv/handcv.egg-info/dependency_links.txt
[1.814s] writing entry points to ../../build/handcv/handcv.egg-info/entry_points.txt
[1.814s] writing requirements to ../../build/handcv/handcv.egg-info/requires.txt
[1.814s] writing top-level names to ../../build/handcv/handcv.egg-info/top_level.txt
[1.815s] reading manifest file '../../build/handcv/handcv.egg-info/SOURCES.txt'
[1.853s] writing manifest file '../../build/handcv/handcv.egg-info/SOURCES.txt'
[1.870s] running build
[1.871s] running build_py
[1.871s] running install
[1.871s] running install_lib
[1.872s] creating /home/mwangala/Desktop/__ROS2/install/handcv/lib/python3.10/site-packages/handcv
[1.872s] copying /home/mwangala/Desktop/__ROS2/build/handcv/build/lib/handcv/mediapipehelper.py -> /home/mwangala/Desktop/__ROS2/install/handcv/lib/python3.10/site-packages/handcv
[1.873s] copying /home/mwangala/Desktop/__ROS2/build/handcv/build/lib/handcv/__init__.py -> /home/mwangala/Desktop/__ROS2/install/handcv/lib/python3.10/site-packages/handcv
[1.873s] copying /home/mwangala/Desktop/__ROS2/build/handcv/build/lib/handcv/handcv.py -> /home/mwangala/Desktop/__ROS2/install/handcv/lib/python3.10/site-packages/handcv
[1.873s] byte-compiling /home/mwangala/Desktop/__ROS2/install/handcv/lib/python3.10/site-packages/handcv/mediapipehelper.py to mediapipehelper.cpython-310.pyc
[1.873s] byte-compiling /home/mwangala/Desktop/__ROS2/install/handcv/lib/python3.10/site-packages/handcv/__init__.py to __init__.cpython-310.pyc
[1.873s] byte-compiling /home/mwangala/Desktop/__ROS2/install/handcv/lib/python3.10/site-packages/handcv/handcv.py to handcv.cpython-310.pyc
[1.874s] running install_data
[1.875s] copying resource/handcv -> /home/mwangala/Desktop/__ROS2/install/handcv/share/ament_index/resource_index/packages
[1.875s] copying package.xml -> /home/mwangala/Desktop/__ROS2/install/handcv/share/handcv
[1.875s] copying config/handcv.rviz -> /home/mwangala/Desktop/__ROS2/install/handcv/share/handcv/config
[1.875s] copying config/hand_landmarker.task -> /home/mwangala/Desktop/__ROS2/install/handcv/share/handcv/config
[2.403s] copying config/gesture_recognizer.task -> /home/mwangala/Desktop/__ROS2/install/handcv/share/handcv/config
[2.786s] copying config/high_density_preset.json -> /home/mwangala/Desktop/__ROS2/install/handcv/share/handcv/config
[2.786s] copying launch/camera.launch.py -> /home/mwangala/Desktop/__ROS2/install/handcv/share/handcv/launch
[2.787s] running install_egg_info
[2.791s] Copying ../../build/handcv/handcv.egg-info to /home/mwangala/Desktop/__ROS2/install/handcv/lib/python3.10/site-packages/handcv-0.0.1-py3.10.egg-info
[2.793s] running install_scripts
[2.834s] Installing handcv_node script to /home/mwangala/Desktop/__ROS2/install/handcv/lib/handcv
[2.834s] writing list of installed files to '/home/mwangala/Desktop/__ROS2/build/handcv/install.log'
[2.866s] Invoked command in '/home/mwangala/Desktop/__ROS2/src/handcv' returned '0': AMENT_PREFIX_PATH=/home/mwangala/Desktop/__ROS2/install/hand_interfaces:${AMENT_PREFIX_PATH} CMAKE_PREFIX_PATH=/home/mwangala/Desktop/__ROS2/install/hand_interfaces:${CMAKE_PREFIX_PATH} LD_LIBRARY_PATH=/home/mwangala/Desktop/__ROS2/install/hand_interfaces/lib:${LD_LIBRARY_PATH} PYTHONPATH=/home/mwangala/Desktop/__ROS2/build/handcv/prefix_override:/usr/lib/python3/dist-packages/colcon_core/task/python/colcon_distutils_commands:/home/mwangala/Desktop/__ROS2/install/handcv/lib/python3.10/site-packages:/home/mwangala/Desktop/__ROS2/install/hand_interfaces/local/lib/python3.10/dist-packages:${PYTHONPATH} /usr/bin/python3 -W ignore:setup.py install is deprecated -W ignore:easy_install command is deprecated setup.py egg_info --egg-base ../../build/handcv build --build-base /home/mwangala/Desktop/__ROS2/build/handcv/build install --record /home/mwangala/Desktop/__ROS2/build/handcv/install.log --single-version-externally-managed install_data --force
