[0.197s] Invoking command in '/home/mwangala/Desktop/__ROS2/build/hand_interfaces': CMAKE_PREFIX_PATH=${CMAKE_PREFIX_PATH}:/home/mwangala/Desktop/Goaty/ros_project_ws2/install/handcv:/home/mwangala/Desktop/Goaty/ros_project_ws2/install/cv_franka_bridge:/home/mwangala/Desktop/Goaty/ros_project_ws2/install/cv_pegasus_bridge:/home/mwangala/Desktop/Goaty/ros_project_ws/install/handcv:/home/mwangala/Desktop/Goaty/ros_project_ws/install/cv_franka_bridge:/opt/ros/humble /usr/bin/cmake /home/mwangala/Desktop/__ROS2/src/hand_interfaces -DAMENT_CMAKE_SYMLINK_INSTALL=1 -DCMAKE_INSTALL_PREFIX=/home/mwangala/Desktop/__ROS2/install/hand_interfaces
[1.959s] -- The C compiler identification is GNU 11.4.0
[3.041s] -- The CXX compiler identification is GNU 11.4.0
[3.234s] -- Detecting C compiler ABI info
[3.782s] -- Detecting C compiler ABI info - done
[3.792s] -- Check for working C compiler: /usr/bin/cc - skipped
[3.825s] -- Detecting C compile features
[3.957s] -- Detecting C compile features - done
[3.998s] -- Detecting CXX compiler ABI info
[4.401s] -- Detecting CXX compiler ABI info - done
[4.423s] -- Check for working CXX compiler: /usr/bin/c++ - skipped
[4.424s] -- Detecting CXX compile features
[4.427s] -- Detecting CXX compile features - done
[4.507s] -- Found ament_cmake: 1.3.11 (/opt/ros/humble/share/ament_cmake/cmake)
[4.744s] -- Found Python3: /usr/bin/python3 (found version "3.10.12") found components: Interpreter 
[4.841s] -- Override CMake install command with custom implementation using symlinks instead of copying resources
[4.949s] -- Found geometry_msgs: 4.8.0 (/opt/ros/humble/share/geometry_msgs/cmake)
[5.021s] -- Found rosidl_generator_c: 3.1.6 (/opt/ros/humble/share/rosidl_generator_c/cmake)
[5.066s] -- Found rosidl_adapter: 3.1.6 (/opt/ros/humble/share/rosidl_adapter/cmake)
[5.087s] -- Found rosidl_generator_cpp: 3.1.6 (/opt/ros/humble/share/rosidl_generator_cpp/cmake)
[5.112s] -- Using all available rosidl_typesupport_c: rosidl_typesupport_fastrtps_c;rosidl_typesupport_introspection_c
[5.143s] -- Using all available rosidl_typesupport_cpp: rosidl_typesupport_fastrtps_cpp;rosidl_typesupport_introspection_cpp
[5.206s] -- Found rosidl_default_generators: 1.2.0 (/opt/ros/humble/share/rosidl_default_generators/cmake)
[5.905s] -- Found ament_cmake_ros: 0.10.0 (/opt/ros/humble/share/ament_cmake_ros/cmake)
[6.538s] -- Using all available rosidl_typesupport_c: rosidl_typesupport_fastrtps_c;rosidl_typesupport_introspection_c
[6.791s] -- Using all available rosidl_typesupport_cpp: rosidl_typesupport_fastrtps_cpp;rosidl_typesupport_introspection_cpp
[6.829s] -- Found PythonInterp: /usr/bin/python3 (found suitable version "3.10.12", minimum required is "3.6") 
[6.834s] -- Found python_cmake_module: 0.10.0 (/opt/ros/humble/share/python_cmake_module/cmake)
[7.758s] -- Found PythonLibs: /usr/lib/x86_64-linux-gnu/libpython3.10.so (found suitable version "3.10.12", minimum required is "3.5") 
[7.759s] -- Using PYTHON_EXECUTABLE: /usr/bin/python3
[7.759s] -- Using PYTHON_INCLUDE_DIRS: /usr/include/python3.10
[7.759s] -- Using PYTHON_LIBRARIES: /usr/lib/x86_64-linux-gnu/libpython3.10.so
[7.796s] -- Found PythonExtra: .so  
[8.208s] -- Found ament_lint_auto: 0.12.12 (/opt/ros/humble/share/ament_lint_auto/cmake)
[8.253s] -- Added test 'lint_cmake' to check CMake code style
[8.254s] -- Added test 'xmllint' to check XML markup files
[8.261s] -- Configuring done
[8.312s] -- Generating done
[8.331s] -- Build files have been written to: /home/mwangala/Desktop/__ROS2/build/hand_interfaces
