[0.056s] Invoking command in '/home/mwangala/Desktop/__ROS2/build/compressed_depth_image_transport': CMAKE_PREFIX_PATH=${CMAKE_PREFIX_PATH}:/home/mwangala/Desktop/Goaty/ros_project_ws2/install/handcv:/home/mwangala/Desktop/Goaty/ros_project_ws2/install/cv_franka_bridge:/home/mwangala/Desktop/Goaty/ros_project_ws2/install/cv_pegasus_bridge:/home/mwangala/Desktop/Goaty/ros_project_ws/install/handcv:/home/mwangala/Desktop/Goaty/ros_project_ws/install/cv_franka_bridge:/opt/ros/humble /usr/bin/cmake /home/mwangala/Desktop/__ROS2/src/image_transport_plugins/compressed_depth_image_transport -DCMAKE_INSTALL_PREFIX=/home/mwangala/Desktop/__ROS2/install/compressed_depth_image_transport
[0.681s] -- Found ament_cmake: 1.3.11 (/opt/ros/humble/share/ament_cmake/cmake)
[0.682s] -- Override CMake install command with custom implementation using symlinks instead of copying resources
[0.682s] -- Found image_transport: 3.1.11 (/opt/ros/humble/share/image_transport/cmake)
[0.682s] -- Found rosidl_generator_c: 3.1.6 (/opt/ros/humble/share/rosidl_generator_c/cmake)
[0.682s] -- Found rosidl_adapter: 3.1.6 (/opt/ros/humble/share/rosidl_adapter/cmake)
[0.683s] -- Found rosidl_generator_cpp: 3.1.6 (/opt/ros/humble/share/rosidl_generator_cpp/cmake)
[0.683s] -- Using all available rosidl_typesupport_c: rosidl_typesupport_fastrtps_c;rosidl_typesupport_introspection_c
[0.683s] -- Using all available rosidl_typesupport_cpp: rosidl_typesupport_fastrtps_cpp;rosidl_typesupport_introspection_cpp
[0.683s] -- Found rmw_implementation_cmake: 6.1.2 (/opt/ros/humble/share/rmw_implementation_cmake/cmake)
[0.683s] -- Found rmw_fastrtps_cpp: 6.2.7 (/opt/ros/humble/share/rmw_fastrtps_cpp/cmake)
[0.683s] -- Using RMW implementation 'rmw_fastrtps_cpp' as default
[0.684s] -- Found cv_bridge: 3.2.1 (/opt/ros/humble/share/cv_bridge/cmake)
[0.684s] -- Configuring done
[0.950s] -- Generating done
[0.975s] -- Build files have been written to: /home/mwangala/Desktop/__ROS2/build/compressed_depth_image_transport
[0.991s] Invoked command in '/home/mwangala/Desktop/__ROS2/build/compressed_depth_image_transport' returned '0': CMAKE_PREFIX_PATH=${CMAKE_PREFIX_PATH}:/home/mwangala/Desktop/Goaty/ros_project_ws2/install/handcv:/home/mwangala/Desktop/Goaty/ros_project_ws2/install/cv_franka_bridge:/home/mwangala/Desktop/Goaty/ros_project_ws2/install/cv_pegasus_bridge:/home/mwangala/Desktop/Goaty/ros_project_ws/install/handcv:/home/mwangala/Desktop/Goaty/ros_project_ws/install/cv_franka_bridge:/opt/ros/humble /usr/bin/cmake /home/mwangala/Desktop/__ROS2/src/image_transport_plugins/compressed_depth_image_transport -DCMAKE_INSTALL_PREFIX=/home/mwangala/Desktop/__ROS2/install/compressed_depth_image_transport
[0.991s] Invoking command in '/home/mwangala/Desktop/__ROS2/build/compressed_depth_image_transport': CMAKE_PREFIX_PATH=${CMAKE_PREFIX_PATH}:/home/mwangala/Desktop/Goaty/ros_project_ws2/install/handcv:/home/mwangala/Desktop/Goaty/ros_project_ws2/install/cv_franka_bridge:/home/mwangala/Desktop/Goaty/ros_project_ws2/install/cv_pegasus_bridge:/home/mwangala/Desktop/Goaty/ros_project_ws/install/handcv:/home/mwangala/Desktop/Goaty/ros_project_ws/install/cv_franka_bridge:/opt/ros/humble /usr/bin/cmake --build /home/mwangala/Desktop/__ROS2/build/compressed_depth_image_transport -- -j8 -l8
[1.055s] [35m[1mConsolidate compiler generated dependencies of target compressed_depth_image_transport[0m
[1.092s] [100%] Built target compressed_depth_image_transport
[1.111s] Invoked command in '/home/mwangala/Desktop/__ROS2/build/compressed_depth_image_transport' returned '0': CMAKE_PREFIX_PATH=${CMAKE_PREFIX_PATH}:/home/mwangala/Desktop/Goaty/ros_project_ws2/install/handcv:/home/mwangala/Desktop/Goaty/ros_project_ws2/install/cv_franka_bridge:/home/mwangala/Desktop/Goaty/ros_project_ws2/install/cv_pegasus_bridge:/home/mwangala/Desktop/Goaty/ros_project_ws/install/handcv:/home/mwangala/Desktop/Goaty/ros_project_ws/install/cv_franka_bridge:/opt/ros/humble /usr/bin/cmake --build /home/mwangala/Desktop/__ROS2/build/compressed_depth_image_transport -- -j8 -l8
[1.123s] Invoking command in '/home/mwangala/Desktop/__ROS2/build/compressed_depth_image_transport': CMAKE_PREFIX_PATH=${CMAKE_PREFIX_PATH}:/home/mwangala/Desktop/Goaty/ros_project_ws2/install/handcv:/home/mwangala/Desktop/Goaty/ros_project_ws2/install/cv_franka_bridge:/home/mwangala/Desktop/Goaty/ros_project_ws2/install/cv_pegasus_bridge:/home/mwangala/Desktop/Goaty/ros_project_ws/install/handcv:/home/mwangala/Desktop/Goaty/ros_project_ws/install/cv_franka_bridge:/opt/ros/humble /usr/bin/cmake --install /home/mwangala/Desktop/__ROS2/build/compressed_depth_image_transport
[1.131s] -- Install configuration: ""
[1.131s] -- Execute custom install script
[1.131s] -- Up-to-date symlink: /home/mwangala/Desktop/__ROS2/install/compressed_depth_image_transport/lib/libcompressed_depth_image_transport.so
[1.133s] -- Up-to-date symlink: /home/mwangala/Desktop/__ROS2/install/compressed_depth_image_transport/include/compressed_depth_image_transport/codec.h
[1.133s] -- Up-to-date symlink: /home/mwangala/Desktop/__ROS2/install/compressed_depth_image_transport/include/compressed_depth_image_transport/compressed_depth_publisher.h
[1.133s] -- Up-to-date symlink: /home/mwangala/Desktop/__ROS2/install/compressed_depth_image_transport/include/compressed_depth_image_transport/compressed_depth_subscriber.h
[1.133s] -- Up-to-date symlink: /home/mwangala/Desktop/__ROS2/install/compressed_depth_image_transport/include/compressed_depth_image_transport/compression_common.h
[1.133s] -- Up-to-date symlink: /home/mwangala/Desktop/__ROS2/install/compressed_depth_image_transport/share/compressed_depth_image_transport//compressed_depth_plugins.xml
[1.133s] -- Up-to-date symlink: /home/mwangala/Desktop/__ROS2/install/compressed_depth_image_transport/share/ament_index/resource_index/package_run_dependencies/compressed_depth_image_transport
[1.133s] -- Up-to-date symlink: /home/mwangala/Desktop/__ROS2/install/compressed_depth_image_transport/share/ament_index/resource_index/parent_prefix_path/compressed_depth_image_transport
[1.133s] -- Up-to-date symlink: /home/mwangala/Desktop/__ROS2/install/compressed_depth_image_transport/share/compressed_depth_image_transport/environment/ament_prefix_path.sh
[1.133s] -- Up-to-date symlink: /home/mwangala/Desktop/__ROS2/install/compressed_depth_image_transport/share/compressed_depth_image_transport/environment/ament_prefix_path.dsv
[1.134s] -- Up-to-date symlink: /home/mwangala/Desktop/__ROS2/install/compressed_depth_image_transport/share/compressed_depth_image_transport/environment/path.sh
[1.134s] -- Up-to-date symlink: /home/mwangala/Desktop/__ROS2/install/compressed_depth_image_transport/share/compressed_depth_image_transport/environment/path.dsv
[1.134s] -- Up-to-date symlink: /home/mwangala/Desktop/__ROS2/install/compressed_depth_image_transport/share/compressed_depth_image_transport/local_setup.bash
[1.134s] -- Up-to-date symlink: /home/mwangala/Desktop/__ROS2/install/compressed_depth_image_transport/share/compressed_depth_image_transport/local_setup.sh
[1.134s] -- Up-to-date symlink: /home/mwangala/Desktop/__ROS2/install/compressed_depth_image_transport/share/compressed_depth_image_transport/local_setup.zsh
[1.134s] -- Up-to-date symlink: /home/mwangala/Desktop/__ROS2/install/compressed_depth_image_transport/share/compressed_depth_image_transport/local_setup.dsv
[1.134s] -- Symlinking: /home/mwangala/Desktop/__ROS2/install/compressed_depth_image_transport/share/compressed_depth_image_transport/package.dsv
[1.146s] -- Up-to-date symlink: /home/mwangala/Desktop/__ROS2/install/compressed_depth_image_transport/share/ament_index/resource_index/packages/compressed_depth_image_transport
[1.146s] -- Up-to-date symlink: /home/mwangala/Desktop/__ROS2/install/compressed_depth_image_transport/share/ament_index/resource_index/image_transport__pluginlib__plugin/compressed_depth_image_transport
[1.146s] -- Up-to-date symlink: /home/mwangala/Desktop/__ROS2/install/compressed_depth_image_transport/share/compressed_depth_image_transport/cmake/compressed_depth_image_transportConfig.cmake
[1.146s] -- Up-to-date symlink: /home/mwangala/Desktop/__ROS2/install/compressed_depth_image_transport/share/compressed_depth_image_transport/cmake/compressed_depth_image_transportConfig-version.cmake
[1.146s] -- Up-to-date symlink: /home/mwangala/Desktop/__ROS2/install/compressed_depth_image_transport/share/compressed_depth_image_transport/package.xml
[1.147s] Invoked command in '/home/mwangala/Desktop/__ROS2/build/compressed_depth_image_transport' returned '0': CMAKE_PREFIX_PATH=${CMAKE_PREFIX_PATH}:/home/mwangala/Desktop/Goaty/ros_project_ws2/install/handcv:/home/mwangala/Desktop/Goaty/ros_project_ws2/install/cv_franka_bridge:/home/mwangala/Desktop/Goaty/ros_project_ws2/install/cv_pegasus_bridge:/home/mwangala/Desktop/Goaty/ros_project_ws/install/handcv:/home/mwangala/Desktop/Goaty/ros_project_ws/install/cv_franka_bridge:/opt/ros/humble /usr/bin/cmake --install /home/mwangala/Desktop/__ROS2/build/compressed_depth_image_transport
