[3.005s] Invoking command in '/home/mwangala/Desktop/__ROS2/build/compressed_image_transport': CMAKE_PREFIX_PATH=${CMAKE_PREFIX_PATH}:/home/mwangala/Desktop/Goaty/ros_project_ws2/install/handcv:/home/mwangala/Desktop/Goaty/ros_project_ws2/install/cv_franka_bridge:/home/mwangala/Desktop/Goaty/ros_project_ws2/install/cv_pegasus_bridge:/home/mwangala/Desktop/Goaty/ros_project_ws/install/handcv:/home/mwangala/Desktop/Goaty/ros_project_ws/install/cv_franka_bridge:/opt/ros/humble /usr/bin/cmake /home/mwangala/Desktop/__ROS2/src/image_transport_plugins/compressed_image_transport -DAMENT_CMAKE_SYMLINK_INSTALL=1 -DCMAKE_INSTALL_PREFIX=/home/mwangala/Desktop/__ROS2/install/compressed_image_transport
[4.763s] -- Found ament_cmake: 1.3.11 (/opt/ros/humble/share/ament_cmake/cmake)
[5.586s] -- Override CMake install command with custom implementation using symlinks instead of copying resources
[6.096s] -- Found image_transport: 3.1.11 (/opt/ros/humble/share/image_transport/cmake)
[7.008s] -- Found rosidl_generator_c: 3.1.6 (/opt/ros/humble/share/rosidl_generator_c/cmake)
[7.043s] -- Found rosidl_adapter: 3.1.6 (/opt/ros/humble/share/rosidl_adapter/cmake)
[7.109s] -- Found rosidl_generator_cpp: 3.1.6 (/opt/ros/humble/share/rosidl_generator_cpp/cmake)
[7.263s] -- Using all available rosidl_typesupport_c: rosidl_typesupport_fastrtps_c;rosidl_typesupport_introspection_c
[7.327s] -- Using all available rosidl_typesupport_cpp: rosidl_typesupport_fastrtps_cpp;rosidl_typesupport_introspection_cpp
[8.054s] -- Found rmw_implementation_cmake: 6.1.2 (/opt/ros/humble/share/rmw_implementation_cmake/cmake)
[8.116s] -- Found rmw_fastrtps_cpp: 6.2.7 (/opt/ros/humble/share/rmw_fastrtps_cpp/cmake)
[9.766s] -- Using RMW implementation 'rmw_fastrtps_cpp' as default
[13.461s] -- Found cv_bridge: 3.2.1 (/opt/ros/humble/share/cv_bridge/cmake)
[14.362s] -- Configuring done
[16.251s] -- Generating done
[16.270s] -- Build files have been written to: /home/mwangala/Desktop/__ROS2/build/compressed_image_transport
[16.279s] Invoked command in '/home/mwangala/Desktop/__ROS2/build/compressed_image_transport' returned '0': CMAKE_PREFIX_PATH=${CMAKE_PREFIX_PATH}:/home/mwangala/Desktop/Goaty/ros_project_ws2/install/handcv:/home/mwangala/Desktop/Goaty/ros_project_ws2/install/cv_franka_bridge:/home/mwangala/Desktop/Goaty/ros_project_ws2/install/cv_pegasus_bridge:/home/mwangala/Desktop/Goaty/ros_project_ws/install/handcv:/home/mwangala/Desktop/Goaty/ros_project_ws/install/cv_franka_bridge:/opt/ros/humble /usr/bin/cmake /home/mwangala/Desktop/__ROS2/src/image_transport_plugins/compressed_image_transport -DAMENT_CMAKE_SYMLINK_INSTALL=1 -DCMAKE_INSTALL_PREFIX=/home/mwangala/Desktop/__ROS2/install/compressed_image_transport
[16.280s] Invoking command in '/home/mwangala/Desktop/__ROS2/build/compressed_image_transport': CMAKE_PREFIX_PATH=${CMAKE_PREFIX_PATH}:/home/mwangala/Desktop/Goaty/ros_project_ws2/install/handcv:/home/mwangala/Desktop/Goaty/ros_project_ws2/install/cv_franka_bridge:/home/mwangala/Desktop/Goaty/ros_project_ws2/install/cv_pegasus_bridge:/home/mwangala/Desktop/Goaty/ros_project_ws/install/handcv:/home/mwangala/Desktop/Goaty/ros_project_ws/install/cv_franka_bridge:/opt/ros/humble /usr/bin/cmake --build /home/mwangala/Desktop/__ROS2/build/compressed_image_transport -- -j8 -l8
[16.442s] [35m[1mConsolidate compiler generated dependencies of target compressed_image_transport[0m
[20.608s] [100%] Built target compressed_image_transport
[21.199s] Invoked command in '/home/mwangala/Desktop/__ROS2/build/compressed_image_transport' returned '0': CMAKE_PREFIX_PATH=${CMAKE_PREFIX_PATH}:/home/mwangala/Desktop/Goaty/ros_project_ws2/install/handcv:/home/mwangala/Desktop/Goaty/ros_project_ws2/install/cv_franka_bridge:/home/mwangala/Desktop/Goaty/ros_project_ws2/install/cv_pegasus_bridge:/home/mwangala/Desktop/Goaty/ros_project_ws/install/handcv:/home/mwangala/Desktop/Goaty/ros_project_ws/install/cv_franka_bridge:/opt/ros/humble /usr/bin/cmake --build /home/mwangala/Desktop/__ROS2/build/compressed_image_transport -- -j8 -l8
[21.218s] Invoking command in '/home/mwangala/Desktop/__ROS2/build/compressed_image_transport': CMAKE_PREFIX_PATH=${CMAKE_PREFIX_PATH}:/home/mwangala/Desktop/Goaty/ros_project_ws2/install/handcv:/home/mwangala/Desktop/Goaty/ros_project_ws2/install/cv_franka_bridge:/home/mwangala/Desktop/Goaty/ros_project_ws2/install/cv_pegasus_bridge:/home/mwangala/Desktop/Goaty/ros_project_ws/install/handcv:/home/mwangala/Desktop/Goaty/ros_project_ws/install/cv_franka_bridge:/opt/ros/humble /usr/bin/cmake --install /home/mwangala/Desktop/__ROS2/build/compressed_image_transport
[21.225s] -- Install configuration: ""
[21.226s] -- Execute custom install script
[21.226s] -- Up-to-date symlink: /home/mwangala/Desktop/__ROS2/install/compressed_image_transport/lib/libcompressed_image_transport.so
[21.226s] -- Up-to-date symlink: /home/mwangala/Desktop/__ROS2/install/compressed_image_transport/include/compressed_image_transport/compressed_publisher.h
[21.226s] -- Up-to-date symlink: /home/mwangala/Desktop/__ROS2/install/compressed_image_transport/include/compressed_image_transport/compressed_subscriber.h
[21.227s] -- Up-to-date symlink: /home/mwangala/Desktop/__ROS2/install/compressed_image_transport/include/compressed_image_transport/compression_common.h
[21.227s] -- Up-to-date symlink: /home/mwangala/Desktop/__ROS2/install/compressed_image_transport/share/compressed_image_transport//compressed_plugins.xml
[21.227s] -- Up-to-date symlink: /home/mwangala/Desktop/__ROS2/install/compressed_image_transport/share/ament_index/resource_index/package_run_dependencies/compressed_image_transport
[21.228s] -- Up-to-date symlink: /home/mwangala/Desktop/__ROS2/install/compressed_image_transport/share/ament_index/resource_index/parent_prefix_path/compressed_image_transport
[21.228s] -- Up-to-date symlink: /home/mwangala/Desktop/__ROS2/install/compressed_image_transport/share/compressed_image_transport/environment/ament_prefix_path.sh
[21.228s] -- Up-to-date symlink: /home/mwangala/Desktop/__ROS2/install/compressed_image_transport/share/compressed_image_transport/environment/ament_prefix_path.dsv
[21.228s] -- Up-to-date symlink: /home/mwangala/Desktop/__ROS2/install/compressed_image_transport/share/compressed_image_transport/environment/path.sh
[21.228s] -- Up-to-date symlink: /home/mwangala/Desktop/__ROS2/install/compressed_image_transport/share/compressed_image_transport/environment/path.dsv
[21.229s] -- Up-to-date symlink: /home/mwangala/Desktop/__ROS2/install/compressed_image_transport/share/compressed_image_transport/local_setup.bash
[21.229s] -- Up-to-date symlink: /home/mwangala/Desktop/__ROS2/install/compressed_image_transport/share/compressed_image_transport/local_setup.sh
[21.229s] -- Up-to-date symlink: /home/mwangala/Desktop/__ROS2/install/compressed_image_transport/share/compressed_image_transport/local_setup.zsh
[21.229s] -- Up-to-date symlink: /home/mwangala/Desktop/__ROS2/install/compressed_image_transport/share/compressed_image_transport/local_setup.dsv
[21.229s] -- Symlinking: /home/mwangala/Desktop/__ROS2/install/compressed_image_transport/share/compressed_image_transport/package.dsv
[21.236s] -- Up-to-date symlink: /home/mwangala/Desktop/__ROS2/install/compressed_image_transport/share/ament_index/resource_index/packages/compressed_image_transport
[21.236s] -- Up-to-date symlink: /home/mwangala/Desktop/__ROS2/install/compressed_image_transport/share/ament_index/resource_index/image_transport__pluginlib__plugin/compressed_image_transport
[21.237s] -- Up-to-date symlink: /home/mwangala/Desktop/__ROS2/install/compressed_image_transport/share/compressed_image_transport/cmake/compressed_image_transportConfig.cmake
[21.237s] -- Up-to-date symlink: /home/mwangala/Desktop/__ROS2/install/compressed_image_transport/share/compressed_image_transport/cmake/compressed_image_transportConfig-version.cmake
[21.237s] -- Up-to-date symlink: /home/mwangala/Desktop/__ROS2/install/compressed_image_transport/share/compressed_image_transport/package.xml
[21.243s] Invoked command in '/home/mwangala/Desktop/__ROS2/build/compressed_image_transport' returned '0': CMAKE_PREFIX_PATH=${CMAKE_PREFIX_PATH}:/home/mwangala/Desktop/Goaty/ros_project_ws2/install/handcv:/home/mwangala/Desktop/Goaty/ros_project_ws2/install/cv_franka_bridge:/home/mwangala/Desktop/Goaty/ros_project_ws2/install/cv_pegasus_bridge:/home/mwangala/Desktop/Goaty/ros_project_ws/install/handcv:/home/mwangala/Desktop/Goaty/ros_project_ws/install/cv_franka_bridge:/opt/ros/humble /usr/bin/cmake --install /home/mwangala/Desktop/__ROS2/build/compressed_image_transport
