[2.251s] Invoking command in '/home/mwangala/Desktop/__ROS2/src/pegasus_control': PYTHONPATH=/home/mwangala/Desktop/__ROS2/build/pegasus_control/prefix_override:/usr/lib/python3/dist-packages/colcon_core/task/python/colcon_distutils_commands:/home/mwangala/Desktop/__ROS2/install/pegasus_control/lib/python3.10/site-packages:${PYTHONPATH} /usr/bin/python3 -W ignore:setup.py install is deprecated -W ignore:easy_install command is deprecated setup.py egg_info --egg-base ../../build/pegasus_control build --build-base /home/mwangala/Desktop/__ROS2/build/pegasus_control/build install --record /home/mwangala/Desktop/__ROS2/build/pegasus_control/install.log --single-version-externally-managed install_data
[2.597s] running egg_info
[2.599s] writing ../../build/pegasus_control/pegasus_control.egg-info/PKG-INFO
[2.599s] writing dependency_links to ../../build/pegasus_control/pegasus_control.egg-info/dependency_links.txt
[2.599s] writing entry points to ../../build/pegasus_control/pegasus_control.egg-info/entry_points.txt
[2.600s] writing requirements to ../../build/pegasus_control/pegasus_control.egg-info/requires.txt
[2.600s] writing top-level names to ../../build/pegasus_control/pegasus_control.egg-info/top_level.txt
[2.601s] reading manifest file '../../build/pegasus_control/pegasus_control.egg-info/SOURCES.txt'
[2.620s] writing manifest file '../../build/pegasus_control/pegasus_control.egg-info/SOURCES.txt'
[2.620s] running build
[2.621s] running build_py
[2.622s] running install
[2.622s] running install_lib
[2.624s] running install_data
[2.624s] running install_egg_info
[2.626s] removing '/home/mwangala/Desktop/__ROS2/install/pegasus_control/lib/python3.10/site-packages/pegasus_control-0.0.1-py3.10.egg-info' (and everything under it)
[2.627s] Copying ../../build/pegasus_control/pegasus_control.egg-info to /home/mwangala/Desktop/__ROS2/install/pegasus_control/lib/python3.10/site-packages/pegasus_control-0.0.1-py3.10.egg-info
[2.627s] running install_scripts
[2.663s] Installing gui script to /home/mwangala/Desktop/__ROS2/install/pegasus_control/lib/pegasus_control
[2.665s] Installing headless script to /home/mwangala/Desktop/__ROS2/install/pegasus_control/lib/pegasus_control
[2.666s] writing list of installed files to '/home/mwangala/Desktop/__ROS2/build/pegasus_control/install.log'
[2.725s] Invoked command in '/home/mwangala/Desktop/__ROS2/src/pegasus_control' returned '0': PYTHONPATH=/home/mwangala/Desktop/__ROS2/build/pegasus_control/prefix_override:/usr/lib/python3/dist-packages/colcon_core/task/python/colcon_distutils_commands:/home/mwangala/Desktop/__ROS2/install/pegasus_control/lib/python3.10/site-packages:${PYTHONPATH} /usr/bin/python3 -W ignore:setup.py install is deprecated -W ignore:easy_install command is deprecated setup.py egg_info --egg-base ../../build/pegasus_control build --build-base /home/mwangala/Desktop/__ROS2/build/pegasus_control/build install --record /home/mwangala/Desktop/__ROS2/build/pegasus_control/install.log --single-version-externally-managed install_data
