[0.014s] Invoking command in '/home/mwangala/Desktop/__ROS2/build/kinect2_bridge': AMENT_PREFIX_PATH=/home/mwangala/Desktop/__ROS2/install/kinect2_registration:${AMENT_PREFIX_PATH} CMAKE_PREFIX_PATH=/home/mwangala/Desktop/__ROS2/install/kinect2_registration:/home/mwangala/Desktop/Goaty/ros_project_ws2/install/update_pegasus_description:/home/mwangala/Desktop/Goaty/ros_project_ws2/install/image_transport_plugins:/home/mwangala/Desktop/Goaty/ros_project_ws2/install/theora_image_transport:/home/mwangala/Desktop/Goaty/ros_project_ws2/install/numsr_franka_moveit_config:/home/mwangala/Desktop/Goaty/ros_project_ws2/install/kinect2_calibration:/home/mwangala/Desktop/Goaty/ros_project_ws2/install/kinect2_bridge:/home/mwangala/Desktop/Goaty/ros_project_ws2/install/kinect2_registration:/home/mwangala/Desktop/Goaty/ros_project_ws2/install/hand_interfaces:/home/mwangala/Desktop/Goaty/ros_project_ws2/install/compressed_image_transport:/home/mwangala/Desktop/Goaty/ros_project_ws2/install/compressed_depth_image_transport:/home/mwangala/Desktop/Goaty/ros_project_ws/install/image_transport_plugins:/home/mwangala/Desktop/Goaty/ros_project_ws/install/theora_image_transport:/home/mwangala/Desktop/Goaty/ros_project_ws/install/numsr_franka_moveit_config:/home/mwangala/Desktop/Goaty/ros_project_ws/install/kinect2_calibration:/home/mwangala/Desktop/Goaty/ros_project_ws/install/kinect2_bridge:/home/mwangala/Desktop/Goaty/ros_project_ws/install/kinect2_registration:/home/mwangala/Desktop/Goaty/ros_project_ws/install/hand_interfaces:/home/mwangala/Desktop/Goaty/ros_project_ws/install/compressed_image_transport:/home/mwangala/Desktop/Goaty/ros_project_ws/install/compressed_depth_image_transport:/home/mwangala/Desktop/Goaty/ros_project_ws2/install/handcv:/home/mwangala/Desktop/Goaty/ros_project_ws2/install/cv_franka_bridge:/home/mwangala/Desktop/Goaty/ros_project_ws2/install/cv_pegasus_bridge:/home/mwangala/Desktop/Goaty/ros_project_ws/install/handcv:/home/mwangala/Desktop/Goaty/ros_project_ws/install/cv_franka_bridge:/opt/ros/humble LD_LIBRARY_PATH=/home/mwangala/Desktop/__ROS2/install/kinect2_registration/lib:${LD_LIBRARY_PATH} /usr/bin/cmake /home/mwangala/Desktop/__ROS2/src/kinect2_bridge -DCMAKE_INSTALL_PREFIX=/home/mwangala/Desktop/__ROS2/install/kinect2_bridge
[0.646s] -- The C compiler identification is GNU 11.4.0
[0.738s] -- The CXX compiler identification is GNU 11.4.0
[0.751s] -- Detecting C compiler ABI info
[0.860s] -- Detecting C compiler ABI info - done
[0.867s] -- Check for working C compiler: /usr/bin/cc - skipped
[0.867s] -- Detecting C compile features
[0.867s] -- Detecting C compile features - done
[0.870s] -- Detecting CXX compiler ABI info
[1.141s] -- Detecting CXX compiler ABI info - done
[1.148s] -- Check for working CXX compiler: /usr/bin/c++ - skipped
[1.149s] -- Detecting CXX compile features
[1.149s] -- Detecting CXX compile features - done
[1.153s] -- Found ament_cmake: 1.3.11 (/opt/ros/humble/share/ament_cmake/cmake)
[1.323s] -- Found Python3: /usr/bin/python3 (found version "3.10.12") found components: Interpreter 
[1.464s] -- Found rclcpp: 16.0.12 (/opt/ros/humble/share/rclcpp/cmake)
[1.517s] -- Found rosidl_generator_c: 3.1.6 (/opt/ros/humble/share/rosidl_generator_c/cmake)
[1.525s] -- Found rosidl_adapter: 3.1.6 (/opt/ros/humble/share/rosidl_adapter/cmake)
[1.536s] -- Found rosidl_generator_cpp: 3.1.6 (/opt/ros/humble/share/rosidl_generator_cpp/cmake)
[1.552s] -- Using all available rosidl_typesupport_c: rosidl_typesupport_fastrtps_c;rosidl_typesupport_introspection_c
[1.574s] -- Using all available rosidl_typesupport_cpp: rosidl_typesupport_fastrtps_cpp;rosidl_typesupport_introspection_cpp
[1.630s] -- Found rmw_implementation_cmake: 6.1.2 (/opt/ros/humble/share/rmw_implementation_cmake/cmake)
[1.634s] -- Found rmw_fastrtps_cpp: 6.2.7 (/opt/ros/humble/share/rmw_fastrtps_cpp/cmake)
[1.747s] -- Found OpenSSL: /usr/lib/x86_64-linux-gnu/libcrypto.so (found version "3.0.2")  
[1.776s] -- Found FastRTPS: /opt/ros/humble/include  
[1.821s] -- Using RMW implementation 'rmw_fastrtps_cpp' as default
[1.835s] -- Looking for pthread.h
[1.971s] -- Looking for pthread.h - found
[1.972s] -- Performing Test CMAKE_HAVE_LIBC_PTHREAD
[3.035s] -- Performing Test CMAKE_HAVE_LIBC_PTHREAD - Success
[3.036s] -- Found Threads: TRUE  
[3.129s] -- Found OpenCV: /usr (found version "4.5.4") 
[3.134s] -- Found sensor_msgs: 4.8.0 (/opt/ros/humble/share/sensor_msgs/cmake)
[3.169s] -- Found kinect2_registration: 0.0.0 (/home/mwangala/Desktop/__ROS2/install/kinect2_registration/share/kinect2_registration/cmake)
[3.477s] -- Found tf2: 0.25.12 (/opt/ros/humble/share/tf2/cmake)
[3.626s] -- Found tf2_ros: 0.25.12 (/opt/ros/humble/share/tf2_ros/cmake)
[9.019s] -- Found tf2_geometry_msgs: 0.25.12 (/opt/ros/humble/share/tf2_geometry_msgs/cmake)
[9.129s] -- Found eigen3_cmake_module: 0.1.1 (/opt/ros/humble/share/eigen3_cmake_module/cmake)
[9.131s] -- Found Eigen3: TRUE (found version "3.4.0") 
[9.131s] -- Ensuring Eigen3 include directory is part of orocos-kdl CMake target
[9.189s] -- Found ament_lint_auto: 0.12.12 (/opt/ros/humble/share/ament_lint_auto/cmake)
[9.347s] -- Added test 'cppcheck' to perform static code analysis on C / C++ code
[9.347s] -- Configured cppcheck include dirs: /home/mwangala/Desktop/__ROS2/src/kinect2_bridge/include/kinect2_bridge
[9.348s] -- Configured cppcheck exclude dirs and/or files: 
[9.348s] -- Added test 'flake8' to check Python code syntax and style conventions
[9.350s] -- Added test 'lint_cmake' to check CMake code style
[9.351s] -- Added test 'pep257' to check Python code against some of the docstring style conventions in PEP 257
[9.353s] -- Added test 'uncrustify' to check C / C++ code style
[9.353s] -- Configured uncrustify additional arguments: 
[9.355s] -- Added test 'xmllint' to check XML markup files
[9.358s] -- Configuring done
[9.440s] -- Generating done
[9.446s] -- Build files have been written to: /home/mwangala/Desktop/__ROS2/build/kinect2_bridge
