[3.016s] Invoking command in '/home/mwangala/Desktop/__ROS2/build/kinect2_registration': CMAKE_PREFIX_PATH=${CMAKE_PREFIX_PATH}:/home/mwangala/Desktop/Goaty/ros_project_ws2/install/handcv:/home/mwangala/Desktop/Goaty/ros_project_ws2/install/cv_franka_bridge:/home/mwangala/Desktop/Goaty/ros_project_ws2/install/cv_pegasus_bridge:/home/mwangala/Desktop/Goaty/ros_project_ws/install/handcv:/home/mwangala/Desktop/Goaty/ros_project_ws/install/cv_franka_bridge:/opt/ros/humble /usr/bin/cmake /home/mwangala/Desktop/__ROS2/src/kinect2_registration -DAMENT_CMAKE_SYMLINK_INSTALL=1 -DCMAKE_INSTALL_PREFIX=/home/mwangala/Desktop/__ROS2/install/kinect2_registration
[4.727s] -- Found ament_cmake: 1.3.11 (/opt/ros/humble/share/ament_cmake/cmake)
[5.552s] -- Override CMake install command with custom implementation using symlinks instead of copying resources
[6.060s] -- Found rclcpp: 16.0.12 (/opt/ros/humble/share/rclcpp/cmake)
[6.971s] -- Found rosidl_generator_c: 3.1.6 (/opt/ros/humble/share/rosidl_generator_c/cmake)
[7.009s] -- Found rosidl_adapter: 3.1.6 (/opt/ros/humble/share/rosidl_adapter/cmake)
[7.075s] -- Found rosidl_generator_cpp: 3.1.6 (/opt/ros/humble/share/rosidl_generator_cpp/cmake)
[7.228s] -- Using all available rosidl_typesupport_c: rosidl_typesupport_fastrtps_c;rosidl_typesupport_introspection_c
[7.293s] -- Using all available rosidl_typesupport_cpp: rosidl_typesupport_fastrtps_cpp;rosidl_typesupport_introspection_cpp
[8.020s] -- Found rmw_implementation_cmake: 6.1.2 (/opt/ros/humble/share/rmw_implementation_cmake/cmake)
[8.081s] -- Found rmw_fastrtps_cpp: 6.2.7 (/opt/ros/humble/share/rmw_fastrtps_cpp/cmake)
[9.731s] -- Using RMW implementation 'rmw_fastrtps_cpp' as default
[11.326s] -- Found eigen3_cmake_module: 0.1.1 (/opt/ros/humble/share/eigen3_cmake_module/cmake)
[11.434s] -- CPU based depth registration enabled
[11.488s] -- Found ament_lint_auto: 0.12.12 (/opt/ros/humble/share/ament_lint_auto/cmake)
[13.749s] -- Added test 'cppcheck' to perform static code analysis on C / C++ code
[13.750s] -- Configured cppcheck include dirs: /home/mwangala/Desktop/__ROS2/src/kinect2_registration/src/;/home/mwangala/Desktop/__ROS2/src/kinect2_registration/include/internal;/home/mwangala/Desktop/__ROS2/src/kinect2_registration/include/
[13.750s] -- Configured cppcheck exclude dirs and/or files: 
[13.811s] -- Added test 'lint_cmake' to check CMake code style
[13.911s] -- Added test 'uncrustify' to check C / C++ code style
[13.912s] -- Configured uncrustify additional arguments: 
[13.991s] -- Added test 'xmllint' to check XML markup files
[14.124s] -- Configuring done
[16.219s] -- Generating done
[16.245s] -- Build files have been written to: /home/mwangala/Desktop/__ROS2/build/kinect2_registration
[16.254s] Invoked command in '/home/mwangala/Desktop/__ROS2/build/kinect2_registration' returned '0': CMAKE_PREFIX_PATH=${CMAKE_PREFIX_PATH}:/home/mwangala/Desktop/Goaty/ros_project_ws2/install/handcv:/home/mwangala/Desktop/Goaty/ros_project_ws2/install/cv_franka_bridge:/home/mwangala/Desktop/Goaty/ros_project_ws2/install/cv_pegasus_bridge:/home/mwangala/Desktop/Goaty/ros_project_ws/install/handcv:/home/mwangala/Desktop/Goaty/ros_project_ws/install/cv_franka_bridge:/opt/ros/humble /usr/bin/cmake /home/mwangala/Desktop/__ROS2/src/kinect2_registration -DAMENT_CMAKE_SYMLINK_INSTALL=1 -DCMAKE_INSTALL_PREFIX=/home/mwangala/Desktop/__ROS2/install/kinect2_registration
[16.255s] Invoking command in '/home/mwangala/Desktop/__ROS2/build/kinect2_registration': CMAKE_PREFIX_PATH=${CMAKE_PREFIX_PATH}:/home/mwangala/Desktop/Goaty/ros_project_ws2/install/handcv:/home/mwangala/Desktop/Goaty/ros_project_ws2/install/cv_franka_bridge:/home/mwangala/Desktop/Goaty/ros_project_ws2/install/cv_pegasus_bridge:/home/mwangala/Desktop/Goaty/ros_project_ws/install/handcv:/home/mwangala/Desktop/Goaty/ros_project_ws/install/cv_franka_bridge:/opt/ros/humble /usr/bin/cmake --build /home/mwangala/Desktop/__ROS2/build/kinect2_registration -- -j8 -l8
[16.362s] [35m[1mConsolidate compiler generated dependencies of target kinect2_registration[0m
[20.368s] [100%] Built target kinect2_registration
[20.378s] Invoked command in '/home/mwangala/Desktop/__ROS2/build/kinect2_registration' returned '0': CMAKE_PREFIX_PATH=${CMAKE_PREFIX_PATH}:/home/mwangala/Desktop/Goaty/ros_project_ws2/install/handcv:/home/mwangala/Desktop/Goaty/ros_project_ws2/install/cv_franka_bridge:/home/mwangala/Desktop/Goaty/ros_project_ws2/install/cv_pegasus_bridge:/home/mwangala/Desktop/Goaty/ros_project_ws/install/handcv:/home/mwangala/Desktop/Goaty/ros_project_ws/install/cv_franka_bridge:/opt/ros/humble /usr/bin/cmake --build /home/mwangala/Desktop/__ROS2/build/kinect2_registration -- -j8 -l8
[20.465s] Invoking command in '/home/mwangala/Desktop/__ROS2/build/kinect2_registration': CMAKE_PREFIX_PATH=${CMAKE_PREFIX_PATH}:/home/mwangala/Desktop/Goaty/ros_project_ws2/install/handcv:/home/mwangala/Desktop/Goaty/ros_project_ws2/install/cv_franka_bridge:/home/mwangala/Desktop/Goaty/ros_project_ws2/install/cv_pegasus_bridge:/home/mwangala/Desktop/Goaty/ros_project_ws/install/handcv:/home/mwangala/Desktop/Goaty/ros_project_ws/install/cv_franka_bridge:/opt/ros/humble /usr/bin/cmake --install /home/mwangala/Desktop/__ROS2/build/kinect2_registration
[20.479s] -- Install configuration: ""
[20.480s] -- Execute custom install script
[20.481s] -- Up-to-date symlink: /home/mwangala/Desktop/__ROS2/install/kinect2_registration/include/kinect2_registration/kinect2_console.h
[20.481s] -- Up-to-date symlink: /home/mwangala/Desktop/__ROS2/install/kinect2_registration/include/kinect2_registration/kinect2_registration.h
[20.481s] -- Up-to-date symlink: /home/mwangala/Desktop/__ROS2/install/kinect2_registration/share/kinect2_registration/environment/library_path.sh
[20.482s] -- Up-to-date symlink: /home/mwangala/Desktop/__ROS2/install/kinect2_registration/share/kinect2_registration/environment/library_path.dsv
[20.482s] -- Up-to-date symlink: /home/mwangala/Desktop/__ROS2/install/kinect2_registration/share/ament_index/resource_index/package_run_dependencies/kinect2_registration
[20.482s] -- Up-to-date symlink: /home/mwangala/Desktop/__ROS2/install/kinect2_registration/share/ament_index/resource_index/parent_prefix_path/kinect2_registration
[20.482s] -- Up-to-date symlink: /home/mwangala/Desktop/__ROS2/install/kinect2_registration/share/kinect2_registration/environment/ament_prefix_path.sh
[20.482s] -- Up-to-date symlink: /home/mwangala/Desktop/__ROS2/install/kinect2_registration/share/kinect2_registration/environment/ament_prefix_path.dsv
[20.483s] -- Up-to-date symlink: /home/mwangala/Desktop/__ROS2/install/kinect2_registration/share/kinect2_registration/environment/path.sh
[20.483s] -- Up-to-date symlink: /home/mwangala/Desktop/__ROS2/install/kinect2_registration/share/kinect2_registration/environment/path.dsv
[20.483s] -- Up-to-date symlink: /home/mwangala/Desktop/__ROS2/install/kinect2_registration/share/kinect2_registration/local_setup.bash
[20.483s] -- Up-to-date symlink: /home/mwangala/Desktop/__ROS2/install/kinect2_registration/share/kinect2_registration/local_setup.sh
[20.483s] -- Up-to-date symlink: /home/mwangala/Desktop/__ROS2/install/kinect2_registration/share/kinect2_registration/local_setup.zsh
[20.483s] -- Up-to-date symlink: /home/mwangala/Desktop/__ROS2/install/kinect2_registration/share/kinect2_registration/local_setup.dsv
[20.483s] -- Symlinking: /home/mwangala/Desktop/__ROS2/install/kinect2_registration/share/kinect2_registration/package.dsv
[20.497s] -- Up-to-date symlink: /home/mwangala/Desktop/__ROS2/install/kinect2_registration/share/ament_index/resource_index/packages/kinect2_registration
[20.497s] -- Up-to-date symlink: /home/mwangala/Desktop/__ROS2/install/kinect2_registration/share/kinect2_registration/cmake/ament_cmake_export_include_directories-extras.cmake
[20.497s] -- Up-to-date symlink: /home/mwangala/Desktop/__ROS2/install/kinect2_registration/share/kinect2_registration/cmake/ament_cmake_export_libraries-extras.cmake
[20.497s] -- Up-to-date symlink: /home/mwangala/Desktop/__ROS2/install/kinect2_registration/share/kinect2_registration/cmake/kinect2_registrationConfig.cmake
[20.497s] -- Up-to-date symlink: /home/mwangala/Desktop/__ROS2/install/kinect2_registration/share/kinect2_registration/cmake/kinect2_registrationConfig-version.cmake
[20.497s] -- Up-to-date symlink: /home/mwangala/Desktop/__ROS2/install/kinect2_registration/share/kinect2_registration/package.xml
[20.497s] -- Up-to-date: /home/mwangala/Desktop/__ROS2/install/kinect2_registration/lib/libkinect2_registration.a
[20.499s] Invoked command in '/home/mwangala/Desktop/__ROS2/build/kinect2_registration' returned '0': CMAKE_PREFIX_PATH=${CMAKE_PREFIX_PATH}:/home/mwangala/Desktop/Goaty/ros_project_ws2/install/handcv:/home/mwangala/Desktop/Goaty/ros_project_ws2/install/cv_franka_bridge:/home/mwangala/Desktop/Goaty/ros_project_ws2/install/cv_pegasus_bridge:/home/mwangala/Desktop/Goaty/ros_project_ws/install/handcv:/home/mwangala/Desktop/Goaty/ros_project_ws/install/cv_franka_bridge:/opt/ros/humble /usr/bin/cmake --install /home/mwangala/Desktop/__ROS2/build/kinect2_registration
