[0.197s] Invoking command in '/home/mwangala/Desktop/__ROS2/build/kinect2_registration': CMAKE_PREFIX_PATH=${CMAKE_PREFIX_PATH}:/home/mwangala/Desktop/Goaty/ros_project_ws2/install/handcv:/home/mwangala/Desktop/Goaty/ros_project_ws2/install/cv_franka_bridge:/home/mwangala/Desktop/Goaty/ros_project_ws2/install/cv_pegasus_bridge:/home/mwangala/Desktop/Goaty/ros_project_ws/install/handcv:/home/mwangala/Desktop/Goaty/ros_project_ws/install/cv_franka_bridge:/opt/ros/humble /usr/bin/cmake --build /home/mwangala/Desktop/__ROS2/build/kinect2_registration -- -j8 -l8
[1.082s] [35m[1mConsolidate compiler generated dependencies of target kinect2_registration[0m
[1.082s] [100%] Built target kinect2_registration
[2.088s] Invoked command in '/home/mwangala/Desktop/__ROS2/build/kinect2_registration' returned '0': CMAKE_PREFIX_PATH=${CMAKE_PREFIX_PATH}:/home/mwangala/Desktop/Goaty/ros_project_ws2/install/handcv:/home/mwangala/Desktop/Goaty/ros_project_ws2/install/cv_franka_bridge:/home/mwangala/Desktop/Goaty/ros_project_ws2/install/cv_pegasus_bridge:/home/mwangala/Desktop/Goaty/ros_project_ws/install/handcv:/home/mwangala/Desktop/Goaty/ros_project_ws/install/cv_franka_bridge:/opt/ros/humble /usr/bin/cmake --build /home/mwangala/Desktop/__ROS2/build/kinect2_registration -- -j8 -l8
[2.089s] Invoking command in '/home/mwangala/Desktop/__ROS2/build/kinect2_registration': CMAKE_PREFIX_PATH=${CMAKE_PREFIX_PATH}:/home/mwangala/Desktop/Goaty/ros_project_ws2/install/handcv:/home/mwangala/Desktop/Goaty/ros_project_ws2/install/cv_franka_bridge:/home/mwangala/Desktop/Goaty/ros_project_ws2/install/cv_pegasus_bridge:/home/mwangala/Desktop/Goaty/ros_project_ws/install/handcv:/home/mwangala/Desktop/Goaty/ros_project_ws/install/cv_franka_bridge:/opt/ros/humble /usr/bin/cmake --install /home/mwangala/Desktop/__ROS2/build/kinect2_registration
[2.099s] -- Install configuration: ""
[2.100s] -- Execute custom install script
[2.100s] -- Up-to-date symlink: /home/mwangala/Desktop/__ROS2/install/kinect2_registration/include/kinect2_registration/kinect2_console.h
[2.101s] -- Up-to-date symlink: /home/mwangala/Desktop/__ROS2/install/kinect2_registration/include/kinect2_registration/kinect2_registration.h
[2.101s] -- Up-to-date symlink: /home/mwangala/Desktop/__ROS2/install/kinect2_registration/share/kinect2_registration/environment/library_path.sh
[2.101s] -- Up-to-date symlink: /home/mwangala/Desktop/__ROS2/install/kinect2_registration/share/kinect2_registration/environment/library_path.dsv
[2.101s] -- Up-to-date symlink: /home/mwangala/Desktop/__ROS2/install/kinect2_registration/share/ament_index/resource_index/package_run_dependencies/kinect2_registration
[2.101s] -- Up-to-date symlink: /home/mwangala/Desktop/__ROS2/install/kinect2_registration/share/ament_index/resource_index/parent_prefix_path/kinect2_registration
[2.101s] -- Up-to-date symlink: /home/mwangala/Desktop/__ROS2/install/kinect2_registration/share/kinect2_registration/environment/ament_prefix_path.sh
[2.103s] -- Up-to-date symlink: /home/mwangala/Desktop/__ROS2/install/kinect2_registration/share/kinect2_registration/environment/ament_prefix_path.dsv
[2.103s] -- Up-to-date symlink: /home/mwangala/Desktop/__ROS2/install/kinect2_registration/share/kinect2_registration/environment/path.sh
[2.106s] -- Up-to-date symlink: /home/mwangala/Desktop/__ROS2/install/kinect2_registration/share/kinect2_registration/environment/path.dsv
[2.107s] -- Up-to-date symlink: /home/mwangala/Desktop/__ROS2/install/kinect2_registration/share/kinect2_registration/local_setup.bash
[2.107s] -- Up-to-date symlink: /home/mwangala/Desktop/__ROS2/install/kinect2_registration/share/kinect2_registration/local_setup.sh
[2.107s] -- Up-to-date symlink: /home/mwangala/Desktop/__ROS2/install/kinect2_registration/share/kinect2_registration/local_setup.zsh
[2.107s] -- Up-to-date symlink: /home/mwangala/Desktop/__ROS2/install/kinect2_registration/share/kinect2_registration/local_setup.dsv
[2.107s] -- Symlinking: /home/mwangala/Desktop/__ROS2/install/kinect2_registration/share/kinect2_registration/package.dsv
[2.133s] -- Up-to-date symlink: /home/mwangala/Desktop/__ROS2/install/kinect2_registration/share/ament_index/resource_index/packages/kinect2_registration
[2.135s] -- Up-to-date symlink: /home/mwangala/Desktop/__ROS2/install/kinect2_registration/share/kinect2_registration/cmake/ament_cmake_export_include_directories-extras.cmake
[2.135s] -- Up-to-date symlink: /home/mwangala/Desktop/__ROS2/install/kinect2_registration/share/kinect2_registration/cmake/ament_cmake_export_libraries-extras.cmake
[2.136s] -- Up-to-date symlink: /home/mwangala/Desktop/__ROS2/install/kinect2_registration/share/kinect2_registration/cmake/kinect2_registrationConfig.cmake
[2.137s] -- Up-to-date symlink: /home/mwangala/Desktop/__ROS2/install/kinect2_registration/share/kinect2_registration/cmake/kinect2_registrationConfig-version.cmake
[2.139s] -- Up-to-date symlink: /home/mwangala/Desktop/__ROS2/install/kinect2_registration/share/kinect2_registration/package.xml
[2.140s] -- Up-to-date: /home/mwangala/Desktop/__ROS2/install/kinect2_registration/lib/libkinect2_registration.a
[2.516s] Invoked command in '/home/mwangala/Desktop/__ROS2/build/kinect2_registration' returned '0': CMAKE_PREFIX_PATH=${CMAKE_PREFIX_PATH}:/home/mwangala/Desktop/Goaty/ros_project_ws2/install/handcv:/home/mwangala/Desktop/Goaty/ros_project_ws2/install/cv_franka_bridge:/home/mwangala/Desktop/Goaty/ros_project_ws2/install/cv_pegasus_bridge:/home/mwangala/Desktop/Goaty/ros_project_ws/install/handcv:/home/mwangala/Desktop/Goaty/ros_project_ws/install/cv_franka_bridge:/opt/ros/humble /usr/bin/cmake --install /home/mwangala/Desktop/__ROS2/build/kinect2_registration
